                                  1 	#$$m2		- PowerPC mnemonics
                                  2 	#$$pVLE		- PowerPC VLE encoding
                                  3 	#$$oPPC5534  - Optimized for PPC5534
                                  4 	#$$ko 9		- Reorder info
                                  5 		.file		"main.c"
                                  6 	#$$eb
                                  7 	#$$sz 0
                                  8 	#$$fp 0
                                  9 		.section	.PPC.EMB.apuinfo,,@note
  00000000 01  0000 0008         10 		.4byte		8
  00000004 01  0000 0004         11 		.4byte		4
  00000008 01  0000 0002         12 		.4byte		2
  0000000c 01  4150 5569 6e66    13 		.byte		"APUinfo"
  00000012 01  6f                   	
  00000013 01  00                14 		.byte		0
                                 15 		.align		2
  00000014 01  0104 0001         16 		.4byte		0x01040001
                                 17 		.section	.text_vle,,c
                                 18 		.section	.debug_frame,,n
                                 19 	__local_cie: 
  00000000 02  0000 0010         20 		.word	.LE-.LS
                                 21 	.LS:
  00000004 02  ffff ffff         22 		.word	-1
  00000008 02  01                23 		.byte	1
  00000009 02  00                24 		.byte	0
  0000000a 02  04                25 		.uleb128	4
  0000000b 02  7c                26 		.sleb128	-4
  0000000c 02  6c                27 		.byte	108
  0000000d 02  0c                28 		.byte	0x0c
  0000000e 02  01                29 		.byte	1
  0000000f 02  00                30 		.byte	0
  00000010 02  08                31 		.byte	8
  00000011 02  6c                32 		.byte	108
                                 33 		.fill           (.LS-.)&3
                                 34 	.LE:
                                 35 		.section	.debug_line,,n
                                 36 	.L8:
                                 37 		.section	.text_vle,,c
                                 38 	.L4:
  00000000 00                    39 		.0byte		.L2
  00000000 03  0000 00d7 0002    40 		.d2_line_start	.debug_line
  00000006 03  0000 0013 0201       	
  0000000c 03  ff04 0d00 0101       	
  00000012 03  0101 0000 0001       	
  00000018 03  0000 0100 00         	
                                 41 		.section	.debug_abbrev,,n
                                 42 	.L9:
                                 43 		.section	.debug_info,,n
                                 44 	.L2:
  00000000 05  0000 0178         45 		.4byte		.L3-.L1
                                 46 	.L1:
  00000004 05  0002              47 		.2byte		0x2
  00000006 05  0000 0000         48 		.4byte		.L9
  0000000a 05  04                49 		.byte		0x4
                                 50 		.section	.debug_abbrev,,n
  00000000 04  01                51 		.uleb128	1
  00000001 04  11                52 		.uleb128	17
  00000002 04  01                53 		.byte		0x1
  00000003 04  01                54 		.uleb128	1
  00000004 04  13                55 		.uleb128	19
  00000005 04  03                56 		.uleb128	3
  00000006 04  08                57 		.uleb128	8
  00000007 04  25                58 		.uleb128	37
  00000008 04  08                59 		.uleb128	8
  00000009 04  1b                60 		.uleb128	27
  0000000a 04  08                61 		.uleb128	8
  0000000b 04  13                62 		.uleb128	19
  0000000c 04  0f                63 		.uleb128	15
  0000000d 04  11                64 		.uleb128	17
  0000000e 04  01                65 		.uleb128	1
  0000000f 04  12                66 		.uleb128	18
  00000010 04  01                67 		.uleb128	1
  00000011 04  10                68 		.uleb128	16
  00000012 04  06                69 		.uleb128	6
  00000013 04  00                70 		.uleb128	0
  00000014 04  00                71 		.uleb128	0
                                 72 		.section	.debug_info,,n
  0000000b 05  01                73 		.sleb128	1
  0000000c 05  0000 017b         74 		.4byte		.L7-.L2
  00000010 05  433a 5c55 7365    75 		.byte		"C:\\Users\\venr\\Downloads\\Unit2\\Unit2 - Task 2.2\\src\\main.c"
  00000016 05  7273 5c76 656e       	
  0000001c 05  725c 446f 776e       	
  00000022 05  6c6f 6164 735c       	
  00000028 05  556e 6974 325c       	
  0000002e 05  556e                 	
  00000049 05  00                76 		.byte		0
  0000004a 05  4469 6162 2044    77 		.byte		"Diab Data, Inc:dcc Rel 5.7.0.0:PPC5534"
  00000050 05  6174 612c 2049       	
  00000056 05  6e63 3a64 6363       	
  0000005c 05  2052 656c 2035       	
  00000062 05  2e37 2e30 2e30       	
  00000068 05  3a50                 	
  00000070 05  00                78 		.byte		0
  00000071 05  433a 5c55 7365    79 		.byte		"C:\\Users\\venr\\Downloads\\Unit2\\Unit2 - Task 2.2"
  00000077 05  7273 5c76 656e       	
  0000007d 05  725c 446f 776e       	
  00000083 05  6c6f 6164 735c       	
  00000089 05  556e 6974 325c       	
  0000008f 05  556e                 	
  0000009f 05  00                80 		.byte		0
  000000a0 05  01                81 		.uleb128	1
  000000a1 05  0000 0000         82 		.4byte		.L4
  000000a5 05  0000 0000         83 		.4byte		.L5
  000000a9 05  0000 0000         84 		.4byte		.L8
                                 85 		.section	.text_vle,,c
                                 86 	
                                 87 	#$$bf
                                 88 		.align		2
                                 89 		.globl		conf_can
  00000014 02  0000 000c 0000    90 		.d2_cfa_start __local_cie
  0000001a 02  0000 0000 0000       	
  00000020 02  0000 005c            	
                                 91 	conf_can:
                                 92 		.section	.debug_abbrev,,n
  00000015 04  02                93 		.uleb128	2
  00000016 04  2e                94 		.uleb128	46
  00000017 04  01                95 		.byte		0x1
  00000018 04  01                96 		.uleb128	1
  00000019 04  13                97 		.uleb128	19
  0000001a 04  03                98 		.uleb128	3
  0000001b 04  08                99 		.uleb128	8
  0000001c 04  3a               100 		.uleb128	58
  0000001d 04  06               101 		.uleb128	6
  0000001e 04  3b               102 		.uleb128	59
  0000001f 04  0f               103 		.uleb128	15
  00000020 04  3f               104 		.uleb128	63
  00000021 04  0c               105 		.uleb128	12
  00000022 04  11               106 		.uleb128	17
  00000023 04  01               107 		.uleb128	1
  00000024 04  12               108 		.uleb128	18
  00000025 04  01               109 		.uleb128	1
  00000026 04  00               110 		.uleb128	0
  00000027 04  00               111 		.uleb128	0
                                112 		.section	.debug_info,,n
                                113 	.L5793:
  000000ad 05  02               114 		.sleb128	2
  000000ae 05  0000 00ca        115 		.4byte		.L5789-.L2
  000000b2 05  636f 6e66 5f63   116 		.byte		"conf_can"
  000000b8 05  616e                 	
  000000ba 05  00               117 		.byte		0
  000000bb 05  0000 0001        118 		.4byte		.L5792
  000000bf 05  05               119 		.uleb128	5
  000000c0 05  01               120 		.byte		0x1
  000000c1 05  0000 0000        121 		.4byte		.L5790
  000000c5 05  0000 0000        122 		.4byte		.L5791
                                123 		.section	.text_vle,,c
  0000001d 03  0045 0343 3a5c   124 		.d2file		"C:\\Users\\venr\\Downloads\\Unit2\\Unit2 - Task 2.2\\src\\main.c"
  00000023 03  5c55 7365 7273       	
  00000029 03  5c5c 7665 6e72       	
  0000002f 03  5c5c 446f 776e       	
  00000035 03  6c6f 6164 735c       	
  0000003b 03  5c55                 	
  00000066 03  0005 0200 0000   125 	        .d2line         6
  0000006c 03  0003 050e            	
                                126 	.L5790:
                                127 	#$$ee
  00000070 03  0200 0a          128 		.d2prologue_end
  00000073 03  10               129 	        .d2line         8
  00000000 00  70ff e7fc        130 		e_lis		r7,-4
  00000004 00  4806             131 		se_li		r6,0
  00000006 00  54c7 0880        132 		e_stw		r6,2176(r7)
                                133 	#$$vo
  0000000a 00  7078 e3f9 7060   134 		e_lis		r3,-15367	; e_or2i	r3,r3,96
  00000010 00  c060                 	
  00000074 03  0303 32          135 	        .d2line         11
  00000012 00  a063             136 		se_lhz		r6,0(r3)
                                137 	#$$vo
  00000014 00  74c6 05a7        138 		e_rlwinm		r6,r6,0,22,19
  00000018 00  18c6 d104        139 		e_ori		r6,r6,1024
  0000001c 00  b063             140 		se_sth		r6,0(r3)
                                141 	#$$vo
  00000077 03  27               142 	        .d2line         12
  0000001e 00  a073             143 		se_lhz		r7,0(r3)
                                144 	#$$vo
  00000020 00  18e7 d102        145 		e_ori		r7,r7,512
  00000024 00  b073             146 		se_sth		r7,0(r3)
                                147 	#$$vo
  00000078 03  1f               148 	        .d2line         13
  00000026 00  a063             149 		se_lhz		r6,0(r3)
                                150 	#$$vo
  00000028 00  6176             151 		se_bclri		r6,23
  0000002a 00  b063             152 		se_sth		r6,0(r3)
                                153 	#$$vo
  00000079 03  1b               154 	        .d2line         14
  0000002c 00  a073             155 		se_lhz		r7,0(r3)
                                156 	#$$vo
  0000002e 00  6127             157 		se_bclri		r7,18
  00000030 00  b073             158 		se_sth		r7,0(r3)
                                159 	#$$vo
  00000032 00  7078 e3f9 7060   160 		e_lis		r3,-15367	; e_or2i	r3,r3,98
  00000038 00  c062                 	
  0000007a 03  0303 2a          161 	        .d2line         17
  0000003a 00  a073             162 		se_lhz		r7,0(r3)
                                163 	#$$vo
  0000003c 00  74e7 05a7        164 		e_rlwinm		r7,r7,0,22,19
  00000040 00  18e7 d104        165 		e_ori		r7,r7,1024
  00000044 00  b073             166 		se_sth		r7,0(r3)
                                167 	#$$vo
  0000007d 03  27               168 	        .d2line         18
  00000046 00  a063             169 		se_lhz		r6,0(r3)
                                170 	#$$vo
  00000048 00  18c6 d101        171 		e_ori		r6,r6,256
  0000004c 00  b063             172 		se_sth		r6,0(r3)
                                173 	#$$vo
  0000007e 03  1f               174 	        .d2line         19
  0000004e 00  a073             175 		se_lhz		r7,0(r3)
                                176 	#$$vo
  00000050 00  6167             177 		se_bclri		r7,22
  00000052 00  b073             178 		se_sth		r7,0(r3)
                                179 	#$$vo
  0000007f 03  1b               180 	        .d2line         20
  00000054 00  a063             181 		se_lhz		r6,0(r3)
                                182 	#$$vo
  00000056 00  6126             183 		se_bclri		r6,18
  00000058 00  b063             184 		se_sth		r6,0(r3)
                                185 	#$$vo
  00000080 03  1b               186 	        .d2line         21
                                187 	#$$be
  00000081 03  0200 0b01        188 		.d2epilogue_begin
                                189 	#$$tl 0x0 0x0 0x0
  0000005a 00  0004             190 		se_blr
                                191 	#$$ef
                                192 		.d2_cfa_end 2
                                193 		.section	.debug_info,,n
  000000c9 05  00               194 		.sleb128	0
                                195 	.L5789:
                                196 		.section	.text_vle,,c
                                197 	.L5791:
                                198 		.type		conf_can,@function
                                199 		.size		conf_can,.-conf_can
                                200 	# Number of nodes = 44
                                201 	
                                202 	# Allocations for conf_can
                                203 	#	not allocated	$$1
                                204 	#	not allocated	$$2
                                205 	#	not allocated	$$3
                                206 	#	not allocated	$$4
                                207 	#	not allocated	$$5
                                208 	#	not allocated	$$6
                                209 	#	not allocated	$$7
                                210 	#	not allocated	$$8
                                211 	#	not allocated	$$9
                                212 	#	not allocated	$$10
                                213 	#	not allocated	$$11
                                214 	#	not allocated	$$12
                                215 	#	not allocated	$$13
                                216 	#	not allocated	$$14
                                217 	#	not allocated	$$15
                                218 	#	not allocated	$$16
                                219 	#	not allocated	$$17
                                220 	#	not allocated	$$18
                                221 	#	r3		$$19
                                222 	#	r3		$$20
                                223 	
                                224 	#$$bf
                                225 		.align		2
                                226 		.globl		main
  00000024 02  0000 0014 0000   227 		.d2_cfa_start __local_cie
  0000002a 02  0000 0000 0000       	
  00000030 02  0000 0020            	
                                228 	main:
                                229 		.section	.debug_abbrev,,n
  00000028 04  03               230 		.uleb128	3
  00000029 04  2e               231 		.uleb128	46
  0000002a 04  01               232 		.byte		0x1
  0000002b 04  01               233 		.uleb128	1
  0000002c 04  13               234 		.uleb128	19
  0000002d 04  03               235 		.uleb128	3
  0000002e 04  08               236 		.uleb128	8
  0000002f 04  3a               237 		.uleb128	58
  00000030 04  06               238 		.uleb128	6
  00000031 04  3b               239 		.uleb128	59
  00000032 04  0f               240 		.uleb128	15
  00000033 04  3f               241 		.uleb128	63
  00000034 04  0c               242 		.uleb128	12
  00000035 04  27               243 		.uleb128	39
  00000036 04  0c               244 		.uleb128	12
  00000037 04  11               245 		.uleb128	17
  00000038 04  01               246 		.uleb128	1
  00000039 04  12               247 		.uleb128	18
  0000003a 04  01               248 		.uleb128	1
  0000003b 04  00               249 		.uleb128	0
  0000003c 04  00               250 		.uleb128	0
                                251 		.section	.debug_info,,n
                                252 	.L5798:
  000000ca 05  03               253 		.sleb128	3
  000000cb 05  0000 00e4        254 		.4byte		.L5795-.L2
  000000cf 05  6d61 696e        255 		.byte		"main"
  000000d3 05  00               256 		.byte		0
  000000d4 05  0000 0001        257 		.4byte		.L5792
  000000d8 05  17               258 		.uleb128	23
  000000d9 05  01               259 		.byte		0x1
  000000da 05  01               260 		.byte		0x1
  000000db 05  0000 0000        261 		.4byte		.L5796
  000000df 05  0000 0000        262 		.4byte		.L5797
                                263 		.section	.text_vle,,c
  00000085 03  0303 12          264 	        .d2line         24
                                265 	.L5796:
  0000005c 00  1821 06f0        266 		e_stwu		r1,-16(r1)
  00000034 02  410e 10          267 		.d2_cfa_def_cfa_offset	16
  00000060 00  0080             268 		se_mflr		r0,lr
  00000062 00  d501             269 		se_stw		r0,20(r1)
  00000037 02  4111 6c7f        270 		.d2_cfa_offset    108,-1
                                271 	#$$ee
  00000088 03  0204 0a          272 		.d2prologue_end
  0000008b 03  0f               273 	        .d2line         25
                                274 	#$$fn 0x1ff8 0 0 0x1
                                275 	#$$tl 0x0 0x0 0x0
                                276 	#$$rs 0
  00000064 00  7800 0001        277 		bl		init
  0000008c 03  18               278 	        .d2line         27
  00000068 00  4813             279 		se_li		r3,1
  0000006a 00  7080 00c8        280 		e_li		r4,200
                                281 	#$$fn 0x1ff8 0 0 0x1
                                282 	#$$tl 0x18 0x0 0x0
                                283 	#$$rs 0
  0000006e 00  7800 0001        284 		bl		conf_timer0
                                285 	.L5780:
  0000008d 03  0308 22          286 	        .d2line         35
  00000072 00  e800             287 		b		.L5780
  00000090 03  13               288 	        .d2line         36
                                289 	#$$be
  00000091 03  0200 0b01        290 		.d2epilogue_begin
  00000074 00  c501             291 		se_lwz		r0,20(r1)
  00000076 00  0090             292 		se_mtlr		r0
  00000078 00  20f1             293 		se_addi		r1,16
                                294 	#$$tl 0x0 0x0 0x0
  0000007a 00  0004             295 		se_blr
                                296 	#$$ef
                                297 		.d2_cfa_end 2
                                298 		.section	.debug_info,,n
  000000e3 05  00               299 		.sleb128	0
                                300 	.L5795:
                                301 		.section	.text_vle,,c
                                302 	.L5797:
                                303 		.type		main,@function
                                304 		.size		main,.-main
                                305 	# Number of nodes = 9
                                306 	
                                307 	# Allocations for main
                                308 	
                                309 	#$$bf
                                310 		.align		2
                                311 		.globl		can_send
  0000003c 02  0000 000c 0000   312 		.d2_cfa_start __local_cie
  00000042 02  0000 0000 0000       	
  00000048 02  0000 006a            	
                                313 	can_send:
                                314 		.section	.debug_info,,n
                                315 	.L5803:
  000000e4 05  03               316 		.sleb128	3
  000000e5 05  0000 0102        317 		.4byte		.L5800-.L2
  000000e9 05  6361 6e5f 7365   318 		.byte		"can_send"
  000000ef 05  6e64                 	
  000000f1 05  00               319 		.byte		0
  000000f2 05  0000 0001        320 		.4byte		.L5792
  000000f6 05  38               321 		.uleb128	56
  000000f7 05  01               322 		.byte		0x1
  000000f8 05  01               323 		.byte		0x1
  000000f9 05  0000 0000        324 		.4byte		.L5801
  000000fd 05  0000 0000        325 		.4byte		.L5802
                                326 		.section	.text_vle,,c
  00000095 03  0315 1e          327 	        .d2line         57
                                328 	.L5801:
                                329 	#$$ee
  00000098 03  0200 0a          330 		.d2prologue_end
  0000007c 00  7080 60c4        331 		e_li		r4,-261948
  0000009b 03  18               332 	        .d2line         59
  00000080 00  c064             333 		se_lwz		r6,0(r4)
                                334 	#$$vo
  00000082 00  74c6 0385        335 		e_rlwinm		r6,r6,0,14,2
  00000086 00  70c0 d25c        336 		e_or2is		r6,604
  0000008a 00  d064             337 		se_stw		r6,0(r4)
                                338 	#$$vo
  0000008c 00  7080 60c0        339 		e_li		r4,-261952
  0000009c 03  2f               340 	        .d2line         60
  00000090 00  c064             341 		se_lwz		r6,0(r4)
                                342 	#$$vo
  00000092 00  60a6             343 		se_bclri		r6,10
  00000094 00  d064             344 		se_stw		r6,0(r4)
                                345 	#$$vo
  0000009d 03  1b               346 	        .d2line         61
  00000096 00  c074             347 		se_lwz		r7,0(r4)
  00000098 00  1c60 0000        348 		e_add16i	r3,r0,speedValue@sdarx
                                349 	#$$vo
  0000009c 00  60b7             350 		se_bclri		r7,11
  0000009e 00  d074             351 		se_stw		r7,0(r4)
                                352 	#$$vo
  0000009e 03  24               353 	        .d2line         63
  000000a0 00  c063             354 		se_lwz		r6,0(r3)
  000000a2 00  70ff e7fc        355 		e_lis		r7,-4
  000000a6 00  34c7 00c8        356 		e_stb		r6,200(r7)
                                357 	#$$vo
  0000009f 03  23               358 	        .d2line         64
  000000aa 00  c063             359 		se_lwz		r6,0(r3)
  000000ac 00  6a86             360 		se_srawi		r6,8
  000000ae 00  34c7 00c9        361 		e_stb		r6,201(r7)
                                362 	#$$vo
  000000b2 00  4803             363 		se_li		r3,0
  000000a0 03  23               364 	        .d2line         65
  000000b4 00  3467 00ca        365 		e_stb		r3,202(r7)
                                366 	#$$vo
  000000a1 03  17               367 	        .d2line         66
  000000b8 00  3467 00cb        368 		e_stb		r3,203(r7)
                                369 	#$$vo
  000000a2 03  17               370 	        .d2line         67
  000000bc 00  3467 00cc        371 		e_stb		r3,204(r7)
                                372 	#$$vo
  000000a3 03  17               373 	        .d2line         68
  000000c0 00  3467 00cd        374 		e_stb		r3,205(r7)
                                375 	#$$vo
  000000a4 03  17               376 	        .d2line         69
  000000c4 00  3467 00ce        377 		e_stb		r3,206(r7)
                                378 	#$$vo
  000000a5 03  17               379 	        .d2line         70
  000000c8 00  3467 00cf        380 		e_stb		r3,207(r7)
                                381 	#$$vo
  000000a6 03  18               382 	        .d2line         72
  000000cc 00  c064             383 		se_lwz		r6,0(r4)
                                384 	#$$vo
  000000ce 00  74c6 0417        385 		e_rlwinm		r6,r6,0,16,11
  000000d2 00  18c6 d202        386 		e_ori		r6,r6,131072
  000000d6 00  d064             387 		se_stw		r6,0(r4)
                                388 	#$$vo
  000000a7 03  27               389 	        .d2line         73
  000000d8 00  c074             390 		se_lwz		r7,0(r4)
                                391 	#$$vo
  000000da 00  74e7 0207        392 		e_rlwinm		r7,r7,0,8,3
  000000de 00  18e7 d30c        393 		e_ori		r7,r7,201326592
  000000e2 00  d074             394 		se_stw		r7,0(r4)
                                395 	#$$vo
  000000a8 03  27               396 	        .d2line         74
                                397 	#$$be
  000000a9 03  0200 0b01        398 		.d2epilogue_begin
                                399 	#$$tl 0x0 0x0 0x0
  000000e4 00  0004             400 		se_blr
                                401 	#$$ef
                                402 		.d2_cfa_end 2
                                403 		.section	.debug_info,,n
  00000101 05  00               404 		.sleb128	0
                                405 	.L5800:
                                406 		.section	.text_vle,,c
                                407 	.L5802:
                                408 		.type		can_send,@function
                                409 		.size		can_send,.-can_send
                                410 	# Number of nodes = 63
                                411 	
                                412 	# Allocations for can_send
                                413 	#	not allocated	$$21
                                414 	#	not allocated	$$22
                                415 	#	not allocated	$$23
                                416 	#	not allocated	$$24
                                417 	#	not allocated	$$25
                                418 	#	not allocated	$$26
                                419 	#	not allocated	$$27
                                420 	#	not allocated	$$28
                                421 	#	not allocated	$$29
                                422 	#	not allocated	$$30
                                423 	#	not allocated	$$31
                                424 	#	not allocated	$$32
                                425 	#	not allocated	$$33
                                426 	#	not allocated	$$34
                                427 	#	not allocated	$$35
                                428 	#	not allocated	$$36
                                429 	#	not allocated	$$37
                                430 	#	not allocated	$$38
                                431 	#	r3		$$39
                                432 	#	not allocated	$$40
                                433 	#	r3		$$41
                                434 	#	r4		$$42
                                435 	#	r4		$$43
                                436 	
                                437 	#$$bf
                                438 		.align		2
                                439 		.globl		timer0_intr
  0000004c 02  0000 0014 0000   440 		.d2_cfa_start __local_cie
  00000052 02  0000 0000 0000       	
  00000058 02  0000 004e            	
                                441 	timer0_intr:
                                442 		.section	.debug_info,,n
                                443 	.L5808:
  00000102 05  03               444 		.sleb128	3
  00000103 05  0000 0138        445 		.4byte		.L5805-.L2
  00000107 05  7469 6d65 7230   446 		.byte		"timer0_intr"
  0000010d 05  5f69 6e74 72         	
  00000112 05  00               447 		.byte		0
  00000113 05  0000 0001        448 		.4byte		.L5792
  00000117 05  27               449 		.uleb128	39
  00000118 05  01               450 		.byte		0x1
  00000119 05  01               451 		.byte		0x1
  0000011a 05  0000 0000        452 		.4byte		.L5806
  0000011e 05  0000 0000        453 		.4byte		.L5807
                                454 		.section	.debug_abbrev,,n
  0000003d 04  04               455 		.uleb128	4
  0000003e 04  34               456 		.uleb128	52
  0000003f 04  00               457 		.byte		0x0
  00000040 04  3a               458 		.uleb128	58
  00000041 04  06               459 		.uleb128	6
  00000042 04  3b               460 		.uleb128	59
  00000043 04  0f               461 		.uleb128	15
  00000044 04  03               462 		.uleb128	3
  00000045 04  08               463 		.uleb128	8
  00000046 04  49               464 		.uleb128	73
  00000047 04  10               465 		.uleb128	16
  00000048 04  02               466 		.uleb128	2
  00000049 04  09               467 		.uleb128	9
  0000004a 04  00               468 		.uleb128	0
  0000004b 04  00               469 		.uleb128	0
                                470 		.section	.debug_info,,n
                                471 	.L5809:
  00000122 05  04               472 		.sleb128	4
  00000123 05  0000 0001        473 		.4byte		.L5792
  00000127 05  2a               474 		.uleb128	42
  00000128 05  666c 6167        475 		.byte		"flag"
  0000012c 05  00               476 		.byte		0
  0000012d 05  0000 0000        477 		.4byte		.L5810
  00000131 05  05               478 		.sleb128	5
  00000132 05  03               479 		.byte		0x3
  00000133 05  0000 0000        480 		.4byte		flag.5782
                                481 		.section	.text_vle,,c
  000000ad 03  035e 16          482 	        .d2line         40
                                483 	.L5806:
  000000e8 00  1821 06f0        484 		e_stwu		r1,-16(r1)
  0000005c 02  410e 10          485 		.d2_cfa_def_cfa_offset	16
  000000ec 00  0080             486 		se_mflr		r0,lr
  000000ee 00  d501             487 		se_stw		r0,20(r1)
  0000005f 02  4111 6c7f        488 		.d2_cfa_offset    108,-1
                                489 	#$$ee
  000000b0 03  0204 0a          490 		.d2prologue_end
  000000f0 00  7098 e3f9        491 		e_lis		r4,50169
  000000f4 00  7080 c609        492 		e_or2i		r4,1545
  000000b3 03  0303 1e          493 	        .d2line         43
  000000f8 00  8064             494 		se_lbz		r6,0(r4)
                                495 	#$$vo
  000000fa 00  7cc6 30f8        496 		nor		r6,r6,r6
  000000fe 00  9064             497 		se_stb		r6,0(r4)
                                498 	#$$vo
  00000100 00  1c80 0000        499 		e_add16i	r4,r0,speedValue@sdarx
  000000b6 03  27               500 	        .d2line         44
  00000104 00  c164             501 		se_lwz		r6,4(r4)
  00000106 00  2a06             502 		se_cmpi		r6,0
  00000108 00  e209             503 		bc		0,2,.L5784
  0000010a 00  c034             504 		se_lwz		r3,0(r4)
  0000010c 00  7003 992c        505 		cmpi		0,0,r3,300
  00000110 00  e005             506 		bc		0,0,.L5784
  000000b7 03  2b               507 	        .d2line         45
  00000112 00  18e3 8005        508 		e_addi		r7,r3,5
  00000116 00  d074             509 		se_stw		r7,0(r4)
  00000118 00  e80a             510 		b		.L5785
                                511 	.L5784:
  000000b8 03  0303 1e          512 	        .d2line         48
  0000011a 00  4817             513 		se_li		r7,1
  0000011c 00  d174             514 		se_stw		r7,4(r4)
  000000bb 03  17               515 	        .d2line         49
  0000011e 00  c034             516 		se_lwz		r3,0(r4)
  00000120 00  2443             517 		se_subi		r3,5
  00000122 00  d034             518 		se_stw		r3,0(r4)
  000000bc 03  1b               519 	        .d2line         50
  00000124 00  2a03             520 		se_cmpi		r3,0
  00000126 00  e203             521 		bc		0,2,.L5785
  000000bd 03  17               522 	        .d2line         51
  00000128 00  4807             523 		se_li		r7,0
  0000012a 00  d174             524 		se_stw		r7,4(r4)
                                525 	.L5785:
  000000be 03  18               526 	        .d2line         53
                                527 	#$$fn 0xd8 0 0 0x0
                                528 	#$$tl 0x0 0x0 0x0
                                529 	#$$rs 0
  0000012c 00  e9a8             530 		bl		can_send
  000000bf 03  13               531 	        .d2line         54
                                532 	#$$be
  000000c0 03  0200 0b01        533 		.d2epilogue_begin
  0000012e 00  c501             534 		se_lwz		r0,20(r1)
  00000130 00  0090             535 		se_mtlr		r0
  00000132 00  20f1             536 		se_addi		r1,16
                                537 	#$$tl 0x0 0x0 0x0
  00000134 00  0004             538 		se_blr
                                539 	#$$ef
                                540 		.d2_cfa_end 2
                                541 		.section	.debug_info,,n
  00000137 05  00               542 		.sleb128	0
                                543 	.L5805:
                                544 		.section	.text_vle,,c
                                545 	.L5807:
                                546 		.type		timer0_intr,@function
                                547 		.size		timer0_intr,.-timer0_intr
                                548 	# Number of nodes = 30
                                549 	
                                550 	# Allocations for timer0_intr
                                551 	#	not allocated	$$44
                                552 	#	not allocated	$$45
                                553 	#	r4		$$46
                                554 	#	r3		$$47
                                555 	#	r3		$$48
                                556 	#	not allocated	$$49
                                557 	#	r4		$$50
                                558 	
                                559 	#$$bf
                                560 		.align		2
                                561 		.globl		can_receive
  00000064 02  0000 000c 0000   562 		.d2_cfa_start __local_cie
  0000006a 02  0000 0000 0000       	
  00000070 02  0000 0002            	
                                563 	can_receive:
                                564 		.section	.debug_info,,n
                                565 	.L5815:
  00000138 05  02               566 		.sleb128	2
  00000139 05  0000 0158        567 		.4byte		.L5812-.L2
  0000013d 05  6361 6e5f 7265   568 		.byte		"can_receive"
  00000143 05  6365 6976 65         	
  00000148 05  00               569 		.byte		0
  00000149 05  0000 0001        570 		.4byte		.L5792
  0000014d 05  4c               571 		.uleb128	76
  0000014e 05  01               572 		.byte		0x1
  0000014f 05  0000 0000        573 		.4byte		.L5813
  00000153 05  0000 0000        574 		.4byte		.L5814
                                575 		.section	.text_vle,,c
  000000c4 03  0317 22          576 	        .d2line         77
                                577 	.L5813:
                                578 	#$$ee
  000000c7 03  0200 0a          579 		.d2prologue_end
  000000ca 03  0309 0e          580 	        .d2line         86
                                581 	#$$be
  000000cd 03  0200 0b01        582 		.d2epilogue_begin
                                583 	#$$tl 0x0 0x0 0x0
  00000138 00  0004             584 		se_blr
                                585 	#$$ef
                                586 		.d2_cfa_end 2
                                587 		.section	.debug_info,,n
  00000157 05  00               588 		.sleb128	0
                                589 	.L5812:
                                590 		.section	.text_vle,,c
                                591 	.L5814:
                                592 		.type		can_receive,@function
                                593 		.size		can_receive,.-can_receive
                                594 	# Number of nodes = 0
                                595 	
                                596 	# Allocations for can_receive
                                597 	
                                598 	# Allocations for module
                                599 		.section	.debug_abbrev,,n
  0000004c 04  05               600 		.uleb128	5
  0000004d 04  34               601 		.uleb128	52
  0000004e 04  00               602 		.byte		0x0
  0000004f 04  3f               603 		.uleb128	63
  00000050 04  0c               604 		.uleb128	12
  00000051 04  3a               605 		.uleb128	58
  00000052 04  06               606 		.uleb128	6
  00000053 04  3b               607 		.uleb128	59
  00000054 04  0f               608 		.uleb128	15
  00000055 04  03               609 		.uleb128	3
  00000056 04  08               610 		.uleb128	8
  00000057 04  49               611 		.uleb128	73
  00000058 04  10               612 		.uleb128	16
  00000059 04  02               613 		.uleb128	2
  0000005a 04  09               614 		.uleb128	9
  0000005b 04  00               615 		.uleb128	0
  0000005c 04  00               616 		.uleb128	0
                                617 		.section	.debug_info,,n
                                618 	.L5816:
  00000158 05  05               619 		.sleb128	5
  00000159 05  01               620 		.byte		0x1
  0000015a 05  0000 0001        621 		.4byte		.L5792
  0000015e 05  03               622 		.uleb128	3
  0000015f 05  7370 6565 6456   623 		.byte		"speedValue"
  00000165 05  616c 7565            	
  00000169 05  00               624 		.byte		0
  0000016a 05  0000 0000        625 		.4byte		.L5810
  0000016e 05  05               626 		.sleb128	5
  0000016f 05  03               627 		.byte		0x3
  00000170 05  0000 0000        628 		.4byte		speedValue
                                629 		.sdata
                                630 		.align		2
                                631 	#	Begin local data area
                                632 	#	LDA + 0
                                633 		.type		speedValue,@object
                                634 		.size		speedValue,4
                                635 		.align		2
                                636 		.globl		speedValue
                                637 	speedValue:
  00000000 07  0000 0000        638 		.long		0
                                639 	#	LDA + 4
                                640 		.type		flag.5782,@object
                                641 		.size		flag.5782,4
                                642 		.align		2
                                643 	flag.5782:
  00000004 07  0000 0000        644 		.long		0
                                645 		.section	.debug_abbrev,,n
  0000005d 04  06               646 		.uleb128	6
  0000005e 04  24               647 		.uleb128	36
  0000005f 04  00               648 		.byte		0x0
  00000060 04  03               649 		.uleb128	3
  00000061 04  08               650 		.uleb128	8
  00000062 04  3e               651 		.uleb128	62
  00000063 04  0b               652 		.uleb128	11
  00000064 04  0b               653 		.uleb128	11
  00000065 04  0b               654 		.uleb128	11
  00000066 04  00               655 		.uleb128	0
  00000067 04  00               656 		.uleb128	0
                                657 		.section	.debug_info,,n
                                658 	.L5810:
  00000174 05  06               659 		.sleb128	6
  00000175 05  696e 74          660 		.byte		"int"
  00000178 05  00               661 		.byte		0
  00000179 05  05               662 		.byte		0x5
  0000017a 05  04               663 		.byte		0x4
                                664 	.L7:
  0000017b 05  00               665 		.sleb128	0
                                666 	.L3:
                                667 		.section	.text_vle,,c
                                668 	.L5:
                                669 	.L5792: 	.d2filenum "C:\\Users\\venr\\Downloads\\Unit2\\Unit2 - Task 2.2\\src\\main.c
                                    	"
  000000d1 03  0005 0200 0000   670 		.d2_line_end
  000000d7 03  0000 0101            	
                                671 		.section	.debug_abbrev,,n
  00000068 04  00               672 		.sleb128	0
