                                  1 	#$$m2		- PowerPC mnemonics
                                  2 	#$$pVLE		- PowerPC VLE encoding
                                  3 	#$$oPPC5534  - Optimized for PPC5534
                                  4 	#$$ko 9		- Reorder info
                                  5 		.file		"main.c"
                                  6 	#$$eb
                                  7 	#$$sz 0
                                  8 	#$$fp 0
                                  9 		.section	.PPC.EMB.apuinfo,,@note
  00000000 01  0000 0008         10 		.4byte		8
  00000004 01  0000 0004         11 		.4byte		4
  00000008 01  0000 0002         12 		.4byte		2
  0000000c 01  4150 5569 6e66    13 		.byte		"APUinfo"
  00000012 01  6f                   	
  00000013 01  00                14 		.byte		0
                                 15 		.align		2
  00000014 01  0104 0001         16 		.4byte		0x01040001
                                 17 		.section	.text_vle,,c
                                 18 		.section	.debug_frame,,n
                                 19 	__local_cie: 
  00000000 02  0000 0010         20 		.word	.LE-.LS
                                 21 	.LS:
  00000004 02  ffff ffff         22 		.word	-1
  00000008 02  01                23 		.byte	1
  00000009 02  00                24 		.byte	0
  0000000a 02  04                25 		.uleb128	4
  0000000b 02  7c                26 		.sleb128	-4
  0000000c 02  6c                27 		.byte	108
  0000000d 02  0c                28 		.byte	0x0c
  0000000e 02  01                29 		.byte	1
  0000000f 02  00                30 		.byte	0
  00000010 02  08                31 		.byte	8
  00000011 02  6c                32 		.byte	108
                                 33 		.fill           (.LS-.)&3
                                 34 	.LE:
                                 35 		.section	.debug_line,,n
                                 36 	.L8:
                                 37 		.section	.text_vle,,c
                                 38 	.L4:
  00000000 00                    39 		.0byte		.L2
  00000000 03  0000 011c 0002    40 		.d2_line_start	.debug_line
  00000006 03  0000 0013 0201       	
  0000000c 03  ff04 0d00 0101       	
  00000012 03  0101 0000 0001       	
  00000018 03  0000 0100 00         	
                                 41 		.section	.debug_abbrev,,n
                                 42 	.L9:
                                 43 		.section	.debug_info,,n
                                 44 	.L2:
  00000000 05  0000 01b5         45 		.4byte		.L3-.L1
                                 46 	.L1:
  00000004 05  0002              47 		.2byte		0x2
  00000006 05  0000 0000         48 		.4byte		.L9
  0000000a 05  04                49 		.byte		0x4
                                 50 		.section	.debug_abbrev,,n
  00000000 04  01                51 		.uleb128	1
  00000001 04  11                52 		.uleb128	17
  00000002 04  01                53 		.byte		0x1
  00000003 04  01                54 		.uleb128	1
  00000004 04  13                55 		.uleb128	19
  00000005 04  03                56 		.uleb128	3
  00000006 04  08                57 		.uleb128	8
  00000007 04  25                58 		.uleb128	37
  00000008 04  08                59 		.uleb128	8
  00000009 04  1b                60 		.uleb128	27
  0000000a 04  08                61 		.uleb128	8
  0000000b 04  13                62 		.uleb128	19
  0000000c 04  0f                63 		.uleb128	15
  0000000d 04  11                64 		.uleb128	17
  0000000e 04  01                65 		.uleb128	1
  0000000f 04  12                66 		.uleb128	18
  00000010 04  01                67 		.uleb128	1
  00000011 04  10                68 		.uleb128	16
  00000012 04  06                69 		.uleb128	6
  00000013 04  00                70 		.uleb128	0
  00000014 04  00                71 		.uleb128	0
                                 72 		.section	.debug_info,,n
  0000000b 05  01                73 		.sleb128	1
  0000000c 05  0000 01b8         74 		.4byte		.L7-.L2
  00000010 05  433a 5c55 7365    75 		.byte		"C:\\Users\\venr\\Downloads\\2015_Unit1\\Unit1 - Task 2 - Subtask 3\
  00000016 05  7273 5c76 656e       	\src\\main.c"
  0000001c 05  725c 446f 776e       	
  00000022 05  6c6f 6164 735c       	
  00000028 05  3230 3135 5f55       	
  0000002e 05  6e69                 	
  00000058 05  00                76 		.byte		0
  00000059 05  4469 6162 2044    77 		.byte		"Diab Data, Inc:dcc Rel 5.7.0.0:PPC5534"
  0000005f 05  6174 612c 2049       	
  00000065 05  6e63 3a64 6363       	
  0000006b 05  2052 656c 2035       	
  00000071 05  2e37 2e30 2e30       	
  00000077 05  3a50                 	
  0000007f 05  00                78 		.byte		0
  00000080 05  433a 5c55 7365    79 		.byte		"C:\\Users\\venr\\Downloads\\2015_Unit1\\Unit1 - Task 2 - Subtask 3"
  00000086 05  7273 5c76 656e       	
  0000008c 05  725c 446f 776e       	
  00000092 05  6c6f 6164 735c       	
  00000098 05  3230 3135 5f55       	
  0000009e 05  6e69                 	
  000000bd 05  00                80 		.byte		0
  000000be 05  01                81 		.uleb128	1
  000000bf 05  0000 0000         82 		.4byte		.L4
  000000c3 05  0000 0000         83 		.4byte		.L5
  000000c7 05  0000 0000         84 		.4byte		.L8
                                 85 		.section	.text_vle,,c
                                 86 	
                                 87 	#$$bf
                                 88 		.align		2
                                 89 		.globl		configure_io
  00000014 02  0000 000c 0000    90 		.d2_cfa_start __local_cie
  0000001a 02  0000 0000 0000       	
  00000020 02  0000 0034            	
                                 91 	configure_io:
                                 92 		.section	.debug_abbrev,,n
  00000015 04  02                93 		.uleb128	2
  00000016 04  2e                94 		.uleb128	46
  00000017 04  01                95 		.byte		0x1
  00000018 04  01                96 		.uleb128	1
  00000019 04  13                97 		.uleb128	19
  0000001a 04  03                98 		.uleb128	3
  0000001b 04  08                99 		.uleb128	8
  0000001c 04  3a               100 		.uleb128	58
  0000001d 04  06               101 		.uleb128	6
  0000001e 04  3b               102 		.uleb128	59
  0000001f 04  0f               103 		.uleb128	15
  00000020 04  3f               104 		.uleb128	63
  00000021 04  0c               105 		.uleb128	12
  00000022 04  27               106 		.uleb128	39
  00000023 04  0c               107 		.uleb128	12
  00000024 04  11               108 		.uleb128	17
  00000025 04  01               109 		.uleb128	1
  00000026 04  12               110 		.uleb128	18
  00000027 04  01               111 		.uleb128	1
  00000028 04  00               112 		.uleb128	0
  00000029 04  00               113 		.uleb128	0
                                114 		.section	.debug_info,,n
                                115 	.L5798:
  000000cb 05  02               116 		.sleb128	2
  000000cc 05  0000 00ed        117 		.4byte		.L5794-.L2
  000000d0 05  636f 6e66 6967   118 		.byte		"configure_io"
  000000d6 05  7572 655f 696f       	
  000000dc 05  00               119 		.byte		0
  000000dd 05  0000 0001        120 		.4byte		.L5797
  000000e1 05  08               121 		.uleb128	8
  000000e2 05  01               122 		.byte		0x1
  000000e3 05  01               123 		.byte		0x1
  000000e4 05  0000 0000        124 		.4byte		.L5795
  000000e8 05  0000 0000        125 		.4byte		.L5796
                                126 		.section	.text_vle,,c
  0000001d 03  0054 0343 3a5c   127 		.d2file		"C:\\Users\\venr\\Downloads\\2015_Unit1\\Unit1 - Task 2 - Subtask 3\
  00000023 03  5c55 7365 7273       	\src\\main.c"
  00000029 03  5c5c 7665 6e72       	
  0000002f 03  5c5c 446f 776e       	
  00000035 03  6c6f 6164 735c       	
  0000003b 03  5c32                 	
  00000075 03  0005 0200 0000   128 	        .d2line         9
  0000007b 03  0003 080e            	
                                129 	.L5795:
                                130 	#$$ee
  0000007f 03  0200 0a          131 		.d2prologue_end
  00000000 00  6363             132 		se_bgeni		r3,22
  00000082 03  0304 12          133 	        .d2line         13
  00000002 00  70d8 e3f9        134 		e_lis		r6,-15367
  00000006 00  5c66 0052        135 		e_sth		r3,82(r6)
                                136 	#$$vo
  00000085 03  1f               137 	        .d2line         14
  0000000a 00  5c66 0094        138 		e_sth		r3,148(r6)
                                139 	#$$vo
  00000086 03  17               140 	        .d2line         15
  0000000e 00  5c66 005a        141 		e_sth		r3,90(r6)
                                142 	#$$vo
  00000087 03  17               143 	        .d2line         16
  00000012 00  5c66 0058        144 		e_sth		r3,88(r6)
                                145 	#$$vo
  00000088 03  17               146 	        .d2line         17
  00000016 00  5c66 00bc        147 		e_sth		r3,188(r6)
                                148 	#$$vo
  00000089 03  17               149 	        .d2line         18
  0000001a 00  5c66 00ba        150 		e_sth		r3,186(r6)
                                151 	#$$vo
  0000008a 03  17               152 	        .d2line         19
  0000001e 00  5c66 00b6        153 		e_sth		r3,182(r6)
                                154 	#$$vo
  0000008b 03  17               155 	        .d2line         20
  00000022 00  5c66 0056        156 		e_sth		r3,86(r6)
                                157 	#$$vo
  00000026 00  7064 0500        158 		e_li		r3,9472
  0000008c 03  0309 1e          159 	        .d2line         29
  0000002a 00  5c66 0082        160 		e_sth		r3,130(r6)
                                161 	#$$vo
  0000008f 03  17               162 	        .d2line         30
  0000002e 00  5c66 0084        163 		e_sth		r3,132(r6)
                                164 	#$$vo
  00000090 03  0303 16          165 	        .d2line         33
                                166 	#$$be
  00000093 03  0200 0b01        167 		.d2epilogue_begin
                                168 	#$$tl 0x0 0x0 0x0
  00000032 00  0004             169 		se_blr
                                170 	#$$ef
                                171 		.d2_cfa_end 2
                                172 		.section	.debug_info,,n
  000000ec 05  00               173 		.sleb128	0
                                174 	.L5794:
                                175 		.section	.text_vle,,c
                                176 	.L5796:
                                177 		.type		configure_io,@function
                                178 		.size		configure_io,.-configure_io
                                179 	# Number of nodes = 40
                                180 	
                                181 	# Allocations for configure_io
                                182 	#	not allocated	$$1
                                183 	#	not allocated	$$2
                                184 	#	not allocated	$$3
                                185 	#	not allocated	$$4
                                186 	#	not allocated	$$5
                                187 	#	not allocated	$$6
                                188 	#	not allocated	$$7
                                189 	#	not allocated	$$8
                                190 	#	not allocated	$$9
                                191 	#	not allocated	$$10
                                192 	#	r3		$$11
                                193 	#	r3		$$12
                                194 	
                                195 	#$$bf
                                196 		.align		2
                                197 		.globl		showdata
  00000024 02  0000 000c 0000   198 		.d2_cfa_start __local_cie
  0000002a 02  0000 0000 0000       	
  00000030 02  0000 00f6            	
                                199 	showdata:
                                200 		.section	.debug_info,,n
                                201 	.L5811:
  000000ed 05  02               202 		.sleb128	2
  000000ee 05  0000 011e        203 		.4byte		.L5808-.L2
  000000f2 05  7368 6f77 6461   204 		.byte		"showdata"
  000000f8 05  7461                 	
  000000fa 05  00               205 		.byte		0
  000000fb 05  0000 0001        206 		.4byte		.L5797
  000000ff 05  4b               207 		.uleb128	75
  00000100 05  01               208 		.byte		0x1
  00000101 05  01               209 		.byte		0x1
  00000102 05  0000 0000        210 		.4byte		.L5809
  00000106 05  0000 0000        211 		.4byte		.L5810
                                212 		.section	.debug_abbrev,,n
  0000002a 04  03               213 		.uleb128	3
  0000002b 04  05               214 		.uleb128	5
  0000002c 04  00               215 		.byte		0x0
  0000002d 04  3a               216 		.uleb128	58
  0000002e 04  06               217 		.uleb128	6
  0000002f 04  3b               218 		.uleb128	59
  00000030 04  0f               219 		.uleb128	15
  00000031 04  03               220 		.uleb128	3
  00000032 04  08               221 		.uleb128	8
  00000033 04  49               222 		.uleb128	73
  00000034 04  10               223 		.uleb128	16
  00000035 04  02               224 		.uleb128	2
  00000036 04  09               225 		.uleb128	9
  00000037 04  00               226 		.uleb128	0
  00000038 04  00               227 		.uleb128	0
                                228 		.section	.debug_info,,n
                                229 	.L5812:
  0000010a 05  03               230 		.sleb128	3
  0000010b 05  0000 0001        231 		.4byte		.L5797
  0000010f 05  4b               232 		.uleb128	75
  00000110 05  7661 6c75 65     233 		.byte		"value"
  00000115 05  00               234 		.byte		0
  00000116 05  0000 0000        235 		.4byte		.L5813
  0000011a 05  02               236 		.sleb128	2
  0000011b 05  90               237 		.byte		0x90
  0000011c 05  03               238 		.uleb128	3
                                239 		.section	.text_vle,,c
  00000097 03  032b 12          240 	        .d2line         76
                                241 	.L5809:
                                242 	#$$ee
  0000009a 03  0200 0a          243 		.d2prologue_end
  0000009d 03  0f               244 	        .d2line         77
  00000034 00  1803 a8cd        245 		cmpi		0,0,r3,205
  00000038 00  e516             246 		bc		1,1,.L5788
  0000003a 00  4803             247 		se_li		r3,0
  0000009e 03  0305 1e          248 	        .d2line         82
  0000003c 00  70d8 e3f9        249 		e_lis		r6,-15367
  00000040 00  3466 0609        250 		e_stb		r3,1545(r6)
                                251 	#$$vo
  000000a1 03  1f               252 	        .d2line         83
  00000044 00  3466 062a        253 		e_stb		r3,1578(r6)
                                254 	#$$vo
  000000a2 03  17               255 	        .d2line         84
  00000048 00  3466 060d        256 		e_stb		r3,1549(r6)
                                257 	#$$vo
  000000a3 03  17               258 	        .d2line         85
  0000004c 00  3466 060c        259 		e_stb		r3,1548(r6)
                                260 	#$$vo
  000000a4 03  17               261 	        .d2line         86
  00000050 00  3466 063e        262 		e_stb		r3,1598(r6)
                                263 	#$$vo
  00000054 00  4813             264 		se_li		r3,1
  000000a5 03  1b               265 	        .d2line         87
  00000056 00  3466 063d        266 		e_stb		r3,1597(r6)
                                267 	#$$vo
  000000a6 03  17               268 	        .d2line         88
  0000005a 00  3466 063b        269 		e_stb		r3,1595(r6)
                                270 	#$$vo
  000000a7 03  17               271 	        .d2line         89
  0000005e 00  3466 060b        272 		e_stb		r3,1547(r6)
                                273 	#$$vo
  00000062 00  0004             274 		se_blr
                                275 	.L5788:
  000000a8 03  1c               276 	        .d2line         91
  00000064 00  18e3 8431        277 		e_addi		r7,r3,-207
  00000068 00  1887 a8cb        278 		cmpli		0,0,r7,203
  0000006c 00  e516             279 		bc		1,1,.L5786
  0000006e 00  4803             280 		se_li		r3,0
  000000a9 03  0306 26          281 	        .d2line         97
  00000070 00  70d8 e3f9        282 		e_lis		r6,-15367
  00000074 00  3466 0609        283 		e_stb		r3,1545(r6)
                                284 	#$$vo
  000000ac 03  1f               285 	        .d2line         98
  00000078 00  3466 062a        286 		e_stb		r3,1578(r6)
                                287 	#$$vo
  000000ad 03  17               288 	        .d2line         99
  0000007c 00  3466 060d        289 		e_stb		r3,1549(r6)
                                290 	#$$vo
  000000ae 03  17               291 	        .d2line         100
  00000080 00  3466 060c        292 		e_stb		r3,1548(r6)
                                293 	#$$vo
  00000084 00  4813             294 		se_li		r3,1
  000000af 03  1b               295 	        .d2line         101
  00000086 00  3466 063e        296 		e_stb		r3,1598(r6)
                                297 	#$$vo
  000000b0 03  17               298 	        .d2line         102
  0000008a 00  3466 063d        299 		e_stb		r3,1597(r6)
                                300 	#$$vo
  000000b1 03  17               301 	        .d2line         103
  0000008e 00  3466 063b        302 		e_stb		r3,1595(r6)
                                303 	#$$vo
  000000b2 03  17               304 	        .d2line         104
  00000092 00  3466 060b        305 		e_stb		r3,1547(r6)
                                306 	#$$vo
  00000096 00  0004             307 		se_blr
                                308 	.L5786:
  000000b3 03  1c               309 	        .d2line         106
  00000098 00  1ce3 fe64        310 		e_add16i	r7,r3,-412
  0000009c 00  1887 a8cb        311 		cmpli		0,0,r7,203
  000000a0 00  e516             312 		bc		1,1,.L5784
  000000a2 00  4803             313 		se_li		r3,0
  000000b4 03  0305 26          314 	        .d2line         111
  000000a4 00  70d8 e3f9        315 		e_lis		r6,-15367
  000000a8 00  3466 0609        316 		e_stb		r3,1545(r6)
                                317 	#$$vo
  000000b7 03  1f               318 	        .d2line         112
  000000ac 00  3466 062a        319 		e_stb		r3,1578(r6)
                                320 	#$$vo
  000000b8 03  17               321 	        .d2line         113
  000000b0 00  3466 060d        322 		e_stb		r3,1549(r6)
                                323 	#$$vo
  000000b4 00  4813             324 		se_li		r3,1
  000000b9 03  1b               325 	        .d2line         114
  000000b6 00  3466 060c        326 		e_stb		r3,1548(r6)
                                327 	#$$vo
  000000ba 03  17               328 	        .d2line         115
  000000ba 00  3466 063e        329 		e_stb		r3,1598(r6)
                                330 	#$$vo
  000000bb 03  17               331 	        .d2line         116
  000000be 00  3466 063d        332 		e_stb		r3,1597(r6)
                                333 	#$$vo
  000000bc 03  17               334 	        .d2line         117
  000000c2 00  3466 063b        335 		e_stb		r3,1595(r6)
                                336 	#$$vo
  000000bd 03  17               337 	        .d2line         118
  000000c6 00  3466 060b        338 		e_stb		r3,1547(r6)
                                339 	#$$vo
  000000ca 00  0004             340 		se_blr
                                341 	.L5784:
  000000be 03  1c               342 	        .d2line         120
  000000cc 00  1ce3 fd97        343 		e_add16i	r7,r3,-617
  000000d0 00  1887 a8cb        344 		cmpli		0,0,r7,203
  000000d4 00  e516             345 		bc		1,1,.L5782
  000000d6 00  4803             346 		se_li		r3,0
  000000bf 03  0305 26          347 	        .d2line         125
  000000d8 00  70d8 e3f9        348 		e_lis		r6,-15367
  000000dc 00  3466 0609        349 		e_stb		r3,1545(r6)
                                350 	#$$vo
  000000c2 03  1f               351 	        .d2line         126
  000000e0 00  3466 062a        352 		e_stb		r3,1578(r6)
                                353 	#$$vo
  000000e4 00  4813             354 		se_li		r3,1
  000000c3 03  1b               355 	        .d2line         127
  000000e6 00  3466 060d        356 		e_stb		r3,1549(r6)
                                357 	#$$vo
  000000c4 03  17               358 	        .d2line         128
  000000ea 00  3466 060c        359 		e_stb		r3,1548(r6)
                                360 	#$$vo
  000000c5 03  17               361 	        .d2line         129
  000000ee 00  3466 063e        362 		e_stb		r3,1598(r6)
                                363 	#$$vo
  000000c6 03  17               364 	        .d2line         130
  000000f2 00  3466 063d        365 		e_stb		r3,1597(r6)
                                366 	#$$vo
  000000c7 03  17               367 	        .d2line         131
  000000f6 00  3466 063b        368 		e_stb		r3,1595(r6)
                                369 	#$$vo
  000000c8 03  17               370 	        .d2line         132
  000000fa 00  3466 060b        371 		e_stb		r3,1547(r6)
                                372 	#$$vo
  000000fe 00  0004             373 		se_blr
                                374 	.L5782:
  000000c9 03  0307 1a          375 	        .d2line         139
  00000100 00  70f8 e3f9        376 		e_lis		r7,-15367
  00000104 00  4806             377 		se_li		r6,0
  00000106 00  34c7 0609        378 		e_stb		r6,1545(r7)
                                379 	#$$vo
  0000010a 00  4813             380 		se_li		r3,1
  000000cc 03  27               381 	        .d2line         140
  0000010c 00  3467 062a        382 		e_stb		r3,1578(r7)
                                383 	#$$vo
  000000cd 03  17               384 	        .d2line         141
  00000110 00  3467 060d        385 		e_stb		r3,1549(r7)
                                386 	#$$vo
  000000ce 03  17               387 	        .d2line         142
  00000114 00  3467 060c        388 		e_stb		r3,1548(r7)
                                389 	#$$vo
  000000cf 03  17               390 	        .d2line         143
  00000118 00  3467 063e        391 		e_stb		r3,1598(r7)
                                392 	#$$vo
  000000d0 03  17               393 	        .d2line         144
  0000011c 00  3467 063d        394 		e_stb		r3,1597(r7)
                                395 	#$$vo
  000000d1 03  17               396 	        .d2line         145
  00000120 00  3467 063b        397 		e_stb		r3,1595(r7)
                                398 	#$$vo
  000000d2 03  17               399 	        .d2line         146
  00000124 00  3467 060b        400 		e_stb		r3,1547(r7)
                                401 	#$$vo
                                402 	.L5789:
  000000d3 03  0303 16          403 	        .d2line         149
                                404 	#$$be
  000000d6 03  0200 0b01        405 		.d2epilogue_begin
                                406 	#$$tl 0x0 0x0 0x0
  00000128 00  0004             407 		se_blr
                                408 	#$$ef
                                409 		.d2_cfa_end 2
                                410 		.section	.debug_info,,n
  0000011d 05  00               411 		.sleb128	0
                                412 	.L5808:
                                413 		.section	.text_vle,,c
                                414 	.L5810:
                                415 		.type		showdata,@function
                                416 		.size		showdata,.-showdata
                                417 	# Number of nodes = 185
                                418 	
                                419 	# Allocations for showdata
                                420 	#	r3		value
                                421 	#	not allocated	$$13
                                422 	#	not allocated	$$14
                                423 	#	not allocated	$$15
                                424 	#	not allocated	$$16
                                425 	#	not allocated	$$17
                                426 	#	not allocated	$$18
                                427 	#	not allocated	$$19
                                428 	#	not allocated	$$20
                                429 	#	not allocated	$$21
                                430 	#	not allocated	$$22
                                431 	#	not allocated	$$23
                                432 	#	not allocated	$$24
                                433 	#	not allocated	$$25
                                434 	#	not allocated	$$26
                                435 	#	not allocated	$$27
                                436 	#	not allocated	$$28
                                437 	#	not allocated	$$29
                                438 	#	not allocated	$$30
                                439 	#	not allocated	$$31
                                440 	#	not allocated	$$32
                                441 	#	not allocated	$$33
                                442 	#	not allocated	$$34
                                443 	#	not allocated	$$35
                                444 	#	not allocated	$$36
                                445 	#	not allocated	$$37
                                446 	#	not allocated	$$38
                                447 	#	not allocated	$$39
                                448 	#	not allocated	$$40
                                449 	#	not allocated	$$41
                                450 	#	not allocated	$$42
                                451 	#	not allocated	$$43
                                452 	#	not allocated	$$44
                                453 	#	not allocated	$$45
                                454 	#	not allocated	$$46
                                455 	#	not allocated	$$47
                                456 	#	not allocated	$$48
                                457 	#	not allocated	$$49
                                458 	#	not allocated	$$50
                                459 	#	not allocated	$$51
                                460 	#	not allocated	$$52
                                461 	#	r3		$$53
                                462 	#	r3		$$54
                                463 	#	r3		$$55
                                464 	#	r3		$$56
                                465 	#	r3		$$57
                                466 	#	r3		$$58
                                467 	#	r3		$$59
                                468 	#	r3		$$60
                                469 	#	r3		$$61
                                470 	
                                471 	#$$bf
                                472 		.align		2
                                473 		.globl		main
  00000034 02  0000 0014 0000   474 		.d2_cfa_start __local_cie
  0000003a 02  0000 0000 0000       	
  00000040 02  0000 0026            	
                                475 	main:
                                476 		.section	.debug_info,,n
                                477 	.L5819:
  0000011e 05  02               478 		.sleb128	2
  0000011f 05  0000 014b        479 		.4byte		.L5816-.L2
  00000123 05  6d61 696e        480 		.byte		"main"
  00000127 05  00               481 		.byte		0
  00000128 05  0000 0001        482 		.4byte		.L5797
  0000012c 05  25               483 		.uleb128	37
  0000012d 05  01               484 		.byte		0x1
  0000012e 05  01               485 		.byte		0x1
  0000012f 05  0000 0000        486 		.4byte		.L5817
  00000133 05  0000 0000        487 		.4byte		.L5818
                                488 		.section	.debug_abbrev,,n
  00000039 04  04               489 		.uleb128	4
  0000003a 04  34               490 		.uleb128	52
  0000003b 04  00               491 		.byte		0x0
  0000003c 04  3a               492 		.uleb128	58
  0000003d 04  06               493 		.uleb128	6
  0000003e 04  3b               494 		.uleb128	59
  0000003f 04  0f               495 		.uleb128	15
  00000040 04  03               496 		.uleb128	3
  00000041 04  08               497 		.uleb128	8
  00000042 04  49               498 		.uleb128	73
  00000043 04  10               499 		.uleb128	16
  00000044 04  02               500 		.uleb128	2
  00000045 04  09               501 		.uleb128	9
  00000046 04  00               502 		.uleb128	0
  00000047 04  00               503 		.uleb128	0
                                504 		.section	.debug_info,,n
                                505 	.L5820:
  00000137 05  04               506 		.sleb128	4
  00000138 05  0000 0001        507 		.4byte		.L5797
  0000013c 05  27               508 		.uleb128	39
  0000013d 05  7661 6c75 65     509 		.byte		"value"
  00000142 05  00               510 		.byte		0
  00000143 05  0000 0000        511 		.4byte		.L5813
  00000147 05  02               512 		.sleb128	2
  00000148 05  90               513 		.byte		0x90
  00000149 05  03               514 		.uleb128	3
                                515 		.section	.text_vle,,c
  000000da 03  0391 7f16        516 	        .d2line         38
                                517 	.L5817:
  0000012c 00  1821 06f0        518 		e_stwu		r1,-16(r1)
  00000044 02  410e 10          519 		.d2_cfa_def_cfa_offset	16
  00000130 00  0080             520 		se_mflr		r0,lr
  00000132 00  d501             521 		se_stw		r0,20(r1)
  00000047 02  4111 6c7f        522 		.d2_cfa_offset    108,-1
                                523 	#$$ee
  000000de 03  0204 0a          524 		.d2prologue_end
  000000e1 03  0304 0e          525 	        .d2line         42
                                526 	#$$fn 0x1ff8 0 0 0x1
                                527 	#$$tl 0x0 0x0 0x0
                                528 	#$$rs 0
  00000134 00  7800 0001        529 		bl		init
                                530 	.L5780:
  000000e4 03  0315 16          531 	        .d2line         63
  00000138 00  70ff e7e0        532 		e_lis		r7,-32
  0000013c 00  50e7 0108        533 		e_lwz		r7,264(r7)
                                534 	#$$vo
  00000140 00  74e3 053f        535 		e_rlwinm		r3,r7,0,20,31
  000000e7 03  27               536 	        .d2line         64
                                537 	#$$fn 0xc8 0 0 0x0
                                538 	#$$tl 0x8 0x0 0x0
                                539 	#$$rs 0
  00000144 00  79ff fef1        540 		bl		showdata
  000000e8 03  0304 16          541 	        .d2line         68
  00000148 00  e8f8             542 		b		.L5780
  000000eb 03  14               543 	        .d2line         70
                                544 	#$$be
  000000ec 03  0200 0b01        545 		.d2epilogue_begin
  0000014a 00  c501             546 		se_lwz		r0,20(r1)
  0000014c 00  0090             547 		se_mtlr		r0
  0000014e 00  20f1             548 		se_addi		r1,16
                                549 	#$$tl 0x0 0x0 0x0
  00000150 00  0004             550 		se_blr
                                551 	#$$ef
                                552 		.d2_cfa_end 2
                                553 		.section	.debug_info,,n
  0000014a 05  00               554 		.sleb128	0
                                555 	.L5816:
                                556 		.section	.text_vle,,c
                                557 	.L5818:
                                558 		.type		main,@function
                                559 		.size		main,.-main
                                560 	# Number of nodes = 12
                                561 	
                                562 	# Allocations for main
                                563 	#	r3		value
                                564 	#	not allocated	$$62
                                565 	
                                566 	#$$bf
                                567 		.align		2
                                568 		.globl		conf_timer1
  0000004c 02  0000 000c 0000   569 		.d2_cfa_start __local_cie
  00000052 02  0000 0000 0000       	
  00000058 02  0000 0002            	
                                570 	conf_timer1:
                                571 		.section	.debug_info,,n
                                572 	.L5825:
  0000014b 05  02               573 		.sleb128	2
  0000014c 05  0000 016d        574 		.4byte		.L5822-.L2
  00000150 05  636f 6e66 5f74   575 		.byte		"conf_timer1"
  00000156 05  696d 6572 31         	
  0000015b 05  00               576 		.byte		0
  0000015c 05  0000 0001        577 		.4byte		.L5797
  00000160 05  9601             578 		.uleb128	150
  00000162 05  01               579 		.byte		0x1
  00000163 05  01               580 		.byte		0x1
  00000164 05  0000 0000        581 		.4byte		.L5823
  00000168 05  0000 0000        582 		.4byte		.L5824
                                583 		.section	.text_vle,,c
  000000f0 03  03d1 0022        584 	        .d2line         151
                                585 	.L5823:
                                586 	#$$ee
  000000f4 03  0200 0a          587 		.d2prologue_end
  000000f7 03  0308 0e          588 	        .d2line         159
                                589 	#$$be
  000000fa 03  0200 0b01        590 		.d2epilogue_begin
                                591 	#$$tl 0x0 0x0 0x0
  00000154 00  0004             592 		se_blr
                                593 	#$$ef
                                594 		.d2_cfa_end 2
                                595 		.section	.debug_info,,n
  0000016c 05  00               596 		.sleb128	0
                                597 	.L5822:
                                598 		.section	.text_vle,,c
                                599 	.L5824:
                                600 		.type		conf_timer1,@function
                                601 		.size		conf_timer1,.-conf_timer1
                                602 	# Number of nodes = 0
                                603 	
                                604 	# Allocations for conf_timer1
                                605 	
                                606 	#$$bf
                                607 		.align		2
                                608 		.globl		timer0_intr
  0000005c 02  0000 000c 0000   609 		.d2_cfa_start __local_cie
  00000062 02  0000 0000 0000       	
  00000068 02  0000 0002            	
                                610 	timer0_intr:
                                611 		.section	.debug_info,,n
                                612 	.L5830:
  0000016d 05  02               613 		.sleb128	2
  0000016e 05  0000 018f        614 		.4byte		.L5827-.L2
  00000172 05  7469 6d65 7230   615 		.byte		"timer0_intr"
  00000178 05  5f69 6e74 72         	
  0000017d 05  00               616 		.byte		0
  0000017e 05  0000 0001        617 		.4byte		.L5797
  00000182 05  a101             618 		.uleb128	161
  00000184 05  01               619 		.byte		0x1
  00000185 05  01               620 		.byte		0x1
  00000186 05  0000 0000        621 		.4byte		.L5828
  0000018a 05  0000 0000        622 		.4byte		.L5829
                                623 		.section	.text_vle,,c
  000000fe 03  0303 16          624 	        .d2line         162
                                625 	.L5828:
                                626 	#$$ee
  00000101 03  0200 0a          627 		.d2prologue_end
  00000104 03  0304 0e          628 	        .d2line         166
                                629 	#$$be
  00000107 03  0200 0b01        630 		.d2epilogue_begin
                                631 	#$$tl 0x0 0x0 0x0
  00000158 00  0004             632 		se_blr
                                633 	#$$ef
                                634 		.d2_cfa_end 2
                                635 		.section	.debug_info,,n
  0000018e 05  00               636 		.sleb128	0
                                637 	.L5827:
                                638 		.section	.text_vle,,c
                                639 	.L5829:
                                640 		.type		timer0_intr,@function
                                641 		.size		timer0_intr,.-timer0_intr
                                642 	# Number of nodes = 0
                                643 	
                                644 	# Allocations for timer0_intr
                                645 	
                                646 	#$$bf
                                647 		.align		2
                                648 		.globl		timer1_intr
  0000006c 02  0000 000c 0000   649 		.d2_cfa_start __local_cie
  00000072 02  0000 0000 0000       	
  00000078 02  0000 0002            	
                                650 	timer1_intr:
                                651 		.section	.debug_info,,n
                                652 	.L5835:
  0000018f 05  02               653 		.sleb128	2
  00000190 05  0000 01b1        654 		.4byte		.L5832-.L2
  00000194 05  7469 6d65 7231   655 		.byte		"timer1_intr"
  0000019a 05  5f69 6e74 72         	
  0000019f 05  00               656 		.byte		0
  000001a0 05  0000 0001        657 		.4byte		.L5797
  000001a4 05  a701             658 		.uleb128	167
  000001a6 05  01               659 		.byte		0x1
  000001a7 05  01               660 		.byte		0x1
  000001a8 05  0000 0000        661 		.4byte		.L5833
  000001ac 05  0000 0000        662 		.4byte		.L5834
                                663 		.section	.text_vle,,c
  0000010b 03  18               664 	        .d2line         168
                                665 	.L5833:
                                666 	#$$ee
  0000010c 03  0200 0a          667 		.d2prologue_end
  0000010f 03  0303 0e          668 	        .d2line         171
                                669 	#$$be
  00000112 03  0200 0b01        670 		.d2epilogue_begin
                                671 	#$$tl 0x0 0x0 0x0
  0000015c 00  0004             672 		se_blr
                                673 	#$$ef
                                674 		.d2_cfa_end 2
                                675 		.section	.debug_info,,n
  000001b0 05  00               676 		.sleb128	0
                                677 	.L5832:
                                678 		.section	.text_vle,,c
                                679 	.L5834:
                                680 		.type		timer1_intr,@function
                                681 		.size		timer1_intr,.-timer1_intr
                                682 	# Number of nodes = 0
                                683 	
                                684 	# Allocations for timer1_intr
                                685 	
                                686 	# Allocations for module
                                687 		.section	.debug_abbrev,,n
  00000048 04  05               688 		.uleb128	5
  00000049 04  24               689 		.uleb128	36
  0000004a 04  00               690 		.byte		0x0
  0000004b 04  03               691 		.uleb128	3
  0000004c 04  08               692 		.uleb128	8
  0000004d 04  3e               693 		.uleb128	62
  0000004e 04  0b               694 		.uleb128	11
  0000004f 04  0b               695 		.uleb128	11
  00000050 04  0b               696 		.uleb128	11
  00000051 04  00               697 		.uleb128	0
  00000052 04  00               698 		.uleb128	0
                                699 		.section	.debug_info,,n
                                700 	.L5813:
  000001b1 05  05               701 		.sleb128	5
  000001b2 05  696e 74          702 		.byte		"int"
  000001b5 05  00               703 		.byte		0
  000001b6 05  05               704 		.byte		0x5
  000001b7 05  04               705 		.byte		0x4
                                706 	.L7:
  000001b8 05  00               707 		.sleb128	0
                                708 	.L3:
                                709 		.section	.text_vle,,c
                                710 	.L5:
                                711 	.L5797: 	.d2filenum "C:\\Users\\venr\\Downloads\\2015_Unit1\\Unit1 - Task 2 - Subtask
                                    	 3\\src\\main.c"
  00000116 03  0005 0200 0000   712 		.d2_line_end
  0000011c 03  0000 0101            	
                                713 		.section	.debug_abbrev,,n
  00000053 04  00               714 		.sleb128	0
