                                  1 	#$$m2		- PowerPC mnemonics
                                  2 	#$$pVLE		- PowerPC VLE encoding
                                  3 	#$$oPPC5534  - Optimized for PPC5534
                                  4 	#$$ko 9		- Reorder info
                                  5 		.file		"main.c"
                                  6 	#$$eb
                                  7 	#$$sz 0
                                  8 	#$$fp 0
                                  9 		.section	.PPC.EMB.apuinfo,,@note
  00000000 01  0000 0008         10 		.4byte		8
  00000004 01  0000 0004         11 		.4byte		4
  00000008 01  0000 0002         12 		.4byte		2
  0000000c 01  4150 5569 6e66    13 		.byte		"APUinfo"
  00000012 01  6f                   	
  00000013 01  00                14 		.byte		0
                                 15 		.align		2
  00000014 01  0104 0001         16 		.4byte		0x01040001
                                 17 		.section	.text_vle,,c
                                 18 		.section	.debug_frame,,n
                                 19 	__local_cie: 
  00000000 02  0000 0010         20 		.word	.LE-.LS
                                 21 	.LS:
  00000004 02  ffff ffff         22 		.word	-1
  00000008 02  01                23 		.byte	1
  00000009 02  00                24 		.byte	0
  0000000a 02  04                25 		.uleb128	4
  0000000b 02  7c                26 		.sleb128	-4
  0000000c 02  6c                27 		.byte	108
  0000000d 02  0c                28 		.byte	0x0c
  0000000e 02  01                29 		.byte	1
  0000000f 02  00                30 		.byte	0
  00000010 02  08                31 		.byte	8
  00000011 02  6c                32 		.byte	108
                                 33 		.fill           (.LS-.)&3
                                 34 	.LE:
                                 35 		.section	.debug_line,,n
                                 36 	.L8:
                                 37 		.section	.text_vle,,c
                                 38 	.L4:
  00000000 00                    39 		.0byte		.L2
  00000000 03  0000 00d2 0002    40 		.d2_line_start	.debug_line
  00000006 03  0000 0013 0201       	
  0000000c 03  ff04 0d00 0101       	
  00000012 03  0101 0000 0001       	
  00000018 03  0000 0100 00         	
                                 41 		.section	.debug_abbrev,,n
                                 42 	.L9:
                                 43 		.section	.debug_info,,n
                                 44 	.L2:
  00000000 05  0000 019f         45 		.4byte		.L3-.L1
                                 46 	.L1:
  00000004 05  0002              47 		.2byte		0x2
  00000006 05  0000 0000         48 		.4byte		.L9
  0000000a 05  04                49 		.byte		0x4
                                 50 		.section	.debug_abbrev,,n
  00000000 04  01                51 		.uleb128	1
  00000001 04  11                52 		.uleb128	17
  00000002 04  01                53 		.byte		0x1
  00000003 04  01                54 		.uleb128	1
  00000004 04  13                55 		.uleb128	19
  00000005 04  03                56 		.uleb128	3
  00000006 04  08                57 		.uleb128	8
  00000007 04  25                58 		.uleb128	37
  00000008 04  08                59 		.uleb128	8
  00000009 04  1b                60 		.uleb128	27
  0000000a 04  08                61 		.uleb128	8
  0000000b 04  13                62 		.uleb128	19
  0000000c 04  0f                63 		.uleb128	15
  0000000d 04  11                64 		.uleb128	17
  0000000e 04  01                65 		.uleb128	1
  0000000f 04  12                66 		.uleb128	18
  00000010 04  01                67 		.uleb128	1
  00000011 04  10                68 		.uleb128	16
  00000012 04  06                69 		.uleb128	6
  00000013 04  00                70 		.uleb128	0
  00000014 04  00                71 		.uleb128	0
                                 72 		.section	.debug_info,,n
  0000000b 05  01                73 		.sleb128	1
  0000000c 05  0000 01a2         74 		.4byte		.L7-.L2
  00000010 05  433a 5c55 7365    75 		.byte		"C:\\Users\\venr\\Downloads\\2015_Unit1\\Unit1 - Task 3 - Subtask 2\
  00000016 05  7273 5c76 656e       	\src\\main.c"
  0000001c 05  725c 446f 776e       	
  00000022 05  6c6f 6164 735c       	
  00000028 05  3230 3135 5f55       	
  0000002e 05  6e69                 	
  00000058 05  00                76 		.byte		0
  00000059 05  4469 6162 2044    77 		.byte		"Diab Data, Inc:dcc Rel 5.7.0.0:PPC5534"
  0000005f 05  6174 612c 2049       	
  00000065 05  6e63 3a64 6363       	
  0000006b 05  2052 656c 2035       	
  00000071 05  2e37 2e30 2e30       	
  00000077 05  3a50                 	
  0000007f 05  00                78 		.byte		0
  00000080 05  433a 5c55 7365    79 		.byte		"C:\\Users\\venr\\Downloads\\2015_Unit1\\Unit1 - Task 3 - Subtask 2"
  00000086 05  7273 5c76 656e       	
  0000008c 05  725c 446f 776e       	
  00000092 05  6c6f 6164 735c       	
  00000098 05  3230 3135 5f55       	
  0000009e 05  6e69                 	
  000000bd 05  00                80 		.byte		0
  000000be 05  01                81 		.uleb128	1
  000000bf 05  0000 0000         82 		.4byte		.L4
  000000c3 05  0000 0000         83 		.4byte		.L5
  000000c7 05  0000 0000         84 		.4byte		.L8
                                 85 		.section	.text_vle,,c
                                 86 	
                                 87 	#$$bf
                                 88 		.align		2
                                 89 		.globl		configure_io
  00000014 02  0000 000c 0000    90 		.d2_cfa_start __local_cie
  0000001a 02  0000 0000 0000       	
  00000020 02  0000 0012            	
                                 91 	configure_io:
                                 92 		.section	.debug_abbrev,,n
  00000015 04  02                93 		.uleb128	2
  00000016 04  2e                94 		.uleb128	46
  00000017 04  01                95 		.byte		0x1
  00000018 04  01                96 		.uleb128	1
  00000019 04  13                97 		.uleb128	19
  0000001a 04  03                98 		.uleb128	3
  0000001b 04  08                99 		.uleb128	8
  0000001c 04  3a               100 		.uleb128	58
  0000001d 04  06               101 		.uleb128	6
  0000001e 04  3b               102 		.uleb128	59
  0000001f 04  0f               103 		.uleb128	15
  00000020 04  3f               104 		.uleb128	63
  00000021 04  0c               105 		.uleb128	12
  00000022 04  27               106 		.uleb128	39
  00000023 04  0c               107 		.uleb128	12
  00000024 04  11               108 		.uleb128	17
  00000025 04  01               109 		.uleb128	1
  00000026 04  12               110 		.uleb128	18
  00000027 04  01               111 		.uleb128	1
  00000028 04  00               112 		.uleb128	0
  00000029 04  00               113 		.uleb128	0
                                114 		.section	.debug_info,,n
                                115 	.L5792:
  000000cb 05  02               116 		.sleb128	2
  000000cc 05  0000 00ed        117 		.4byte		.L5788-.L2
  000000d0 05  636f 6e66 6967   118 		.byte		"configure_io"
  000000d6 05  7572 655f 696f       	
  000000dc 05  00               119 		.byte		0
  000000dd 05  0000 0001        120 		.4byte		.L5791
  000000e1 05  08               121 		.uleb128	8
  000000e2 05  01               122 		.byte		0x1
  000000e3 05  01               123 		.byte		0x1
  000000e4 05  0000 0000        124 		.4byte		.L5789
  000000e8 05  0000 0000        125 		.4byte		.L5790
                                126 		.section	.text_vle,,c
  0000001d 03  0054 0343 3a5c   127 		.d2file		"C:\\Users\\venr\\Downloads\\2015_Unit1\\Unit1 - Task 3 - Subtask 2\
  00000023 03  5c55 7365 7273       	\src\\main.c"
  00000029 03  5c5c 7665 6e72       	
  0000002f 03  5c5c 446f 776e       	
  00000035 03  6c6f 6164 735c       	
  0000003b 03  5c32                 	
  00000075 03  0005 0200 0000   128 	        .d2line         9
  0000007b 03  0003 080e            	
                                129 	.L5789:
                                130 	#$$ee
  0000007f 03  0200 0a          131 		.d2prologue_end
  00000082 03  10               132 	        .d2line         11
  00000000 00  70f8 e3f9        133 		e_lis		r7,-15367
  00000004 00  6366             134 		se_bgeni		r6,22
  00000006 00  5cc7 0052        135 		e_sth		r6,82(r7)
                                136 	#$$vo
  00000083 03  23               137 	        .d2line         12
  0000000a 00  6376             138 		se_bgeni		r6,23
  0000000c 00  5cc7 0098        139 		e_sth		r6,152(r7)
                                140 	#$$vo
  00000084 03  1b               141 	        .d2line         13
                                142 	#$$be
  00000085 03  0200 0b01        143 		.d2epilogue_begin
                                144 	#$$tl 0x0 0x0 0x0
  00000010 00  0004             145 		se_blr
                                146 	#$$ef
                                147 		.d2_cfa_end 2
                                148 		.section	.debug_info,,n
  000000ec 05  00               149 		.sleb128	0
                                150 	.L5788:
                                151 		.section	.text_vle,,c
                                152 	.L5790:
                                153 		.type		configure_io,@function
                                154 		.size		configure_io,.-configure_io
                                155 	# Number of nodes = 8
                                156 	
                                157 	# Allocations for configure_io
                                158 	#	not allocated	$$1
                                159 	#	not allocated	$$2
                                160 	
                                161 	#$$bf
                                162 		.align		2
                                163 		.globl		main
  00000024 02  0000 0014 0000   164 		.d2_cfa_start __local_cie
  0000002a 02  0000 0000 0000       	
  00000030 02  0000 002e            	
                                165 	main:
                                166 		.section	.debug_info,,n
                                167 	.L5798:
  000000ed 05  02               168 		.sleb128	2
  000000ee 05  0000 0107        169 		.4byte		.L5795-.L2
  000000f2 05  6d61 696e        170 		.byte		"main"
  000000f6 05  00               171 		.byte		0
  000000f7 05  0000 0001        172 		.4byte		.L5791
  000000fb 05  10               173 		.uleb128	16
  000000fc 05  01               174 		.byte		0x1
  000000fd 05  01               175 		.byte		0x1
  000000fe 05  0000 0000        176 		.4byte		.L5796
  00000102 05  0000 0000        177 		.4byte		.L5797
                                178 		.section	.text_vle,,c
  00000089 03  0304 16          179 	        .d2line         17
                                180 	.L5796:
  00000014 00  1821 06f0        181 		e_stwu		r1,-16(r1)
  00000034 02  410e 10          182 		.d2_cfa_def_cfa_offset	16
  00000018 00  0080             183 		se_mflr		r0,lr
  0000001a 00  d501             184 		se_stw		r0,20(r1)
  00000037 02  4111 6c7f        185 		.d2_cfa_offset    108,-1
                                186 	#$$ee
  0000008c 03  0204 0a          187 		.d2prologue_end
  0000001c 00  4803             188 		se_li		r3,0
  0000008f 03  13               189 	        .d2line         18
  0000001e 00  70d8 e3f9        190 		e_lis		r6,-15367
  00000022 00  5c66 0052        191 		e_sth		r3,82(r6)
                                192 	#$$vo
  00000090 03  1f               193 	        .d2line         19
  00000026 00  5c66 0098        194 		e_sth		r3,152(r6)
                                195 	#$$vo
  00000091 03  17               196 	        .d2line         20
                                197 	#$$fn 0x1ff8 0 0 0x1
                                198 	#$$tl 0x0 0x0 0x0
                                199 	#$$rs 0
  0000002a 00  7800 0001        200 		bl		init
                                201 	.L5780:
  00000092 03  0304 16          202 	        .d2line         24
  0000002e 00  4813             203 		se_li		r3,1
  00000030 00  7080 03e8        204 		e_li		r4,1000
                                205 	#$$fn 0x1ff8 0 0 0x1
                                206 	#$$tl 0x18 0x0 0x0
                                207 	#$$rs 0
  00000034 00  7800 0001        208 		bl		conf_timer0
  00000095 03  23               209 	        .d2line         25
  00000038 00  e8fb             210 		b		.L5780
  00000096 03  13               211 	        .d2line         26
                                212 	#$$be
  00000097 03  0200 0b01        213 		.d2epilogue_begin
  0000003a 00  c501             214 		se_lwz		r0,20(r1)
  0000003c 00  0090             215 		se_mtlr		r0
  0000003e 00  20f1             216 		se_addi		r1,16
                                217 	#$$tl 0x0 0x0 0x0
  00000040 00  0004             218 		se_blr
                                219 	#$$ef
                                220 		.d2_cfa_end 2
                                221 		.section	.debug_info,,n
  00000106 05  00               222 		.sleb128	0
                                223 	.L5795:
                                224 		.section	.text_vle,,c
                                225 	.L5797:
                                226 		.type		main,@function
                                227 		.size		main,.-main
                                228 	# Number of nodes = 17
                                229 	
                                230 	# Allocations for main
                                231 	#	not allocated	$$3
                                232 	#	not allocated	$$4
                                233 	#	r3		$$5
                                234 	
                                235 	#$$bf
                                236 		.align		2
                                237 		.globl		showdata
  0000003c 02  0000 000c 0000   238 		.d2_cfa_start __local_cie
  00000042 02  0000 0000 0000       	
  00000048 02  0000 0002            	
                                239 	showdata:
                                240 		.section	.debug_info,,n
                                241 	.L5803:
  00000107 05  02               242 		.sleb128	2
  00000108 05  0000 0138        243 		.4byte		.L5800-.L2
  0000010c 05  7368 6f77 6461   244 		.byte		"showdata"
  00000112 05  7461                 	
  00000114 05  00               245 		.byte		0
  00000115 05  0000 0001        246 		.4byte		.L5791
  00000119 05  20               247 		.uleb128	32
  0000011a 05  01               248 		.byte		0x1
  0000011b 05  01               249 		.byte		0x1
  0000011c 05  0000 0000        250 		.4byte		.L5801
  00000120 05  0000 0000        251 		.4byte		.L5802
                                252 		.section	.debug_abbrev,,n
  0000002a 04  03               253 		.uleb128	3
  0000002b 04  05               254 		.uleb128	5
  0000002c 04  00               255 		.byte		0x0
  0000002d 04  3a               256 		.uleb128	58
  0000002e 04  06               257 		.uleb128	6
  0000002f 04  3b               258 		.uleb128	59
  00000030 04  0f               259 		.uleb128	15
  00000031 04  03               260 		.uleb128	3
  00000032 04  08               261 		.uleb128	8
  00000033 04  49               262 		.uleb128	73
  00000034 04  10               263 		.uleb128	16
  00000035 04  02               264 		.uleb128	2
  00000036 04  09               265 		.uleb128	9
  00000037 04  00               266 		.uleb128	0
  00000038 04  00               267 		.uleb128	0
                                268 		.section	.debug_info,,n
                                269 	.L5804:
  00000124 05  03               270 		.sleb128	3
  00000125 05  0000 0001        271 		.4byte		.L5791
  00000129 05  20               272 		.uleb128	32
  0000012a 05  7661 6c75 65     273 		.byte		"value"
  0000012f 05  00               274 		.byte		0
  00000130 05  0000 0000        275 		.4byte		.L5805
  00000134 05  02               276 		.sleb128	2
  00000135 05  90               277 		.byte		0x90
  00000136 05  03               278 		.uleb128	3
                                279 		.section	.text_vle,,c
  0000009b 03  0307 22          280 	        .d2line         33
                                281 	.L5801:
                                282 	#$$ee
  0000009e 03  0200 0a          283 		.d2prologue_end
  000000a1 03  0f               284 	        .d2line         34
                                285 	#$$be
  000000a2 03  0200 0b01        286 		.d2epilogue_begin
                                287 	#$$tl 0x0 0x0 0x0
  00000044 00  0004             288 		se_blr
                                289 	#$$ef
                                290 		.d2_cfa_end 2
                                291 		.section	.debug_info,,n
  00000137 05  00               292 		.sleb128	0
                                293 	.L5800:
                                294 		.section	.text_vle,,c
                                295 	.L5802:
                                296 		.type		showdata,@function
                                297 		.size		showdata,.-showdata
                                298 	# Number of nodes = 0
                                299 	
                                300 	# Allocations for showdata
                                301 	#	not allocated	value
                                302 	
                                303 	#$$bf
                                304 		.align		2
                                305 		.globl		conf_timer1
  0000004c 02  0000 000c 0000   306 		.d2_cfa_start __local_cie
  00000052 02  0000 0000 0000       	
  00000058 02  0000 0002            	
                                307 	conf_timer1:
                                308 		.section	.debug_info,,n
                                309 	.L5810:
  00000138 05  02               310 		.sleb128	2
  00000139 05  0000 0159        311 		.4byte		.L5807-.L2
  0000013d 05  636f 6e66 5f74   312 		.byte		"conf_timer1"
  00000143 05  696d 6572 31         	
  00000148 05  00               313 		.byte		0
  00000149 05  0000 0001        314 		.4byte		.L5791
  0000014d 05  24               315 		.uleb128	36
  0000014e 05  01               316 		.byte		0x1
  0000014f 05  01               317 		.byte		0x1
  00000150 05  0000 0000        318 		.4byte		.L5808
  00000154 05  0000 0000        319 		.4byte		.L5809
                                320 		.section	.text_vle,,c
  000000a6 03  0303 16          321 	        .d2line         37
                                322 	.L5808:
                                323 	#$$ee
  000000a9 03  0200 0a          324 		.d2prologue_end
  000000ac 03  0308 0e          325 	        .d2line         45
                                326 	#$$be
  000000af 03  0200 0b01        327 		.d2epilogue_begin
                                328 	#$$tl 0x0 0x0 0x0
  00000048 00  0004             329 		se_blr
                                330 	#$$ef
                                331 		.d2_cfa_end 2
                                332 		.section	.debug_info,,n
  00000158 05  00               333 		.sleb128	0
                                334 	.L5807:
                                335 		.section	.text_vle,,c
                                336 	.L5809:
                                337 		.type		conf_timer1,@function
                                338 		.size		conf_timer1,.-conf_timer1
                                339 	# Number of nodes = 0
                                340 	
                                341 	# Allocations for conf_timer1
                                342 	
                                343 	#$$bf
                                344 		.align		2
                                345 		.globl		timer0_intr
  0000005c 02  0000 000c 0000   346 		.d2_cfa_start __local_cie
  00000062 02  0000 0000 0000       	
  00000068 02  0000 002c            	
                                347 	timer0_intr:
                                348 		.section	.debug_info,,n
                                349 	.L5817:
  00000159 05  02               350 		.sleb128	2
  0000015a 05  0000 017a        351 		.4byte		.L5814-.L2
  0000015e 05  7469 6d65 7230   352 		.byte		"timer0_intr"
  00000164 05  5f69 6e74 72         	
  00000169 05  00               353 		.byte		0
  0000016a 05  0000 0001        354 		.4byte		.L5791
  0000016e 05  2f               355 		.uleb128	47
  0000016f 05  01               356 		.byte		0x1
  00000170 05  01               357 		.byte		0x1
  00000171 05  0000 0000        358 		.4byte		.L5815
  00000175 05  0000 0000        359 		.4byte		.L5816
                                360 		.section	.text_vle,,c
  000000b3 03  0303 16          361 	        .d2line         48
                                362 	.L5815:
                                363 	#$$ee
  000000b6 03  0200 0a          364 		.d2prologue_end
  000000b9 03  10               365 	        .d2line         50
  0000004c 00  70f8 e3f9        366 		e_lis		r7,-15367
  00000050 00  58e7 0098        367 		e_lhz		r7,152(r7)
                                368 	#$$vo
  00000054 00  2a17             369 		se_cmpi		r7,1
  00000056 00  e208             370 		bc		0,2,.L5784
  00000058 00  7078 e3f9        371 		e_lis		r3,50169
  0000005c 00  7060 c609        372 		e_or2i		r3,1545
  000000ba 03  37               373 	        .d2line         51
  00000060 00  8063             374 		se_lbz		r6,0(r3)
                                375 	#$$vo
  00000062 00  9063             376 		se_stb		r6,0(r3)
                                377 	#$$vo
  00000064 00  0004             378 		se_blr
                                379 	.L5784:
  00000066 00  7078 e3f9        380 		e_lis		r3,50169
  0000006a 00  7060 c609        381 		e_or2i		r3,1545
  000000bb 03  2c               382 	        .d2line         53
  0000006e 00  8063             383 		se_lbz		r6,0(r3)
                                384 	#$$vo
  00000070 00  7cc6 30f8        385 		nor		r6,r6,r6
  00000074 00  9063             386 		se_stb		r6,0(r3)
                                387 	#$$vo
                                388 	.L5785:
  000000bc 03  20               389 	        .d2line         55
                                390 	#$$be
  000000bd 03  0200 0b01        391 		.d2epilogue_begin
                                392 	#$$tl 0x0 0x0 0x0
  00000076 00  0004             393 		se_blr
                                394 	#$$ef
                                395 		.d2_cfa_end 2
                                396 		.section	.debug_info,,n
  00000179 05  00               397 		.sleb128	0
                                398 	.L5814:
                                399 		.section	.text_vle,,c
                                400 	.L5816:
                                401 		.type		timer0_intr,@function
                                402 		.size		timer0_intr,.-timer0_intr
                                403 	# Number of nodes = 17
                                404 	
                                405 	# Allocations for timer0_intr
                                406 	#	not allocated	$$6
                                407 	#	not allocated	$$7
                                408 	#	not allocated	$$8
                                409 	#	not allocated	$$9
                                410 	#	not allocated	$$10
                                411 	#	r3		$$11
                                412 	#	r3		$$12
                                413 	
                                414 	#$$bf
                                415 		.align		2
                                416 		.globl		timer1_intr
  0000006c 02  0000 000c 0000   417 		.d2_cfa_start __local_cie
  00000072 02  0000 0000 0000       	
  00000078 02  0000 0002            	
                                418 	timer1_intr:
                                419 		.section	.debug_info,,n
                                420 	.L5822:
  0000017a 05  02               421 		.sleb128	2
  0000017b 05  0000 019b        422 		.4byte		.L5819-.L2
  0000017f 05  7469 6d65 7231   423 		.byte		"timer1_intr"
  00000185 05  5f69 6e74 72         	
  0000018a 05  00               424 		.byte		0
  0000018b 05  0000 0001        425 		.4byte		.L5791
  0000018f 05  38               426 		.uleb128	56
  00000190 05  01               427 		.byte		0x1
  00000191 05  01               428 		.byte		0x1
  00000192 05  0000 0000        429 		.4byte		.L5820
  00000196 05  0000 0000        430 		.4byte		.L5821
                                431 		.section	.text_vle,,c
  000000c1 03  14               432 	        .d2line         57
                                433 	.L5820:
                                434 	#$$ee
  000000c2 03  0200 0a          435 		.d2prologue_end
  000000c5 03  0303 0e          436 	        .d2line         60
                                437 	#$$be
  000000c8 03  0200 0b01        438 		.d2epilogue_begin
                                439 	#$$tl 0x0 0x0 0x0
  00000078 00  0004             440 		se_blr
                                441 	#$$ef
                                442 		.d2_cfa_end 2
                                443 		.section	.debug_info,,n
  0000019a 05  00               444 		.sleb128	0
                                445 	.L5819:
                                446 		.section	.text_vle,,c
                                447 	.L5821:
                                448 		.type		timer1_intr,@function
                                449 		.size		timer1_intr,.-timer1_intr
                                450 	# Number of nodes = 0
                                451 	
                                452 	# Allocations for timer1_intr
                                453 	
                                454 	# Allocations for module
                                455 		.section	.debug_abbrev,,n
  00000039 04  04               456 		.uleb128	4
  0000003a 04  24               457 		.uleb128	36
  0000003b 04  00               458 		.byte		0x0
  0000003c 04  03               459 		.uleb128	3
  0000003d 04  08               460 		.uleb128	8
  0000003e 04  3e               461 		.uleb128	62
  0000003f 04  0b               462 		.uleb128	11
  00000040 04  0b               463 		.uleb128	11
  00000041 04  0b               464 		.uleb128	11
  00000042 04  00               465 		.uleb128	0
  00000043 04  00               466 		.uleb128	0
                                467 		.section	.debug_info,,n
                                468 	.L5805:
  0000019b 05  04               469 		.sleb128	4
  0000019c 05  696e 74          470 		.byte		"int"
  0000019f 05  00               471 		.byte		0
  000001a0 05  05               472 		.byte		0x5
  000001a1 05  04               473 		.byte		0x4
                                474 	.L7:
  000001a2 05  00               475 		.sleb128	0
                                476 	.L3:
                                477 		.section	.text_vle,,c
                                478 	.L5:
                                479 	.L5791: 	.d2filenum "C:\\Users\\venr\\Downloads\\2015_Unit1\\Unit1 - Task 3 - Subtask
                                    	 2\\src\\main.c"
  000000cc 03  0005 0200 0000   480 		.d2_line_end
  000000d2 03  0000 0101            	
                                481 		.section	.debug_abbrev,,n
  00000044 04  00               482 		.sleb128	0
