                                  1 	#$$m2		- PowerPC mnemonics
                                  2 	#$$pVLE		- PowerPC VLE encoding
                                  3 	#$$oPPC5534  - Optimized for PPC5534
                                  4 	#$$ko 9		- Reorder info
                                  5 		.file		"main.c"
                                  6 	#$$eb
                                  7 	#$$sz 0
                                  8 	#$$fp 0
                                  9 		.section	.PPC.EMB.apuinfo,,@note
  00000000 01  0000 0008         10 		.4byte		8
  00000004 01  0000 0004         11 		.4byte		4
  00000008 01  0000 0002         12 		.4byte		2
  0000000c 01  4150 5569 6e66    13 		.byte		"APUinfo"
  00000012 01  6f                   	
  00000013 01  00                14 		.byte		0
                                 15 		.align		2
  00000014 01  0104 0001         16 		.4byte		0x01040001
                                 17 		.section	.text_vle,,c
                                 18 		.section	.debug_frame,,n
                                 19 	__local_cie: 
  00000000 02  0000 0010         20 		.word	.LE-.LS
                                 21 	.LS:
  00000004 02  ffff ffff         22 		.word	-1
  00000008 02  01                23 		.byte	1
  00000009 02  00                24 		.byte	0
  0000000a 02  04                25 		.uleb128	4
  0000000b 02  7c                26 		.sleb128	-4
  0000000c 02  6c                27 		.byte	108
  0000000d 02  0c                28 		.byte	0x0c
  0000000e 02  01                29 		.byte	1
  0000000f 02  00                30 		.byte	0
  00000010 02  08                31 		.byte	8
  00000011 02  6c                32 		.byte	108
                                 33 		.fill           (.LS-.)&3
                                 34 	.LE:
                                 35 		.section	.debug_line,,n
                                 36 	.L8:
                                 37 		.section	.text_vle,,c
                                 38 	.L4:
  00000000 00                    39 		.0byte		.L2
  00000000 03  0000 0111 0002    40 		.d2_line_start	.debug_line
  00000006 03  0000 0013 0201       	
  0000000c 03  ff04 0d00 0101       	
  00000012 03  0101 0000 0001       	
  00000018 03  0000 0100 00         	
                                 41 		.section	.debug_abbrev,,n
                                 42 	.L9:
                                 43 		.section	.debug_info,,n
                                 44 	.L2:
  00000000 05  0000 01b5         45 		.4byte		.L3-.L1
                                 46 	.L1:
  00000004 05  0002              47 		.2byte		0x2
  00000006 05  0000 0000         48 		.4byte		.L9
  0000000a 05  04                49 		.byte		0x4
                                 50 		.section	.debug_abbrev,,n
  00000000 04  01                51 		.uleb128	1
  00000001 04  11                52 		.uleb128	17
  00000002 04  01                53 		.byte		0x1
  00000003 04  01                54 		.uleb128	1
  00000004 04  13                55 		.uleb128	19
  00000005 04  03                56 		.uleb128	3
  00000006 04  08                57 		.uleb128	8
  00000007 04  25                58 		.uleb128	37
  00000008 04  08                59 		.uleb128	8
  00000009 04  1b                60 		.uleb128	27
  0000000a 04  08                61 		.uleb128	8
  0000000b 04  13                62 		.uleb128	19
  0000000c 04  0f                63 		.uleb128	15
  0000000d 04  11                64 		.uleb128	17
  0000000e 04  01                65 		.uleb128	1
  0000000f 04  12                66 		.uleb128	18
  00000010 04  01                67 		.uleb128	1
  00000011 04  10                68 		.uleb128	16
  00000012 04  06                69 		.uleb128	6
  00000013 04  00                70 		.uleb128	0
  00000014 04  00                71 		.uleb128	0
                                 72 		.section	.debug_info,,n
  0000000b 05  01                73 		.sleb128	1
  0000000c 05  0000 01b8         74 		.4byte		.L7-.L2
  00000010 05  433a 5c55 7365    75 		.byte		"C:\\Users\\venr\\Downloads\\2015_Unit1\\Unit1 - Task 2 - Subtask 2\
  00000016 05  7273 5c76 656e       	\src\\main.c"
  0000001c 05  725c 446f 776e       	
  00000022 05  6c6f 6164 735c       	
  00000028 05  3230 3135 5f55       	
  0000002e 05  6e69                 	
  00000058 05  00                76 		.byte		0
  00000059 05  4469 6162 2044    77 		.byte		"Diab Data, Inc:dcc Rel 5.7.0.0:PPC5534"
  0000005f 05  6174 612c 2049       	
  00000065 05  6e63 3a64 6363       	
  0000006b 05  2052 656c 2035       	
  00000071 05  2e37 2e30 2e30       	
  00000077 05  3a50                 	
  0000007f 05  00                78 		.byte		0
  00000080 05  433a 5c55 7365    79 		.byte		"C:\\Users\\venr\\Downloads\\2015_Unit1\\Unit1 - Task 2 - Subtask 2"
  00000086 05  7273 5c76 656e       	
  0000008c 05  725c 446f 776e       	
  00000092 05  6c6f 6164 735c       	
  00000098 05  3230 3135 5f55       	
  0000009e 05  6e69                 	
  000000bd 05  00                80 		.byte		0
  000000be 05  01                81 		.uleb128	1
  000000bf 05  0000 0000         82 		.4byte		.L4
  000000c3 05  0000 0000         83 		.4byte		.L5
  000000c7 05  0000 0000         84 		.4byte		.L8
                                 85 		.section	.text_vle,,c
                                 86 	
                                 87 	#$$bf
                                 88 		.align		2
                                 89 		.globl		configure_io
  00000014 02  0000 000c 0000    90 		.d2_cfa_start __local_cie
  0000001a 02  0000 0000 0000       	
  00000020 02  0000 0034            	
                                 91 	configure_io:
                                 92 		.section	.debug_abbrev,,n
  00000015 04  02                93 		.uleb128	2
  00000016 04  2e                94 		.uleb128	46
  00000017 04  01                95 		.byte		0x1
  00000018 04  01                96 		.uleb128	1
  00000019 04  13                97 		.uleb128	19
  0000001a 04  03                98 		.uleb128	3
  0000001b 04  08                99 		.uleb128	8
  0000001c 04  3a               100 		.uleb128	58
  0000001d 04  06               101 		.uleb128	6
  0000001e 04  3b               102 		.uleb128	59
  0000001f 04  0f               103 		.uleb128	15
  00000020 04  3f               104 		.uleb128	63
  00000021 04  0c               105 		.uleb128	12
  00000022 04  27               106 		.uleb128	39
  00000023 04  0c               107 		.uleb128	12
  00000024 04  11               108 		.uleb128	17
  00000025 04  01               109 		.uleb128	1
  00000026 04  12               110 		.uleb128	18
  00000027 04  01               111 		.uleb128	1
  00000028 04  00               112 		.uleb128	0
  00000029 04  00               113 		.uleb128	0
                                114 		.section	.debug_info,,n
                                115 	.L5796:
  000000cb 05  02               116 		.sleb128	2
  000000cc 05  0000 00ed        117 		.4byte		.L5792-.L2
  000000d0 05  636f 6e66 6967   118 		.byte		"configure_io"
  000000d6 05  7572 655f 696f       	
  000000dc 05  00               119 		.byte		0
  000000dd 05  0000 0001        120 		.4byte		.L5795
  000000e1 05  08               121 		.uleb128	8
  000000e2 05  01               122 		.byte		0x1
  000000e3 05  01               123 		.byte		0x1
  000000e4 05  0000 0000        124 		.4byte		.L5793
  000000e8 05  0000 0000        125 		.4byte		.L5794
                                126 		.section	.text_vle,,c
  0000001d 03  0054 0343 3a5c   127 		.d2file		"C:\\Users\\venr\\Downloads\\2015_Unit1\\Unit1 - Task 2 - Subtask 2\
  00000023 03  5c55 7365 7273       	\src\\main.c"
  00000029 03  5c5c 7665 6e72       	
  0000002f 03  5c5c 446f 776e       	
  00000035 03  6c6f 6164 735c       	
  0000003b 03  5c32                 	
  00000075 03  0005 0200 0000   128 	        .d2line         9
  0000007b 03  0003 080e            	
                                129 	.L5793:
                                130 	#$$ee
  0000007f 03  0200 0a          131 		.d2prologue_end
  00000000 00  6363             132 		se_bgeni		r3,22
  00000082 03  0304 12          133 	        .d2line         13
  00000002 00  70d8 e3f9        134 		e_lis		r6,-15367
  00000006 00  5c66 0052        135 		e_sth		r3,82(r6)
                                136 	#$$vo
  00000085 03  1f               137 	        .d2line         14
  0000000a 00  5c66 0094        138 		e_sth		r3,148(r6)
                                139 	#$$vo
  00000086 03  17               140 	        .d2line         15
  0000000e 00  5c66 005a        141 		e_sth		r3,90(r6)
                                142 	#$$vo
  00000087 03  17               143 	        .d2line         16
  00000012 00  5c66 0058        144 		e_sth		r3,88(r6)
                                145 	#$$vo
  00000088 03  17               146 	        .d2line         17
  00000016 00  5c66 00bc        147 		e_sth		r3,188(r6)
                                148 	#$$vo
  00000089 03  17               149 	        .d2line         18
  0000001a 00  5c66 00ba        150 		e_sth		r3,186(r6)
                                151 	#$$vo
  0000008a 03  17               152 	        .d2line         19
  0000001e 00  5c66 00b6        153 		e_sth		r3,182(r6)
                                154 	#$$vo
  0000008b 03  17               155 	        .d2line         20
  00000022 00  5c66 0056        156 		e_sth		r3,86(r6)
                                157 	#$$vo
  00000026 00  7064 0500        158 		e_li		r3,9472
  0000008c 03  0309 1e          159 	        .d2line         29
  0000002a 00  5c66 0082        160 		e_sth		r3,130(r6)
                                161 	#$$vo
  0000008f 03  17               162 	        .d2line         30
  0000002e 00  5c66 0084        163 		e_sth		r3,132(r6)
                                164 	#$$vo
  00000090 03  0303 16          165 	        .d2line         33
                                166 	#$$be
  00000093 03  0200 0b01        167 		.d2epilogue_begin
                                168 	#$$tl 0x0 0x0 0x0
  00000032 00  0004             169 		se_blr
                                170 	#$$ef
                                171 		.d2_cfa_end 2
                                172 		.section	.debug_info,,n
  000000ec 05  00               173 		.sleb128	0
                                174 	.L5792:
                                175 		.section	.text_vle,,c
                                176 	.L5794:
                                177 		.type		configure_io,@function
                                178 		.size		configure_io,.-configure_io
                                179 	# Number of nodes = 40
                                180 	
                                181 	# Allocations for configure_io
                                182 	#	not allocated	$$1
                                183 	#	not allocated	$$2
                                184 	#	not allocated	$$3
                                185 	#	not allocated	$$4
                                186 	#	not allocated	$$5
                                187 	#	not allocated	$$6
                                188 	#	not allocated	$$7
                                189 	#	not allocated	$$8
                                190 	#	not allocated	$$9
                                191 	#	not allocated	$$10
                                192 	#	r3		$$11
                                193 	#	r3		$$12
                                194 	
                                195 	#$$bf
                                196 		.align		2
                                197 		.globl		showdata
  00000024 02  0000 000c 0000   198 		.d2_cfa_start __local_cie
  0000002a 02  0000 0000 0000       	
  00000030 02  0000 00c2            	
                                199 	showdata:
                                200 		.section	.debug_info,,n
                                201 	.L5807:
  000000ed 05  02               202 		.sleb128	2
  000000ee 05  0000 011e        203 		.4byte		.L5804-.L2
  000000f2 05  7368 6f77 6461   204 		.byte		"showdata"
  000000f8 05  7461                 	
  000000fa 05  00               205 		.byte		0
  000000fb 05  0000 0001        206 		.4byte		.L5795
  000000ff 05  4c               207 		.uleb128	76
  00000100 05  01               208 		.byte		0x1
  00000101 05  01               209 		.byte		0x1
  00000102 05  0000 0000        210 		.4byte		.L5805
  00000106 05  0000 0000        211 		.4byte		.L5806
                                212 		.section	.debug_abbrev,,n
  0000002a 04  03               213 		.uleb128	3
  0000002b 04  05               214 		.uleb128	5
  0000002c 04  00               215 		.byte		0x0
  0000002d 04  3a               216 		.uleb128	58
  0000002e 04  06               217 		.uleb128	6
  0000002f 04  3b               218 		.uleb128	59
  00000030 04  0f               219 		.uleb128	15
  00000031 04  03               220 		.uleb128	3
  00000032 04  08               221 		.uleb128	8
  00000033 04  49               222 		.uleb128	73
  00000034 04  10               223 		.uleb128	16
  00000035 04  02               224 		.uleb128	2
  00000036 04  09               225 		.uleb128	9
  00000037 04  00               226 		.uleb128	0
  00000038 04  00               227 		.uleb128	0
                                228 		.section	.debug_info,,n
                                229 	.L5808:
  0000010a 05  03               230 		.sleb128	3
  0000010b 05  0000 0001        231 		.4byte		.L5795
  0000010f 05  4c               232 		.uleb128	76
  00000110 05  7661 6c75 65     233 		.byte		"value"
  00000115 05  00               234 		.byte		0
  00000116 05  0000 0000        235 		.4byte		.L5809
  0000011a 05  02               236 		.sleb128	2
  0000011b 05  90               237 		.byte		0x90
  0000011c 05  03               238 		.uleb128	3
                                239 		.section	.text_vle,,c
  00000097 03  032c 12          240 	        .d2line         77
                                241 	.L5805:
                                242 	#$$ee
  0000009a 03  0200 0a          243 		.d2prologue_end
  0000009d 03  0f               244 	        .d2line         78
  00000034 00  1803 a901        245 		cmpi		0,0,r3,256
  00000038 00  e516             246 		bc		1,1,.L5786
  0000009e 03  0305 1a          247 	        .d2line         83
  0000003a 00  70f8 e3f9        248 		e_lis		r7,-15367
  0000003e 00  4806             249 		se_li		r6,0
  00000040 00  34c7 0609        250 		e_stb		r6,1545(r7)
                                251 	#$$vo
  00000044 00  4813             252 		se_li		r3,1
  000000a1 03  27               253 	        .d2line         84
  00000046 00  3467 062a        254 		e_stb		r3,1578(r7)
                                255 	#$$vo
  000000a2 03  17               256 	        .d2line         85
  0000004a 00  3467 060d        257 		e_stb		r3,1549(r7)
                                258 	#$$vo
  000000a3 03  17               259 	        .d2line         86
  0000004e 00  3467 060c        260 		e_stb		r3,1548(r7)
                                261 	#$$vo
  000000a4 03  17               262 	        .d2line         87
  00000052 00  3467 063e        263 		e_stb		r3,1598(r7)
                                264 	#$$vo
  000000a5 03  17               265 	        .d2line         88
  00000056 00  3467 063d        266 		e_stb		r3,1597(r7)
                                267 	#$$vo
  000000a6 03  17               268 	        .d2line         89
  0000005a 00  3467 063b        269 		e_stb		r3,1595(r7)
                                270 	#$$vo
  000000a7 03  17               271 	        .d2line         90
  0000005e 00  3467 060b        272 		e_stb		r3,1547(r7)
                                273 	#$$vo
  00000062 00  0004             274 		se_blr
                                275 	.L5786:
  000000a8 03  1c               276 	        .d2line         92
  00000064 00  18e3 85fe        277 		e_addi		r7,r3,-257
  00000068 00  1887 a8ff        278 		cmpli		0,0,r7,255
  0000006c 00  e516             279 		bc		1,1,.L5784
  0000006e 00  4803             280 		se_li		r3,0
  000000a9 03  0306 26          281 	        .d2line         98
  00000070 00  70d8 e3f9        282 		e_lis		r6,-15367
  00000074 00  3466 0609        283 		e_stb		r3,1545(r6)
                                284 	#$$vo
  000000ac 03  1f               285 	        .d2line         99
  00000078 00  3466 062a        286 		e_stb		r3,1578(r6)
                                287 	#$$vo
  0000007c 00  4813             288 		se_li		r3,1
  000000ad 03  1b               289 	        .d2line         100
  0000007e 00  3466 060d        290 		e_stb		r3,1549(r6)
                                291 	#$$vo
  000000ae 03  17               292 	        .d2line         101
  00000082 00  3466 060c        293 		e_stb		r3,1548(r6)
                                294 	#$$vo
  000000af 03  17               295 	        .d2line         102
  00000086 00  3466 063e        296 		e_stb		r3,1598(r6)
                                297 	#$$vo
  000000b0 03  17               298 	        .d2line         103
  0000008a 00  3466 063d        299 		e_stb		r3,1597(r6)
                                300 	#$$vo
  000000b1 03  17               301 	        .d2line         104
  0000008e 00  3466 063b        302 		e_stb		r3,1595(r6)
                                303 	#$$vo
  000000b2 03  17               304 	        .d2line         105
  00000092 00  3466 060b        305 		e_stb		r3,1547(r6)
                                306 	#$$vo
  00000096 00  0004             307 		se_blr
                                308 	.L5784:
  000000b3 03  1c               309 	        .d2line         107
  00000098 00  18e3 85fd        310 		e_addi		r7,r3,-513
  0000009c 00  1887 a8ff        311 		cmpli		0,0,r7,255
  000000a0 00  e516             312 		bc		1,1,.L5782
  000000a2 00  4803             313 		se_li		r3,0
  000000b4 03  0305 26          314 	        .d2line         112
  000000a4 00  70d8 e3f9        315 		e_lis		r6,-15367
  000000a8 00  3466 0609        316 		e_stb		r3,1545(r6)
                                317 	#$$vo
  000000b7 03  1f               318 	        .d2line         113
  000000ac 00  3466 062a        319 		e_stb		r3,1578(r6)
                                320 	#$$vo
  000000b8 03  17               321 	        .d2line         114
  000000b0 00  3466 060d        322 		e_stb		r3,1549(r6)
                                323 	#$$vo
  000000b4 00  4813             324 		se_li		r3,1
  000000b9 03  1b               325 	        .d2line         115
  000000b6 00  3466 060c        326 		e_stb		r3,1548(r6)
                                327 	#$$vo
  000000ba 03  17               328 	        .d2line         116
  000000ba 00  3466 063e        329 		e_stb		r3,1598(r6)
                                330 	#$$vo
  000000bb 03  17               331 	        .d2line         117
  000000be 00  3466 063d        332 		e_stb		r3,1597(r6)
                                333 	#$$vo
  000000bc 03  17               334 	        .d2line         118
  000000c2 00  3466 063b        335 		e_stb		r3,1595(r6)
                                336 	#$$vo
  000000bd 03  17               337 	        .d2line         119
  000000c6 00  3466 060b        338 		e_stb		r3,1547(r6)
                                339 	#$$vo
  000000ca 00  0004             340 		se_blr
                                341 	.L5782:
  000000cc 00  4803             342 		se_li		r3,0
  000000be 03  0307 1e          343 	        .d2line         126
  000000ce 00  70d8 e3f9        344 		e_lis		r6,-15367
  000000d2 00  3466 0609        345 		e_stb		r3,1545(r6)
                                346 	#$$vo
  000000c1 03  1f               347 	        .d2line         127
  000000d6 00  3466 062a        348 		e_stb		r3,1578(r6)
                                349 	#$$vo
  000000c2 03  17               350 	        .d2line         128
  000000da 00  3466 060d        351 		e_stb		r3,1549(r6)
                                352 	#$$vo
  000000c3 03  17               353 	        .d2line         129
  000000de 00  3466 060c        354 		e_stb		r3,1548(r6)
                                355 	#$$vo
  000000e2 00  4813             356 		se_li		r3,1
  000000c4 03  1b               357 	        .d2line         130
  000000e4 00  3466 063e        358 		e_stb		r3,1598(r6)
                                359 	#$$vo
  000000c5 03  17               360 	        .d2line         131
  000000e8 00  3466 063d        361 		e_stb		r3,1597(r6)
                                362 	#$$vo
  000000c6 03  17               363 	        .d2line         132
  000000ec 00  3466 063b        364 		e_stb		r3,1595(r6)
                                365 	#$$vo
  000000c7 03  17               366 	        .d2line         133
  000000f0 00  3466 060b        367 		e_stb		r3,1547(r6)
                                368 	#$$vo
                                369 	.L5787:
  000000c8 03  0303 16          370 	        .d2line         136
                                371 	#$$be
  000000cb 03  0200 0b01        372 		.d2epilogue_begin
                                373 	#$$tl 0x0 0x0 0x0
  000000f4 00  0004             374 		se_blr
                                375 	#$$ef
                                376 		.d2_cfa_end 2
                                377 		.section	.debug_info,,n
  0000011d 05  00               378 		.sleb128	0
                                379 	.L5804:
                                380 		.section	.text_vle,,c
                                381 	.L5806:
                                382 		.type		showdata,@function
                                383 		.size		showdata,.-showdata
                                384 	# Number of nodes = 146
                                385 	
                                386 	# Allocations for showdata
                                387 	#	r3		value
                                388 	#	not allocated	$$13
                                389 	#	not allocated	$$14
                                390 	#	not allocated	$$15
                                391 	#	not allocated	$$16
                                392 	#	not allocated	$$17
                                393 	#	not allocated	$$18
                                394 	#	not allocated	$$19
                                395 	#	not allocated	$$20
                                396 	#	not allocated	$$21
                                397 	#	not allocated	$$22
                                398 	#	not allocated	$$23
                                399 	#	not allocated	$$24
                                400 	#	not allocated	$$25
                                401 	#	not allocated	$$26
                                402 	#	not allocated	$$27
                                403 	#	not allocated	$$28
                                404 	#	not allocated	$$29
                                405 	#	not allocated	$$30
                                406 	#	not allocated	$$31
                                407 	#	not allocated	$$32
                                408 	#	not allocated	$$33
                                409 	#	not allocated	$$34
                                410 	#	not allocated	$$35
                                411 	#	not allocated	$$36
                                412 	#	not allocated	$$37
                                413 	#	not allocated	$$38
                                414 	#	not allocated	$$39
                                415 	#	not allocated	$$40
                                416 	#	not allocated	$$41
                                417 	#	not allocated	$$42
                                418 	#	not allocated	$$43
                                419 	#	not allocated	$$44
                                420 	#	r3		$$45
                                421 	#	r3		$$46
                                422 	#	r3		$$47
                                423 	#	r3		$$48
                                424 	#	r3		$$49
                                425 	#	r3		$$50
                                426 	#	r3		$$51
                                427 	
                                428 	#$$bf
                                429 		.align		2
                                430 		.globl		main
  00000034 02  0000 0014 0000   431 		.d2_cfa_start __local_cie
  0000003a 02  0000 0000 0000       	
  00000040 02  0000 0024            	
                                432 	main:
                                433 		.section	.debug_info,,n
                                434 	.L5815:
  0000011e 05  02               435 		.sleb128	2
  0000011f 05  0000 014b        436 		.4byte		.L5812-.L2
  00000123 05  6d61 696e        437 		.byte		"main"
  00000127 05  00               438 		.byte		0
  00000128 05  0000 0001        439 		.4byte		.L5795
  0000012c 05  25               440 		.uleb128	37
  0000012d 05  01               441 		.byte		0x1
  0000012e 05  01               442 		.byte		0x1
  0000012f 05  0000 0000        443 		.4byte		.L5813
  00000133 05  0000 0000        444 		.4byte		.L5814
                                445 		.section	.debug_abbrev,,n
  00000039 04  04               446 		.uleb128	4
  0000003a 04  34               447 		.uleb128	52
  0000003b 04  00               448 		.byte		0x0
  0000003c 04  3a               449 		.uleb128	58
  0000003d 04  06               450 		.uleb128	6
  0000003e 04  3b               451 		.uleb128	59
  0000003f 04  0f               452 		.uleb128	15
  00000040 04  03               453 		.uleb128	3
  00000041 04  08               454 		.uleb128	8
  00000042 04  49               455 		.uleb128	73
  00000043 04  10               456 		.uleb128	16
  00000044 04  02               457 		.uleb128	2
  00000045 04  09               458 		.uleb128	9
  00000046 04  00               459 		.uleb128	0
  00000047 04  00               460 		.uleb128	0
                                461 		.section	.debug_info,,n
                                462 	.L5816:
  00000137 05  04               463 		.sleb128	4
  00000138 05  0000 0001        464 		.4byte		.L5795
  0000013c 05  27               465 		.uleb128	39
  0000013d 05  7661 6c75 65     466 		.byte		"value"
  00000142 05  00               467 		.byte		0
  00000143 05  0000 0000        468 		.4byte		.L5809
  00000147 05  02               469 		.sleb128	2
  00000148 05  90               470 		.byte		0x90
  00000149 05  03               471 		.uleb128	3
                                472 		.section	.text_vle,,c
  000000cf 03  039e 7f16        473 	        .d2line         38
                                474 	.L5813:
  000000f8 00  1821 06f0        475 		e_stwu		r1,-16(r1)
  00000044 02  410e 10          476 		.d2_cfa_def_cfa_offset	16
  000000fc 00  0080             477 		se_mflr		r0,lr
  000000fe 00  d501             478 		se_stw		r0,20(r1)
  00000047 02  4111 6c7f        479 		.d2_cfa_offset    108,-1
                                480 	#$$ee
  000000d3 03  0204 0a          481 		.d2prologue_end
  000000d6 03  0304 0e          482 	        .d2line         42
                                483 	#$$fn 0x1ff8 0 0 0x1
                                484 	#$$tl 0x0 0x0 0x0
                                485 	#$$rs 0
  00000100 00  7800 0001        486 		bl		init
                                487 	.L5780:
  000000d9 03  0315 16          488 	        .d2line         63
  00000104 00  70ff e7e0        489 		e_lis		r7,-32
  00000108 00  50e7 0110        490 		e_lwz		r7,272(r7)
                                491 	#$$vo
  0000010c 00  74e3 053f        492 		e_rlwinm		r3,r7,0,20,31
  000000dc 03  27               493 	        .d2line         64
                                494 	#$$fn 0xc8 0 0 0x0
                                495 	#$$tl 0x8 0x0 0x0
                                496 	#$$rs 0
  00000110 00  e992             497 		bl		showdata
  000000dd 03  0305 12          498 	        .d2line         69
  00000112 00  e8f9             499 		b		.L5780
  000000e0 03  14               500 	        .d2line         71
                                501 	#$$be
  000000e1 03  0200 0b01        502 		.d2epilogue_begin
  00000114 00  c501             503 		se_lwz		r0,20(r1)
  00000116 00  0090             504 		se_mtlr		r0
  00000118 00  20f1             505 		se_addi		r1,16
                                506 	#$$tl 0x0 0x0 0x0
  0000011a 00  0004             507 		se_blr
                                508 	#$$ef
                                509 		.d2_cfa_end 2
                                510 		.section	.debug_info,,n
  0000014a 05  00               511 		.sleb128	0
                                512 	.L5812:
                                513 		.section	.text_vle,,c
                                514 	.L5814:
                                515 		.type		main,@function
                                516 		.size		main,.-main
                                517 	# Number of nodes = 12
                                518 	
                                519 	# Allocations for main
                                520 	#	r3		value
                                521 	#	not allocated	$$52
                                522 	
                                523 	#$$bf
                                524 		.align		2
                                525 		.globl		conf_timer1
  0000004c 02  0000 000c 0000   526 		.d2_cfa_start __local_cie
  00000052 02  0000 0000 0000       	
  00000058 02  0000 0002            	
                                527 	conf_timer1:
                                528 		.section	.debug_info,,n
                                529 	.L5821:
  0000014b 05  02               530 		.sleb128	2
  0000014c 05  0000 016d        531 		.4byte		.L5818-.L2
  00000150 05  636f 6e66 5f74   532 		.byte		"conf_timer1"
  00000156 05  696d 6572 31         	
  0000015b 05  00               533 		.byte		0
  0000015c 05  0000 0001        534 		.4byte		.L5795
  00000160 05  8901             535 		.uleb128	137
  00000162 05  01               536 		.byte		0x1
  00000163 05  01               537 		.byte		0x1
  00000164 05  0000 0000        538 		.4byte		.L5819
  00000168 05  0000 0000        539 		.4byte		.L5820
                                540 		.section	.text_vle,,c
  000000e5 03  03c3 001e        541 	        .d2line         138
                                542 	.L5819:
                                543 	#$$ee
  000000e9 03  0200 0a          544 		.d2prologue_end
  000000ec 03  0308 0e          545 	        .d2line         146
                                546 	#$$be
  000000ef 03  0200 0b01        547 		.d2epilogue_begin
                                548 	#$$tl 0x0 0x0 0x0
  0000011c 00  0004             549 		se_blr
                                550 	#$$ef
                                551 		.d2_cfa_end 2
                                552 		.section	.debug_info,,n
  0000016c 05  00               553 		.sleb128	0
                                554 	.L5818:
                                555 		.section	.text_vle,,c
                                556 	.L5820:
                                557 		.type		conf_timer1,@function
                                558 		.size		conf_timer1,.-conf_timer1
                                559 	# Number of nodes = 0
                                560 	
                                561 	# Allocations for conf_timer1
                                562 	
                                563 	#$$bf
                                564 		.align		2
                                565 		.globl		timer0_intr
  0000005c 02  0000 000c 0000   566 		.d2_cfa_start __local_cie
  00000062 02  0000 0000 0000       	
  00000068 02  0000 0002            	
                                567 	timer0_intr:
                                568 		.section	.debug_info,,n
                                569 	.L5826:
  0000016d 05  02               570 		.sleb128	2
  0000016e 05  0000 018f        571 		.4byte		.L5823-.L2
  00000172 05  7469 6d65 7230   572 		.byte		"timer0_intr"
  00000178 05  5f69 6e74 72         	
  0000017d 05  00               573 		.byte		0
  0000017e 05  0000 0001        574 		.4byte		.L5795
  00000182 05  9401             575 		.uleb128	148
  00000184 05  01               576 		.byte		0x1
  00000185 05  01               577 		.byte		0x1
  00000186 05  0000 0000        578 		.4byte		.L5824
  0000018a 05  0000 0000        579 		.4byte		.L5825
                                580 		.section	.text_vle,,c
  000000f3 03  0303 16          581 	        .d2line         149
                                582 	.L5824:
                                583 	#$$ee
  000000f6 03  0200 0a          584 		.d2prologue_end
  000000f9 03  0304 0e          585 	        .d2line         153
                                586 	#$$be
  000000fc 03  0200 0b01        587 		.d2epilogue_begin
                                588 	#$$tl 0x0 0x0 0x0
  00000120 00  0004             589 		se_blr
                                590 	#$$ef
                                591 		.d2_cfa_end 2
                                592 		.section	.debug_info,,n
  0000018e 05  00               593 		.sleb128	0
                                594 	.L5823:
                                595 		.section	.text_vle,,c
                                596 	.L5825:
                                597 		.type		timer0_intr,@function
                                598 		.size		timer0_intr,.-timer0_intr
                                599 	# Number of nodes = 0
                                600 	
                                601 	# Allocations for timer0_intr
                                602 	
                                603 	#$$bf
                                604 		.align		2
                                605 		.globl		timer1_intr
  0000006c 02  0000 000c 0000   606 		.d2_cfa_start __local_cie
  00000072 02  0000 0000 0000       	
  00000078 02  0000 0002            	
                                607 	timer1_intr:
                                608 		.section	.debug_info,,n
                                609 	.L5831:
  0000018f 05  02               610 		.sleb128	2
  00000190 05  0000 01b1        611 		.4byte		.L5828-.L2
  00000194 05  7469 6d65 7231   612 		.byte		"timer1_intr"
  0000019a 05  5f69 6e74 72         	
  0000019f 05  00               613 		.byte		0
  000001a0 05  0000 0001        614 		.4byte		.L5795
  000001a4 05  9a01             615 		.uleb128	154
  000001a6 05  01               616 		.byte		0x1
  000001a7 05  01               617 		.byte		0x1
  000001a8 05  0000 0000        618 		.4byte		.L5829
  000001ac 05  0000 0000        619 		.4byte		.L5830
                                620 		.section	.text_vle,,c
  00000100 03  18               621 	        .d2line         155
                                622 	.L5829:
                                623 	#$$ee
  00000101 03  0200 0a          624 		.d2prologue_end
  00000104 03  0303 0e          625 	        .d2line         158
                                626 	#$$be
  00000107 03  0200 0b01        627 		.d2epilogue_begin
                                628 	#$$tl 0x0 0x0 0x0
  00000124 00  0004             629 		se_blr
                                630 	#$$ef
                                631 		.d2_cfa_end 2
                                632 		.section	.debug_info,,n
  000001b0 05  00               633 		.sleb128	0
                                634 	.L5828:
                                635 		.section	.text_vle,,c
                                636 	.L5830:
                                637 		.type		timer1_intr,@function
                                638 		.size		timer1_intr,.-timer1_intr
                                639 	# Number of nodes = 0
                                640 	
                                641 	# Allocations for timer1_intr
                                642 	
                                643 	# Allocations for module
                                644 		.section	.debug_abbrev,,n
  00000048 04  05               645 		.uleb128	5
  00000049 04  24               646 		.uleb128	36
  0000004a 04  00               647 		.byte		0x0
  0000004b 04  03               648 		.uleb128	3
  0000004c 04  08               649 		.uleb128	8
  0000004d 04  3e               650 		.uleb128	62
  0000004e 04  0b               651 		.uleb128	11
  0000004f 04  0b               652 		.uleb128	11
  00000050 04  0b               653 		.uleb128	11
  00000051 04  00               654 		.uleb128	0
  00000052 04  00               655 		.uleb128	0
                                656 		.section	.debug_info,,n
                                657 	.L5809:
  000001b1 05  05               658 		.sleb128	5
  000001b2 05  696e 74          659 		.byte		"int"
  000001b5 05  00               660 		.byte		0
  000001b6 05  05               661 		.byte		0x5
  000001b7 05  04               662 		.byte		0x4
                                663 	.L7:
  000001b8 05  00               664 		.sleb128	0
                                665 	.L3:
                                666 		.section	.text_vle,,c
                                667 	.L5:
                                668 	.L5795: 	.d2filenum "C:\\Users\\venr\\Downloads\\2015_Unit1\\Unit1 - Task 2 - Subtask
                                    	 2\\src\\main.c"
  0000010b 03  0005 0200 0000   669 		.d2_line_end
  00000111 03  0000 0101            	
                                670 		.section	.debug_abbrev,,n
  00000053 04  00               671 		.sleb128	0
