                                  1 	#$$m2		- PowerPC mnemonics
                                  2 	#$$pVLE		- PowerPC VLE encoding
                                  3 	#$$oPPC5534  - Optimized for PPC5534
                                  4 	#$$ko 9		- Reorder info
                                  5 		.file		"main.c"
                                  6 	#$$eb
                                  7 	#$$sz 0
                                  8 	#$$fp 0
                                  9 		.section	.PPC.EMB.apuinfo,,@note
  00000000 01  0000 0008         10 		.4byte		8
  00000004 01  0000 0004         11 		.4byte		4
  00000008 01  0000 0002         12 		.4byte		2
  0000000c 01  4150 5569 6e66    13 		.byte		"APUinfo"
  00000012 01  6f                   	
  00000013 01  00                14 		.byte		0
                                 15 		.align		2
  00000014 01  0104 0001         16 		.4byte		0x01040001
                                 17 		.section	.text_vle,,c
                                 18 		.section	.debug_frame,,n
                                 19 	__local_cie: 
  00000000 02  0000 0010         20 		.word	.LE-.LS
                                 21 	.LS:
  00000004 02  ffff ffff         22 		.word	-1
  00000008 02  01                23 		.byte	1
  00000009 02  00                24 		.byte	0
  0000000a 02  04                25 		.uleb128	4
  0000000b 02  7c                26 		.sleb128	-4
  0000000c 02  6c                27 		.byte	108
  0000000d 02  0c                28 		.byte	0x0c
  0000000e 02  01                29 		.byte	1
  0000000f 02  00                30 		.byte	0
  00000010 02  08                31 		.byte	8
  00000011 02  6c                32 		.byte	108
                                 33 		.fill           (.LS-.)&3
                                 34 	.LE:
                                 35 		.section	.debug_line,,n
                                 36 	.L8:
                                 37 		.section	.text_vle,,c
                                 38 	.L4:
  00000000 00                    39 		.0byte		.L2
  00000000 03  0000 00f3 0002    40 		.d2_line_start	.debug_line
  00000006 03  0000 0013 0201       	
  0000000c 03  ff04 0d00 0101       	
  00000012 03  0101 0000 0001       	
  00000018 03  0000 0100 00         	
                                 41 		.section	.debug_abbrev,,n
                                 42 	.L9:
                                 43 		.section	.debug_info,,n
                                 44 	.L2:
  00000000 05  0000 01c4         45 		.4byte		.L3-.L1
                                 46 	.L1:
  00000004 05  0002              47 		.2byte		0x2
  00000006 05  0000 0000         48 		.4byte		.L9
  0000000a 05  04                49 		.byte		0x4
                                 50 		.section	.debug_abbrev,,n
  00000000 04  01                51 		.uleb128	1
  00000001 04  11                52 		.uleb128	17
  00000002 04  01                53 		.byte		0x1
  00000003 04  01                54 		.uleb128	1
  00000004 04  13                55 		.uleb128	19
  00000005 04  03                56 		.uleb128	3
  00000006 04  08                57 		.uleb128	8
  00000007 04  25                58 		.uleb128	37
  00000008 04  08                59 		.uleb128	8
  00000009 04  1b                60 		.uleb128	27
  0000000a 04  08                61 		.uleb128	8
  0000000b 04  13                62 		.uleb128	19
  0000000c 04  0f                63 		.uleb128	15
  0000000d 04  11                64 		.uleb128	17
  0000000e 04  01                65 		.uleb128	1
  0000000f 04  12                66 		.uleb128	18
  00000010 04  01                67 		.uleb128	1
  00000011 04  10                68 		.uleb128	16
  00000012 04  06                69 		.uleb128	6
  00000013 04  00                70 		.uleb128	0
  00000014 04  00                71 		.uleb128	0
                                 72 		.section	.debug_info,,n
  0000000b 05  01                73 		.sleb128	1
  0000000c 05  0000 01c7         74 		.4byte		.L7-.L2
  00000010 05  433a 5c55 7365    75 		.byte		"C:\\Users\\patkr\\Desktop\\++bungen\\unit2\\Unit2\\Unit2\\src\\main
  00000016 05  7273 5c70 6174       	.c"
  0000001c 05  6b72 5c44 6573       	
  00000022 05  6b74 6f70 5c2b       	
  00000028 05  2b62 756e 6765       	
  0000002e 05  6e5c                 	
  0000004c 05  00                76 		.byte		0
  0000004d 05  4469 6162 2044    77 		.byte		"Diab Data, Inc:dcc Rel 5.7.0.0:PPC5534"
  00000053 05  6174 612c 2049       	
  00000059 05  6e63 3a64 6363       	
  0000005f 05  2052 656c 2035       	
  00000065 05  2e37 2e30 2e30       	
  0000006b 05  3a50                 	
  00000073 05  00                78 		.byte		0
  00000074 05  433a 5c55 7365    79 		.byte		"C:\\Users\\patkr\\Desktop\\++bungen\\unit2\\Unit2\\Unit2"
  0000007a 05  7273 5c70 6174       	
  00000080 05  6b72 5c44 6573       	
  00000086 05  6b74 6f70 5c2b       	
  0000008c 05  2b62 756e 6765       	
  00000092 05  6e5c                 	
  000000a5 05  00                80 		.byte		0
  000000a6 05  01                81 		.uleb128	1
  000000a7 05  0000 0000         82 		.4byte		.L4
  000000ab 05  0000 0000         83 		.4byte		.L5
  000000af 05  0000 0000         84 		.4byte		.L8
                                 85 		.section	.text_vle,,c
                                 86 	
                                 87 	#$$bf
                                 88 		.align		2
                                 89 		.globl		conf_can
  00000014 02  0000 000c 0000    90 		.d2_cfa_start __local_cie
  0000001a 02  0000 0000 0000       	
  00000020 02  0000 0086            	
                                 91 	conf_can:
                                 92 		.section	.debug_abbrev,,n
  00000015 04  02                93 		.uleb128	2
  00000016 04  2e                94 		.uleb128	46
  00000017 04  01                95 		.byte		0x1
  00000018 04  01                96 		.uleb128	1
  00000019 04  13                97 		.uleb128	19
  0000001a 04  03                98 		.uleb128	3
  0000001b 04  08                99 		.uleb128	8
  0000001c 04  3a               100 		.uleb128	58
  0000001d 04  06               101 		.uleb128	6
  0000001e 04  3b               102 		.uleb128	59
  0000001f 04  0f               103 		.uleb128	15
  00000020 04  3f               104 		.uleb128	63
  00000021 04  0c               105 		.uleb128	12
  00000022 04  11               106 		.uleb128	17
  00000023 04  01               107 		.uleb128	1
  00000024 04  12               108 		.uleb128	18
  00000025 04  01               109 		.uleb128	1
  00000026 04  00               110 		.uleb128	0
  00000027 04  00               111 		.uleb128	0
                                112 		.section	.debug_info,,n
                                113 	.L5799:
  000000b3 05  02               114 		.sleb128	2
  000000b4 05  0000 00df        115 		.4byte		.L5795-.L2
  000000b8 05  636f 6e66 5f63   116 		.byte		"conf_can"
  000000be 05  616e                 	
  000000c0 05  00               117 		.byte		0
  000000c1 05  0000 0001        118 		.4byte		.L5798
  000000c5 05  07               119 		.uleb128	7
  000000c6 05  01               120 		.byte		0x1
  000000c7 05  0000 0000        121 		.4byte		.L5796
  000000cb 05  0000 0000        122 		.4byte		.L5797
                                123 		.section	.debug_abbrev,,n
  00000028 04  03               124 		.uleb128	3
  00000029 04  34               125 		.uleb128	52
  0000002a 04  00               126 		.byte		0x0
  0000002b 04  3a               127 		.uleb128	58
  0000002c 04  06               128 		.uleb128	6
  0000002d 04  3b               129 		.uleb128	59
  0000002e 04  0f               130 		.uleb128	15
  0000002f 04  03               131 		.uleb128	3
  00000030 04  08               132 		.uleb128	8
  00000031 04  49               133 		.uleb128	73
  00000032 04  10               134 		.uleb128	16
  00000033 04  02               135 		.uleb128	2
  00000034 04  09               136 		.uleb128	9
  00000035 04  00               137 		.uleb128	0
  00000036 04  00               138 		.uleb128	0
                                139 		.section	.debug_info,,n
                                140 	.L5800:
  000000cf 05  03               141 		.sleb128	3
  000000d0 05  0000 0001        142 		.4byte		.L5798
  000000d4 05  09               143 		.uleb128	9
  000000d5 05  69               144 		.byte		"i"
  000000d6 05  00               145 		.byte		0
  000000d7 05  0000 0000        146 		.4byte		.L5801
  000000db 05  02               147 		.sleb128	2
  000000dc 05  90               148 		.byte		0x90
  000000dd 05  04               149 		.uleb128	4
                                150 		.section	.text_vle,,c
  0000001d 03  004a 0343 3a5c   151 		.d2file		"C:\\Users\\patkr\\Desktop\\++bungen\\unit2\\Unit2\\Unit2\\src\\main
  00000023 03  5c55 7365 7273       	.c"
  00000029 03  5c5c 7061 746b       	
  0000002f 03  725c 5c44 6573       	
  00000035 03  6b74 6f70 5c5c       	
  0000003b 03  2b2b                 	
  0000006b 03  0005 0200 0000   152 	        .d2line         8
  00000071 03  0003 070e            	
                                153 	.L5796:
                                154 	#$$ee
  00000075 03  0200 0a          155 		.d2prologue_end
  00000078 03  0304 0e          156 	        .d2line         12
  00000000 00  70ff e7fc        157 		e_lis		r7,-4
  00000004 00  70c3 e7c7        158 		e_lis		r6,8135
  00000008 00  70df c7ff        159 		e_or2i		r6,65535
  0000000c 00  54c7 0880        160 		e_stw		r6,2176(r7)
                                161 	#$$vo
  0000007b 03  30               162 	        .d2line         14
  00000010 00  4804             163 		se_li		r4,0
  00000012 00  7060 6084        164 		e_li		r3,-262012
  00000016 00  0135             165 		se_mr		r5,r3
                                166 	.L5793:
  0000007c 03  1f               167 	        .d2line         15
  00000018 00  c075             168 		se_lwz		r7,0(r5)
                                169 	#$$vo
  0000001a 00  74e7 0385        170 		e_rlwinm		r7,r7,0,14,2
  0000001e 00  d075             171 		se_stw		r7,0(r5)
                                172 	#$$vo
  00000020 00  20f5             173 		se_addi		r5,16
  0000007d 03  21               174 	        .d2line         14
  00000022 00  2004             175 		se_addi		r4,1
  00000024 00  2b04             176 		se_cmpi		r4,16
  00000026 00  e4f9             177 		bc		1,0,.L5793
  0000007e 03  0303 1a          178 	        .d2line         17
  00000028 00  c073             179 		se_lwz		r7,0(r3)
                                180 	#$$vo
  0000002a 00  74e7 0385        181 		e_rlwinm		r7,r7,0,14,2
  0000002e 00  70e0 d204        182 		e_or2is		r7,516
  00000032 00  d073             183 		se_stw		r7,0(r3)
                                184 	#$$vo
  00000034 00  70b8 e3f9 70a0   185 		e_lis		r5,-15367	; e_or2i	r5,r5,96
  0000003a 00  c060                 	
  00000081 03  0305 36          186 	        .d2line         22
  0000003c 00  a075             187 		se_lhz		r7,0(r5)
                                188 	#$$vo
  0000003e 00  74e7 05a7        189 		e_rlwinm		r7,r7,0,22,19
  00000042 00  18e7 d104        190 		e_ori		r7,r7,1024
  00000046 00  b075             191 		se_sth		r7,0(r5)
                                192 	#$$vo
  00000084 03  27               193 	        .d2line         23
  00000048 00  a065             194 		se_lhz		r6,0(r5)
                                195 	#$$vo
  0000004a 00  18c6 d102        196 		e_ori		r6,r6,512
  0000004e 00  b065             197 		se_sth		r6,0(r5)
                                198 	#$$vo
  00000085 03  1f               199 	        .d2line         24
  00000050 00  a075             200 		se_lhz		r7,0(r5)
                                201 	#$$vo
  00000052 00  6177             202 		se_bclri		r7,23
  00000054 00  b075             203 		se_sth		r7,0(r5)
                                204 	#$$vo
  00000086 03  1b               205 	        .d2line         25
  00000056 00  a065             206 		se_lhz		r6,0(r5)
                                207 	#$$vo
  00000058 00  6126             208 		se_bclri		r6,18
  0000005a 00  b065             209 		se_sth		r6,0(r5)
                                210 	#$$vo
  0000005c 00  70b8 e3f9 70a0   211 		e_lis		r5,-15367	; e_or2i	r5,r5,98
  00000062 00  c062                 	
  00000087 03  0303 2a          212 	        .d2line         28
  00000064 00  a065             213 		se_lhz		r6,0(r5)
                                214 	#$$vo
  00000066 00  74c6 05a7        215 		e_rlwinm		r6,r6,0,22,19
  0000006a 00  18c6 d104        216 		e_ori		r6,r6,1024
  0000006e 00  b065             217 		se_sth		r6,0(r5)
                                218 	#$$vo
  0000008a 03  27               219 	        .d2line         29
  00000070 00  a075             220 		se_lhz		r7,0(r5)
                                221 	#$$vo
  00000072 00  18e7 d101        222 		e_ori		r7,r7,256
  00000076 00  b075             223 		se_sth		r7,0(r5)
                                224 	#$$vo
  0000008b 03  1f               225 	        .d2line         30
  00000078 00  a065             226 		se_lhz		r6,0(r5)
                                227 	#$$vo
  0000007a 00  6166             228 		se_bclri		r6,22
  0000007c 00  b065             229 		se_sth		r6,0(r5)
                                230 	#$$vo
  0000008c 03  1b               231 	        .d2line         31
  0000007e 00  a075             232 		se_lhz		r7,0(r5)
                                233 	#$$vo
  00000080 00  6127             234 		se_bclri		r7,18
  00000082 00  b075             235 		se_sth		r7,0(r5)
                                236 	#$$vo
  0000008d 03  1b               237 	        .d2line         32
                                238 	#$$be
  0000008e 03  0200 0b01        239 		.d2epilogue_begin
                                240 	#$$tl 0x0 0x0 0x0
  00000084 00  0004             241 		se_blr
                                242 	#$$ef
                                243 		.d2_cfa_end 2
                                244 		.section	.debug_info,,n
  000000de 05  00               245 		.sleb128	0
                                246 	.L5795:
                                247 		.section	.text_vle,,c
                                248 	.L5797:
                                249 		.type		conf_can,@function
                                250 		.size		conf_can,.-conf_can
                                251 	# Number of nodes = 72
                                252 	
                                253 	# Allocations for conf_can
                                254 	#	r4		i
                                255 	#	not allocated	$$1
                                256 	#	not allocated	$$2
                                257 	#	not allocated	$$3
                                258 	#	not allocated	$$4
                                259 	#	not allocated	$$5
                                260 	#	not allocated	$$6
                                261 	#	not allocated	$$7
                                262 	#	not allocated	$$8
                                263 	#	not allocated	$$9
                                264 	#	not allocated	$$10
                                265 	#	not allocated	$$12
                                266 	#	not allocated	$$13
                                267 	#	not allocated	$$14
                                268 	#	not allocated	$$15
                                269 	#	not allocated	$$16
                                270 	#	not allocated	$$17
                                271 	#	not allocated	$$18
                                272 	#	not allocated	$$19
                                273 	#	not allocated	$$20
                                274 	#	r5		$$21
                                275 	#	not allocated	$$22
                                276 	#	not allocated	$$23
                                277 	#	r5		$$24
                                278 	#	r5		$$25
                                279 	#	r3		$$26
                                280 	
                                281 	#$$bf
                                282 		.align		2
                                283 		.globl		main
  00000024 02  0000 0014 0000   284 		.d2_cfa_start __local_cie
  0000002a 02  0000 0000 0000       	
  00000030 02  0000 0020            	
                                285 	main:
                                286 		.section	.debug_abbrev,,n
  00000037 04  04               287 		.uleb128	4
  00000038 04  2e               288 		.uleb128	46
  00000039 04  01               289 		.byte		0x1
  0000003a 04  01               290 		.uleb128	1
  0000003b 04  13               291 		.uleb128	19
  0000003c 04  03               292 		.uleb128	3
  0000003d 04  08               293 		.uleb128	8
  0000003e 04  3a               294 		.uleb128	58
  0000003f 04  06               295 		.uleb128	6
  00000040 04  3b               296 		.uleb128	59
  00000041 04  0f               297 		.uleb128	15
  00000042 04  3f               298 		.uleb128	63
  00000043 04  0c               299 		.uleb128	12
  00000044 04  27               300 		.uleb128	39
  00000045 04  0c               301 		.uleb128	12
  00000046 04  11               302 		.uleb128	17
  00000047 04  01               303 		.uleb128	1
  00000048 04  12               304 		.uleb128	18
  00000049 04  01               305 		.uleb128	1
  0000004a 04  00               306 		.uleb128	0
  0000004b 04  00               307 		.uleb128	0
                                308 		.section	.debug_info,,n
                                309 	.L5806:
  000000df 05  04               310 		.sleb128	4
  000000e0 05  0000 00f9        311 		.4byte		.L5803-.L2
  000000e4 05  6d61 696e        312 		.byte		"main"
  000000e8 05  00               313 		.byte		0
  000000e9 05  0000 0001        314 		.4byte		.L5798
  000000ed 05  22               315 		.uleb128	34
  000000ee 05  01               316 		.byte		0x1
  000000ef 05  01               317 		.byte		0x1
  000000f0 05  0000 0000        318 		.4byte		.L5804
  000000f4 05  0000 0000        319 		.4byte		.L5805
                                320 		.section	.text_vle,,c
  00000092 03  0303 16          321 	        .d2line         35
                                322 	.L5804:
  00000088 00  1821 06f0        323 		e_stwu		r1,-16(r1)
  00000034 02  410e 10          324 		.d2_cfa_def_cfa_offset	16
  0000008c 00  0080             325 		se_mflr		r0,lr
  0000008e 00  d501             326 		se_stw		r0,20(r1)
  00000037 02  4111 6c7f        327 		.d2_cfa_offset    108,-1
                                328 	#$$ee
  00000095 03  0204 0a          329 		.d2prologue_end
  00000098 03  0f               330 	        .d2line         36
                                331 	#$$fn 0x1ff8 0 0 0x1
                                332 	#$$tl 0x0 0x0 0x0
                                333 	#$$rs 0
  00000090 00  7800 0001        334 		bl		init
  00000099 03  17               335 	        .d2line         37
  00000094 00  4813             336 		se_li		r3,1
  00000096 00  7080 00c8        337 		e_li		r4,200
                                338 	#$$fn 0x1ff8 0 0 0x1
                                339 	#$$tl 0x18 0x0 0x0
                                340 	#$$rs 0
  0000009a 00  7800 0001        341 		bl		conf_timer0
                                342 	.L5783:
  0000009a 03  0309 22          343 	        .d2line         46
  0000009e 00  e800             344 		b		.L5783
  0000009d 03  13               345 	        .d2line         47
                                346 	#$$be
  0000009e 03  0200 0b01        347 		.d2epilogue_begin
  000000a0 00  c501             348 		se_lwz		r0,20(r1)
  000000a2 00  0090             349 		se_mtlr		r0
  000000a4 00  20f1             350 		se_addi		r1,16
                                351 	#$$tl 0x0 0x0 0x0
  000000a6 00  0004             352 		se_blr
                                353 	#$$ef
                                354 		.d2_cfa_end 2
                                355 		.section	.debug_info,,n
  000000f8 05  00               356 		.sleb128	0
                                357 	.L5803:
                                358 		.section	.text_vle,,c
                                359 	.L5805:
                                360 		.type		main,@function
                                361 		.size		main,.-main
                                362 	# Number of nodes = 9
                                363 	
                                364 	# Allocations for main
                                365 	
                                366 	#$$bf
                                367 		.align		2
                                368 		.globl		can_send
  0000003c 02  0000 000c 0000   369 		.d2_cfa_start __local_cie
  00000042 02  0000 0000 0000       	
  00000048 02  0000 006a            	
                                370 	can_send:
                                371 		.section	.debug_info,,n
                                372 	.L5811:
  000000f9 05  04               373 		.sleb128	4
  000000fa 05  0000 014b        374 		.4byte		.L5808-.L2
  000000fe 05  6361 6e5f 7365   375 		.byte		"can_send"
  00000104 05  6e64                 	
  00000106 05  00               376 		.byte		0
  00000107 05  0000 0001        377 		.4byte		.L5798
  0000010b 05  67               378 		.uleb128	103
  0000010c 05  01               379 		.byte		0x1
  0000010d 05  01               380 		.byte		0x1
  0000010e 05  0000 0000        381 		.4byte		.L5809
  00000112 05  0000 0000        382 		.4byte		.L5810
                                383 		.section	.debug_abbrev,,n
  0000004c 04  05               384 		.uleb128	5
  0000004d 04  05               385 		.uleb128	5
  0000004e 04  00               386 		.byte		0x0
  0000004f 04  3a               387 		.uleb128	58
  00000050 04  06               388 		.uleb128	6
  00000051 04  3b               389 		.uleb128	59
  00000052 04  0f               390 		.uleb128	15
  00000053 04  03               391 		.uleb128	3
  00000054 04  08               392 		.uleb128	8
  00000055 04  49               393 		.uleb128	73
  00000056 04  10               394 		.uleb128	16
  00000057 04  02               395 		.uleb128	2
  00000058 04  09               396 		.uleb128	9
  00000059 04  00               397 		.uleb128	0
  0000005a 04  00               398 		.uleb128	0
                                399 		.section	.debug_info,,n
                                400 	.L5812:
  00000116 05  05               401 		.sleb128	5
  00000117 05  0000 0001        402 		.4byte		.L5798
  0000011b 05  67               403 		.uleb128	103
  0000011c 05  7a61 686c        404 		.byte		"zahl"
  00000120 05  00               405 		.byte		0
  00000121 05  0000 0000        406 		.4byte		.L5801
  00000125 05  02               407 		.sleb128	2
  00000126 05  90               408 		.byte		0x90
  00000127 05  03               409 		.uleb128	3
                                410 	.L5813:
  00000128 05  03               411 		.sleb128	3
  00000129 05  0000 0001        412 		.4byte		.L5798
  0000012d 05  6a               413 		.uleb128	106
  0000012e 05  6c73 62          414 		.byte		"lsb"
  00000131 05  00               415 		.byte		0
  00000132 05  0000 0000        416 		.4byte		.L5801
  00000136 05  02               417 		.sleb128	2
  00000137 05  90               418 		.byte		0x90
  00000138 05  05               419 		.uleb128	5
                                420 	.L5814:
  00000139 05  03               421 		.sleb128	3
  0000013a 05  0000 0001        422 		.4byte		.L5798
  0000013e 05  6b               423 		.uleb128	107
  0000013f 05  6d73 62          424 		.byte		"msb"
  00000142 05  00               425 		.byte		0
  00000143 05  0000 0000        426 		.4byte		.L5801
  00000147 05  02               427 		.sleb128	2
  00000148 05  90               428 		.byte		0x90
  00000149 05  04               429 		.uleb128	4
                                430 		.section	.text_vle,,c
  000000a2 03  0339 1e          431 	        .d2line         104
                                432 	.L5809:
                                433 	#$$ee
  000000a5 03  0200 0a          434 		.d2prologue_end
  000000a8 03  10               435 	        .d2line         106
  000000a8 00  7465 063f        436 		e_rlwinm		r5,r3,0,24,31
  000000a9 03  17               437 	        .d2line         107
  000000ac 00  7464 05ef        438 		e_rlwinm		r4,r3,0,23,23
  000000aa 03  17               439 	        .d2line         108
  000000b0 00  6a84             440 		se_srawi		r4,8
  000000b2 00  7060 60c4        441 		e_li		r3,-261948
  000000ab 03  1c               442 	        .d2line         110
  000000b6 00  c073             443 		se_lwz		r7,0(r3)
                                444 	#$$vo
  000000b8 00  74e7 0385        445 		e_rlwinm		r7,r7,0,14,2
  000000bc 00  70e0 d28c        446 		e_or2is		r7,652
  000000c0 00  d073             447 		se_stw		r7,0(r3)
                                448 	#$$vo
  000000c2 00  7060 60c0        449 		e_li		r3,-261952
  000000ac 03  30               450 	        .d2line         112
  000000c6 00  c073             451 		se_lwz		r7,0(r3)
                                452 	#$$vo
  000000c8 00  60a7             453 		se_bclri		r7,10
  000000ca 00  d073             454 		se_stw		r7,0(r3)
                                455 	#$$vo
  000000ad 03  1b               456 	        .d2line         113
  000000cc 00  c063             457 		se_lwz		r6,0(r3)
                                458 	#$$vo
  000000ce 00  60b6             459 		se_bclri		r6,11
  000000d0 00  d063             460 		se_stw		r6,0(r3)
                                461 	#$$vo
  000000ae 03  1c               462 	        .d2line         115
  000000d2 00  70ff e7fc        463 		e_lis		r7,-4
  000000d6 00  34a7 00c8        464 		e_stb		r5,200(r7)
                                465 	#$$vo
  000000af 03  1f               466 	        .d2line         116
  000000da 00  3487 00c9        467 		e_stb		r4,201(r7)
                                468 	#$$vo
  000000de 00  4805             469 		se_li		r5,0
  000000b0 03  1b               470 	        .d2line         117
  000000e0 00  34a7 00ca        471 		e_stb		r5,202(r7)
                                472 	#$$vo
  000000b1 03  17               473 	        .d2line         118
  000000e4 00  34a7 00cb        474 		e_stb		r5,203(r7)
                                475 	#$$vo
  000000b2 03  17               476 	        .d2line         119
  000000e8 00  34a7 00cc        477 		e_stb		r5,204(r7)
                                478 	#$$vo
  000000b3 03  17               479 	        .d2line         120
  000000ec 00  34a7 00cd        480 		e_stb		r5,205(r7)
                                481 	#$$vo
  000000b4 03  17               482 	        .d2line         121
  000000f0 00  34a7 00ce        483 		e_stb		r5,206(r7)
                                484 	#$$vo
  000000b5 03  17               485 	        .d2line         122
  000000f4 00  34a7 00cf        486 		e_stb		r5,207(r7)
                                487 	#$$vo
  000000b6 03  18               488 	        .d2line         124
  000000f8 00  c063             489 		se_lwz		r6,0(r3)
                                490 	#$$vo
  000000fa 00  74c6 0417        491 		e_rlwinm		r6,r6,0,16,11
  000000fe 00  18c6 d202        492 		e_ori		r6,r6,131072
  00000102 00  d063             493 		se_stw		r6,0(r3)
                                494 	#$$vo
  000000b7 03  27               495 	        .d2line         125
  00000104 00  c073             496 		se_lwz		r7,0(r3)
                                497 	#$$vo
  00000106 00  74e7 0207        498 		e_rlwinm		r7,r7,0,8,3
  0000010a 00  18e7 d30c        499 		e_ori		r7,r7,201326592
  0000010e 00  d073             500 		se_stw		r7,0(r3)
                                501 	#$$vo
  000000b8 03  0306 26          502 	        .d2line         131
                                503 	#$$be
  000000bb 03  0200 0b01        504 		.d2epilogue_begin
                                505 	#$$tl 0x0 0x0 0x0
  00000110 00  0004             506 		se_blr
                                507 	#$$ef
                                508 		.d2_cfa_end 2
                                509 		.section	.debug_info,,n
  0000014a 05  00               510 		.sleb128	0
                                511 	.L5808:
                                512 		.section	.text_vle,,c
                                513 	.L5810:
                                514 		.type		can_send,@function
                                515 		.size		can_send,.-can_send
                                516 	# Number of nodes = 74
                                517 	
                                518 	# Allocations for can_send
                                519 	#	r3		zahl
                                520 	#	r5		lsb
                                521 	#	r4		msb
                                522 	#	not allocated	$$27
                                523 	#	not allocated	$$28
                                524 	#	not allocated	$$29
                                525 	#	not allocated	$$30
                                526 	#	not allocated	$$31
                                527 	#	not allocated	$$32
                                528 	#	not allocated	$$33
                                529 	#	not allocated	$$34
                                530 	#	not allocated	$$35
                                531 	#	not allocated	$$36
                                532 	#	not allocated	$$37
                                533 	#	not allocated	$$38
                                534 	#	not allocated	$$39
                                535 	#	not allocated	$$40
                                536 	#	not allocated	$$41
                                537 	#	not allocated	$$42
                                538 	#	not allocated	$$43
                                539 	#	not allocated	$$44
                                540 	#	not allocated	$$45
                                541 	#	r5		$$46
                                542 	#	r3		$$47
                                543 	#	r3		$$48
                                544 	
                                545 	#$$bf
                                546 		.align		2
                                547 		.globl		timer0_intr
  0000004c 02  0000 0014 0000   548 		.d2_cfa_start __local_cie
  00000052 02  0000 0000 0000       	
  00000058 02  0000 0040            	
                                549 	timer0_intr:
                                550 		.section	.debug_info,,n
                                551 	.L5819:
  0000014b 05  04               552 		.sleb128	4
  0000014c 05  0000 016c        553 		.4byte		.L5816-.L2
  00000150 05  7469 6d65 7230   554 		.byte		"timer0_intr"
  00000156 05  5f69 6e74 72         	
  0000015b 05  00               555 		.byte		0
  0000015c 05  0000 0001        556 		.4byte		.L5798
  00000160 05  32               557 		.uleb128	50
  00000161 05  01               558 		.byte		0x1
  00000162 05  01               559 		.byte		0x1
  00000163 05  0000 0000        560 		.4byte		.L5817
  00000167 05  0000 0000        561 		.4byte		.L5818
                                562 		.section	.text_vle,,c
  000000bf 03  03b0 7f16        563 	        .d2line         51
                                564 	.L5817:
  00000114 00  1821 06f0        565 		e_stwu		r1,-16(r1)
  0000005c 02  410e 10          566 		.d2_cfa_def_cfa_offset	16
  00000118 00  0080             567 		se_mflr		r0,lr
  0000011a 00  d501             568 		se_stw		r0,20(r1)
  0000005f 02  4111 6c7f        569 		.d2_cfa_offset    108,-1
                                570 	#$$ee
  000000c3 03  0204 0a          571 		.d2prologue_end
  0000011c 00  1c80 0000        572 		e_add16i	r4,r0,kmh@sdarx
  000000c6 03  0305 16          573 	        .d2line         56
  00000120 00  c164             574 		se_lwz		r6,4(r4)
  00000122 00  2a06             575 		se_cmpi		r6,0
  00000124 00  e205             576 		bc		0,2,.L5785
  000000c9 03  1c               577 	        .d2line         58
  00000126 00  c074             578 		se_lwz		r7,0(r4)
  00000128 00  2047             579 		se_addi		r7,5
  0000012a 00  d074             580 		se_stw		r7,0(r4)
  0000012c 00  e804             581 		b		.L5786
                                582 	.L5785:
  000000ca 03  0304 1e          583 	        .d2line         62
  0000012e 00  c074             584 		se_lwz		r7,0(r4)
  00000130 00  2447             585 		se_subi		r7,5
  00000132 00  d074             586 		se_stw		r7,0(r4)
                                587 	.L5786:
  00000134 00  c034             588 		se_lwz		r3,0(r4)
  000000cd 03  0304 1e          589 	        .d2line         66
  00000136 00  7003 992c        590 		cmpi		0,0,r3,300
  0000013a 00  e404             591 		bc		1,0,.L5788
  000000d0 03  1c               592 	        .d2line         68
  0000013c 00  4817             593 		se_li		r7,1
  0000013e 00  d174             594 		se_stw		r7,4(r4)
  00000140 00  e805             595 		b		.L5789
                                596 	.L5788:
  000000d1 03  1c               597 	        .d2line         70
  00000142 00  2a03             598 		se_cmpi		r3,0
  00000144 00  e503             599 		bc		1,1,.L5789
  000000d2 03  18               600 	        .d2line         72
  00000146 00  4807             601 		se_li		r7,0
  00000148 00  d174             602 		se_stw		r7,4(r4)
                                603 	.L5789:
  000000d3 03  0305 16          604 	        .d2line         77
                                605 	#$$fn 0xf8 0 0 0x0
                                606 	#$$tl 0x8 0x0 0x0
                                607 	#$$rs 0
  0000014a 00  e9af             608 		bl		can_send
  000000d6 03  14               609 	        .d2line         79
                                610 	#$$be
  000000d7 03  0200 0b01        611 		.d2epilogue_begin
  0000014c 00  c501             612 		se_lwz		r0,20(r1)
  0000014e 00  0090             613 		se_mtlr		r0
  00000150 00  20f1             614 		se_addi		r1,16
                                615 	#$$tl 0x0 0x0 0x0
  00000152 00  0004             616 		se_blr
                                617 	#$$ef
                                618 		.d2_cfa_end 2
                                619 		.section	.debug_info,,n
  0000016b 05  00               620 		.sleb128	0
                                621 	.L5816:
                                622 		.section	.text_vle,,c
                                623 	.L5818:
                                624 		.type		timer0_intr,@function
                                625 		.size		timer0_intr,.-timer0_intr
                                626 	# Number of nodes = 27
                                627 	
                                628 	# Allocations for timer0_intr
                                629 	#	r4		$$49
                                630 	#	r3		$$50
                                631 	
                                632 	#$$bf
                                633 		.align		2
                                634 		.globl		can_receive
  00000064 02  0000 000c 0000   635 		.d2_cfa_start __local_cie
  0000006a 02  0000 0000 0000       	
  00000070 02  0000 002c            	
                                636 	can_receive:
                                637 		.section	.debug_abbrev,,n
  0000005b 04  06               638 		.uleb128	6
  0000005c 04  2e               639 		.uleb128	46
  0000005d 04  01               640 		.byte		0x1
  0000005e 04  01               641 		.uleb128	1
  0000005f 04  13               642 		.uleb128	19
  00000060 04  03               643 		.uleb128	3
  00000061 04  08               644 		.uleb128	8
  00000062 04  3a               645 		.uleb128	58
  00000063 04  06               646 		.uleb128	6
  00000064 04  3b               647 		.uleb128	59
  00000065 04  0f               648 		.uleb128	15
  00000066 04  49               649 		.uleb128	73
  00000067 04  10               650 		.uleb128	16
  00000068 04  3f               651 		.uleb128	63
  00000069 04  0c               652 		.uleb128	12
  0000006a 04  11               653 		.uleb128	17
  0000006b 04  01               654 		.uleb128	1
  0000006c 04  12               655 		.uleb128	18
  0000006d 04  01               656 		.uleb128	1
  0000006e 04  00               657 		.uleb128	0
  0000006f 04  00               658 		.uleb128	0
                                659 		.section	.debug_info,,n
                                660 	.L5824:
  0000016c 05  06               661 		.sleb128	6
  0000016d 05  0000 0191        662 		.4byte		.L5821-.L2
  00000171 05  6361 6e5f 7265   663 		.byte		"can_receive"
  00000177 05  6365 6976 65         	
  0000017c 05  00               664 		.byte		0
  0000017d 05  0000 0001        665 		.4byte		.L5798
  00000181 05  8501             666 		.uleb128	133
  00000183 05  0000 0000        667 		.4byte		.L5801
  00000187 05  01               668 		.byte		0x1
  00000188 05  0000 0000        669 		.4byte		.L5822
  0000018c 05  0000 0000        670 		.4byte		.L5823
                                671 		.section	.text_vle,,c
  000000db 03  0337 1e          672 	        .d2line         134
                                673 	.L5822:
                                674 	#$$ee
  000000de 03  0200 0a          675 		.d2prologue_end
  00000154 00  7078 e3f9        676 		e_lis		r3,50169
  00000158 00  7060 c609        677 		e_or2i		r3,1545
  000000e1 03  1f               678 	        .d2line         135
  0000015c 00  8063             679 		se_lbz		r6,0(r3)
                                680 	#$$vo
  0000015e 00  7cc6 30f8        681 		nor		r6,r6,r6
  00000162 00  9063             682 		se_stb		r6,0(r3)
                                683 	#$$vo
  00000164 00  7060 6080        684 		e_li		r3,-262016
  000000e2 03  28               685 	        .d2line         137
  00000168 00  c063             686 		se_lwz		r6,0(r3)
                                687 	#$$vo
  0000016a 00  74c6 473f        688 		e_rlwinm		r6,r6,8,28,31
  0000016e 00  2a26             689 		se_cmpi		r6,2
  00000170 00  e207             690 		bc		0,2,.L5792
  000000e3 03  0304 22          691 	        .d2line         141
  00000172 00  c073             692 		se_lwz		r7,0(r3)
                                693 	#$$vo
  00000174 00  74e7 0207        694 		e_rlwinm		r7,r7,0,8,3
  00000178 00  18e7 d304        695 		e_ori		r7,r7,67108864
  0000017c 00  d073             696 		se_stw		r7,0(r3)
                                697 	#$$vo
                                698 	.L5792:
  000000e6 03  030a 26          699 	        .d2line         151
                                700 	#$$be
  000000e9 03  0200 0b01        701 		.d2epilogue_begin
                                702 	#$$tl 0x0 0x0 0x0
  0000017e 00  0004             703 		se_blr
                                704 	#$$ef
                                705 		.d2_cfa_end 2
                                706 		.section	.debug_info,,n
  00000190 05  00               707 		.sleb128	0
                                708 	.L5821:
                                709 		.section	.text_vle,,c
                                710 	.L5823:
                                711 		.type		can_receive,@function
                                712 		.size		can_receive,.-can_receive
                                713 	# Number of nodes = 16
                                714 	
                                715 	# Allocations for can_receive
                                716 	#	not allocated	$$51
                                717 	#	not allocated	$$52
                                718 	#	not allocated	$$53
                                719 	#	not allocated	$$54
                                720 	#	not allocated	$$55
                                721 	#	not allocated	$$56
                                722 	#	not allocated	$$57
                                723 	#	r3		$$58
                                724 	#	r3		$$59
                                725 	
                                726 	# Allocations for module
                                727 		.section	.debug_abbrev,,n
  00000070 04  07               728 		.uleb128	7
  00000071 04  34               729 		.uleb128	52
  00000072 04  00               730 		.byte		0x0
  00000073 04  3f               731 		.uleb128	63
  00000074 04  0c               732 		.uleb128	12
  00000075 04  3a               733 		.uleb128	58
  00000076 04  06               734 		.uleb128	6
  00000077 04  3b               735 		.uleb128	59
  00000078 04  0f               736 		.uleb128	15
  00000079 04  03               737 		.uleb128	3
  0000007a 04  08               738 		.uleb128	8
  0000007b 04  49               739 		.uleb128	73
  0000007c 04  10               740 		.uleb128	16
  0000007d 04  02               741 		.uleb128	2
  0000007e 04  09               742 		.uleb128	9
  0000007f 04  00               743 		.uleb128	0
  00000080 04  00               744 		.uleb128	0
                                745 		.section	.debug_info,,n
                                746 	.L5825:
  00000191 05  07               747 		.sleb128	7
  00000192 05  01               748 		.byte		0x1
  00000193 05  0000 0001        749 		.4byte		.L5798
  00000197 05  03               750 		.uleb128	3
  00000198 05  6b6d 68          751 		.byte		"kmh"
  0000019b 05  00               752 		.byte		0
  0000019c 05  0000 0000        753 		.4byte		.L5801
  000001a0 05  05               754 		.sleb128	5
  000001a1 05  03               755 		.byte		0x3
  000001a2 05  0000 0000        756 		.4byte		kmh
                                757 		.sdata
                                758 		.align		2
                                759 	#	Begin local data area
                                760 	#	LDA + 0
                                761 		.type		kmh,@object
                                762 		.size		kmh,4
                                763 		.align		2
                                764 		.globl		kmh
                                765 	kmh:
  00000000 07  0000 0000        766 		.long		0
                                767 		.section	.debug_info,,n
                                768 	.L5826:
  000001a6 05  07               769 		.sleb128	7
  000001a7 05  01               770 		.byte		0x1
  000001a8 05  0000 0001        771 		.4byte		.L5798
  000001ac 05  04               772 		.uleb128	4
  000001ad 05  7570 4f72 446f   773 		.byte		"upOrDown"
  000001b3 05  776e                 	
  000001b5 05  00               774 		.byte		0
  000001b6 05  0000 0000        775 		.4byte		.L5801
  000001ba 05  05               776 		.sleb128	5
  000001bb 05  03               777 		.byte		0x3
  000001bc 05  0000 0000        778 		.4byte		upOrDown
                                779 		.sdata
                                780 	#	LDA + 4
                                781 		.type		upOrDown,@object
                                782 		.size		upOrDown,4
                                783 		.align		2
                                784 		.globl		upOrDown
                                785 	upOrDown:
  00000004 07  0000 0000        786 		.long		0
                                787 		.section	.debug_abbrev,,n
  00000081 04  08               788 		.uleb128	8
  00000082 04  24               789 		.uleb128	36
  00000083 04  00               790 		.byte		0x0
  00000084 04  03               791 		.uleb128	3
  00000085 04  08               792 		.uleb128	8
  00000086 04  3e               793 		.uleb128	62
  00000087 04  0b               794 		.uleb128	11
  00000088 04  0b               795 		.uleb128	11
  00000089 04  0b               796 		.uleb128	11
  0000008a 04  00               797 		.uleb128	0
  0000008b 04  00               798 		.uleb128	0
                                799 		.section	.debug_info,,n
                                800 	.L5801:
  000001c0 05  08               801 		.sleb128	8
  000001c1 05  696e 74          802 		.byte		"int"
  000001c4 05  00               803 		.byte		0
  000001c5 05  05               804 		.byte		0x5
  000001c6 05  04               805 		.byte		0x4
                                806 	.L7:
  000001c7 05  00               807 		.sleb128	0
                                808 	.L3:
                                809 		.section	.text_vle,,c
                                810 	.L5:
                                811 	.L5798: 	.d2filenum "C:\\Users\\patkr\\Desktop\\++bungen\\unit2\\Unit2\\Unit2\\src\\m
                                    	ain.c"
  000000ed 03  0005 0200 0000   812 		.d2_line_end
  000000f3 03  0000 0101            	
                                813 		.section	.debug_abbrev,,n
  0000008c 04  00               814 		.sleb128	0
