                                  1 	#$$m2		- PowerPC mnemonics
                                  2 	#$$pVLE		- PowerPC VLE encoding
                                  3 	#$$oPPC5534  - Optimized for PPC5534
                                  4 	#$$ko 9		- Reorder info
                                  5 		.file		"main.c"
                                  6 	#$$eb
                                  7 	#$$sz 0
                                  8 	#$$fp 0
                                  9 		.section	.PPC.EMB.apuinfo,,@note
  00000000 01  0000 0008         10 		.4byte		8
  00000004 01  0000 0004         11 		.4byte		4
  00000008 01  0000 0002         12 		.4byte		2
  0000000c 01  4150 5569 6e66    13 		.byte		"APUinfo"
  00000012 01  6f                   	
  00000013 01  00                14 		.byte		0
                                 15 		.align		2
  00000014 01  0104 0001         16 		.4byte		0x01040001
                                 17 		.section	.text_vle,,c
                                 18 		.section	.debug_frame,,n
                                 19 	__local_cie: 
  00000000 02  0000 0010         20 		.word	.LE-.LS
                                 21 	.LS:
  00000004 02  ffff ffff         22 		.word	-1
  00000008 02  01                23 		.byte	1
  00000009 02  00                24 		.byte	0
  0000000a 02  04                25 		.uleb128	4
  0000000b 02  7c                26 		.sleb128	-4
  0000000c 02  6c                27 		.byte	108
  0000000d 02  0c                28 		.byte	0x0c
  0000000e 02  01                29 		.byte	1
  0000000f 02  00                30 		.byte	0
  00000010 02  08                31 		.byte	8
  00000011 02  6c                32 		.byte	108
                                 33 		.fill           (.LS-.)&3
                                 34 	.LE:
                                 35 		.section	.debug_line,,n
                                 36 	.L8:
                                 37 		.section	.text_vle,,c
                                 38 	.L4:
  00000000 00                    39 		.0byte		.L2
  00000000 03  0000 00ff 0002    40 		.d2_line_start	.debug_line
  00000006 03  0000 0013 0201       	
  0000000c 03  ff04 0d00 0101       	
  00000012 03  0101 0000 0001       	
  00000018 03  0000 0100 00         	
                                 41 		.section	.debug_abbrev,,n
                                 42 	.L9:
                                 43 		.section	.debug_info,,n
                                 44 	.L2:
  00000000 05  0000 0199         45 		.4byte		.L3-.L1
                                 46 	.L1:
  00000004 05  0002              47 		.2byte		0x2
  00000006 05  0000 0000         48 		.4byte		.L9
  0000000a 05  04                49 		.byte		0x4
                                 50 		.section	.debug_abbrev,,n
  00000000 04  01                51 		.uleb128	1
  00000001 04  11                52 		.uleb128	17
  00000002 04  01                53 		.byte		0x1
  00000003 04  01                54 		.uleb128	1
  00000004 04  13                55 		.uleb128	19
  00000005 04  03                56 		.uleb128	3
  00000006 04  08                57 		.uleb128	8
  00000007 04  25                58 		.uleb128	37
  00000008 04  08                59 		.uleb128	8
  00000009 04  1b                60 		.uleb128	27
  0000000a 04  08                61 		.uleb128	8
  0000000b 04  13                62 		.uleb128	19
  0000000c 04  0f                63 		.uleb128	15
  0000000d 04  11                64 		.uleb128	17
  0000000e 04  01                65 		.uleb128	1
  0000000f 04  12                66 		.uleb128	18
  00000010 04  01                67 		.uleb128	1
  00000011 04  10                68 		.uleb128	16
  00000012 04  06                69 		.uleb128	6
  00000013 04  00                70 		.uleb128	0
  00000014 04  00                71 		.uleb128	0
                                 72 		.section	.debug_info,,n
  0000000b 05  01                73 		.sleb128	1
  0000000c 05  0000 019c         74 		.4byte		.L7-.L2
  00000010 05  433a 5c55 7365    75 		.byte		"C:\\Users\\venr\\Downloads\\Unit2\\Unit2 - Task 2.3\\src\\main.c"
  00000016 05  7273 5c76 656e       	
  0000001c 05  725c 446f 776e       	
  00000022 05  6c6f 6164 735c       	
  00000028 05  556e 6974 325c       	
  0000002e 05  556e                 	
  00000049 05  00                76 		.byte		0
  0000004a 05  4469 6162 2044    77 		.byte		"Diab Data, Inc:dcc Rel 5.7.0.0:PPC5534"
  00000050 05  6174 612c 2049       	
  00000056 05  6e63 3a64 6363       	
  0000005c 05  2052 656c 2035       	
  00000062 05  2e37 2e30 2e30       	
  00000068 05  3a50                 	
  00000070 05  00                78 		.byte		0
  00000071 05  433a 5c55 7365    79 		.byte		"C:\\Users\\venr\\Downloads\\Unit2\\Unit2 - Task 2.3"
  00000077 05  7273 5c76 656e       	
  0000007d 05  725c 446f 776e       	
  00000083 05  6c6f 6164 735c       	
  00000089 05  556e 6974 325c       	
  0000008f 05  556e                 	
  0000009f 05  00                80 		.byte		0
  000000a0 05  01                81 		.uleb128	1
  000000a1 05  0000 0000         82 		.4byte		.L4
  000000a5 05  0000 0000         83 		.4byte		.L5
  000000a9 05  0000 0000         84 		.4byte		.L8
                                 85 		.section	.text_vle,,c
                                 86 	
                                 87 	#$$bf
                                 88 		.align		2
                                 89 		.globl		conf_can
  00000014 02  0000 000c 0000    90 		.d2_cfa_start __local_cie
  0000001a 02  0000 0000 0000       	
  00000020 02  0000 005c            	
                                 91 	conf_can:
                                 92 		.section	.debug_abbrev,,n
  00000015 04  02                93 		.uleb128	2
  00000016 04  2e                94 		.uleb128	46
  00000017 04  01                95 		.byte		0x1
  00000018 04  01                96 		.uleb128	1
  00000019 04  13                97 		.uleb128	19
  0000001a 04  03                98 		.uleb128	3
  0000001b 04  08                99 		.uleb128	8
  0000001c 04  3a               100 		.uleb128	58
  0000001d 04  06               101 		.uleb128	6
  0000001e 04  3b               102 		.uleb128	59
  0000001f 04  0f               103 		.uleb128	15
  00000020 04  3f               104 		.uleb128	63
  00000021 04  0c               105 		.uleb128	12
  00000022 04  11               106 		.uleb128	17
  00000023 04  01               107 		.uleb128	1
  00000024 04  12               108 		.uleb128	18
  00000025 04  01               109 		.uleb128	1
  00000026 04  00               110 		.uleb128	0
  00000027 04  00               111 		.uleb128	0
                                112 		.section	.debug_info,,n
                                113 	.L5796:
  000000ad 05  02               114 		.sleb128	2
  000000ae 05  0000 00ca        115 		.4byte		.L5792-.L2
  000000b2 05  636f 6e66 5f63   116 		.byte		"conf_can"
  000000b8 05  616e                 	
  000000ba 05  00               117 		.byte		0
  000000bb 05  0000 0001        118 		.4byte		.L5795
  000000bf 05  04               119 		.uleb128	4
  000000c0 05  01               120 		.byte		0x1
  000000c1 05  0000 0000        121 		.4byte		.L5793
  000000c5 05  0000 0000        122 		.4byte		.L5794
                                123 		.section	.text_vle,,c
  0000001d 03  0045 0343 3a5c   124 		.d2file		"C:\\Users\\venr\\Downloads\\Unit2\\Unit2 - Task 2.3\\src\\main.c"
  00000023 03  5c55 7365 7273       	
  00000029 03  5c5c 7665 6e72       	
  0000002f 03  5c5c 446f 776e       	
  00000035 03  6c6f 6164 735c       	
  0000003b 03  5c55                 	
  00000066 03  0005 0200 0000   125 	        .d2line         5
  0000006c 03  0003 040e            	
                                126 	.L5793:
                                127 	#$$ee
  00000070 03  0200 0a          128 		.d2prologue_end
  00000073 03  10               129 	        .d2line         7
  00000000 00  70ff e7fc        130 		e_lis		r7,-4
  00000004 00  4806             131 		se_li		r6,0
  00000006 00  54c7 0880        132 		e_stw		r6,2176(r7)
                                133 	#$$vo
  0000000a 00  7078 e3f9 7060   134 		e_lis		r3,-15367	; e_or2i	r3,r3,96
  00000010 00  c060                 	
  00000074 03  0303 32          135 	        .d2line         10
  00000012 00  a063             136 		se_lhz		r6,0(r3)
                                137 	#$$vo
  00000014 00  74c6 05a7        138 		e_rlwinm		r6,r6,0,22,19
  00000018 00  18c6 d104        139 		e_ori		r6,r6,1024
  0000001c 00  b063             140 		se_sth		r6,0(r3)
                                141 	#$$vo
  00000077 03  27               142 	        .d2line         11
  0000001e 00  a073             143 		se_lhz		r7,0(r3)
                                144 	#$$vo
  00000020 00  18e7 d102        145 		e_ori		r7,r7,512
  00000024 00  b073             146 		se_sth		r7,0(r3)
                                147 	#$$vo
  00000078 03  1f               148 	        .d2line         12
  00000026 00  a063             149 		se_lhz		r6,0(r3)
                                150 	#$$vo
  00000028 00  6176             151 		se_bclri		r6,23
  0000002a 00  b063             152 		se_sth		r6,0(r3)
                                153 	#$$vo
  00000079 03  1b               154 	        .d2line         13
  0000002c 00  a073             155 		se_lhz		r7,0(r3)
                                156 	#$$vo
  0000002e 00  6127             157 		se_bclri		r7,18
  00000030 00  b073             158 		se_sth		r7,0(r3)
                                159 	#$$vo
  00000032 00  7078 e3f9 7060   160 		e_lis		r3,-15367	; e_or2i	r3,r3,98
  00000038 00  c062                 	
  0000007a 03  0303 2a          161 	        .d2line         16
  0000003a 00  a073             162 		se_lhz		r7,0(r3)
                                163 	#$$vo
  0000003c 00  74e7 05a7        164 		e_rlwinm		r7,r7,0,22,19
  00000040 00  18e7 d104        165 		e_ori		r7,r7,1024
  00000044 00  b073             166 		se_sth		r7,0(r3)
                                167 	#$$vo
  0000007d 03  27               168 	        .d2line         17
  00000046 00  a063             169 		se_lhz		r6,0(r3)
                                170 	#$$vo
  00000048 00  18c6 d101        171 		e_ori		r6,r6,256
  0000004c 00  b063             172 		se_sth		r6,0(r3)
                                173 	#$$vo
  0000007e 03  1f               174 	        .d2line         18
  0000004e 00  a073             175 		se_lhz		r7,0(r3)
                                176 	#$$vo
  00000050 00  6167             177 		se_bclri		r7,22
  00000052 00  b073             178 		se_sth		r7,0(r3)
                                179 	#$$vo
  0000007f 03  1b               180 	        .d2line         19
  00000054 00  a063             181 		se_lhz		r6,0(r3)
                                182 	#$$vo
  00000056 00  6126             183 		se_bclri		r6,18
  00000058 00  b063             184 		se_sth		r6,0(r3)
                                185 	#$$vo
  00000080 03  1b               186 	        .d2line         20
                                187 	#$$be
  00000081 03  0200 0b01        188 		.d2epilogue_begin
                                189 	#$$tl 0x0 0x0 0x0
  0000005a 00  0004             190 		se_blr
                                191 	#$$ef
                                192 		.d2_cfa_end 2
                                193 		.section	.debug_info,,n
  000000c9 05  00               194 		.sleb128	0
                                195 	.L5792:
                                196 		.section	.text_vle,,c
                                197 	.L5794:
                                198 		.type		conf_can,@function
                                199 		.size		conf_can,.-conf_can
                                200 	# Number of nodes = 44
                                201 	
                                202 	# Allocations for conf_can
                                203 	#	not allocated	$$1
                                204 	#	not allocated	$$2
                                205 	#	not allocated	$$3
                                206 	#	not allocated	$$4
                                207 	#	not allocated	$$5
                                208 	#	not allocated	$$6
                                209 	#	not allocated	$$7
                                210 	#	not allocated	$$8
                                211 	#	not allocated	$$9
                                212 	#	not allocated	$$10
                                213 	#	not allocated	$$11
                                214 	#	not allocated	$$12
                                215 	#	not allocated	$$13
                                216 	#	not allocated	$$14
                                217 	#	not allocated	$$15
                                218 	#	not allocated	$$16
                                219 	#	not allocated	$$17
                                220 	#	not allocated	$$18
                                221 	#	r3		$$19
                                222 	#	r3		$$20
                                223 	
                                224 	#$$bf
                                225 		.align		2
                                226 		.globl		main
  00000024 02  0000 0014 0000   227 		.d2_cfa_start __local_cie
  0000002a 02  0000 0000 0000       	
  00000030 02  0000 0016            	
                                228 	main:
                                229 		.section	.debug_abbrev,,n
  00000028 04  03               230 		.uleb128	3
  00000029 04  2e               231 		.uleb128	46
  0000002a 04  01               232 		.byte		0x1
  0000002b 04  01               233 		.uleb128	1
  0000002c 04  13               234 		.uleb128	19
  0000002d 04  03               235 		.uleb128	3
  0000002e 04  08               236 		.uleb128	8
  0000002f 04  3a               237 		.uleb128	58
  00000030 04  06               238 		.uleb128	6
  00000031 04  3b               239 		.uleb128	59
  00000032 04  0f               240 		.uleb128	15
  00000033 04  3f               241 		.uleb128	63
  00000034 04  0c               242 		.uleb128	12
  00000035 04  27               243 		.uleb128	39
  00000036 04  0c               244 		.uleb128	12
  00000037 04  11               245 		.uleb128	17
  00000038 04  01               246 		.uleb128	1
  00000039 04  12               247 		.uleb128	18
  0000003a 04  01               248 		.uleb128	1
  0000003b 04  00               249 		.uleb128	0
  0000003c 04  00               250 		.uleb128	0
                                251 		.section	.debug_info,,n
                                252 	.L5801:
  000000ca 05  03               253 		.sleb128	3
  000000cb 05  0000 00e4        254 		.4byte		.L5798-.L2
  000000cf 05  6d61 696e        255 		.byte		"main"
  000000d3 05  00               256 		.byte		0
  000000d4 05  0000 0001        257 		.4byte		.L5795
  000000d8 05  16               258 		.uleb128	22
  000000d9 05  01               259 		.byte		0x1
  000000da 05  01               260 		.byte		0x1
  000000db 05  0000 0000        261 		.4byte		.L5799
  000000df 05  0000 0000        262 		.4byte		.L5800
                                263 		.section	.text_vle,,c
  00000085 03  0303 12          264 	        .d2line         23
                                265 	.L5799:
  0000005c 00  1821 06f0        266 		e_stwu		r1,-16(r1)
  00000034 02  410e 10          267 		.d2_cfa_def_cfa_offset	16
  00000060 00  0080             268 		se_mflr		r0,lr
  00000062 00  d501             269 		se_stw		r0,20(r1)
  00000037 02  4111 6c7f        270 		.d2_cfa_offset    108,-1
                                271 	#$$ee
  00000088 03  0204 0a          272 		.d2prologue_end
  0000008b 03  0f               273 	        .d2line         24
                                274 	#$$fn 0x1ff8 0 0 0x1
                                275 	#$$tl 0x0 0x0 0x0
                                276 	#$$rs 0
  00000064 00  7800 0001        277 		bl		init
                                278 	.L5780:
  0000008c 03  0309 16          279 	        .d2line         33
  00000068 00  e800             280 		b		.L5780
  0000008f 03  13               281 	        .d2line         34
                                282 	#$$be
  00000090 03  0200 0b01        283 		.d2epilogue_begin
  0000006a 00  c501             284 		se_lwz		r0,20(r1)
  0000006c 00  0090             285 		se_mtlr		r0
  0000006e 00  20f1             286 		se_addi		r1,16
                                287 	#$$tl 0x0 0x0 0x0
  00000070 00  0004             288 		se_blr
                                289 	#$$ef
                                290 		.d2_cfa_end 2
                                291 		.section	.debug_info,,n
  000000e3 05  00               292 		.sleb128	0
                                293 	.L5798:
                                294 		.section	.text_vle,,c
                                295 	.L5800:
                                296 		.type		main,@function
                                297 		.size		main,.-main
                                298 	# Number of nodes = 3
                                299 	
                                300 	# Allocations for main
                                301 	
                                302 	#$$bf
                                303 		.align		2
                                304 		.globl		timer1_intr
  0000003c 02  0000 0014 0000   305 		.d2_cfa_start __local_cie
  00000042 02  0000 0000 0000       	
  00000048 02  0000 003e            	
                                306 	timer1_intr:
                                307 		.section	.debug_info,,n
                                308 	.L5806:
  000000e4 05  03               309 		.sleb128	3
  000000e5 05  0000 0105        310 		.4byte		.L5803-.L2
  000000e9 05  7469 6d65 7231   311 		.byte		"timer1_intr"
  000000ef 05  5f69 6e74 72         	
  000000f4 05  00               312 		.byte		0
  000000f5 05  0000 0001        313 		.4byte		.L5795
  000000f9 05  36               314 		.uleb128	54
  000000fa 05  01               315 		.byte		0x1
  000000fb 05  01               316 		.byte		0x1
  000000fc 05  0000 0000        317 		.4byte		.L5804
  00000100 05  0000 0000        318 		.4byte		.L5805
                                319 		.section	.text_vle,,c
  00000094 03  0315 22          320 	        .d2line         55
                                321 	.L5804:
  00000074 00  1821 06f0        322 		e_stwu		r1,-16(r1)
  0000004c 02  410e 10          323 		.d2_cfa_def_cfa_offset	16
  00000078 00  0080             324 		se_mflr		r0,lr
  0000007a 00  d501             325 		se_stw		r0,20(r1)
  0000004f 02  4111 6c7f        326 		.d2_cfa_offset    108,-1
                                327 	#$$ee
  00000097 03  0204 0a          328 		.d2prologue_end
  0000007c 00  4813             329 		se_li		r3,1
  0000009a 03  14               330 	        .d2line         57
  0000007e 00  70d8 e3f9        331 		e_lis		r6,-15367
  00000082 00  3466 0609        332 		e_stb		r3,1545(r6)
                                333 	#$$vo
  0000009b 03  1f               334 	        .d2line         58
  00000086 00  3466 062a        335 		e_stb		r3,1578(r6)
                                336 	#$$vo
  0000009c 03  17               337 	        .d2line         59
  0000008a 00  3466 060d        338 		e_stb		r3,1549(r6)
                                339 	#$$vo
  0000009d 03  17               340 	        .d2line         60
  0000008e 00  3466 060c        341 		e_stb		r3,1548(r6)
                                342 	#$$vo
  0000009e 03  17               343 	        .d2line         61
  00000092 00  3466 063e        344 		e_stb		r3,1598(r6)
                                345 	#$$vo
  0000009f 03  17               346 	        .d2line         62
  00000096 00  3466 063d        347 		e_stb		r3,1597(r6)
                                348 	#$$vo
  000000a0 03  17               349 	        .d2line         63
  0000009a 00  3466 063b        350 		e_stb		r3,1595(r6)
                                351 	#$$vo
  000000a1 03  17               352 	        .d2line         64
  0000009e 00  3466 060b        353 		e_stb		r3,1547(r6)
                                354 	#$$vo
  000000a2 03  17               355 	        .d2line         65
  000000a2 00  7080 00c8        356 		e_li		r4,200
                                357 	#$$fn 0x1ff8 0 0 0x1
                                358 	#$$tl 0x18 0x0 0x0
                                359 	#$$rs 0
  000000a6 00  7800 0001        360 		bl		conf_timer0
  000000a3 03  1f               361 	        .d2line         66
                                362 	#$$be
  000000a4 03  0200 0b01        363 		.d2epilogue_begin
  000000aa 00  c501             364 		se_lwz		r0,20(r1)
  000000ac 00  0090             365 		se_mtlr		r0
  000000ae 00  20f1             366 		se_addi		r1,16
                                367 	#$$tl 0x0 0x0 0x0
  000000b0 00  0004             368 		se_blr
                                369 	#$$ef
                                370 		.d2_cfa_end 2
                                371 		.section	.debug_info,,n
  00000104 05  00               372 		.sleb128	0
                                373 	.L5803:
                                374 		.section	.text_vle,,c
                                375 	.L5805:
                                376 		.type		timer1_intr,@function
                                377 		.size		timer1_intr,.-timer1_intr
                                378 	# Number of nodes = 38
                                379 	
                                380 	# Allocations for timer1_intr
                                381 	#	not allocated	$$21
                                382 	#	not allocated	$$22
                                383 	#	not allocated	$$23
                                384 	#	not allocated	$$24
                                385 	#	not allocated	$$25
                                386 	#	not allocated	$$26
                                387 	#	not allocated	$$27
                                388 	#	not allocated	$$28
                                389 	#	not allocated	$$29
                                390 	#	r3		$$30
                                391 	
                                392 	#$$bf
                                393 		.align		2
                                394 		.globl		can_send
  00000054 02  0000 000c 0000   395 		.d2_cfa_start __local_cie
  0000005a 02  0000 0000 0000       	
  00000060 02  0000 006a            	
                                396 	can_send:
                                397 		.section	.debug_info,,n
                                398 	.L5811:
  00000105 05  03               399 		.sleb128	3
  00000106 05  0000 0123        400 		.4byte		.L5808-.L2
  0000010a 05  6361 6e5f 7365   401 		.byte		"can_send"
  00000110 05  6e64                 	
  00000112 05  00               402 		.byte		0
  00000113 05  0000 0001        403 		.4byte		.L5795
  00000117 05  44               404 		.uleb128	68
  00000118 05  01               405 		.byte		0x1
  00000119 05  01               406 		.byte		0x1
  0000011a 05  0000 0000        407 		.4byte		.L5809
  0000011e 05  0000 0000        408 		.4byte		.L5810
                                409 		.section	.text_vle,,c
  000000a8 03  0303 22          410 	        .d2line         69
                                411 	.L5809:
                                412 	#$$ee
  000000ab 03  0200 0a          413 		.d2prologue_end
  000000b4 00  7080 60c4        414 		e_li		r4,-261948
  000000ae 03  0303 16          415 	        .d2line         72
  000000b8 00  c064             416 		se_lwz		r6,0(r4)
                                417 	#$$vo
  000000ba 00  74c6 0385        418 		e_rlwinm		r6,r6,0,14,2
  000000be 00  70c0 d25c        419 		e_or2is		r6,604
  000000c2 00  d064             420 		se_stw		r6,0(r4)
                                421 	#$$vo
  000000c4 00  7080 60c0        422 		e_li		r4,-261952
  000000b1 03  2f               423 	        .d2line         73
  000000c8 00  c064             424 		se_lwz		r6,0(r4)
                                425 	#$$vo
  000000ca 00  60a6             426 		se_bclri		r6,10
  000000cc 00  d064             427 		se_stw		r6,0(r4)
                                428 	#$$vo
  000000b2 03  1b               429 	        .d2line         74
  000000ce 00  c074             430 		se_lwz		r7,0(r4)
  000000d0 00  1c60 0000        431 		e_add16i	r3,r0,speedValue@sdarx
                                432 	#$$vo
  000000d4 00  60b7             433 		se_bclri		r7,11
  000000d6 00  d074             434 		se_stw		r7,0(r4)
                                435 	#$$vo
  000000b3 03  24               436 	        .d2line         76
  000000d8 00  c063             437 		se_lwz		r6,0(r3)
  000000da 00  70ff e7fc        438 		e_lis		r7,-4
  000000de 00  34c7 00c8        439 		e_stb		r6,200(r7)
                                440 	#$$vo
  000000b4 03  23               441 	        .d2line         77
  000000e2 00  c063             442 		se_lwz		r6,0(r3)
  000000e4 00  6a86             443 		se_srawi		r6,8
  000000e6 00  34c7 00c9        444 		e_stb		r6,201(r7)
                                445 	#$$vo
  000000ea 00  4803             446 		se_li		r3,0
  000000b5 03  23               447 	        .d2line         78
  000000ec 00  3467 00ca        448 		e_stb		r3,202(r7)
                                449 	#$$vo
  000000b6 03  17               450 	        .d2line         79
  000000f0 00  3467 00cb        451 		e_stb		r3,203(r7)
                                452 	#$$vo
  000000b7 03  17               453 	        .d2line         80
  000000f4 00  3467 00cc        454 		e_stb		r3,204(r7)
                                455 	#$$vo
  000000b8 03  17               456 	        .d2line         81
  000000f8 00  3467 00cd        457 		e_stb		r3,205(r7)
                                458 	#$$vo
  000000b9 03  17               459 	        .d2line         82
  000000fc 00  3467 00ce        460 		e_stb		r3,206(r7)
                                461 	#$$vo
  000000ba 03  17               462 	        .d2line         83
  00000100 00  3467 00cf        463 		e_stb		r3,207(r7)
                                464 	#$$vo
  000000bb 03  18               465 	        .d2line         85
  00000104 00  c064             466 		se_lwz		r6,0(r4)
                                467 	#$$vo
  00000106 00  74c6 0417        468 		e_rlwinm		r6,r6,0,16,11
  0000010a 00  18c6 d202        469 		e_ori		r6,r6,131072
  0000010e 00  d064             470 		se_stw		r6,0(r4)
                                471 	#$$vo
  000000bc 03  27               472 	        .d2line         86
  00000110 00  c074             473 		se_lwz		r7,0(r4)
                                474 	#$$vo
  00000112 00  74e7 0207        475 		e_rlwinm		r7,r7,0,8,3
  00000116 00  18e7 d30c        476 		e_ori		r7,r7,201326592
  0000011a 00  d074             477 		se_stw		r7,0(r4)
                                478 	#$$vo
  000000bd 03  27               479 	        .d2line         87
                                480 	#$$be
  000000be 03  0200 0b01        481 		.d2epilogue_begin
                                482 	#$$tl 0x0 0x0 0x0
  0000011c 00  0004             483 		se_blr
                                484 	#$$ef
                                485 		.d2_cfa_end 2
                                486 		.section	.debug_info,,n
  00000122 05  00               487 		.sleb128	0
                                488 	.L5808:
                                489 		.section	.text_vle,,c
                                490 	.L5810:
                                491 		.type		can_send,@function
                                492 		.size		can_send,.-can_send
                                493 	# Number of nodes = 63
                                494 	
                                495 	# Allocations for can_send
                                496 	#	not allocated	$$31
                                497 	#	not allocated	$$32
                                498 	#	not allocated	$$33
                                499 	#	not allocated	$$34
                                500 	#	not allocated	$$35
                                501 	#	not allocated	$$36
                                502 	#	not allocated	$$37
                                503 	#	not allocated	$$38
                                504 	#	not allocated	$$39
                                505 	#	not allocated	$$40
                                506 	#	not allocated	$$41
                                507 	#	not allocated	$$42
                                508 	#	not allocated	$$43
                                509 	#	not allocated	$$44
                                510 	#	not allocated	$$45
                                511 	#	not allocated	$$46
                                512 	#	not allocated	$$47
                                513 	#	not allocated	$$48
                                514 	#	r3		$$49
                                515 	#	not allocated	$$50
                                516 	#	r3		$$51
                                517 	#	r4		$$52
                                518 	#	r4		$$53
                                519 	
                                520 	#$$bf
                                521 		.align		2
                                522 		.globl		timer0_intr
  00000064 02  0000 0014 0000   523 		.d2_cfa_start __local_cie
  0000006a 02  0000 0000 0000       	
  00000070 02  0000 004e            	
                                524 	timer0_intr:
                                525 		.section	.debug_info,,n
                                526 	.L5816:
  00000123 05  03               527 		.sleb128	3
  00000124 05  0000 0159        528 		.4byte		.L5813-.L2
  00000128 05  7469 6d65 7230   529 		.byte		"timer0_intr"
  0000012e 05  5f69 6e74 72         	
  00000133 05  00               530 		.byte		0
  00000134 05  0000 0001        531 		.4byte		.L5795
  00000138 05  25               532 		.uleb128	37
  00000139 05  01               533 		.byte		0x1
  0000013a 05  01               534 		.byte		0x1
  0000013b 05  0000 0000        535 		.4byte		.L5814
  0000013f 05  0000 0000        536 		.4byte		.L5815
                                537 		.section	.debug_abbrev,,n
  0000003d 04  04               538 		.uleb128	4
  0000003e 04  34               539 		.uleb128	52
  0000003f 04  00               540 		.byte		0x0
  00000040 04  3a               541 		.uleb128	58
  00000041 04  06               542 		.uleb128	6
  00000042 04  3b               543 		.uleb128	59
  00000043 04  0f               544 		.uleb128	15
  00000044 04  03               545 		.uleb128	3
  00000045 04  08               546 		.uleb128	8
  00000046 04  49               547 		.uleb128	73
  00000047 04  10               548 		.uleb128	16
  00000048 04  02               549 		.uleb128	2
  00000049 04  09               550 		.uleb128	9
  0000004a 04  00               551 		.uleb128	0
  0000004b 04  00               552 		.uleb128	0
                                553 		.section	.debug_info,,n
                                554 	.L5817:
  00000143 05  04               555 		.sleb128	4
  00000144 05  0000 0001        556 		.4byte		.L5795
  00000148 05  28               557 		.uleb128	40
  00000149 05  666c 6167        558 		.byte		"flag"
  0000014d 05  00               559 		.byte		0
  0000014e 05  0000 0000        560 		.4byte		.L5818
  00000152 05  05               561 		.sleb128	5
  00000153 05  03               562 		.byte		0x3
  00000154 05  0000 0000        563 		.4byte		flag.5782
                                564 		.section	.text_vle,,c
  000000c2 03  034f 16          565 	        .d2line         38
                                566 	.L5814:
  00000120 00  1821 06f0        567 		e_stwu		r1,-16(r1)
  00000074 02  410e 10          568 		.d2_cfa_def_cfa_offset	16
  00000124 00  0080             569 		se_mflr		r0,lr
  00000126 00  d501             570 		se_stw		r0,20(r1)
  00000077 02  4111 6c7f        571 		.d2_cfa_offset    108,-1
                                572 	#$$ee
  000000c5 03  0204 0a          573 		.d2prologue_end
  00000128 00  7098 e3f9        574 		e_lis		r4,50169
  0000012c 00  7080 c609        575 		e_or2i		r4,1545
  000000c8 03  0303 1e          576 	        .d2line         41
  00000130 00  8064             577 		se_lbz		r6,0(r4)
                                578 	#$$vo
  00000132 00  7cc6 30f8        579 		nor		r6,r6,r6
  00000136 00  9064             580 		se_stb		r6,0(r4)
                                581 	#$$vo
  00000138 00  1c80 0000        582 		e_add16i	r4,r0,speedValue@sdarx
  000000cb 03  27               583 	        .d2line         42
  0000013c 00  c164             584 		se_lwz		r6,4(r4)
  0000013e 00  2a06             585 		se_cmpi		r6,0
  00000140 00  e209             586 		bc		0,2,.L5784
  00000142 00  c034             587 		se_lwz		r3,0(r4)
  00000144 00  7003 992c        588 		cmpi		0,0,r3,300
  00000148 00  e005             589 		bc		0,0,.L5784
  000000cc 03  2b               590 	        .d2line         43
  0000014a 00  18e3 8005        591 		e_addi		r7,r3,5
  0000014e 00  d074             592 		se_stw		r7,0(r4)
  00000150 00  e80a             593 		b		.L5785
                                594 	.L5784:
  000000cd 03  0303 1e          595 	        .d2line         46
  00000152 00  4817             596 		se_li		r7,1
  00000154 00  d174             597 		se_stw		r7,4(r4)
  000000d0 03  17               598 	        .d2line         47
  00000156 00  c034             599 		se_lwz		r3,0(r4)
  00000158 00  2443             600 		se_subi		r3,5
  0000015a 00  d034             601 		se_stw		r3,0(r4)
  000000d1 03  1b               602 	        .d2line         48
  0000015c 00  2a03             603 		se_cmpi		r3,0
  0000015e 00  e203             604 		bc		0,2,.L5785
  000000d2 03  17               605 	        .d2line         49
  00000160 00  4807             606 		se_li		r7,0
  00000162 00  d174             607 		se_stw		r7,4(r4)
                                608 	.L5785:
  000000d3 03  18               609 	        .d2line         51
                                610 	#$$fn 0xd8 0 0 0x0
                                611 	#$$tl 0x0 0x0 0x0
                                612 	#$$rs 0
  00000164 00  e9a8             613 		bl		can_send
  000000d4 03  13               614 	        .d2line         52
                                615 	#$$be
  000000d5 03  0200 0b01        616 		.d2epilogue_begin
  00000166 00  c501             617 		se_lwz		r0,20(r1)
  00000168 00  0090             618 		se_mtlr		r0
  0000016a 00  20f1             619 		se_addi		r1,16
                                620 	#$$tl 0x0 0x0 0x0
  0000016c 00  0004             621 		se_blr
                                622 	#$$ef
                                623 		.d2_cfa_end 2
                                624 		.section	.debug_info,,n
  00000158 05  00               625 		.sleb128	0
                                626 	.L5813:
                                627 		.section	.text_vle,,c
                                628 	.L5815:
                                629 		.type		timer0_intr,@function
                                630 		.size		timer0_intr,.-timer0_intr
                                631 	# Number of nodes = 30
                                632 	
                                633 	# Allocations for timer0_intr
                                634 	#	not allocated	$$54
                                635 	#	not allocated	$$55
                                636 	#	r4		$$56
                                637 	#	r3		$$57
                                638 	#	r3		$$58
                                639 	#	not allocated	$$59
                                640 	#	r4		$$60
                                641 	
                                642 	#$$bf
                                643 		.align		2
                                644 		.globl		can_receive
  0000007c 02  0000 0014 0000   645 		.d2_cfa_start __local_cie
  00000082 02  0000 0000 0000       	
  00000088 02  0000 0088            	
                                646 	can_receive:
                                647 		.section	.debug_info,,n
                                648 	.L5823:
  00000159 05  02               649 		.sleb128	2
  0000015a 05  0000 0179        650 		.4byte		.L5820-.L2
  0000015e 05  6361 6e5f 7265   651 		.byte		"can_receive"
  00000164 05  6365 6976 65         	
  00000169 05  00               652 		.byte		0
  0000016a 05  0000 0001        653 		.4byte		.L5795
  0000016e 05  59               654 		.uleb128	89
  0000016f 05  01               655 		.byte		0x1
  00000170 05  0000 0000        656 		.4byte		.L5821
  00000174 05  0000 0000        657 		.4byte		.L5822
                                658 		.section	.text_vle,,c
  000000d9 03  0326 22          659 	        .d2line         90
                                660 	.L5821:
  00000170 00  1821 06f0        661 		e_stwu		r1,-16(r1)
  0000008c 02  410e 10          662 		.d2_cfa_def_cfa_offset	16
  00000174 00  0080             663 		se_mflr		r0,lr
  00000176 00  d501             664 		se_stw		r0,20(r1)
  0000008f 02  4111 6c7f        665 		.d2_cfa_offset    108,-1
                                666 	#$$ee
  000000dc 03  0204 0a          667 		.d2prologue_end
  00000178 00  7060 6080        668 		e_li		r3,-262016
  000000df 03  17               669 	        .d2line         91
  0000017c 00  c063             670 		se_lwz		r6,0(r3)
                                671 	#$$vo
  0000017e 00  74c6 0207        672 		e_rlwinm		r6,r6,0,8,3
  00000182 00  18c6 d304        673 		e_ori		r6,r6,67108864
  00000186 00  d063             674 		se_stw		r6,0(r3)
                                675 	#$$vo
  000000e0 03  28               676 	        .d2line         93
  00000188 00  70ff e7fc        677 		e_lis		r7,-4
  0000018c 00  50e7 0084        678 		e_lwz		r7,132(r7)
                                679 	#$$vo
  00000190 00  74e7 757f        680 		e_rlwinm		r7,r7,14,21,31
  00000194 00  2a17             681 		se_cmpi		r7,1
  00000196 00  e21a             682 		bc		0,2,.L5789
  00000198 00  4803             683 		se_li		r3,0
  000000e1 03  34               684 	        .d2line         95
  0000019a 00  70d8 e3f9        685 		e_lis		r6,-15367
  0000019e 00  3466 0609        686 		e_stb		r3,1545(r6)
                                687 	#$$vo
  000000e2 03  1f               688 	        .d2line         96
  000001a2 00  3466 062a        689 		e_stb		r3,1578(r6)
                                690 	#$$vo
  000000e3 03  17               691 	        .d2line         97
  000001a6 00  3466 060d        692 		e_stb		r3,1549(r6)
                                693 	#$$vo
  000000e4 03  17               694 	        .d2line         98
  000001aa 00  3466 060c        695 		e_stb		r3,1548(r6)
                                696 	#$$vo
  000000e5 03  17               697 	        .d2line         99
  000001ae 00  3466 063e        698 		e_stb		r3,1598(r6)
                                699 	#$$vo
  000000e6 03  17               700 	        .d2line         100
  000001b2 00  3466 063d        701 		e_stb		r3,1597(r6)
                                702 	#$$vo
  000000e7 03  17               703 	        .d2line         101
  000001b6 00  3466 063b        704 		e_stb		r3,1595(r6)
                                705 	#$$vo
  000000e8 03  17               706 	        .d2line         102
  000001ba 00  3466 060b        707 		e_stb		r3,1547(r6)
                                708 	#$$vo
  000000e9 03  17               709 	        .d2line         103
  000001be 00  4813             710 		se_li		r3,1
  000001c0 00  7080 03e8        711 		e_li		r4,1000
                                712 	#$$fn 0x1ff8 0 0 0x1
                                713 	#$$tl 0x18 0x0 0x0
                                714 	#$$rs 0
  000001c4 00  7800 0001        715 		bl		conf_timer1
  000001c8 00  e814             716 		b		.L5790
                                717 	.L5789:
  000001ca 00  4813             718 		se_li		r3,1
  000000ea 03  0304 2a          719 	        .d2line         107
  000001cc 00  70d8 e3f9        720 		e_lis		r6,-15367
  000001d0 00  3466 0609        721 		e_stb		r3,1545(r6)
                                722 	#$$vo
  000000ed 03  1f               723 	        .d2line         108
  000001d4 00  3466 062a        724 		e_stb		r3,1578(r6)
                                725 	#$$vo
  000000ee 03  17               726 	        .d2line         109
  000001d8 00  3466 060d        727 		e_stb		r3,1549(r6)
                                728 	#$$vo
  000000ef 03  17               729 	        .d2line         110
  000001dc 00  3466 060c        730 		e_stb		r3,1548(r6)
                                731 	#$$vo
  000000f0 03  17               732 	        .d2line         111
  000001e0 00  3466 063e        733 		e_stb		r3,1598(r6)
                                734 	#$$vo
  000000f1 03  17               735 	        .d2line         112
  000001e4 00  3466 063d        736 		e_stb		r3,1597(r6)
                                737 	#$$vo
  000000f2 03  17               738 	        .d2line         113
  000001e8 00  3466 063b        739 		e_stb		r3,1595(r6)
                                740 	#$$vo
  000000f3 03  17               741 	        .d2line         114
  000001ec 00  3466 060b        742 		e_stb		r3,1547(r6)
                                743 	#$$vo
                                744 	.L5790:
  000000f4 03  18               745 	        .d2line         116
                                746 	#$$be
  000000f5 03  0200 0b01        747 		.d2epilogue_begin
  000001f0 00  c501             748 		se_lwz		r0,20(r1)
  000001f2 00  0090             749 		se_mtlr		r0
  000001f4 00  20f1             750 		se_addi		r1,16
                                751 	#$$tl 0x0 0x0 0x0
  000001f6 00  0004             752 		se_blr
                                753 	#$$ef
                                754 		.d2_cfa_end 2
                                755 		.section	.debug_info,,n
  00000178 05  00               756 		.sleb128	0
                                757 	.L5820:
                                758 		.section	.text_vle,,c
                                759 	.L5822:
                                760 		.type		can_receive,@function
                                761 		.size		can_receive,.-can_receive
                                762 	# Number of nodes = 81
                                763 	
                                764 	# Allocations for can_receive
                                765 	#	not allocated	$$61
                                766 	#	not allocated	$$62
                                767 	#	not allocated	$$63
                                768 	#	not allocated	$$64
                                769 	#	not allocated	$$65
                                770 	#	not allocated	$$66
                                771 	#	not allocated	$$67
                                772 	#	not allocated	$$68
                                773 	#	not allocated	$$69
                                774 	#	not allocated	$$70
                                775 	#	not allocated	$$71
                                776 	#	not allocated	$$72
                                777 	#	not allocated	$$73
                                778 	#	not allocated	$$74
                                779 	#	not allocated	$$75
                                780 	#	not allocated	$$76
                                781 	#	not allocated	$$77
                                782 	#	not allocated	$$78
                                783 	#	not allocated	$$79
                                784 	#	not allocated	$$80
                                785 	#	not allocated	$$81
                                786 	#	r3		$$82
                                787 	#	not allocated	$$83
                                788 	#	r3		$$84
                                789 	#	r3		$$85
                                790 	
                                791 	# Allocations for module
                                792 		.section	.debug_abbrev,,n
  0000004c 04  05               793 		.uleb128	5
  0000004d 04  34               794 		.uleb128	52
  0000004e 04  00               795 		.byte		0x0
  0000004f 04  3f               796 		.uleb128	63
  00000050 04  0c               797 		.uleb128	12
  00000051 04  3a               798 		.uleb128	58
  00000052 04  06               799 		.uleb128	6
  00000053 04  3b               800 		.uleb128	59
  00000054 04  0f               801 		.uleb128	15
  00000055 04  03               802 		.uleb128	3
  00000056 04  08               803 		.uleb128	8
  00000057 04  49               804 		.uleb128	73
  00000058 04  10               805 		.uleb128	16
  00000059 04  02               806 		.uleb128	2
  0000005a 04  09               807 		.uleb128	9
  0000005b 04  00               808 		.uleb128	0
  0000005c 04  00               809 		.uleb128	0
                                810 		.section	.debug_info,,n
                                811 	.L5824:
  00000179 05  05               812 		.sleb128	5
  0000017a 05  01               813 		.byte		0x1
  0000017b 05  0000 0001        814 		.4byte		.L5795
  0000017f 05  02               815 		.uleb128	2
  00000180 05  7370 6565 6456   816 		.byte		"speedValue"
  00000186 05  616c 7565            	
  0000018a 05  00               817 		.byte		0
  0000018b 05  0000 0000        818 		.4byte		.L5818
  0000018f 05  05               819 		.sleb128	5
  00000190 05  03               820 		.byte		0x3
  00000191 05  0000 0000        821 		.4byte		speedValue
                                822 		.sdata
                                823 		.align		2
                                824 	#	Begin local data area
                                825 	#	LDA + 0
                                826 		.type		speedValue,@object
                                827 		.size		speedValue,4
                                828 		.align		2
                                829 		.globl		speedValue
                                830 	speedValue:
  00000000 07  0000 0000        831 		.long		0
                                832 	#	LDA + 4
                                833 		.type		flag.5782,@object
                                834 		.size		flag.5782,4
                                835 		.align		2
                                836 	flag.5782:
  00000004 07  0000 0000        837 		.long		0
                                838 		.section	.debug_abbrev,,n
  0000005d 04  06               839 		.uleb128	6
  0000005e 04  24               840 		.uleb128	36
  0000005f 04  00               841 		.byte		0x0
  00000060 04  03               842 		.uleb128	3
  00000061 04  08               843 		.uleb128	8
  00000062 04  3e               844 		.uleb128	62
  00000063 04  0b               845 		.uleb128	11
  00000064 04  0b               846 		.uleb128	11
  00000065 04  0b               847 		.uleb128	11
  00000066 04  00               848 		.uleb128	0
  00000067 04  00               849 		.uleb128	0
                                850 		.section	.debug_info,,n
                                851 	.L5818:
  00000195 05  06               852 		.sleb128	6
  00000196 05  696e 74          853 		.byte		"int"
  00000199 05  00               854 		.byte		0
  0000019a 05  05               855 		.byte		0x5
  0000019b 05  04               856 		.byte		0x4
                                857 	.L7:
  0000019c 05  00               858 		.sleb128	0
                                859 	.L3:
                                860 		.section	.text_vle,,c
                                861 	.L5:
                                862 	.L5795: 	.d2filenum "C:\\Users\\venr\\Downloads\\Unit2\\Unit2 - Task 2.3\\src\\main.c
                                    	"
  000000f9 03  0005 0200 0000   863 		.d2_line_end
  000000ff 03  0000 0101            	
                                864 		.section	.debug_abbrev,,n
  00000068 04  00               865 		.sleb128	0
