                                  1 	#$$m2		- PowerPC mnemonics
                                  2 	#$$pVLE		- PowerPC VLE encoding
                                  3 	#$$oPPC5534  - Optimized for PPC5534
                                  4 	#$$ko 9		- Reorder info
                                  5 		.file		"adc.c"
                                  6 	#$$eb
                                  7 	#$$sz 0
                                  8 	#$$fp 0
                                  9 		.section	.PPC.EMB.apuinfo,,@note
  00000000 01  0000 0008         10 		.4byte		8
  00000004 01  0000 0004         11 		.4byte		4
  00000008 01  0000 0002         12 		.4byte		2
  0000000c 01  4150 5569 6e66    13 		.byte		"APUinfo"
  00000012 01  6f                   	
  00000013 01  00                14 		.byte		0
                                 15 		.align		2
  00000014 01  0104 0001         16 		.4byte		0x01040001
                                 17 		.section	.text_vle,,c
                                 18 		.section	.debug_frame,,n
                                 19 	__local_cie: 
  00000000 02  0000 0010         20 		.word	.LE-.LS
                                 21 	.LS:
  00000004 02  ffff ffff         22 		.word	-1
  00000008 02  01                23 		.byte	1
  00000009 02  00                24 		.byte	0
  0000000a 02  04                25 		.uleb128	4
  0000000b 02  7c                26 		.sleb128	-4
  0000000c 02  6c                27 		.byte	108
  0000000d 02  0c                28 		.byte	0x0c
  0000000e 02  01                29 		.byte	1
  0000000f 02  00                30 		.byte	0
  00000010 02  08                31 		.byte	8
  00000011 02  6c                32 		.byte	108
                                 33 		.fill           (.LS-.)&3
                                 34 	.LE:
                                 35 		.section	.debug_line,,n
                                 36 	.L8:
                                 37 		.section	.text_vle,,c
                                 38 	.L4:
  00000000 00                    39 		.0byte		.L2
  00000000 03  0000 0081 0002    40 		.d2_line_start	.debug_line
  00000006 03  0000 0013 0201       	
  0000000c 03  ff04 0d00 0101       	
  00000012 03  0101 0000 0001       	
  00000018 03  0000 0100 00         	
                                 41 		.section	.debug_abbrev,,n
                                 42 	.L9:
                                 43 		.section	.debug_info,,n
                                 44 	.L2:
  00000000 05  0000 00d1         45 		.4byte		.L3-.L1
                                 46 	.L1:
  00000004 05  0002              47 		.2byte		0x2
  00000006 05  0000 0000         48 		.4byte		.L9
  0000000a 05  04                49 		.byte		0x4
                                 50 		.section	.debug_abbrev,,n
  00000000 04  01                51 		.uleb128	1
  00000001 04  11                52 		.uleb128	17
  00000002 04  01                53 		.byte		0x1
  00000003 04  01                54 		.uleb128	1
  00000004 04  13                55 		.uleb128	19
  00000005 04  03                56 		.uleb128	3
  00000006 04  08                57 		.uleb128	8
  00000007 04  25                58 		.uleb128	37
  00000008 04  08                59 		.uleb128	8
  00000009 04  1b                60 		.uleb128	27
  0000000a 04  08                61 		.uleb128	8
  0000000b 04  13                62 		.uleb128	19
  0000000c 04  0f                63 		.uleb128	15
  0000000d 04  11                64 		.uleb128	17
  0000000e 04  01                65 		.uleb128	1
  0000000f 04  12                66 		.uleb128	18
  00000010 04  01                67 		.uleb128	1
  00000011 04  10                68 		.uleb128	16
  00000012 04  06                69 		.uleb128	6
  00000013 04  00                70 		.uleb128	0
  00000014 04  00                71 		.uleb128	0
                                 72 		.section	.debug_info,,n
  0000000b 05  01                73 		.sleb128	1
  0000000c 05  0000 00d4         74 		.4byte		.L7-.L2
  00000010 05  433a 5c55 7365    75 		.byte		"C:\\Users\\ahhas\\Downloads\\Unit3_4\\src\\adc.c"
  00000016 05  7273 5c61 6868       	
  0000001c 05  6173 5c44 6f77       	
  00000022 05  6e6c 6f61 6473       	
  00000028 05  5c55 6e69 7433       	
  0000002e 05  5f34                 	
  0000003a 05  00                76 		.byte		0
  0000003b 05  4469 6162 2044    77 		.byte		"Diab Data, Inc:dcc Rel 5.7.0.0:PPC5534"
  00000041 05  6174 612c 2049       	
  00000047 05  6e63 3a64 6363       	
  0000004d 05  2052 656c 2035       	
  00000053 05  2e37 2e30 2e30       	
  00000059 05  3a50                 	
  00000061 05  00                78 		.byte		0
  00000062 05  433a 5c55 7365    79 		.byte		"C:\\Users\\ahhas\\Downloads\\Unit3_4"
  00000068 05  7273 5c61 6868       	
  0000006e 05  6173 5c44 6f77       	
  00000074 05  6e6c 6f61 6473       	
  0000007a 05  5c55 6e69 7433       	
  00000080 05  5f34                 	
  00000082 05  00                80 		.byte		0
  00000083 05  01                81 		.uleb128	1
  00000084 05  0000 0000         82 		.4byte		.L4
  00000088 05  0000 0000         83 		.4byte		.L5
  0000008c 05  0000 0000         84 		.4byte		.L8
                                 85 		.section	.text_vle,,c
                                 86 	
                                 87 	#$$bf
                                 88 		.align		2
                                 89 		.globl		ADC_StartConversion
  00000014 02  0000 001c 0000    90 		.d2_cfa_start __local_cie
  0000001a 02  0000 0000 0000       	
  00000020 02  0000 002e            	
                                 91 	ADC_StartConversion:
                                 92 		.section	.debug_abbrev,,n
  00000015 04  02                93 		.uleb128	2
  00000016 04  2e                94 		.uleb128	46
  00000017 04  01                95 		.byte		0x1
  00000018 04  01                96 		.uleb128	1
  00000019 04  13                97 		.uleb128	19
  0000001a 04  03                98 		.uleb128	3
  0000001b 04  08                99 		.uleb128	8
  0000001c 04  3a               100 		.uleb128	58
  0000001d 04  06               101 		.uleb128	6
  0000001e 04  3b               102 		.uleb128	59
  0000001f 04  0f               103 		.uleb128	15
  00000020 04  3f               104 		.uleb128	63
  00000021 04  0c               105 		.uleb128	12
  00000022 04  11               106 		.uleb128	17
  00000023 04  01               107 		.uleb128	1
  00000024 04  12               108 		.uleb128	18
  00000025 04  01               109 		.uleb128	1
  00000026 04  00               110 		.uleb128	0
  00000027 04  00               111 		.uleb128	0
                                112 		.section	.debug_info,,n
                                113 	.L5785:
  00000090 05  02               114 		.sleb128	2
  00000091 05  0000 00b8        115 		.4byte		.L5781-.L2
  00000095 05  4144 435f 5374   116 		.byte		"ADC_StartConversion"
  0000009b 05  6172 7443 6f6e       	
  000000a1 05  7665 7273 696f       	
  000000a7 05  6e                   	
  000000a8 05  00               117 		.byte		0
  000000a9 05  0000 0001        118 		.4byte		.L5784
  000000ad 05  03               119 		.uleb128	3
  000000ae 05  01               120 		.byte		0x1
  000000af 05  0000 0000        121 		.4byte		.L5782
  000000b3 05  0000 0000        122 		.4byte		.L5783
                                123 		.section	.text_vle,,c
  0000001d 03  0035 0343 3a5c   124 		.d2file		"C:\\Users\\ahhas\\Downloads\\Unit3_4\\src\\adc.c"
  00000023 03  5c55 7365 7273       	
  00000029 03  5c5c 6168 6861       	
  0000002f 03  735c 5c44 6f77       	
  00000035 03  6e6c 6f61 6473       	
  0000003b 03  5c5c                 	
  00000056 03  0005 0200 0000   125 	        .d2line         4
  0000005c 03  0003 030e            	
                                126 	.L5782:
  00000000 00  1821 06e0        127 		e_stwu		r1,-32(r1)
  00000024 02  410e 20          128 		.d2_cfa_def_cfa_offset	32
  00000004 00  0080             129 		se_mflr		r0,lr
                                130 	#$$br
  00000006 00  1ba1 0914        131 		e_stmw		r29,20(r1)
  00000027 02  419d 039e 029f   132 		.d2_cfa_offset_list	29,31,3,-1
  0000002d 02  01                   	
                                133 	#$$er
  0000000a 00  d901             134 		se_stw		r0,36(r1)
  0000002e 02  116c 7f          135 		.d2_cfa_offset    108,-1
                                136 	#$$ee
  00000060 03  0206 0a          137 		.d2prologue_end
  0000000c 00  73ff e7e0        138 		e_lis		r31,65504
  00000010 00  01fd             139 		se_mr		r29,r31
  00000063 03  1c               140 	        .d2line         6
  00000012 00  c06d             141 		se_lwz		r6,0(r29)
                                142 	#$$vo
  00000014 00  6476             143 		se_bseti		r6,7
  00000016 00  d06d             144 		se_stw		r6,0(r29)
                                145 	#$$vo
                                146 	.L5778:
  00000018 00  73df e7e0        147 		e_lis		r30,65504
  00000064 03  24               148 	        .d2line         8
  0000001c 00  c16e             149 		se_lwz		r6,4(r30)
                                150 	#$$vo
  0000001e 00  6676             151 		se_btsti		r6,7
  00000020 00  e2fc             152 		bc		0,2,.L5778	# ne
  00000065 03  1b               153 	        .d2line         9
                                154 	#$$be
  00000066 03  0200 0b01        155 		.d2epilogue_begin
                                156 	#$$br
  00000022 00  1ba1 0814        157 		e_lmw		r29,20(r1)
                                158 	#$$er
  00000026 00  c901             159 		se_lwz		r0,36(r1)
  00000028 00  0090             160 		se_mtlr		r0
  0000002a 00  21f1             161 		se_addi		r1,32
                                162 	#$$tl 0x0 0x0 0x0
  0000002c 00  0004             163 		se_blr
                                164 	#$$ef
                                165 		.d2_cfa_end 2
                                166 		.section	.debug_info,,n
  000000b7 05  00               167 		.sleb128	0
                                168 	.L5781:
                                169 		.section	.text_vle,,c
                                170 	.L5783:
                                171 		.type		ADC_StartConversion,@function
                                172 		.size		ADC_StartConversion,.-ADC_StartConversion
                                173 	# Number of nodes = 11
                                174 	
                                175 	# Allocations for ADC_StartConversion
                                176 	#	r31		$$1
                                177 	#	r30		$$2
                                178 	#	r29		$$3
                                179 	
                                180 	#$$bf
                                181 		.align		2
                                182 		.globl		ADCInit
  00000034 02  0000 002c 0000   183 		.d2_cfa_start __local_cie
  0000003a 02  0000 0000 0000       	
  00000040 02  0000 007c            	
                                184 	ADCInit:
                                185 		.section	.debug_info,,n
                                186 	.L5790:
  000000b8 05  02               187 		.sleb128	2
  000000b9 05  0000 00d4        188 		.4byte		.L5787-.L2
  000000bd 05  4144 4349 6e69   189 		.byte		"ADCInit"
  000000c3 05  74                   	
  000000c4 05  00               190 		.byte		0
  000000c5 05  0000 0001        191 		.4byte		.L5784
  000000c9 05  0b               192 		.uleb128	11
  000000ca 05  01               193 		.byte		0x1
  000000cb 05  0000 0000        194 		.4byte		.L5788
  000000cf 05  0000 0000        195 		.4byte		.L5789
                                196 		.section	.text_vle,,c
  0000006a 03  0303 2a          197 	        .d2line         12
                                198 	.L5788:
  00000030 00  1821 06c0        199 		e_stwu		r1,-64(r1)
  00000044 02  410e 40          200 		.d2_cfa_def_cfa_offset	64
  00000034 00  0080             201 		se_mflr		r0,lr
                                202 	#$$br
  00000036 00  1a81 0910        203 		e_stmw		r20,16(r1)
  00000047 02  4194 0c95 0b96   204 		.d2_cfa_offset_list	20,31,12,-1
  0000004d 02  0a97 0998 0899       	
  00000053 02  079a 069b 059c       	
  00000059 02  049d 039e 029f       	
  0000005f 02  01                   	
                                205 	#$$er
  0000003a 00  5401 0044        206 		e_stw		r0,68(r1)
  00000060 02  4111 6c7f        207 		.d2_cfa_offset    108,-1
                                208 	#$$ee
  0000006d 03  0207 0a          209 		.d2prologue_end
  0000003e 00  73ff e7e0        210 		e_lis		r31,65504
  00000042 00  01f9             211 		se_mr		r25,r31
  00000070 03  1c               212 	        .d2line         14
  00000044 00  c069             213 		se_lwz		r6,0(r25)
                                214 	#$$vo
  00000046 00  61f6             215 		se_bclri		r6,31
  00000048 00  d069             216 		se_stw		r6,0(r25)
                                217 	#$$vo
  0000004a 00  73df e7e0        218 		e_lis		r30,65504
  0000004e 00  01e8             219 		se_mr		r24,r30
  00000071 03  28               220 	        .d2line         16
  00000050 00  c068             221 		se_lwz		r6,0(r24)
                                222 	#$$vo
  00000052 00  6026             223 		se_bclri		r6,2
  00000054 00  d068             224 		se_stw		r6,0(r24)
                                225 	#$$vo
  00000056 00  73bf e7e0        226 		e_lis		r29,65504
  0000005a 00  02df             227 		se_mtar		r23,r29
  00000072 03  28               228 	        .d2line         18
  0000005c 00  50d7 0000        229 		e_lwz		r6,0(r23)
                                230 	#$$vo
  00000060 00  6406             231 		se_bseti		r6,0
  00000062 00  54d7 0000        232 		e_stw		r6,0(r23)
                                233 	#$$vo
  00000066 00  739f e7e0        234 		e_lis		r28,65504
  00000073 03  2c               235 	        .d2line         20
  0000006a 00  1adc 80a4        236 		e_addi		r22,r28,164
  0000006e 00  50f6 0000        237 		e_lwz		r7,0(r22)
                                238 	#$$vo
  00000072 00  65b7             239 		se_bseti		r7,27
  00000074 00  54f6 0000        240 		e_stw		r7,0(r22)
                                241 	#$$vo
  00000078 00  737f e7e0        242 		e_lis		r27,65504
  00000074 03  34               243 	        .d2line         22
  0000007c 00  1abb 80a4        244 		e_addi		r21,r27,164
  00000080 00  50d5 0000        245 		e_lwz		r6,0(r21)
                                246 	#$$vo
  00000084 00  65d6             247 		se_bseti		r6,29
  00000086 00  54d5 0000        248 		e_stw		r6,0(r21)
                                249 	#$$vo
  0000008a 00  735f e7e0        250 		e_lis		r26,65504
  00000075 03  34               251 	        .d2line         24
  0000008e 00  1a9a 80a4        252 		e_addi		r20,r26,164
  00000092 00  50f4 0000        253 		e_lwz		r7,0(r20)
                                254 	#$$vo
  00000096 00  65a7             255 		se_bseti		r7,26
  00000098 00  54f4 0000        256 		e_stw		r7,0(r20)
                                257 	#$$vo
  00000076 03  2b               258 	        .d2line         25
                                259 	#$$be
  00000077 03  0200 0b01        260 		.d2epilogue_begin
                                261 	#$$br
  0000009c 00  1a81 0810        262 		e_lmw		r20,16(r1)
                                263 	#$$er
  000000a0 00  5001 0044        264 		e_lwz		r0,68(r1)
  000000a4 00  0090             265 		se_mtlr		r0
  000000a6 00  1821 8040        266 		e_addi		r1,r1,64
                                267 	#$$tl 0x0 0x0 0x0
  000000aa 00  0004             268 		se_blr
                                269 	#$$ef
                                270 		.d2_cfa_end 2
                                271 		.section	.debug_info,,n
  000000d3 05  00               272 		.sleb128	0
                                273 	.L5787:
                                274 		.section	.text_vle,,c
                                275 	.L5789:
                                276 		.type		ADCInit,@function
                                277 		.size		ADCInit,.-ADCInit
                                278 	# Number of nodes = 30
                                279 	
                                280 	# Allocations for ADCInit
                                281 	#	r31		$$4
                                282 	#	r30		$$5
                                283 	#	r29		$$6
                                284 	#	r28		$$7
                                285 	#	r27		$$8
                                286 	#	r26		$$9
                                287 	#	r25		$$10
                                288 	#	r24		$$11
                                289 	#	r23		$$12
                                290 	#	r22		$$13
                                291 	#	r21		$$14
                                292 	#	r20		$$15
                                293 	
                                294 	# Allocations for module
                                295 		.section	.debug_info,,n
                                296 	.L7:
  000000d4 05  00               297 		.sleb128	0
                                298 	.L3:
                                299 		.section	.text_vle,,c
                                300 	.L5:
                                301 	.L5784:	.d2filenum "C:\\Users\\ahhas\\Downloads\\Unit3_4\\src\\adc.c"
  0000007b 03  0005 0200 0000   302 		.d2_line_end
  00000081 03  0000 0101            	
                                303 		.section	.debug_abbrev,,n
  00000028 04  00               304 		.sleb128	0
