                                  1 	#$$m2		- PowerPC mnemonics
                                  2 	#$$pVLE		- PowerPC VLE encoding
                                  3 	#$$oPPC5534  - Optimized for PPC5534
                                  4 	#$$ko 9		- Reorder info
                                  5 		.file		"pit.c"
                                  6 	#$$eb
                                  7 	#$$sz 0
                                  8 	#$$fp 0
                                  9 		.section	.PPC.EMB.apuinfo,,@note
  00000000 01  0000 0008         10 		.4byte		8
  00000004 01  0000 0004         11 		.4byte		4
  00000008 01  0000 0002         12 		.4byte		2
  0000000c 01  4150 5569 6e66    13 		.byte		"APUinfo"
  00000012 01  6f                   	
  00000013 01  00                14 		.byte		0
                                 15 		.align		2
  00000014 01  0104 0001         16 		.4byte		0x01040001
                                 17 		.section	.text_vle,,c
                                 18 		.section	.debug_frame,,n
                                 19 	__local_cie: 
  00000000 02  0000 0010         20 		.word	.LE-.LS
                                 21 	.LS:
  00000004 02  ffff ffff         22 		.word	-1
  00000008 02  01                23 		.byte	1
  00000009 02  00                24 		.byte	0
  0000000a 02  04                25 		.uleb128	4
  0000000b 02  7c                26 		.sleb128	-4
  0000000c 02  6c                27 		.byte	108
  0000000d 02  0c                28 		.byte	0x0c
  0000000e 02  01                29 		.byte	1
  0000000f 02  00                30 		.byte	0
  00000010 02  08                31 		.byte	8
  00000011 02  6c                32 		.byte	108
                                 33 		.fill           (.LS-.)&3
                                 34 	.LE:
                                 35 		.section	.debug_line,,n
                                 36 	.L8:
                                 37 		.section	.text_vle,,c
                                 38 	.L4:
  00000000 00                    39 		.0byte		.L2
  00000000 03  0000 009e 0002    40 		.d2_line_start	.debug_line
  00000006 03  0000 0013 0201       	
  0000000c 03  ff04 0d00 0101       	
  00000012 03  0101 0000 0001       	
  00000018 03  0000 0100 00         	
                                 41 		.section	.debug_abbrev,,n
                                 42 	.L9:
                                 43 		.section	.debug_info,,n
                                 44 	.L2:
  00000000 05  0000 019e         45 		.4byte		.L3-.L1
                                 46 	.L1:
  00000004 05  0002              47 		.2byte		0x2
  00000006 05  0000 0000         48 		.4byte		.L9
  0000000a 05  04                49 		.byte		0x4
                                 50 		.section	.debug_abbrev,,n
  00000000 04  01                51 		.uleb128	1
  00000001 04  11                52 		.uleb128	17
  00000002 04  01                53 		.byte		0x1
  00000003 04  01                54 		.uleb128	1
  00000004 04  13                55 		.uleb128	19
  00000005 04  03                56 		.uleb128	3
  00000006 04  08                57 		.uleb128	8
  00000007 04  25                58 		.uleb128	37
  00000008 04  08                59 		.uleb128	8
  00000009 04  1b                60 		.uleb128	27
  0000000a 04  08                61 		.uleb128	8
  0000000b 04  13                62 		.uleb128	19
  0000000c 04  0f                63 		.uleb128	15
  0000000d 04  11                64 		.uleb128	17
  0000000e 04  01                65 		.uleb128	1
  0000000f 04  12                66 		.uleb128	18
  00000010 04  01                67 		.uleb128	1
  00000011 04  10                68 		.uleb128	16
  00000012 04  06                69 		.uleb128	6
  00000013 04  00                70 		.uleb128	0
  00000014 04  00                71 		.uleb128	0
                                 72 		.section	.debug_info,,n
  0000000b 05  01                73 		.sleb128	1
  0000000c 05  0000 01a1         74 		.4byte		.L7-.L2
  00000010 05  433a 5c55 7365    75 		.byte		"C:\\Users\\ahhas\\Downloads\\Unit3_4\\src\\pit.c"
  00000016 05  7273 5c61 6868       	
  0000001c 05  6173 5c44 6f77       	
  00000022 05  6e6c 6f61 6473       	
  00000028 05  5c55 6e69 7433       	
  0000002e 05  5f34                 	
  0000003a 05  00                76 		.byte		0
  0000003b 05  4469 6162 2044    77 		.byte		"Diab Data, Inc:dcc Rel 5.7.0.0:PPC5534"
  00000041 05  6174 612c 2049       	
  00000047 05  6e63 3a64 6363       	
  0000004d 05  2052 656c 2035       	
  00000053 05  2e37 2e30 2e30       	
  00000059 05  3a50                 	
  00000061 05  00                78 		.byte		0
  00000062 05  433a 5c55 7365    79 		.byte		"C:\\Users\\ahhas\\Downloads\\Unit3_4"
  00000068 05  7273 5c61 6868       	
  0000006e 05  6173 5c44 6f77       	
  00000074 05  6e6c 6f61 6473       	
  0000007a 05  5c55 6e69 7433       	
  00000080 05  5f34                 	
  00000082 05  00                80 		.byte		0
  00000083 05  01                81 		.uleb128	1
  00000084 05  0000 0000         82 		.4byte		.L4
  00000088 05  0000 0000         83 		.4byte		.L5
  0000008c 05  0000 0000         84 		.4byte		.L8
                                 85 		.section	.text_vle,,c
                                 86 	
                                 87 	#$$bf
                                 88 		.align		2
                                 89 		.globl		PIT_ConfigureTimer
  00000014 02  0000 0018 0000    90 		.d2_cfa_start __local_cie
  0000001a 02  0000 0000 0000       	
  00000020 02  0000 0030            	
                                 91 	PIT_ConfigureTimer:
                                 92 		.section	.debug_abbrev,,n
  00000015 04  02                93 		.uleb128	2
  00000016 04  2e                94 		.uleb128	46
  00000017 04  01                95 		.byte		0x1
  00000018 04  01                96 		.uleb128	1
  00000019 04  13                97 		.uleb128	19
  0000001a 04  03                98 		.uleb128	3
  0000001b 04  08                99 		.uleb128	8
  0000001c 04  3a               100 		.uleb128	58
  0000001d 04  06               101 		.uleb128	6
  0000001e 04  3b               102 		.uleb128	59
  0000001f 04  0f               103 		.uleb128	15
  00000020 04  3f               104 		.uleb128	63
  00000021 04  0c               105 		.uleb128	12
  00000022 04  27               106 		.uleb128	39
  00000023 04  0c               107 		.uleb128	12
  00000024 04  11               108 		.uleb128	17
  00000025 04  01               109 		.uleb128	1
  00000026 04  12               110 		.uleb128	18
  00000027 04  01               111 		.uleb128	1
  00000028 04  00               112 		.uleb128	0
  00000029 04  00               113 		.uleb128	0
                                114 		.section	.debug_info,,n
                                115 	.L5785:
  00000090 05  02               116 		.sleb128	2
  00000091 05  0000 00e9        117 		.4byte		.L5781-.L2
  00000095 05  5049 545f 436f   118 		.byte		"PIT_ConfigureTimer"
  0000009b 05  6e66 6967 7572       	
  000000a1 05  6554 696d 6572       	
  000000a7 05  00               119 		.byte		0
  000000a8 05  0000 0001        120 		.4byte		.L5784
  000000ac 05  03               121 		.uleb128	3
  000000ad 05  01               122 		.byte		0x1
  000000ae 05  01               123 		.byte		0x1
  000000af 05  0000 0000        124 		.4byte		.L5782
  000000b3 05  0000 0000        125 		.4byte		.L5783
                                126 		.section	.debug_abbrev,,n
  0000002a 04  03               127 		.uleb128	3
  0000002b 04  05               128 		.uleb128	5
  0000002c 04  00               129 		.byte		0x0
  0000002d 04  3a               130 		.uleb128	58
  0000002e 04  06               131 		.uleb128	6
  0000002f 04  3b               132 		.uleb128	59
  00000030 04  0f               133 		.uleb128	15
  00000031 04  03               134 		.uleb128	3
  00000032 04  08               135 		.uleb128	8
  00000033 04  49               136 		.uleb128	73
  00000034 04  10               137 		.uleb128	16
  00000035 04  02               138 		.uleb128	2
  00000036 04  09               139 		.uleb128	9
  00000037 04  00               140 		.uleb128	0
  00000038 04  00               141 		.uleb128	0
                                142 		.section	.debug_info,,n
                                143 	.L5786:
  000000b7 05  03               144 		.sleb128	3
  000000b8 05  0000 0001        145 		.4byte		.L5784
  000000bc 05  03               146 		.uleb128	3
  000000bd 05  7469 6d65 7243   147 		.byte		"timerChannel"
  000000c3 05  6861 6e6e 656c       	
  000000c9 05  00               148 		.byte		0
  000000ca 05  0000 0000        149 		.4byte		.L5787
  000000ce 05  02               150 		.sleb128	2
  000000cf 05  90               151 		.byte		0x90
  000000d0 05  1f               152 		.uleb128	31
                                153 	.L5788:
  000000d1 05  03               154 		.sleb128	3
  000000d2 05  0000 0001        155 		.4byte		.L5784
  000000d6 05  03               156 		.uleb128	3
  000000d7 05  6c6f 6164 5661   157 		.byte		"loadValue"
  000000dd 05  6c75 65              	
  000000e0 05  00               158 		.byte		0
  000000e1 05  0000 0000        159 		.4byte		.L5789
  000000e5 05  02               160 		.sleb128	2
  000000e6 05  90               161 		.byte		0x90
  000000e7 05  1e               162 		.uleb128	30
                                163 		.section	.text_vle,,c
  0000001d 03  0035 0343 3a5c   164 		.d2file		"C:\\Users\\ahhas\\Downloads\\Unit3_4\\src\\pit.c"
  00000023 03  5c55 7365 7273       	
  00000029 03  5c5c 6168 6861       	
  0000002f 03  735c 5c44 6f77       	
  00000035 03  6e6c 6f61 6473       	
  0000003b 03  5c5c                 	
  00000056 03  0005 0200 0000   165 	        .d2line         4
  0000005c 03  0003 030e            	
                                166 	.L5782:
  00000000 00  1821 06f0        167 		e_stwu		r1,-16(r1)
  00000024 02  410e 10          168 		.d2_cfa_def_cfa_offset	16
  00000004 00  0080             169 		se_mflr		r0,lr
                                170 	#$$br
  00000006 00  1bc1 0908        171 		e_stmw		r30,8(r1)
  00000027 02  419e 029f 01     172 		.d2_cfa_offset_list	30,31,2,-1
                                173 	#$$er
  0000000a 00  d501             174 		se_stw		r0,20(r1)
  0000002c 02  116c 7f          175 		.d2_cfa_offset    108,-1
                                176 	#$$ee
  00000060 03  0206 0a          177 		.d2prologue_end
  0000000c 00  013f             178 		se_mr		r31,r3
  0000000e 00  014e             179 		se_mr		r30,r4
  00000063 03  17               180 	        .d2line         5
  00000010 00  77e7 2537        181 		e_rlwinm		r7,r31,4,20,27
  00000014 00  70d8 e3ff        182 		e_lis		r6,50175
  00000018 00  6576             183 		se_bseti		r6,23
  0000001a 00  0467             184 		se_add		r7,r6
  0000001c 00  01e5             185 		se_mr		r5,r30
  0000001e 00  70e5 a680        186 		e_mulli		r5,r5,16000
  00000022 00  d057             187 		se_stw		r5,0(r7)
                                188 	#$$vo
  00000064 03  37               189 	        .d2line         6
                                190 	#$$be
  00000065 03  0200 0b01        191 		.d2epilogue_begin
                                192 	#$$br
  00000024 00  1bc1 0808        193 		e_lmw		r30,8(r1)
                                194 	#$$er
  00000028 00  c501             195 		se_lwz		r0,20(r1)
  0000002a 00  0090             196 		se_mtlr		r0
  0000002c 00  20f1             197 		se_addi		r1,16
                                198 	#$$tl 0x0 0x0 0x0
  0000002e 00  0004             199 		se_blr
                                200 	#$$ef
                                201 		.d2_cfa_end 2
                                202 		.section	.debug_info,,n
  000000e8 05  00               203 		.sleb128	0
                                204 	.L5781:
                                205 		.section	.text_vle,,c
                                206 	.L5783:
                                207 		.type		PIT_ConfigureTimer,@function
                                208 		.size		PIT_ConfigureTimer,.-PIT_ConfigureTimer
                                209 	# Number of nodes = 13
                                210 	
                                211 	# Allocations for PIT_ConfigureTimer
                                212 	#	r31		timerChannel
                                213 	#	r30		loadValue
                                214 	
                                215 	#$$bf
                                216 		.align		2
                                217 		.globl		PIT_StartTimer
  00000030 02  0000 0018 0000   218 		.d2_cfa_start __local_cie
  00000036 02  0000 0000 0000       	
  0000003c 02  0000 002e            	
                                219 	PIT_StartTimer:
                                220 		.section	.debug_info,,n
                                221 	.L5794:
  000000e9 05  02               222 		.sleb128	2
  000000ea 05  0000 0127        223 		.4byte		.L5791-.L2
  000000ee 05  5049 545f 5374   224 		.byte		"PIT_StartTimer"
  000000f4 05  6172 7454 696d       	
  000000fa 05  6572                 	
  000000fc 05  00               225 		.byte		0
  000000fd 05  0000 0001        226 		.4byte		.L5784
  00000101 05  08               227 		.uleb128	8
  00000102 05  01               228 		.byte		0x1
  00000103 05  01               229 		.byte		0x1
  00000104 05  0000 0000        230 		.4byte		.L5792
  00000108 05  0000 0000        231 		.4byte		.L5793
                                232 	.L5795:
  0000010c 05  03               233 		.sleb128	3
  0000010d 05  0000 0001        234 		.4byte		.L5784
  00000111 05  08               235 		.uleb128	8
  00000112 05  7469 6d65 7243   236 		.byte		"timerChannel"
  00000118 05  6861 6e6e 656c       	
  0000011e 05  00               237 		.byte		0
  0000011f 05  0000 0000        238 		.4byte		.L5787
  00000123 05  02               239 		.sleb128	2
  00000124 05  90               240 		.byte		0x90
  00000125 05  1f               241 		.uleb128	31
                                242 		.section	.text_vle,,c
  00000069 03  0303 26          243 	        .d2line         9
                                244 	.L5792:
  00000030 00  1821 06f0        245 		e_stwu		r1,-16(r1)
  00000040 02  410e 10          246 		.d2_cfa_def_cfa_offset	16
  00000034 00  0080             247 		se_mflr		r0,lr
                                248 	#$$br
  00000036 00  1bc1 0908        249 		e_stmw		r30,8(r1)
  00000043 02  419e 029f 01     250 		.d2_cfa_offset_list	30,31,2,-1
                                251 	#$$er
  0000003a 00  d501             252 		se_stw		r0,20(r1)
  00000048 02  116c 7f          253 		.d2_cfa_offset    108,-1
                                254 	#$$ee
  0000006c 03  0206 0a          255 		.d2prologue_end
  0000003c 00  013f             256 		se_mr		r31,r3
  0000006f 03  14               257 	        .d2line         11
  0000003e 00  77fe 2537        258 		e_rlwinm		r30,r31,4,20,27
  00000042 00  70d8 e3ff        259 		e_lis		r6,50175
  00000046 00  70c0 c108        260 		e_ori		r6,264
  0000004a 00  046e             261 		se_add		r30,r6
  0000004c 00  c07e             262 		se_lwz		r7,0(r30)
                                263 	#$$vo
  0000004e 00  65f7             264 		se_bseti		r7,31
  00000050 00  d07e             265 		se_stw		r7,0(r30)
                                266 	#$$vo
  00000070 03  37               267 	        .d2line         12
                                268 	#$$be
  00000071 03  0200 0b01        269 		.d2epilogue_begin
                                270 	#$$br
  00000052 00  1bc1 0808        271 		e_lmw		r30,8(r1)
                                272 	#$$er
  00000056 00  c501             273 		se_lwz		r0,20(r1)
  00000058 00  0090             274 		se_mtlr		r0
  0000005a 00  20f1             275 		se_addi		r1,16
                                276 	#$$tl 0x0 0x0 0x0
  0000005c 00  0004             277 		se_blr
                                278 	#$$ef
                                279 		.d2_cfa_end 2
                                280 		.section	.debug_info,,n
  00000126 05  00               281 		.sleb128	0
                                282 	.L5791:
                                283 		.section	.text_vle,,c
                                284 	.L5793:
                                285 		.type		PIT_StartTimer,@function
                                286 		.size		PIT_StartTimer,.-PIT_StartTimer
                                287 	# Number of nodes = 12
                                288 	
                                289 	# Allocations for PIT_StartTimer
                                290 	#	r31		timerChannel
                                291 	#	r30		$$1
                                292 	
                                293 	#$$bf
                                294 		.align		2
                                295 		.globl		PIT_StopTimer
  0000004c 02  0000 0018 0000   296 		.d2_cfa_start __local_cie
  00000052 02  0000 0000 0000       	
  00000058 02  0000 002e            	
                                297 	PIT_StopTimer:
                                298 		.section	.debug_info,,n
                                299 	.L5800:
  00000127 05  02               300 		.sleb128	2
  00000128 05  0000 0164        301 		.4byte		.L5797-.L2
  0000012c 05  5049 545f 5374   302 		.byte		"PIT_StopTimer"
  00000132 05  6f70 5469 6d65       	
  00000138 05  72                   	
  00000139 05  00               303 		.byte		0
  0000013a 05  0000 0001        304 		.4byte		.L5784
  0000013e 05  0e               305 		.uleb128	14
  0000013f 05  01               306 		.byte		0x1
  00000140 05  01               307 		.byte		0x1
  00000141 05  0000 0000        308 		.4byte		.L5798
  00000145 05  0000 0000        309 		.4byte		.L5799
                                310 	.L5801:
  00000149 05  03               311 		.sleb128	3
  0000014a 05  0000 0001        312 		.4byte		.L5784
  0000014e 05  0e               313 		.uleb128	14
  0000014f 05  7469 6d65 7243   314 		.byte		"timerChannel"
  00000155 05  6861 6e6e 656c       	
  0000015b 05  00               315 		.byte		0
  0000015c 05  0000 0000        316 		.4byte		.L5787
  00000160 05  02               317 		.sleb128	2
  00000161 05  90               318 		.byte		0x90
  00000162 05  1f               319 		.uleb128	31
                                320 		.section	.text_vle,,c
  00000075 03  0303 2a          321 	        .d2line         15
                                322 	.L5798:
  00000060 00  1821 06f0        323 		e_stwu		r1,-16(r1)
  0000005c 02  410e 10          324 		.d2_cfa_def_cfa_offset	16
  00000064 00  0080             325 		se_mflr		r0,lr
                                326 	#$$br
  00000066 00  1bc1 0908        327 		e_stmw		r30,8(r1)
  0000005f 02  419e 029f 01     328 		.d2_cfa_offset_list	30,31,2,-1
                                329 	#$$er
  0000006a 00  d501             330 		se_stw		r0,20(r1)
  00000064 02  116c 7f          331 		.d2_cfa_offset    108,-1
                                332 	#$$ee
  00000078 03  0206 0a          333 		.d2prologue_end
  0000006c 00  013f             334 		se_mr		r31,r3
  0000007b 03  14               335 	        .d2line         17
  0000006e 00  77fe 2537        336 		e_rlwinm		r30,r31,4,20,27
  00000072 00  70d8 e3ff        337 		e_lis		r6,50175
  00000076 00  70c0 c108        338 		e_ori		r6,264
  0000007a 00  046e             339 		se_add		r30,r6
  0000007c 00  c07e             340 		se_lwz		r7,0(r30)
                                341 	#$$vo
  0000007e 00  61f7             342 		se_bclri		r7,31
  00000080 00  d07e             343 		se_stw		r7,0(r30)
                                344 	#$$vo
  0000007c 03  38               345 	        .d2line         19
                                346 	#$$be
  0000007d 03  0200 0b01        347 		.d2epilogue_begin
                                348 	#$$br
  00000082 00  1bc1 0808        349 		e_lmw		r30,8(r1)
                                350 	#$$er
  00000086 00  c501             351 		se_lwz		r0,20(r1)
  00000088 00  0090             352 		se_mtlr		r0
  0000008a 00  20f1             353 		se_addi		r1,16
                                354 	#$$tl 0x0 0x0 0x0
  0000008c 00  0004             355 		se_blr
                                356 	#$$ef
                                357 		.d2_cfa_end 2
                                358 		.section	.debug_info,,n
  00000163 05  00               359 		.sleb128	0
                                360 	.L5797:
                                361 		.section	.text_vle,,c
                                362 	.L5799:
                                363 		.type		PIT_StopTimer,@function
                                364 		.size		PIT_StopTimer,.-PIT_StopTimer
                                365 	# Number of nodes = 12
                                366 	
                                367 	# Allocations for PIT_StopTimer
                                368 	#	r31		timerChannel
                                369 	#	r30		$$2
                                370 	
                                371 	#$$bf
                                372 		.align		2
                                373 		.globl		PITInit
  00000068 02  0000 0038 0000   374 		.d2_cfa_start __local_cie
  0000006e 02  0000 0000 0000       	
  00000074 02  0000 00be            	
                                375 	PITInit:
                                376 		.section	.debug_abbrev,,n
  00000039 04  04               377 		.uleb128	4
  0000003a 04  2e               378 		.uleb128	46
  0000003b 04  01               379 		.byte		0x1
  0000003c 04  01               380 		.uleb128	1
  0000003d 04  13               381 		.uleb128	19
  0000003e 04  03               382 		.uleb128	3
  0000003f 04  08               383 		.uleb128	8
  00000040 04  3a               384 		.uleb128	58
  00000041 04  06               385 		.uleb128	6
  00000042 04  3b               386 		.uleb128	59
  00000043 04  0f               387 		.uleb128	15
  00000044 04  3f               388 		.uleb128	63
  00000045 04  0c               389 		.uleb128	12
  00000046 04  11               390 		.uleb128	17
  00000047 04  01               391 		.uleb128	1
  00000048 04  12               392 		.uleb128	18
  00000049 04  01               393 		.uleb128	1
  0000004a 04  00               394 		.uleb128	0
  0000004b 04  00               395 		.uleb128	0
                                396 		.section	.debug_info,,n
                                397 	.L5806:
  00000164 05  04               398 		.sleb128	4
  00000165 05  0000 0180        399 		.4byte		.L5803-.L2
  00000169 05  5049 5449 6e69   400 		.byte		"PITInit"
  0000016f 05  74                   	
  00000170 05  00               401 		.byte		0
  00000171 05  0000 0001        402 		.4byte		.L5784
  00000175 05  15               403 		.uleb128	21
  00000176 05  01               404 		.byte		0x1
  00000177 05  0000 0000        405 		.4byte		.L5804
  0000017b 05  0000 0000        406 		.4byte		.L5805
                                407 		.section	.text_vle,,c
  00000081 03  0303 2a          408 	        .d2line         22
                                409 	.L5804:
  00000090 00  1821 06b0        410 		e_stwu		r1,-80(r1)
  00000078 02  410e 50          411 		.d2_cfa_def_cfa_offset	80
  00000094 00  0080             412 		se_mflr		r0,lr
                                413 	#$$br
  00000096 00  19c1 0908        414 		e_stmw		r14,8(r1)
  0000007b 02  418e 128f 1190   415 		.d2_cfa_offset_list	14,31,18,-1
  00000081 02  1091 0f92 0e93       	
  00000087 02  0d94 0c95 0b96       	
  0000008d 02  0a97 0998 0899       	
  00000093 02  079a 069b 059c       	
  00000099 02  049d                 	
                                416 	#$$er
  0000009a 00  5401 0054        417 		e_stw		r0,84(r1)
  000000a0 02  4111 6c7f        418 		.d2_cfa_offset    108,-1
                                419 	#$$ee
  00000084 03  0207 0a          420 		.d2prologue_end
  0000009e 00  73f8 e3ff        421 		e_lis		r31,50175
  000000a2 00  02fd             422 		se_mtar		r21,r31
  00000087 03  1c               423 	        .d2line         24
  000000a4 00  50d5 0000        424 		e_lwz		r6,0(r21)
                                425 	#$$vo
  000000a8 00  61e6             426 		se_bclri		r6,30
  000000aa 00  54d5 0000        427 		e_stw		r6,0(r21)
                                428 	#$$vo
  000000ae 00  73d8 e3ff        429 		e_lis		r30,50175
  000000b2 00  02ec             430 		se_mtar		r20,r30
  00000088 03  30               431 	        .d2line         26
  000000b4 00  50d4 0000        432 		e_lwz		r6,0(r20)
                                433 	#$$vo
  000000b8 00  61f6             434 		se_bclri		r6,31
  000000ba 00  54d4 0000        435 		e_stw		r6,0(r20)
                                436 	#$$vo
  000000be 00  73b8 e3ff        437 		e_lis		r29,50175
  00000089 03  2c               438 	        .d2line         28
  000000c2 00  4806             439 		se_li		r6,0
  000000c4 00  54dd 0100        440 		e_stw		r6,256(r29)
                                441 	#$$vo
  000000c8 00  7398 e3ff        442 		e_lis		r28,50175
  0000008a 03  24               443 	        .d2line         30
  000000cc 00  1e7c 010c        444 		e_add16i	r19,r28,268
  000000d0 00  50f3 0000        445 		e_lwz		r7,0(r19)
                                446 	#$$vo
  000000d4 00  65f7             447 		se_bseti		r7,31
  000000d6 00  54f3 0000        448 		e_stw		r7,0(r19)
                                449 	#$$vo
  000000da 00  7378 e3ff        450 		e_lis		r27,50175
  0000008b 03  34               451 	        .d2line         32
  000000de 00  1e5b 0108        452 		e_add16i	r18,r27,264
  000000e2 00  50d2 0000        453 		e_lwz		r6,0(r18)
                                454 	#$$vo
  000000e6 00  65e6             455 		se_bseti		r6,30
  000000e8 00  54d2 0000        456 		e_stw		r6,0(r18)
                                457 	#$$vo
  000000ec 00  7358 e3ff        458 		e_lis		r26,50175
  0000008c 03  34               459 	        .d2line         34
  000000f0 00  1e3a 0108        460 		e_add16i	r17,r26,264
  000000f4 00  50f1 0000        461 		e_lwz		r7,0(r17)
                                462 	#$$vo
  000000f8 00  61f7             463 		se_bclri		r7,31
  000000fa 00  54f1 0000        464 		e_stw		r7,0(r17)
                                465 	#$$vo
  000000fe 00  7338 e3ff        466 		e_lis		r25,50175
  0000008d 03  0303 32          467 	        .d2line         37
  00000102 00  4807             468 		se_li		r7,0
  00000104 00  54f9 0110        469 		e_stw		r7,272(r25)
                                470 	#$$vo
  00000108 00  7318 e3ff        471 		e_lis		r24,50175
  00000090 03  24               472 	        .d2line         39
  0000010c 00  1e18 011c        473 		e_add16i	r16,r24,284
  00000110 00  50d0 0000        474 		e_lwz		r6,0(r16)
                                475 	#$$vo
  00000114 00  65f6             476 		se_bseti		r6,31
  00000116 00  54d0 0000        477 		e_stw		r6,0(r16)
                                478 	#$$vo
  0000011a 00  72f8 e3ff        479 		e_lis		r23,50175
  00000091 03  34               480 	        .d2line         41
  0000011e 00  1df7 0118        481 		e_add16i	r15,r23,280
  00000122 00  50ef 0000        482 		e_lwz		r7,0(r15)
                                483 	#$$vo
  00000126 00  65e7             484 		se_bseti		r7,30
  00000128 00  54ef 0000        485 		e_stw		r7,0(r15)
                                486 	#$$vo
  0000012c 00  72d8 e3ff        487 		e_lis		r22,50175
  00000092 03  34               488 	        .d2line         43
  00000130 00  1dd6 0118        489 		e_add16i	r14,r22,280
  00000134 00  50ce 0000        490 		e_lwz		r6,0(r14)
                                491 	#$$vo
  00000138 00  61f6             492 		se_bclri		r6,31
  0000013a 00  54ce 0000        493 		e_stw		r6,0(r14)
                                494 	#$$vo
  00000093 03  2b               495 	        .d2line         44
                                496 	#$$be
  00000094 03  0200 0b01        497 		.d2epilogue_begin
                                498 	#$$br
  0000013e 00  19c1 0808        499 		e_lmw		r14,8(r1)
                                500 	#$$er
  00000142 00  5001 0054        501 		e_lwz		r0,84(r1)
  00000146 00  0090             502 		se_mtlr		r0
  00000148 00  1821 8050        503 		e_addi		r1,r1,80
                                504 	#$$tl 0x0 0x0 0x0
  0000014c 00  0004             505 		se_blr
                                506 	#$$ef
                                507 		.d2_cfa_end 2
                                508 		.section	.debug_info,,n
  0000017f 05  00               509 		.sleb128	0
                                510 	.L5803:
                                511 		.section	.text_vle,,c
                                512 	.L5805:
                                513 		.type		PITInit,@function
                                514 		.size		PITInit,.-PITInit
                                515 	# Number of nodes = 48
                                516 	
                                517 	# Allocations for PITInit
                                518 	#	r31		$$3
                                519 	#	r30		$$4
                                520 	#	r29		$$5
                                521 	#	r28		$$6
                                522 	#	r27		$$7
                                523 	#	r26		$$8
                                524 	#	r25		$$9
                                525 	#	r24		$$10
                                526 	#	r23		$$11
                                527 	#	r22		$$12
                                528 	#	r21		$$13
                                529 	#	r20		$$14
                                530 	#	r19		$$15
                                531 	#	r18		$$16
                                532 	#	r17		$$17
                                533 	#	r16		$$18
                                534 	#	r15		$$19
                                535 	#	r14		$$20
                                536 	
                                537 	# Allocations for module
                                538 		.section	.debug_abbrev,,n
  0000004c 04  05               539 		.uleb128	5
  0000004d 04  24               540 		.uleb128	36
  0000004e 04  00               541 		.byte		0x0
  0000004f 04  03               542 		.uleb128	3
  00000050 04  08               543 		.uleb128	8
  00000051 04  3e               544 		.uleb128	62
  00000052 04  0b               545 		.uleb128	11
  00000053 04  0b               546 		.uleb128	11
  00000054 04  0b               547 		.uleb128	11
  00000055 04  00               548 		.uleb128	0
  00000056 04  00               549 		.uleb128	0
                                550 		.section	.debug_info,,n
                                551 	.L5787:
  00000180 05  05               552 		.sleb128	5
  00000181 05  756e 7369 676e   553 		.byte		"unsigned char"
  00000187 05  6564 2063 6861       	
  0000018d 05  72                   	
  0000018e 05  00               554 		.byte		0
  0000018f 05  08               555 		.byte		0x8
  00000190 05  01               556 		.byte		0x1
                                557 	.L5789:
  00000191 05  05               558 		.sleb128	5
  00000192 05  756e 7369 676e   559 		.byte		"unsigned int"
  00000198 05  6564 2069 6e74       	
  0000019e 05  00               560 		.byte		0
  0000019f 05  07               561 		.byte		0x7
  000001a0 05  04               562 		.byte		0x4
                                563 	.L7:
  000001a1 05  00               564 		.sleb128	0
                                565 	.L3:
                                566 		.section	.text_vle,,c
                                567 	.L5:
                                568 	.L5784:	.d2filenum "C:\\Users\\ahhas\\Downloads\\Unit3_4\\src\\pit.c"
  00000098 03  0005 0200 0000   569 		.d2_line_end
  0000009e 03  0000 0101            	
                                570 		.section	.debug_abbrev,,n
  00000057 04  00               571 		.sleb128	0
