                                  1 	#$$m2		- PowerPC mnemonics
                                  2 	#$$pVLE		- PowerPC VLE encoding
                                  3 	#$$oPPC5534  - Optimized for PPC5534
                                  4 	#$$ko 9		- Reorder info
                                  5 		.file		"api.c"
                                  6 	#$$eb
                                  7 	#$$sz 0
                                  8 	#$$fp 0
                                  9 		.section	.PPC.EMB.apuinfo,,@note
  00000000 01  0000 0008         10 		.4byte		8
  00000004 01  0000 0004         11 		.4byte		4
  00000008 01  0000 0002         12 		.4byte		2
  0000000c 01  4150 5569 6e66    13 		.byte		"APUinfo"
  00000012 01  6f                   	
  00000013 01  00                14 		.byte		0
                                 15 		.align		2
  00000014 01  0104 0001         16 		.4byte		0x01040001
                                 17 		.section	.text_vle,,c
                                 18 		.section	.debug_frame,,n
                                 19 	__local_cie: 
  00000000 02  0000 0010         20 		.word	.LE-.LS
                                 21 	.LS:
  00000004 02  ffff ffff         22 		.word	-1
  00000008 02  01                23 		.byte	1
  00000009 02  00                24 		.byte	0
  0000000a 02  04                25 		.uleb128	4
  0000000b 02  7c                26 		.sleb128	-4
  0000000c 02  6c                27 		.byte	108
  0000000d 02  0c                28 		.byte	0x0c
  0000000e 02  01                29 		.byte	1
  0000000f 02  00                30 		.byte	0
  00000010 02  08                31 		.byte	8
  00000011 02  6c                32 		.byte	108
                                 33 		.fill           (.LS-.)&3
                                 34 	.LE:
                                 35 		.section	.debug_line,,n
                                 36 	.L8:
                                 37 		.section	.text_vle,,c
                                 38 	.L4:
  00000000 00                    39 		.0byte		.L2
  00000000 03  0000 015c 0002    40 		.d2_line_start	.debug_line
  00000006 03  0000 0013 0201       	
  0000000c 03  ff04 0d00 0101       	
  00000012 03  0101 0000 0001       	
  00000018 03  0000 0100 00         	
                                 41 		.section	.debug_abbrev,,n
                                 42 	.L9:
                                 43 		.section	.debug_info,,n
                                 44 	.L2:
  00000000 05  0000 01f2         45 		.4byte		.L3-.L1
                                 46 	.L1:
  00000004 05  0002              47 		.2byte		0x2
  00000006 05  0000 0000         48 		.4byte		.L9
  0000000a 05  04                49 		.byte		0x4
                                 50 		.section	.debug_abbrev,,n
  00000000 04  01                51 		.uleb128	1
  00000001 04  11                52 		.uleb128	17
  00000002 04  01                53 		.byte		0x1
  00000003 04  01                54 		.uleb128	1
  00000004 04  13                55 		.uleb128	19
  00000005 04  03                56 		.uleb128	3
  00000006 04  08                57 		.uleb128	8
  00000007 04  25                58 		.uleb128	37
  00000008 04  08                59 		.uleb128	8
  00000009 04  1b                60 		.uleb128	27
  0000000a 04  08                61 		.uleb128	8
  0000000b 04  13                62 		.uleb128	19
  0000000c 04  0f                63 		.uleb128	15
  0000000d 04  11                64 		.uleb128	17
  0000000e 04  01                65 		.uleb128	1
  0000000f 04  12                66 		.uleb128	18
  00000010 04  01                67 		.uleb128	1
  00000011 04  10                68 		.uleb128	16
  00000012 04  06                69 		.uleb128	6
  00000013 04  00                70 		.uleb128	0
  00000014 04  00                71 		.uleb128	0
                                 72 		.section	.debug_info,,n
  0000000b 05  01                73 		.sleb128	1
  0000000c 05  0000 01f5         74 		.4byte		.L7-.L2
  00000010 05  433a 5c55 7365    75 		.byte		"C:\\Users\\venr\\Downloads\\Unit2\\Unit2 - Task 2.4\\src\\api.c"
  00000016 05  7273 5c76 656e       	
  0000001c 05  725c 446f 776e       	
  00000022 05  6c6f 6164 735c       	
  00000028 05  556e 6974 325c       	
  0000002e 05  556e                 	
  00000048 05  00                76 		.byte		0
  00000049 05  4469 6162 2044    77 		.byte		"Diab Data, Inc:dcc Rel 5.7.0.0:PPC5534"
  0000004f 05  6174 612c 2049       	
  00000055 05  6e63 3a64 6363       	
  0000005b 05  2052 656c 2035       	
  00000061 05  2e37 2e30 2e30       	
  00000067 05  3a50                 	
  0000006f 05  00                78 		.byte		0
  00000070 05  433a 5c55 7365    79 		.byte		"C:\\Users\\venr\\Downloads\\Unit2\\Unit2 - Task 2.4"
  00000076 05  7273 5c76 656e       	
  0000007c 05  725c 446f 776e       	
  00000082 05  6c6f 6164 735c       	
  00000088 05  556e 6974 325c       	
  0000008e 05  556e                 	
  0000009e 05  00                80 		.byte		0
  0000009f 05  01                81 		.uleb128	1
  000000a0 05  0000 0000         82 		.4byte		.L4
  000000a4 05  0000 0000         83 		.4byte		.L5
  000000a8 05  0000 0000         84 		.4byte		.L8
                                 85 		.section	.text_vle,,c
                                 86 	
                                 87 	#$$bf
                                 88 		.align		2
                                 89 		.globl		init_mode
  00000014 02  0000 000c 0000    90 		.d2_cfa_start __local_cie
  0000001a 02  0000 0000 0000       	
  00000020 02  0000 00f6            	
                                 91 	init_mode:
                                 92 		.section	.debug_abbrev,,n
  00000015 04  02                93 		.uleb128	2
  00000016 04  2e                94 		.uleb128	46
  00000017 04  01                95 		.byte		0x1
  00000018 04  01                96 		.uleb128	1
  00000019 04  13                97 		.uleb128	19
  0000001a 04  03                98 		.uleb128	3
  0000001b 04  08                99 		.uleb128	8
  0000001c 04  3a               100 		.uleb128	58
  0000001d 04  06               101 		.uleb128	6
  0000001e 04  3b               102 		.uleb128	59
  0000001f 04  0f               103 		.uleb128	15
  00000020 04  3f               104 		.uleb128	63
  00000021 04  0c               105 		.uleb128	12
  00000022 04  27               106 		.uleb128	39
  00000023 04  0c               107 		.uleb128	12
  00000024 04  11               108 		.uleb128	17
  00000025 04  01               109 		.uleb128	1
  00000026 04  12               110 		.uleb128	18
  00000027 04  01               111 		.uleb128	1
  00000028 04  00               112 		.uleb128	0
  00000029 04  00               113 		.uleb128	0
                                114 		.section	.debug_info,,n
                                115 	.L5812:
  000000ac 05  02               116 		.sleb128	2
  000000ad 05  0000 00cb        117 		.4byte		.L5808-.L2
  000000b1 05  696e 6974 5f6d   118 		.byte		"init_mode"
  000000b7 05  6f64 65              	
  000000ba 05  00               119 		.byte		0
  000000bb 05  0000 0001        120 		.4byte		.L5811
  000000bf 05  2d               121 		.uleb128	45
  000000c0 05  01               122 		.byte		0x1
  000000c1 05  01               123 		.byte		0x1
  000000c2 05  0000 0000        124 		.4byte		.L5809
  000000c6 05  0000 0000        125 		.4byte		.L5810
                                126 		.section	.text_vle,,c
  0000001d 03  0044 0343 3a5c   127 		.d2file		"C:\\Users\\venr\\Downloads\\Unit2\\Unit2 - Task 2.4\\src\\api.c"
  00000023 03  5c55 7365 7273       	
  00000029 03  5c5c 7665 6e72       	
  0000002f 03  5c5c 446f 776e       	
  00000035 03  6c6f 6164 735c       	
  0000003b 03  5c55                 	
  00000065 03  0005 0200 0000   128 	        .d2line         46
  0000006b 03  0003 2d0e            	
                                129 	.L5809:
                                130 	#$$ee
  0000006f 03  0200 0a          131 		.d2prologue_end
  00000000 00  7078 e3fd        132 		e_lis		r3,50173
  00000004 00  7078 c008        133 		e_or2i		r3,49160
  00000072 03  20               134 	        .d2line         48
  00000008 00  c063             135 		se_lwz		r6,0(r3)
                                136 	#$$vo
  0000000a 00  18c6 d010        137 		e_ori		r6,r6,16
  0000000e 00  d063             138 		se_stw		r6,0(r3)
                                139 	#$$vo
  00000073 03  1f               140 	        .d2line         49
  00000010 00  c073             141 		se_lwz		r7,0(r3)
                                142 	#$$vo
  00000012 00  18e7 d020        143 		e_ori		r7,r7,32
  00000016 00  d073             144 		se_stw		r7,0(r3)
                                145 	#$$vo
  00000018 00  7078 e3fd        146 		e_lis		r3,50173
  0000001c 00  7078 c02c        147 		e_or2i		r3,49196
  00000074 03  30               148 	        .d2line         51
  00000020 00  c073             149 		se_lwz		r7,0(r3)
                                150 	#$$vo
  00000022 00  18e7 d20c        151 		e_ori		r7,r7,786432
  00000026 00  d073             152 		se_stw		r7,0(r3)
                                153 	#$$vo
  00000075 03  1f               154 	        .d2line         52
  00000028 00  c063             155 		se_lwz		r6,0(r3)
                                156 	#$$vo
  0000002a 00  18c6 d203        157 		e_ori		r6,r6,196608
  0000002e 00  d063             158 		se_stw		r6,0(r3)
                                159 	#$$vo
  00000076 03  1f               160 	        .d2line         53
  00000030 00  c073             161 		se_lwz		r7,0(r3)
                                162 	#$$vo
  00000032 00  18e7 d020        163 		e_ori		r7,r7,32
  00000036 00  d073             164 		se_stw		r7,0(r3)
                                165 	#$$vo
  00000077 03  1f               166 	        .d2line         54
  00000038 00  c063             167 		se_lwz		r6,0(r3)
                                168 	#$$vo
  0000003a 00  74c6 0037        169 		e_rlwinm		r6,r6,0,0,27
  0000003e 00  18c6 d002        170 		e_ori		r6,r6,2
  00000042 00  d063             171 		se_stw		r6,0(r3)
                                172 	#$$vo
  00000044 00  7078 e3fd        173 		e_lis		r3,50173
  00000048 00  7078 c034        174 		e_or2i		r3,49204
  00000078 03  38               175 	        .d2line         56
  0000004c 00  c063             176 		se_lwz		r6,0(r3)
                                177 	#$$vo
  0000004e 00  18c6 d020        178 		e_ori		r6,r6,32
  00000052 00  d063             179 		se_stw		r6,0(r3)
                                180 	#$$vo
  00000079 03  1f               181 	        .d2line         57
  00000054 00  c073             182 		se_lwz		r7,0(r3)
                                183 	#$$vo
  00000056 00  74e7 0037        184 		e_rlwinm		r7,r7,0,0,27
  0000005a 00  18e7 d002        185 		e_ori		r7,r7,2
  0000005e 00  d073             186 		se_stw		r7,0(r3)
                                187 	#$$vo
  00000060 00  7078 e3fd        188 		e_lis		r3,50173
  00000064 00  7078 c030        189 		e_or2i		r3,49200
  0000007a 03  38               190 	        .d2line         59
  00000068 00  c073             191 		se_lwz		r7,0(r3)
                                192 	#$$vo
  0000006a 00  6087             193 		se_bclri		r7,8
  0000006c 00  d073             194 		se_stw		r7,0(r3)
                                195 	#$$vo
  0000007b 03  1b               196 	        .d2line         60
  0000006e 00  c063             197 		se_lwz		r6,0(r3)
                                198 	#$$vo
  00000070 00  18c6 d20c        199 		e_ori		r6,r6,786432
  00000074 00  d063             200 		se_stw		r6,0(r3)
                                201 	#$$vo
  0000007c 03  1f               202 	        .d2line         61
  00000076 00  c073             203 		se_lwz		r7,0(r3)
                                204 	#$$vo
  00000078 00  18e7 d203        205 		e_ori		r7,r7,196608
  0000007c 00  d073             206 		se_stw		r7,0(r3)
                                207 	#$$vo
  0000007d 03  1f               208 	        .d2line         62
  0000007e 00  c063             209 		se_lwz		r6,0(r3)
                                210 	#$$vo
  00000080 00  61a6             211 		se_bclri		r6,26
  00000082 00  d063             212 		se_stw		r6,0(r3)
                                213 	#$$vo
  0000007e 03  1b               214 	        .d2line         63
  00000084 00  c073             215 		se_lwz		r7,0(r3)
                                216 	#$$vo
  00000086 00  74e7 0037        217 		e_rlwinm		r7,r7,0,0,27
  0000008a 00  18e7 d002        218 		e_ori		r7,r7,2
  0000008e 00  d073             219 		se_stw		r7,0(r3)
                                220 	#$$vo
  00000090 00  7078 e3fd        221 		e_lis		r3,50173
  00000094 00  7078 c010        222 		e_or2i		r3,49168
  0000007f 03  38               223 	        .d2line         65
  00000098 00  c073             224 		se_lwz		r7,0(r3)
                                225 	#$$vo
  0000009a 00  18e7 d008        226 		e_ori		r7,r7,8
  0000009e 00  d073             227 		se_stw		r7,0(r3)
                                228 	#$$vo
  00000080 03  1f               229 	        .d2line         66
  000000a0 00  c063             230 		se_lwz		r6,0(r3)
                                231 	#$$vo
  000000a2 00  18c6 d004        232 		e_ori		r6,r6,4
  000000a6 00  d063             233 		se_stw		r6,0(r3)
                                234 	#$$vo
  00000081 03  1f               235 	        .d2line         67
  000000a8 00  c073             236 		se_lwz		r7,0(r3)
                                237 	#$$vo
  000000aa 00  18e7 d002        238 		e_ori		r7,r7,2
  000000ae 00  d073             239 		se_stw		r7,0(r3)
                                240 	#$$vo
  00000082 03  1f               241 	        .d2line         68
  000000b0 00  c063             242 		se_lwz		r6,0(r3)
                                243 	#$$vo
  000000b2 00  18c6 d001        244 		e_ori		r6,r6,1
  000000b6 00  d063             245 		se_stw		r6,0(r3)
                                246 	#$$vo
  00000083 03  0303 1e          247 	        .d2line         71
  000000b8 00  70f8 e3fe        248 		e_lis		r7,-15362
  000000bc 00  70c0 00fe        249 		e_li		r6,254
  000000c0 00  54c7 c080        250 		e_stw		r6,-16256(r7)
                                251 	#$$vo
  000000c4 00  7078 e3fd        252 		e_lis		r3,50173
  000000c8 00  7078 c0a0        253 		e_or2i		r3,49312
  00000086 03  37               254 	        .d2line         72
  000000cc 00  c063             255 		se_lwz		r6,0(r3)
                                256 	#$$vo
  000000ce 00  18c6 d104        257 		e_ori		r6,r6,1024
  000000d2 00  d063             258 		se_stw		r6,0(r3)
                                259 	#$$vo
  00000087 03  1f               260 	        .d2line         73
  000000d4 00  c073             261 		se_lwz		r7,0(r3)
                                262 	#$$vo
  000000d6 00  18e7 d101        263 		e_ori		r7,r7,256
  000000da 00  d073             264 		se_stw		r7,0(r3)
                                265 	#$$vo
  000000dc 00  7078 e3fd        266 		e_lis		r3,50173
  000000e0 00  7078 c004        267 		e_or2i		r3,49156
  00000088 03  2f               268 	        .d2line         74
  000000e4 00  6217             269 		se_geni		r7,1
  000000e6 00  70eb c2f0        270 		e_or2i		r7,23280
  000000ea 00  d073             271 		se_stw		r7,0(r3)
                                272 	#$$vo
  00000089 03  1f               273 	        .d2line         75
  000000ec 00  6216             274 		se_geni		r6,1
  000000ee 00  70d4 c50f        275 		e_or2i		r6,42255
  000000f2 00  d063             276 		se_stw		r6,0(r3)
                                277 	#$$vo
  0000008a 03  20               278 	        .d2line         77
                                279 	#$$be
  0000008b 03  0200 0b01        280 		.d2epilogue_begin
                                281 	#$$tl 0x0 0x0 0x0
  000000f4 00  0004             282 		se_blr
                                283 	#$$ef
                                284 		.d2_cfa_end 2
                                285 		.section	.debug_info,,n
  000000ca 05  00               286 		.sleb128	0
                                287 	.L5808:
                                288 		.section	.text_vle,,c
                                289 	.L5810:
                                290 		.type		init_mode,@function
                                291 		.size		init_mode,.-init_mode
                                292 	# Number of nodes = 107
                                293 	
                                294 	# Allocations for init_mode
                                295 	#	not allocated	$$1
                                296 	#	not allocated	$$2
                                297 	#	not allocated	$$3
                                298 	#	not allocated	$$4
                                299 	#	not allocated	$$5
                                300 	#	not allocated	$$6
                                301 	#	not allocated	$$7
                                302 	#	not allocated	$$8
                                303 	#	not allocated	$$9
                                304 	#	not allocated	$$10
                                305 	#	not allocated	$$11
                                306 	#	not allocated	$$12
                                307 	#	not allocated	$$13
                                308 	#	not allocated	$$14
                                309 	#	not allocated	$$15
                                310 	#	not allocated	$$16
                                311 	#	not allocated	$$17
                                312 	#	not allocated	$$18
                                313 	#	not allocated	$$19
                                314 	#	not allocated	$$20
                                315 	#	not allocated	$$21
                                316 	#	not allocated	$$22
                                317 	#	not allocated	$$23
                                318 	#	not allocated	$$24
                                319 	#	not allocated	$$25
                                320 	#	not allocated	$$26
                                321 	#	not allocated	$$27
                                322 	#	not allocated	$$28
                                323 	#	not allocated	$$29
                                324 	#	not allocated	$$30
                                325 	#	not allocated	$$31
                                326 	#	not allocated	$$32
                                327 	#	not allocated	$$33
                                328 	#	not allocated	$$34
                                329 	#	not allocated	$$35
                                330 	#	not allocated	$$36
                                331 	#	not allocated	$$37
                                332 	#	not allocated	$$38
                                333 	#	not allocated	$$39
                                334 	#	not allocated	$$40
                                335 	#	not allocated	$$41
                                336 	#	not allocated	$$42
                                337 	#	r3		$$43
                                338 	#	r3		$$44
                                339 	#	r3		$$45
                                340 	#	r3		$$46
                                341 	#	r3		$$47
                                342 	#	r3		$$48
                                343 	#	r3		$$49
                                344 	
                                345 	#$$bf
                                346 		.align		2
                                347 		.globl		init_flexcan
  00000024 02  0000 0020 0000   348 		.d2_cfa_start __local_cie
  0000002a 02  0000 0000 0000       	
  00000030 02  0000 0170            	
                                349 	init_flexcan:
                                350 		.section	.debug_info,,n
                                351 	.L5820:
  000000cb 05  02               352 		.sleb128	2
  000000cc 05  0000 00fc        353 		.4byte		.L5817-.L2
  000000d0 05  696e 6974 5f66   354 		.byte		"init_flexcan"
  000000d6 05  6c65 7863 616e       	
  000000dc 05  00               355 		.byte		0
  000000dd 05  0000 0001        356 		.4byte		.L5811
  000000e1 05  4f               357 		.uleb128	79
  000000e2 05  01               358 		.byte		0x1
  000000e3 05  01               359 		.byte		0x1
  000000e4 05  0000 0000        360 		.4byte		.L5818
  000000e8 05  0000 0000        361 		.4byte		.L5819
                                362 		.section	.debug_abbrev,,n
  0000002a 04  03               363 		.uleb128	3
  0000002b 04  34               364 		.uleb128	52
  0000002c 04  00               365 		.byte		0x0
  0000002d 04  3a               366 		.uleb128	58
  0000002e 04  06               367 		.uleb128	6
  0000002f 04  3b               368 		.uleb128	59
  00000030 04  0f               369 		.uleb128	15
  00000031 04  03               370 		.uleb128	3
  00000032 04  08               371 		.uleb128	8
  00000033 04  49               372 		.uleb128	73
  00000034 04  10               373 		.uleb128	16
  00000035 04  02               374 		.uleb128	2
  00000036 04  09               375 		.uleb128	9
  00000037 04  00               376 		.uleb128	0
  00000038 04  00               377 		.uleb128	0
                                378 		.section	.debug_info,,n
                                379 	.L5821:
  000000ec 05  03               380 		.sleb128	3
  000000ed 05  0000 0001        381 		.4byte		.L5811
  000000f1 05  51               382 		.uleb128	81
  000000f2 05  69               383 		.byte		"i"
  000000f3 05  00               384 		.byte		0
  000000f4 05  0000 0000        385 		.4byte		.L5822
  000000f8 05  02               386 		.sleb128	2
  000000f9 05  90               387 		.byte		0x90
  000000fa 05  1e               388 		.uleb128	30
                                389 		.section	.text_vle,,c
  0000008f 03  0303 16          390 	        .d2line         80
                                391 	.L5818:
  000000f8 00  1821 06e0        392 		e_stwu		r1,-32(r1)
  00000034 02  410e 20          393 		.d2_cfa_def_cfa_offset	32
  000000fc 00  0080             394 		se_mflr		r0,lr
                                395 	#$$br
  000000fe 00  1b61 090c        396 		e_stmw		r27,12(r1)
  00000037 02  419b 059c 049d   397 		.d2_cfa_offset_list	27,31,5,-1
  0000003d 02  039e 029f 01         	
                                398 	#$$er
  00000102 00  d901             399 		se_stw		r0,36(r1)
  00000042 02  116c 7f          400 		.d2_cfa_offset    108,-1
                                401 	#$$ee
  00000092 03  0206 0a          402 		.d2prologue_end
  00000095 03  0303 0e          403 	        .d2line         83
  00000104 00  480e             404 		se_li		r30,0
  00000106 00  7381 607c        405 		e_li		r28,-259972
  0000010a 00  01e3             406 		se_mr		r3,r30
  0000010c 00  7360 6080        407 		e_li		r27,-262016
  00000110 00  01b4             408 		se_mr		r4,r27
  00000112 00  70a0 6084        409 		e_li		r5,-262012
                                410 	.L5813:
  00000116 00  77dd 2037        411 		e_rlwinm		r29,r30,4,0,27
  00000098 03  3c               412 	        .d2line         85
  0000011a 00  7ffd 2a14        413 		add		r31,r29,r5
  0000011e 00  c07f             414 		se_lwz		r7,0(r31)
                                415 	#$$vo
  00000120 00  74e7 0385        416 		e_rlwinm		r7,r7,0,14,2
  00000124 00  d07f             417 		se_stw		r7,0(r31)
                                418 	#$$vo
  00000126 00  7ffd 2214        419 		add		r31,r29,r4
  00000099 03  2f               420 	        .d2line         86
  0000012a 00  c07f             421 		se_lwz		r7,0(r31)
                                422 	#$$vo
  0000012c 00  74e7 0207        423 		e_rlwinm		r7,r7,0,8,3
  00000130 00  d07f             424 		se_stw		r7,0(r31)
                                425 	#$$vo
  0000009a 03  1f               426 	        .d2line         87
  00000132 00  c06f             427 		se_lwz		r6,0(r31)
                                428 	#$$vo
  00000134 00  6096             429 		se_bclri		r6,9
  00000136 00  d06f             430 		se_stw		r6,0(r31)
                                431 	#$$vo
  0000009b 03  1b               432 	        .d2line         88
  00000138 00  c07f             433 		se_lwz		r7,0(r31)
                                434 	#$$vo
  0000013a 00  60a7             435 		se_bclri		r7,10
  0000013c 00  d07f             436 		se_stw		r7,0(r31)
                                437 	#$$vo
  0000009c 03  1b               438 	        .d2line         89
  0000013e 00  c06f             439 		se_lwz		r6,0(r31)
                                440 	#$$vo
  00000140 00  60b6             441 		se_bclri		r6,11
  00000142 00  d06f             442 		se_stw		r6,0(r31)
                                443 	#$$vo
  0000009d 03  1b               444 	        .d2line         90
  00000144 00  187c 0604        445 		e_stwu		r3,4(r28)
                                446 	#$$vo
  0000009e 03  0379 16          447 	        .d2line         83
  00000148 00  200e             448 		se_addi		r30,1
  0000014a 00  181e a820        449 		cmpi		0,0,r30,32
  0000014e 00  e4e4             450 		bc		1,0,.L5813
  00000150 00  73c0 6000        451 		e_li		r30,-262144
  00000154 00  480d             452 		se_li		r29,0
  000000a1 03  030a 2a          453 	        .d2line         93
  00000156 00  70ff e7fc        454 		e_lis		r7,-4
  0000015a 00  d4d7             455 		se_stw		r29,16(r7)
                                456 	#$$vo
  000000a4 03  1b               457 	        .d2line         94
  0000015c 00  d5d7             458 		se_stw		r29,20(r7)
                                459 	#$$vo
  000000a5 03  13               460 	        .d2line         95
  0000015e 00  d6d7             461 		se_stw		r29,24(r7)
                                462 	#$$vo
  00000160 00  73a0 6004        463 		e_li		r29,-262140
  000000a6 03  1c               464 	        .d2line         97
  00000164 00  c07d             465 		se_lwz		r7,0(r29)
                                466 	#$$vo
  00000166 00  18e7 d120        467 		e_ori		r7,r7,8192
  0000016a 00  d07d             468 		se_stw		r7,0(r29)
                                469 	#$$vo
  000000a7 03  1f               470 	        .d2line         98
  0000016c 00  c06d             471 		se_lwz		r6,0(r29)
                                472 	#$$vo
  0000016e 00  18c6 d180        473 		e_ori		r6,r6,32768
  00000172 00  d06d             474 		se_stw		r6,0(r29)
                                475 	#$$vo
  000000a8 03  1f               476 	        .d2line         99
  00000174 00  c07d             477 		se_lwz		r7,0(r29)
                                478 	#$$vo
  00000176 00  18e7 d140        479 		e_ori		r7,r7,16384
  0000017a 00  d07d             480 		se_stw		r7,0(r29)
                                481 	#$$vo
  000000a9 03  1f               482 	        .d2line         100
  0000017c 00  c06d             483 		se_lwz		r6,0(r29)
                                484 	#$$vo
  0000017e 00  6136             485 		se_bclri		r6,19
  00000180 00  d06d             486 		se_stw		r6,0(r29)
                                487 	#$$vo
  000000aa 03  1b               488 	        .d2line         101
  00000182 00  c07d             489 		se_lwz		r7,0(r29)
                                490 	#$$vo
  00000184 00  61b7             491 		se_bclri		r7,27
  00000186 00  d07d             492 		se_stw		r7,0(r29)
                                493 	#$$vo
  000000ab 03  0304 1a          494 	        .d2line         105
  00000188 00  c06d             495 		se_lwz		r6,0(r29)
                                496 	#$$vo
  0000018a 00  74c6 023f        497 		e_rlwinm		r6,r6,0,8,31
  0000018e 00  18c6 d30f        498 		e_ori		r6,r6,251658240
  00000192 00  d06d             499 		se_stw		r6,0(r29)
                                500 	#$$vo
  000000ae 03  27               501 	        .d2line         106
  00000194 00  c07d             502 		se_lwz		r7,0(r29)
                                503 	#$$vo
  00000196 00  74e7 028f        504 		e_rlwinm		r7,r7,0,10,7
  0000019a 00  d07d             505 		se_stw		r7,0(r29)
                                506 	#$$vo
  000000af 03  1f               507 	        .d2line         107
  0000019c 00  c06d             508 		se_lwz		r6,0(r29)
                                509 	#$$vo
  0000019e 00  74c6 0039        510 		e_rlwinm		r6,r6,0,0,28
  000001a2 00  18c6 d002        511 		e_ori		r6,r6,2
  000001a6 00  d06d             512 		se_stw		r6,0(r29)
                                513 	#$$vo
  000000b0 03  27               514 	        .d2line         108
  000001a8 00  c07d             515 		se_lwz		r7,0(r29)
                                516 	#$$vo
  000001aa 00  74e7 0353        517 		e_rlwinm		r7,r7,0,13,9
  000001ae 00  18e7 d208        518 		e_ori		r7,r7,524288
  000001b2 00  d07d             519 		se_stw		r7,0(r29)
                                520 	#$$vo
  000000b1 03  27               521 	        .d2line         109
  000001b4 00  c06d             522 		se_lwz		r6,0(r29)
                                523 	#$$vo
  000001b6 00  74c6 0419        524 		e_rlwinm		r6,r6,0,16,12
  000001ba 00  18c6 d201        525 		e_ori		r6,r6,65536
  000001be 00  d06d             526 		se_stw		r6,0(r29)
                                527 	#$$vo
  000000b2 03  0303 26          528 	        .d2line         112
  000001c0 00  c07d             529 		se_lwz		r7,0(r29)
                                530 	#$$vo
  000001c2 00  18e7 d108        531 		e_ori		r7,r7,2048
  000001c6 00  d07d             532 		se_stw		r7,0(r29)
                                533 	#$$vo
  000000b5 03  1f               534 	        .d2line         113
  000001c8 00  c06d             535 		se_lwz		r6,0(r29)
  000001ca 00  7380 6028        536 		e_li		r28,-262104
                                537 	#$$vo
  000001ce 00  18c6 d104        538 		e_ori		r6,r6,1024
  000001d2 00  d06d             539 		se_stw		r6,0(r29)
                                540 	#$$vo
  000001d4 00  2c0d             541 		se_bmaski		r29,0
  000000b6 03  2b               542 	        .d2line         114
  000001d6 00  d0dc             543 		se_stw		r29,0(r28)
                                544 	#$$vo
  000000b7 03  0303 12          545 	        .d2line         117
  000001d8 00  70ff e7fc        546 		e_lis		r7,-4
  000001dc 00  dcd7             547 		se_stw		r29,48(r7)
                                548 	#$$vo
  000000ba 03  1b               549 	        .d2line         118
  000001de 00  c06e             550 		se_lwz		r6,0(r30)
                                551 	#$$vo
  000001e0 00  6016             552 		se_bclri		r6,1
  000001e2 00  d06e             553 		se_stw		r6,0(r30)
                                554 	#$$vo
  000000bb 03  1b               555 	        .d2line         119
  000001e4 00  c07e             556 		se_lwz		r7,0(r30)
                                557 	#$$vo
  000001e6 00  6027             558 		se_bclri		r7,2
  000001e8 00  d07e             559 		se_stw		r7,0(r30)
                                560 	#$$vo
  000000bc 03  1b               561 	        .d2line         120
  000001ea 00  c06e             562 		se_lwz		r6,0(r30)
                                563 	#$$vo
  000001ec 00  6136             564 		se_bclri		r6,19
  000001ee 00  d06e             565 		se_stw		r6,0(r30)
                                566 	#$$vo
  000000bd 03  1b               567 	        .d2line         121
  000001f0 00  c07e             568 		se_lwz		r7,0(r30)
                                569 	#$$vo
  000001f2 00  6127             570 		se_bclri		r7,18
  000001f4 00  d07e             571 		se_stw		r7,0(r30)
                                572 	#$$vo
  000000be 03  1b               573 	        .d2line         122
  000001f6 00  c06e             574 		se_lwz		r6,0(r30)
                                575 	#$$vo
  000001f8 00  18c6 d202        576 		e_ori		r6,r6,131072
  000001fc 00  d06e             577 		se_stw		r6,0(r30)
                                578 	#$$vo
  000000bf 03  1f               579 	        .d2line         123
  000001fe 00  c07e             580 		se_lwz		r7,0(r30)
                                581 	#$$vo
  00000200 00  18e7 d220        582 		e_ori		r7,r7,2097152
  00000204 00  d07e             583 		se_stw		r7,0(r30)
                                584 	#$$vo
  000000c0 03  1f               585 	        .d2line         124
  00000206 00  c06e             586 		se_lwz		r6,0(r30)
                                587 	#$$vo
  00000208 00  18c6 d201        588 		e_ori		r6,r6,65536
  0000020c 00  d06e             589 		se_stw		r6,0(r30)
                                590 	#$$vo
  000000c1 03  1f               591 	        .d2line         125
  0000020e 00  c07e             592 		se_lwz		r7,0(r30)
                                593 	#$$vo
  00000210 00  74e7 0033        594 		e_rlwinm		r7,r7,0,0,25
  00000214 00  18e7 d014        595 		e_ori		r7,r7,20
  00000218 00  d07e             596 		se_stw		r7,0(r30)
                                597 	#$$vo
  000000c2 03  0303 26          598 	        .d2line         128
  0000021a 00  d0dc             599 		se_stw		r29,0(r28)
                                600 	#$$vo
  000000c5 03  13               601 	        .d2line         129
                                602 	#$$fn 0x1ff8 0 0 0x1
                                603 	#$$tl 0x0 0x0 0x0
                                604 	#$$rs 0
  0000021c 00  7800 0001        605 		bl		conf_can
  000000c6 03  18               606 	        .d2line         131
  00000220 00  c06e             607 		se_lwz		r6,0(r30)
                                608 	#$$vo
  00000222 00  6006             609 		se_bclri		r6,32
  00000224 00  d06e             610 		se_stw		r6,0(r30)
                                611 	#$$vo
  000000c7 03  1c               612 	        .d2line         133
  00000226 00  c07e             613 		se_lwz		r7,0(r30)
  00000228 00  01ed             614 		se_mr		r29,r30
                                615 	#$$vo
  0000022a 00  6037             616 		se_bclri		r7,3
  0000022c 00  d07e             617 		se_stw		r7,0(r30)
                                618 	#$$vo
                                619 	.L5783:
  000000c8 03  20               620 	        .d2line         135
  0000022e 00  c07d             621 		se_lwz		r7,0(r29)
                                622 	#$$vo
  00000230 00  66b7             623 		se_btsti		r7,11
  00000232 00  e2fe             624 		bc		0,2,.L5783
  00000234 00  73c0 6000        625 		e_li		r30,-262144
                                626 	.L5814:
  000000c9 03  23               627 	        .d2line         136
  00000238 00  c07e             628 		se_lwz		r7,0(r30)
                                629 	#$$vo
  0000023a 00  6677             630 		se_btsti		r7,7
  0000023c 00  e2fe             631 		bc		0,2,.L5814
  0000023e 00  73c0 6000        632 		e_li		r30,-262144
                                633 	.L5815:
  000000ca 03  23               634 	        .d2line         137
  00000242 00  c07e             635 		se_lwz		r7,0(r30)
                                636 	#$$vo
  00000244 00  6647             637 		se_btsti		r7,4
  00000246 00  e2fe             638 		bc		0,2,.L5815
  000000cb 03  0303 1a          639 	        .d2line         140
  00000248 00  c07b             640 		se_lwz		r7,0(r27)
                                641 	#$$vo
  0000024a 00  74e7 0207        642 		e_rlwinm		r7,r7,0,8,3
  0000024e 00  18e7 d304        643 		e_ori		r7,r7,67108864
  00000252 00  d07b             644 		se_stw		r7,0(r27)
                                645 	#$$vo
  000000ce 03  0303 26          646 	        .d2line         143
  00000254 00  70df e7fc        647 		e_lis		r6,-4
  00000258 00  2c07             648 		se_bmaski		r7,0
  0000025a 00  dc76             649 		se_stw		r7,48(r6)
                                650 	#$$vo
  000000d1 03  1f               651 	        .d2line         144
                                652 	#$$be
  000000d2 03  0200 0b01        653 		.d2epilogue_begin
                                654 	#$$br
                                655 	#$$er
  0000025c 00  c901             656 		se_lwz		r0,36(r1)
  0000025e 00  1b61 080c        657 		e_lmw		r27,12(r1)
  00000262 00  0090             658 		se_mtlr		r0
  00000264 00  21f1             659 		se_addi		r1,32
                                660 	#$$tl 0x0 0x0 0x0
  00000266 00  0004             661 		se_blr
                                662 	#$$ef
                                663 		.d2_cfa_end 2
                                664 		.section	.debug_info,,n
  000000fb 05  00               665 		.sleb128	0
                                666 	.L5817:
                                667 		.section	.text_vle,,c
                                668 	.L5819:
                                669 		.type		init_flexcan,@function
                                670 		.size		init_flexcan,.-init_flexcan
                                671 	# Number of nodes = 237
                                672 	
                                673 	# Allocations for init_flexcan
                                674 	#	r30		i
                                675 	#	not allocated	$$50
                                676 	#	not allocated	$$51
                                677 	#	not allocated	$$52
                                678 	#	not allocated	$$53
                                679 	#	not allocated	$$54
                                680 	#	not allocated	$$55
                                681 	#	not allocated	$$56
                                682 	#	not allocated	$$57
                                683 	#	not allocated	$$58
                                684 	#	not allocated	$$59
                                685 	#	not allocated	$$60
                                686 	#	not allocated	$$61
                                687 	#	not allocated	$$62
                                688 	#	not allocated	$$63
                                689 	#	not allocated	$$64
                                690 	#	not allocated	$$65
                                691 	#	not allocated	$$66
                                692 	#	not allocated	$$67
                                693 	#	not allocated	$$68
                                694 	#	not allocated	$$69
                                695 	#	not allocated	$$70
                                696 	#	not allocated	$$71
                                697 	#	not allocated	$$72
                                698 	#	not allocated	$$73
                                699 	#	not allocated	$$74
                                700 	#	not allocated	$$75
                                701 	#	not allocated	$$76
                                702 	#	not allocated	$$77
                                703 	#	not allocated	$$78
                                704 	#	not allocated	$$79
                                705 	#	not allocated	$$80
                                706 	#	not allocated	$$81
                                707 	#	not allocated	$$82
                                708 	#	not allocated	$$84
                                709 	#	not allocated	$$85
                                710 	#	not allocated	$$86
                                711 	#	not allocated	$$87
                                712 	#	not allocated	$$89
                                713 	#	not allocated	$$90
                                714 	#	not allocated	$$91
                                715 	#	not allocated	$$92
                                716 	#	not allocated	$$93
                                717 	#	not allocated	$$94
                                718 	#	not allocated	$$95
                                719 	#	not allocated	$$96
                                720 	#	not allocated	$$97
                                721 	#	not allocated	$$98
                                722 	#	not allocated	$$99
                                723 	#	not allocated	$$100
                                724 	#	not allocated	$$101
                                725 	#	not allocated	$$102
                                726 	#	not allocated	$$103
                                727 	#	not allocated	$$104
                                728 	#	not allocated	$$105
                                729 	#	not allocated	$$106
                                730 	#	not allocated	$$107
                                731 	#	not allocated	$$108
                                732 	#	not allocated	$$109
                                733 	#	r31		$$110
                                734 	#	r28		$$111
                                735 	#	r30		$$112
                                736 	#	r30		$$113
                                737 	#	r29		$$114
                                738 	#	r5		$$115
                                739 	#	r4		$$116
                                740 	#	r3		$$117
                                741 	#	r31		$$118
                                742 	#	r29		$$119
                                743 	#	not allocated	$$120
                                744 	#	r30		$$121
                                745 	#	r29		$$122
                                746 	#	r29		$$123
                                747 	#	r28		$$124
                                748 	#	r27		$$125
                                749 	#	r29		$$126
                                750 	
                                751 	#$$bf
                                752 		.align		2
                                753 		.globl		init_timer
  00000048 02  0000 000c 0000   754 		.d2_cfa_start __local_cie
  0000004e 02  0000 0000 0000       	
  00000054 02  0000 0012            	
                                755 	init_timer:
                                756 		.section	.debug_info,,n
                                757 	.L5827:
  000000fc 05  02               758 		.sleb128	2
  000000fd 05  0000 011d        759 		.4byte		.L5824-.L2
  00000101 05  696e 6974 5f74   760 		.byte		"init_timer"
  00000107 05  696d 6572            	
  0000010b 05  00               761 		.byte		0
  0000010c 05  0000 0001        762 		.4byte		.L5811
  00000110 05  9201             763 		.uleb128	146
  00000112 05  01               764 		.byte		0x1
  00000113 05  01               765 		.byte		0x1
  00000114 05  0000 0000        766 		.4byte		.L5825
  00000118 05  0000 0000        767 		.4byte		.L5826
                                768 		.section	.text_vle,,c
  000000d6 03  0303 26          769 	        .d2line         147
                                770 	.L5825:
                                771 	#$$ee
  000000d9 03  0200 0a          772 		.d2prologue_end
  00000268 00  7078 e3ff        773 		e_lis		r3,50175
  000000dc 03  17               774 	        .d2line         148
  0000026c 00  c063             775 		se_lwz		r6,0(r3)
                                776 	#$$vo
  0000026e 00  61e6             777 		se_bclri		r6,30
  00000270 00  d063             778 		se_stw		r6,0(r3)
                                779 	#$$vo
  000000dd 03  1b               780 	        .d2line         149
  00000272 00  c073             781 		se_lwz		r7,0(r3)
                                782 	#$$vo
  00000274 00  61f7             783 		se_bclri		r7,31
  00000276 00  d073             784 		se_stw		r7,0(r3)
                                785 	#$$vo
  000000de 03  1b               786 	        .d2line         150
                                787 	#$$be
  000000df 03  0200 0b01        788 		.d2epilogue_begin
                                789 	#$$tl 0x0 0x0 0x0
  00000278 00  0004             790 		se_blr
                                791 	#$$ef
                                792 		.d2_cfa_end 2
                                793 		.section	.debug_info,,n
  0000011c 05  00               794 		.sleb128	0
                                795 	.L5824:
                                796 		.section	.text_vle,,c
                                797 	.L5826:
                                798 		.type		init_timer,@function
                                799 		.size		init_timer,.-init_timer
                                800 	# Number of nodes = 10
                                801 	
                                802 	# Allocations for init_timer
                                803 	#	not allocated	$$127
                                804 	#	not allocated	$$128
                                805 	#	not allocated	$$129
                                806 	#	not allocated	$$130
                                807 	#	r3		$$131
                                808 	
                                809 	#$$bf
                                810 		.align		2
                                811 		.globl		conf_timer0
  00000058 02  0000 000c 0000   812 		.d2_cfa_start __local_cie
  0000005e 02  0000 0000 0000       	
  00000064 02  0000 003c            	
                                813 	conf_timer0:
                                814 		.section	.debug_info,,n
                                815 	.L5832:
  0000011d 05  02               816 		.sleb128	2
  0000011e 05  0000 0165        817 		.4byte		.L5829-.L2
  00000122 05  636f 6e66 5f74   818 		.byte		"conf_timer0"
  00000128 05  696d 6572 30         	
  0000012d 05  00               819 		.byte		0
  0000012e 05  0000 0001        820 		.4byte		.L5811
  00000132 05  9801             821 		.uleb128	152
  00000134 05  01               822 		.byte		0x1
  00000135 05  01               823 		.byte		0x1
  00000136 05  0000 0000        824 		.4byte		.L5830
  0000013a 05  0000 0000        825 		.4byte		.L5831
                                826 		.section	.debug_abbrev,,n
  00000039 04  04               827 		.uleb128	4
  0000003a 04  05               828 		.uleb128	5
  0000003b 04  00               829 		.byte		0x0
  0000003c 04  3a               830 		.uleb128	58
  0000003d 04  06               831 		.uleb128	6
  0000003e 04  3b               832 		.uleb128	59
  0000003f 04  0f               833 		.uleb128	15
  00000040 04  03               834 		.uleb128	3
  00000041 04  08               835 		.uleb128	8
  00000042 04  49               836 		.uleb128	73
  00000043 04  10               837 		.uleb128	16
  00000044 04  02               838 		.uleb128	2
  00000045 04  09               839 		.uleb128	9
  00000046 04  00               840 		.uleb128	0
  00000047 04  00               841 		.uleb128	0
                                842 		.section	.debug_info,,n
                                843 	.L5833:
  0000013e 05  04               844 		.sleb128	4
  0000013f 05  0000 0001        845 		.4byte		.L5811
  00000143 05  9801             846 		.uleb128	152
  00000145 05  6d6f 6465        847 		.byte		"mode"
  00000149 05  00               848 		.byte		0
  0000014a 05  0000 0000        849 		.4byte		.L5822
  0000014e 05  02               850 		.sleb128	2
  0000014f 05  90               851 		.byte		0x90
  00000150 05  03               852 		.uleb128	3
                                853 	.L5834:
  00000151 05  04               854 		.sleb128	4
  00000152 05  0000 0001        855 		.4byte		.L5811
  00000156 05  9801             856 		.uleb128	152
  00000158 05  7469 6d65        857 		.byte		"time"
  0000015c 05  00               858 		.byte		0
  0000015d 05  0000 0000        859 		.4byte		.L5822
  00000161 05  02               860 		.sleb128	2
  00000162 05  90               861 		.byte		0x90
  00000163 05  04               862 		.uleb128	4
                                863 		.section	.text_vle,,c
  000000e3 03  0303 16          864 	        .d2line         153
                                865 	.L5830:
                                866 	#$$ee
  000000e6 03  0200 0a          867 		.d2prologue_end
  000000e9 03  10               868 	        .d2line         155
  0000027c 00  70f8 e3ff        869 		e_lis		r7,-15361
  00000280 00  0146             870 		se_mr		r6,r4
  00000282 00  70e6 a680        871 		e_mull2i		r6,16000
  00000286 00  54c7 0100        872 		e_stw		r6,256(r7)
                                873 	#$$vo
  0000028a 00  7098 e3ff        874 		e_lis		r4,50175
  0000028e 00  7080 c108        875 		e_or2i		r4,264
  000000ea 03  3b               876 	        .d2line         156
  00000292 00  c064             877 		se_lwz		r6,0(r4)
                                878 	#$$vo
  00000294 00  18c6 d002        879 		e_ori		r6,r6,2
  00000298 00  d064             880 		se_stw		r6,0(r4)
                                881 	#$$vo
  000000eb 03  1f               882 	        .d2line         157
  0000029a 00  c074             883 		se_lwz		r7,0(r4)
  0000029c 00  7466 07ff        884 		e_rlwinm		r6,r3,0,31,31
                                885 	#$$vo
  000002a0 00  61f7             886 		se_bclri		r7,31
  000002a2 00  4467             887 		se_or		r7,r6
  000002a4 00  d074             888 		se_stw		r7,0(r4)
                                889 	#$$vo
  000002a6 00  7078 e3ff        890 		e_lis		r3,50175
  000002aa 00  7060 c10c        891 		e_or2i		r3,268
  000000ec 03  37               892 	        .d2line         158
  000002ae 00  c063             893 		se_lwz		r6,0(r3)
                                894 	#$$vo
  000002b0 00  18c6 d001        895 		e_ori		r6,r6,1
  000002b4 00  d063             896 		se_stw		r6,0(r3)
                                897 	#$$vo
  000000ed 03  1f               898 	        .d2line         159
                                899 	#$$be
  000000ee 03  0200 0b01        900 		.d2epilogue_begin
                                901 	#$$tl 0x0 0x0 0x0
  000002b6 00  0004             902 		se_blr
                                903 	#$$ef
                                904 		.d2_cfa_end 2
                                905 		.section	.debug_info,,n
  00000164 05  00               906 		.sleb128	0
                                907 	.L5829:
                                908 		.section	.text_vle,,c
                                909 	.L5831:
                                910 		.type		conf_timer0,@function
                                911 		.size		conf_timer0,.-conf_timer0
                                912 	# Number of nodes = 21
                                913 	
                                914 	# Allocations for conf_timer0
                                915 	#	r3		mode
                                916 	#	r4		time
                                917 	#	not allocated	$$132
                                918 	#	not allocated	$$133
                                919 	#	not allocated	$$134
                                920 	#	not allocated	$$135
                                921 	#	not allocated	$$136
                                922 	#	not allocated	$$137
                                923 	#	not allocated	$$138
                                924 	#	not allocated	$$139
                                925 	#	not allocated	$$140
                                926 	#	r4		$$141
                                927 	#	r3		$$142
                                928 	
                                929 	#$$bf
                                930 		.align		2
                                931 		.globl		conf_timer1
  00000068 02  0000 000c 0000   932 		.d2_cfa_start __local_cie
  0000006e 02  0000 0000 0000       	
  00000074 02  0000 003c            	
                                933 	conf_timer1:
                                934 		.section	.debug_info,,n
                                935 	.L5839:
  00000165 05  02               936 		.sleb128	2
  00000166 05  0000 01ad        937 		.4byte		.L5836-.L2
  0000016a 05  636f 6e66 5f74   938 		.byte		"conf_timer1"
  00000170 05  696d 6572 31         	
  00000175 05  00               939 		.byte		0
  00000176 05  0000 0001        940 		.4byte		.L5811
  0000017a 05  a101             941 		.uleb128	161
  0000017c 05  01               942 		.byte		0x1
  0000017d 05  01               943 		.byte		0x1
  0000017e 05  0000 0000        944 		.4byte		.L5837
  00000182 05  0000 0000        945 		.4byte		.L5838
                                946 	.L5840:
  00000186 05  04               947 		.sleb128	4
  00000187 05  0000 0001        948 		.4byte		.L5811
  0000018b 05  a101             949 		.uleb128	161
  0000018d 05  6d6f 6465        950 		.byte		"mode"
  00000191 05  00               951 		.byte		0
  00000192 05  0000 0000        952 		.4byte		.L5822
  00000196 05  02               953 		.sleb128	2
  00000197 05  90               954 		.byte		0x90
  00000198 05  03               955 		.uleb128	3
                                956 	.L5841:
  00000199 05  04               957 		.sleb128	4
  0000019a 05  0000 0001        958 		.4byte		.L5811
  0000019e 05  a101             959 		.uleb128	161
  000001a0 05  7469 6d65        960 		.byte		"time"
  000001a4 05  00               961 		.byte		0
  000001a5 05  0000 0000        962 		.4byte		.L5822
  000001a9 05  02               963 		.sleb128	2
  000001aa 05  90               964 		.byte		0x90
  000001ab 05  04               965 		.uleb128	4
                                966 		.section	.text_vle,,c
  000000f2 03  0303 12          967 	        .d2line         162
                                968 	.L5837:
                                969 	#$$ee
  000000f5 03  0200 0a          970 		.d2prologue_end
  000000f8 03  10               971 	        .d2line         164
  000002b8 00  70f8 e3ff        972 		e_lis		r7,-15361
  000002bc 00  0146             973 		se_mr		r6,r4
  000002be 00  70e6 a680        974 		e_mull2i		r6,16000
  000002c2 00  54c7 0110        975 		e_stw		r6,272(r7)
                                976 	#$$vo
  000002c6 00  7098 e3ff        977 		e_lis		r4,50175
  000002ca 00  7080 c118        978 		e_or2i		r4,280
  000000f9 03  3b               979 	        .d2line         165
  000002ce 00  c064             980 		se_lwz		r6,0(r4)
                                981 	#$$vo
  000002d0 00  18c6 d002        982 		e_ori		r6,r6,2
  000002d4 00  d064             983 		se_stw		r6,0(r4)
                                984 	#$$vo
  000000fa 03  1f               985 	        .d2line         166
  000002d6 00  c074             986 		se_lwz		r7,0(r4)
  000002d8 00  7466 07ff        987 		e_rlwinm		r6,r3,0,31,31
                                988 	#$$vo
  000002dc 00  61f7             989 		se_bclri		r7,31
  000002de 00  4467             990 		se_or		r7,r6
  000002e0 00  d074             991 		se_stw		r7,0(r4)
                                992 	#$$vo
  000002e2 00  7078 e3ff        993 		e_lis		r3,50175
  000002e6 00  7060 c11c        994 		e_or2i		r3,284
  000000fb 03  37               995 	        .d2line         167
  000002ea 00  c063             996 		se_lwz		r6,0(r3)
                                997 	#$$vo
  000002ec 00  18c6 d001        998 		e_ori		r6,r6,1
  000002f0 00  d063             999 		se_stw		r6,0(r3)
                               1000 	#$$vo
  000000fc 03  1f              1001 	        .d2line         168
                               1002 	#$$be
  000000fd 03  0200 0b01       1003 		.d2epilogue_begin
                               1004 	#$$tl 0x0 0x0 0x0
  000002f2 00  0004            1005 		se_blr
                               1006 	#$$ef
                               1007 		.d2_cfa_end 2
                               1008 		.section	.debug_info,,n
  000001ac 05  00              1009 		.sleb128	0
                               1010 	.L5836:
                               1011 		.section	.text_vle,,c
                               1012 	.L5838:
                               1013 		.type		conf_timer1,@function
                               1014 		.size		conf_timer1,.-conf_timer1
                               1015 	# Number of nodes = 21
                               1016 	
                               1017 	# Allocations for conf_timer1
                               1018 	#	r3		mode
                               1019 	#	r4		time
                               1020 	#	not allocated	$$143
                               1021 	#	not allocated	$$144
                               1022 	#	not allocated	$$145
                               1023 	#	not allocated	$$146
                               1024 	#	not allocated	$$147
                               1025 	#	not allocated	$$148
                               1026 	#	not allocated	$$149
                               1027 	#	not allocated	$$150
                               1028 	#	not allocated	$$151
                               1029 	#	r4		$$152
                               1030 	#	r3		$$153
                               1031 	
                               1032 	#$$bf
                               1033 		.align		2
                               1034 		.globl		init_peripherals
  00000078 02  0000 000c 0000  1035 		.d2_cfa_start __local_cie
  0000007e 02  0000 0000 0000       	
  00000084 02  0000 007a            	
                               1036 	init_peripherals:
                               1037 		.section	.debug_info,,n
                               1038 	.L5846:
  000001ad 05  02              1039 		.sleb128	2
  000001ae 05  0000 01d4       1040 		.4byte		.L5843-.L2
  000001b2 05  696e 6974 5f70  1041 		.byte		"init_peripherals"
  000001b8 05  6572 6970 6865       	
  000001be 05  7261 6c73            	
  000001c2 05  00              1042 		.byte		0
  000001c3 05  0000 0001       1043 		.4byte		.L5811
  000001c7 05  aa01            1044 		.uleb128	170
  000001c9 05  01              1045 		.byte		0x1
  000001ca 05  01              1046 		.byte		0x1
  000001cb 05  0000 0000       1047 		.4byte		.L5844
  000001cf 05  0000 0000       1048 		.4byte		.L5845
                               1049 		.section	.text_vle,,c
  00000101 03  0303 12         1050 	        .d2line         171
                               1051 	.L5844:
                               1052 	#$$ee
  00000104 03  0200 0a         1053 		.d2prologue_end
  000002f4 00  4803            1054 		se_li		r3,0
  00000107 03  14              1055 	        .d2line         173
  000002f6 00  70d8 e3fe       1056 		e_lis		r6,-15362
  000002fa 00  3466 c0e0       1057 		e_stb		r3,-16160(r6)
                               1058 	#$$vo
  00000108 03  0303 1e         1059 	        .d2line         176
  000002fe 00  3466 c11c       1060 		e_stb		r3,-16100(r6)
                               1061 	#$$vo
  0000010b 03  18              1062 	        .d2line         178
  00000302 00  3466 c0d0       1063 		e_stb		r3,-16176(r6)
                               1064 	#$$vo
  00000306 00  6373            1065 		se_bgeni		r3,23
  0000010c 03  0304 1a         1066 	        .d2line         182
  00000308 00  70d8 e3f9       1067 		e_lis		r6,-15367
  0000030c 00  5c66 0040       1068 		e_sth		r3,64(r6)
                               1069 	#$$vo
  0000010f 03  1f              1070 	        .d2line         183
  00000310 00  5c66 0042       1071 		e_sth		r3,66(r6)
                               1072 	#$$vo
  00000110 03  17              1073 	        .d2line         184
  00000314 00  5c66 0044       1074 		e_sth		r3,68(r6)
                               1075 	#$$vo
  00000111 03  17              1076 	        .d2line         185
  00000318 00  5c66 0046       1077 		e_sth		r3,70(r6)
                               1078 	#$$vo
  00000112 03  17              1079 	        .d2line         186
  0000031c 00  5c66 0048       1080 		e_sth		r3,72(r6)
                               1081 	#$$vo
  00000113 03  17              1082 	        .d2line         187
  00000320 00  5c66 0098       1083 		e_sth		r3,152(r6)
                               1084 	#$$vo
  00000324 00  6363            1085 		se_bgeni		r3,22
  00000114 03  0303 1a         1086 	        .d2line         190
  00000326 00  5c66 0052       1087 		e_sth		r3,82(r6)
                               1088 	#$$vo
  00000117 03  17              1089 	        .d2line         191
  0000032a 00  5c66 0094       1090 		e_sth		r3,148(r6)
                               1091 	#$$vo
  00000118 03  17              1092 	        .d2line         192
  0000032e 00  5c66 005a       1093 		e_sth		r3,90(r6)
                               1094 	#$$vo
  00000119 03  17              1095 	        .d2line         193
  00000332 00  5c66 0058       1096 		e_sth		r3,88(r6)
                               1097 	#$$vo
  0000011a 03  17              1098 	        .d2line         194
  00000336 00  5c66 00bc       1099 		e_sth		r3,188(r6)
                               1100 	#$$vo
  0000011b 03  17              1101 	        .d2line         195
  0000033a 00  5c66 00ba       1102 		e_sth		r3,186(r6)
                               1103 	#$$vo
  0000011c 03  17              1104 	        .d2line         196
  0000033e 00  5c66 00b6       1105 		e_sth		r3,182(r6)
                               1106 	#$$vo
  0000011d 03  17              1107 	        .d2line         197
  00000342 00  5c66 0056       1108 		e_sth		r3,86(r6)
                               1109 	#$$vo
  00000346 00  4813            1110 		se_li		r3,1
  0000011e 03  0303 1a         1111 	        .d2line         200
  00000348 00  3466 0609       1112 		e_stb		r3,1545(r6)
                               1113 	#$$vo
  00000121 03  17              1114 	        .d2line         201
  0000034c 00  3466 062a       1115 		e_stb		r3,1578(r6)
                               1116 	#$$vo
  00000122 03  17              1117 	        .d2line         202
  00000350 00  3466 060d       1118 		e_stb		r3,1549(r6)
                               1119 	#$$vo
  00000123 03  17              1120 	        .d2line         203
  00000354 00  3466 060c       1121 		e_stb		r3,1548(r6)
                               1122 	#$$vo
  00000124 03  17              1123 	        .d2line         204
  00000358 00  3466 063e       1124 		e_stb		r3,1598(r6)
                               1125 	#$$vo
  00000125 03  17              1126 	        .d2line         205
  0000035c 00  3466 063d       1127 		e_stb		r3,1597(r6)
                               1128 	#$$vo
  00000126 03  17              1129 	        .d2line         206
  00000360 00  3466 063b       1130 		e_stb		r3,1595(r6)
                               1131 	#$$vo
  00000127 03  17              1132 	        .d2line         207
  00000364 00  3466 060b       1133 		e_stb		r3,1547(r6)
                               1134 	#$$vo
  00000128 03  18              1135 	        .d2line         209
  00000368 00  7c00 8146       1136 		wrteei		1
  00000129 03  17              1137 	        .d2line         210
                               1138 	#$$be
  0000012a 03  0200 0b01       1139 		.d2epilogue_begin
                               1140 	#$$tl 0x0 0x0 0x0
  0000036c 00  0004            1141 		se_blr
                               1142 	#$$ef
                               1143 		.d2_cfa_end 2
                               1144 		.section	.debug_info,,n
  000001d3 05  00              1145 		.sleb128	0
                               1146 	.L5843:
                               1147 		.section	.text_vle,,c
                               1148 	.L5845:
                               1149 		.type		init_peripherals,@function
                               1150 		.size		init_peripherals,.-init_peripherals
                               1151 	# Number of nodes = 101
                               1152 	
                               1153 	# Allocations for init_peripherals
                               1154 	#	not allocated	$$154
                               1155 	#	not allocated	$$155
                               1156 	#	not allocated	$$156
                               1157 	#	not allocated	$$157
                               1158 	#	not allocated	$$158
                               1159 	#	not allocated	$$159
                               1160 	#	not allocated	$$160
                               1161 	#	not allocated	$$161
                               1162 	#	not allocated	$$162
                               1163 	#	not allocated	$$163
                               1164 	#	not allocated	$$164
                               1165 	#	not allocated	$$165
                               1166 	#	not allocated	$$166
                               1167 	#	not allocated	$$167
                               1168 	#	not allocated	$$168
                               1169 	#	not allocated	$$169
                               1170 	#	not allocated	$$170
                               1171 	#	not allocated	$$171
                               1172 	#	not allocated	$$172
                               1173 	#	not allocated	$$173
                               1174 	#	not allocated	$$174
                               1175 	#	not allocated	$$175
                               1176 	#	not allocated	$$176
                               1177 	#	not allocated	$$177
                               1178 	#	not allocated	$$178
                               1179 	#	not allocated	$$179
                               1180 	#	r3		$$180
                               1181 	#	r3		$$181
                               1182 	#	r3		$$182
                               1183 	#	not allocated	$$183
                               1184 	#	r3		$$184
                               1185 	
                               1186 	#$$bf
                               1187 		.align		2
                               1188 		.globl		init
  00000088 02  0000 0014 0000  1189 		.d2_cfa_start __local_cie
  0000008e 02  0000 0000 0000       	
  00000094 02  0000 013a            	
                               1190 	init:
                               1191 		.section	.debug_info,,n
                               1192 	.L5851:
  000001d4 05  02              1193 		.sleb128	2
  000001d5 05  0000 01ee       1194 		.4byte		.L5848-.L2
  000001d9 05  696e 6974       1195 		.byte		"init"
  000001dd 05  00              1196 		.byte		0
  000001de 05  0000 0001       1197 		.4byte		.L5811
  000001e2 05  04              1198 		.uleb128	4
  000001e3 05  01              1199 		.byte		0x1
  000001e4 05  01              1200 		.byte		0x1
  000001e5 05  0000 0000       1201 		.4byte		.L5849
  000001e9 05  0000 0000       1202 		.4byte		.L5850
                               1203 		.section	.text_vle,,c
  0000012e 03  03b3 7e16       1204 	        .d2line         5
                               1205 	.L5849:
  00000370 00  1821 06f0       1206 		e_stwu		r1,-16(r1)
  00000098 02  410e 10         1207 		.d2_cfa_def_cfa_offset	16
  00000374 00  0080            1208 		se_mflr		r0,lr
  00000376 00  d501            1209 		se_stw		r0,20(r1)
  0000009b 02  4111 6c7f       1210 		.d2_cfa_offset    108,-1
                               1211 	#$$ee
  00000132 03  0204 0a         1212 		.d2prologue_end
  00000378 00  707f e7f3       1213 		e_lis		r3,65523
  0000037c 00  7070 c010       1214 		e_or2i		r3,32784
  00000135 03  20              1215 	        .d2line         7
  00000380 00  c063            1216 		se_lwz		r6,0(r3)
                               1217 	#$$vo
  00000382 00  74c6 001f       1218 		e_rlwinm		r6,r6,0,0,15
  00000386 00  70d8 c520       1219 		e_or2i		r6,50464
  0000038a 00  d063            1220 		se_stw		r6,0(r3)
                               1221 	#$$vo
  00000136 03  27              1222 	        .d2line         8
  0000038c 00  c073            1223 		se_lwz		r7,0(r3)
                               1224 	#$$vo
  0000038e 00  74e7 001f       1225 		e_rlwinm		r7,r7,0,0,15
  00000392 00  70fb c128       1226 		e_or2i		r7,55592
  00000396 00  d073            1227 		se_stw		r7,0(r3)
                               1228 	#$$vo
  00000137 03  28              1229 	        .d2line         10
  00000398 00  70df e7f4       1230 		e_lis		r6,-12
  0000039c 00  6207            1231 		se_geni		r7,0
  0000039e 00  70e0 c10a       1232 		e_or2i		r7,266
  000003a2 00  54e6 8000       1233 		e_stw		r7,-32768(r6)
                               1234 	#$$vo
  00000138 03  2b              1235 	        .d2line         11
                               1236 	#$$fn 0xc8 0 0 0x0
                               1237 	#$$tl 0x0 0x0 0x0
                               1238 	#$$rs 0
  000003a6 00  79ff fc5b       1239 		bl		init_mode
  000003aa 00  707f e7f4 7070  1240 		e_lis		r3,-12	; e_or2i	r3,r3,32768
  000003b0 00  c000                 	
  00000139 03  0303 26         1241 	        .d2line         14
  000003b2 00  c073            1242 		se_lwz		r7,0(r3)
                               1243 	#$$vo
  000003b4 00  61a7            1244 		se_bclri		r7,26
  000003b6 00  d073            1245 		se_stw		r7,0(r3)
                               1246 	#$$vo
  0000013c 03  1c              1247 	        .d2line         16
  000003b8 00  c063            1248 		se_lwz		r6,0(r3)
                               1249 	#$$vo
  000003ba 00  61f6            1250 		se_bclri		r6,31
  000003bc 00  d063            1251 		se_stw		r6,0(r3)
                               1252 	#$$vo
  000003be 00  707f e7f4       1253 		e_lis		r3,65524
  000003c2 00  7070 c010       1254 		e_or2i		r3,32784
  0000013d 03  2c              1255 	        .d2line         18
  000003c6 00  c063            1256 		se_lwz		r6,0(r3)
                               1257 	#$$vo
  000003c8 00  74c6 057f       1258 		e_rlwinm		r6,r6,0,21,31
  000003cc 00  18c6 d309       1259 		e_ori		r6,r6,150994944
  000003d0 00  d063            1260 		se_stw		r6,0(r3)
                               1261 	#$$vo
  000003d2 00  707f e7f4       1262 		e_lis		r3,65524
  000003d6 00  7070 c07b       1263 		e_or2i		r3,32891
  0000013e 03  0304 36         1264 	        .d2line         22
  000003da 00  8063            1265 		se_lbz		r6,0(r3)
                               1266 	#$$vo
  000003dc 00  74c6 0637       1267 		e_rlwinm		r6,r6,0,24,27
  000003e0 00  18c6 d006       1268 		e_ori		r6,r6,6
  000003e4 00  9063            1269 		se_stb		r6,0(r3)
                               1270 	#$$vo
  000003e6 00  707f e7f4       1271 		e_lis		r3,65524
  000003ea 00  7070 c07c       1272 		e_or2i		r3,32892
  00000141 03  37              1273 	        .d2line         23
  000003ee 00  8063            1274 		se_lbz		r6,0(r3)
                               1275 	#$$vo
  000003f0 00  74c6 0637       1276 		e_rlwinm		r6,r6,0,24,27
  000003f4 00  18c6 d00e       1277 		e_ori		r6,r6,14
  000003f8 00  9063            1278 		se_stb		r6,0(r3)
                               1279 	#$$vo
  000003fa 00  707f e7f4       1280 		e_lis		r3,65524
  000003fe 00  7070 c086       1281 		e_or2i		r3,32902
  00000142 03  37              1282 	        .d2line         24
  00000402 00  8063            1283 		se_lbz		r6,0(r3)
                               1284 	#$$vo
  00000404 00  18c6 d00f       1285 		e_ori		r6,r6,15
  00000408 00  9063            1286 		se_stb		r6,0(r3)
                               1287 	#$$vo
  0000040a 00  707f e7f4       1288 		e_lis		r3,65524
  0000040e 00  7070 c087       1289 		e_or2i		r3,32903
  00000143 03  2f              1290 	        .d2line         25
  00000412 00  8063            1291 		se_lbz		r6,0(r3)
                               1292 	#$$vo
  00000414 00  74c6 0637       1293 		e_rlwinm		r6,r6,0,24,27
  00000418 00  18c6 d008       1294 		e_ori		r6,r6,8
  0000041c 00  9063            1295 		se_stb		r6,0(r3)
                               1296 	#$$vo
  0000041e 00  707f e7f4       1297 		e_lis		r3,65524
  00000422 00  7070 c082       1298 		e_or2i		r3,32898
  00000144 03  37              1299 	        .d2line         26
  00000426 00  8063            1300 		se_lbz		r6,0(r3)
                               1301 	#$$vo
  00000428 00  74c6 0637       1302 		e_rlwinm		r6,r6,0,24,27
  0000042c 00  18c6 d00d       1303 		e_ori		r6,r6,13
  00000430 00  9063            1304 		se_stb		r6,0(r3)
                               1305 	#$$vo
  00000432 00  707f e7f4       1306 		e_lis		r3,65524
  00000436 00  7070 c083       1307 		e_or2i		r3,32899
  00000145 03  37              1308 	        .d2line         27
  0000043a 00  8063            1309 		se_lbz		r6,0(r3)
                               1310 	#$$vo
  0000043c 00  74c6 0637       1311 		e_rlwinm		r6,r6,0,24,27
  00000440 00  18c6 d009       1312 		e_ori		r6,r6,9
  00000444 00  9063            1313 		se_stb		r6,0(r3)
                               1314 	#$$vo
  00000446 00  707f e7f4       1315 		e_lis		r3,65524
  0000044a 00  7070 c084       1316 		e_or2i		r3,32900
  00000146 03  37              1317 	        .d2line         28
  0000044e 00  8063            1318 		se_lbz		r6,0(r3)
                               1319 	#$$vo
  00000450 00  74c6 0637       1320 		e_rlwinm		r6,r6,0,24,27
  00000454 00  18c6 d00a       1321 		e_ori		r6,r6,10
  00000458 00  9063            1322 		se_stb		r6,0(r3)
                               1323 	#$$vo
  0000045a 00  707f e7f4       1324 		e_lis		r3,65524
  0000045e 00  7070 c085       1325 		e_or2i		r3,32901
  00000147 03  37              1326 	        .d2line         29
  00000462 00  8063            1327 		se_lbz		r6,0(r3)
                               1328 	#$$vo
  00000464 00  74c6 0637       1329 		e_rlwinm		r6,r6,0,24,27
  00000468 00  18c6 d00e       1330 		e_ori		r6,r6,14
  0000046c 00  9063            1331 		se_stb		r6,0(r3)
                               1332 	#$$vo
  0000046e 00  707f e7f4       1333 		e_lis		r3,65524
  00000472 00  7070 c079       1334 		e_or2i		r3,32889
  00000148 03  37              1335 	        .d2line         30
  00000476 00  8063            1336 		se_lbz		r6,0(r3)
                               1337 	#$$vo
  00000478 00  74c6 0637       1338 		e_rlwinm		r6,r6,0,24,27
  0000047c 00  18c6 d007       1339 		e_ori		r6,r6,7
  00000480 00  9063            1340 		se_stb		r6,0(r3)
                               1341 	#$$vo
  00000482 00  707f e7f4       1342 		e_lis		r3,65524
  00000486 00  7070 c0bf       1343 		e_or2i		r3,32959
  00000149 03  37              1344 	        .d2line         31
  0000048a 00  8063            1345 		se_lbz		r6,0(r3)
                               1346 	#$$vo
  0000048c 00  74c6 0637       1347 		e_rlwinm		r6,r6,0,24,27
  00000490 00  18c6 d007       1348 		e_ori		r6,r6,7
  00000494 00  9063            1349 		se_stb		r6,0(r3)
                               1350 	#$$vo
  0000014a 03  0307 26         1351 	        .d2line         38
                               1352 	#$$fn 0x1ff8 0 0 0x1
                               1353 	#$$tl 0x0 0x0 0x0
                               1354 	#$$rs 0
  00000496 00  79ff fe5f       1355 		bl		init_peripherals
  0000014d 03  17              1356 	        .d2line         39
                               1357 	#$$fn 0xc8 0 0 0x0
                               1358 	#$$tl 0x0 0x0 0x0
                               1359 	#$$rs 0
  0000049a 00  79ff fdcf       1360 		bl		init_timer
  0000014e 03  17              1361 	        .d2line         40
                               1362 	#$$fn 0x1ff8 0 0 0x1
                               1363 	#$$tl 0x0 0x0 0x0
                               1364 	#$$rs 0
  0000049e 00  79ff fc5b       1365 		bl		init_flexcan
  0000014f 03  0303 16         1366 	        .d2line         43
                               1367 	#$$be
  00000152 03  0200 0b01       1368 		.d2epilogue_begin
  000004a2 00  c501            1369 		se_lwz		r0,20(r1)
  000004a4 00  0090            1370 		se_mtlr		r0
  000004a6 00  20f1            1371 		se_addi		r1,16
                               1372 	#$$tl 0x0 0x0 0x0
  000004a8 00  0004            1373 		se_blr
                               1374 	#$$ef
                               1375 		.d2_cfa_end 2
                               1376 		.section	.debug_info,,n
  000001ed 05  00              1377 		.sleb128	0
                               1378 	.L5848:
                               1379 		.section	.text_vle,,c
                               1380 	.L5850:
                               1381 		.type		init,@function
                               1382 		.size		init,.-init
                               1383 	# Number of nodes = 87
                               1384 	
                               1385 	# Allocations for init
                               1386 	#	not allocated	$$185
                               1387 	#	not allocated	$$186
                               1388 	#	not allocated	$$187
                               1389 	#	not allocated	$$188
                               1390 	#	not allocated	$$189
                               1391 	#	not allocated	$$190
                               1392 	#	not allocated	$$191
                               1393 	#	not allocated	$$192
                               1394 	#	not allocated	$$193
                               1395 	#	not allocated	$$194
                               1396 	#	not allocated	$$195
                               1397 	#	not allocated	$$196
                               1398 	#	not allocated	$$197
                               1399 	#	not allocated	$$198
                               1400 	#	not allocated	$$199
                               1401 	#	not allocated	$$200
                               1402 	#	not allocated	$$201
                               1403 	#	not allocated	$$202
                               1404 	#	not allocated	$$203
                               1405 	#	not allocated	$$204
                               1406 	#	not allocated	$$205
                               1407 	#	not allocated	$$206
                               1408 	#	not allocated	$$207
                               1409 	#	not allocated	$$208
                               1410 	#	not allocated	$$209
                               1411 	#	not allocated	$$210
                               1412 	#	not allocated	$$211
                               1413 	#	not allocated	$$212
                               1414 	#	not allocated	$$213
                               1415 	#	not allocated	$$214
                               1416 	#	not allocated	$$215
                               1417 	#	not allocated	$$216
                               1418 	#	r3		$$217
                               1419 	#	not allocated	$$218
                               1420 	#	r3		$$219
                               1421 	#	r3		$$220
                               1422 	#	r3		$$221
                               1423 	#	r3		$$222
                               1424 	#	r3		$$223
                               1425 	#	r3		$$224
                               1426 	#	r3		$$225
                               1427 	#	r3		$$226
                               1428 	#	r3		$$227
                               1429 	#	r3		$$228
                               1430 	#	r3		$$229
                               1431 	#	r3		$$230
                               1432 		.section	.abs.00000040,,c
                               1433 	
                               1434 	#$$bf
                               1435 		.align		2
                               1436 		.globl		Ext_Isr
  000000a0 02  0000 002c 0000  1437 		.d2_cfa_start __local_cie
  000000a6 02  0000 0000 0000       	
  000000ac 02  0000 00c4            	
                               1438 	Ext_Isr:
                               1439 		.section	.debug_line.abs.00000040,,n
                               1440 		.sectionlink	.debug_line
                               1441 	.L5859:
                               1442 		.section	.abs.00000040,,c
                               1443 	.L5855:
  00000000 07                  1444 		.0byte		.L5853
  00000000 09  0000 0090 0002  1445 		.d2_line_start	.debug_line.abs.00000040
  00000006 09  0000 0013 0201       	
  0000000c 09  ff04 0d00 0101       	
  00000012 09  0101 0000 0001       	
  00000018 09  0000 0100 00         	
                               1446 		.section	.debug_info.abs.00000040,,n
                               1447 		.sectionlink	.debug_info
                               1448 	.L5853:
  00000000 0a  0000 00c6       1449 		.4byte		.L5854-.L5852
                               1450 	.L5852:
  00000004 0a  0002            1451 		.2byte		0x2
  00000006 0a  0000 0000       1452 		.4byte		.L9
  0000000a 0a  04              1453 		.byte		0x4
  0000000b 0a  01              1454 		.sleb128	1
  0000000c 0a  0000 00c9       1455 		.4byte		.L5858-.L5853
  00000010 0a  433a 5c55 7365  1456 		.byte		"C:\\Users\\venr\\Downloads\\Unit2\\Unit2 - Task 2.4\\src\\api.c"
  00000016 0a  7273 5c76 656e       	
  0000001c 0a  725c 446f 776e       	
  00000022 0a  6c6f 6164 735c       	
  00000028 0a  556e 6974 325c       	
  0000002e 0a  556e                 	
  00000048 0a  00              1457 		.byte		0
  00000049 0a  4469 6162 2044  1458 		.byte		"Diab Data, Inc:dcc Rel 5.7.0.0:PPC5534"
  0000004f 0a  6174 612c 2049       	
  00000055 0a  6e63 3a64 6363       	
  0000005b 0a  2052 656c 2035       	
  00000061 0a  2e37 2e30 2e30       	
  00000067 0a  3a50                 	
  0000006f 0a  00              1459 		.byte		0
  00000070 0a  433a 5c55 7365  1460 		.byte		"C:\\Users\\venr\\Downloads\\Unit2\\Unit2 - Task 2.4"
  00000076 0a  7273 5c76 656e       	
  0000007c 0a  725c 446f 776e       	
  00000082 0a  6c6f 6164 735c       	
  00000088 0a  556e 6974 325c       	
  0000008e 0a  556e                 	
  0000009e 0a  00              1461 		.byte		0
  0000009f 0a  01              1462 		.uleb128	1
  000000a0 0a  0000 0000       1463 		.4byte		.L5855
  000000a4 0a  0000 0000       1464 		.4byte		.L5856
  000000a8 0a  0000 0000       1465 		.4byte		.L5859
                               1466 		.section	.debug_abbrev,,n
  00000048 04  05              1467 		.uleb128	5
  00000049 04  2e              1468 		.uleb128	46
  0000004a 04  01              1469 		.byte		0x1
  0000004b 04  01              1470 		.uleb128	1
  0000004c 04  13              1471 		.uleb128	19
  0000004d 04  03              1472 		.uleb128	3
  0000004e 04  08              1473 		.uleb128	8
  0000004f 04  3a              1474 		.uleb128	58
  00000050 04  06              1475 		.uleb128	6
  00000051 04  3b              1476 		.uleb128	59
  00000052 04  0f              1477 		.uleb128	15
  00000053 04  3f              1478 		.uleb128	63
  00000054 04  0c              1479 		.uleb128	12
  00000055 04  11              1480 		.uleb128	17
  00000056 04  01              1481 		.uleb128	1
  00000057 04  12              1482 		.uleb128	18
  00000058 04  01              1483 		.uleb128	1
  00000059 04  00              1484 		.uleb128	0
  0000005a 04  00              1485 		.uleb128	0
                               1486 		.section	.debug_info.abs.00000040,,n
                               1487 		.sectionlink	.debug_info
                               1488 	.L5865:
  000000ac 0a  05              1489 		.sleb128	5
  000000ad 0a  0000 00c9       1490 		.4byte		.L5861-.L5853
  000000b1 0a  4578 745f 4973  1491 		.byte		"Ext_Isr"
  000000b7 0a  72                   	
  000000b8 0a  00              1492 		.byte		0
  000000b9 0a  0000 0001       1493 		.4byte		.L5864
  000000bd 0a  dc01            1494 		.uleb128	220
  000000bf 0a  01              1495 		.byte		0x1
  000000c0 0a  0000 0000       1496 		.4byte		.L5862
  000000c4 0a  0000 0000       1497 		.4byte		.L5863
                               1498 		.section	.abs.00000040,,c
  0000001d 09  0044 0343 3a5c  1499 		.d2file		"C:\\Users\\venr\\Downloads\\Unit2\\Unit2 - Task 2.4\\src\\api.c"
  00000023 09  5c55 7365 7273       	
  00000029 09  5c5c 7665 6e72       	
  0000002f 09  5c5c 446f 776e       	
  00000035 09  6c6f 6164 735c       	
  0000003b 09  5c55                 	
  00000065 09  0005 0200 0000  1500 	        .d2line         221
  0000006b 09  0003 dc01 0e         	
                               1501 	.L5862:
  00000000 07  1821 06b0       1502 		e_stwu		r1,-80(r1)
  000000b0 02  410e 50         1503 		.d2_cfa_def_cfa_offset	80
  00000004 07  d201            1504 		se_stw		r0,8(r1)
  00000006 07  7c1a 02a6       1505 		mfspr		r0,srr0
  0000000a 07  d301            1506 		se_stw		r0,12(r1)
  0000000c 07  7c1b 02a6       1507 		mfspr		r0,srr1
  00000010 07  d401            1508 		se_stw		r0,16(r1)
  00000012 07  00a0            1509 		se_mfctr		r0,ctr
  00000014 07  d501            1510 		se_stw		r0,20(r1)
  00000016 07  7c01 02a6       1511 		mfspr		r0,xer
  0000001a 07  d601            1512 		se_stw		r0,24(r1)
  0000001c 07  7c00 0026       1513 		mfcr		r0
  00000020 07  d701            1514 		se_stw		r0,28(r1)
  00000022 07  0080            1515 		se_mflr		r0,lr
  00000024 07  d801            1516 		se_stw		r0,32(r1)
                               1517 	#$$br
  00000026 07  da31            1518 		se_stw		r3,40(r1)
  000000b3 02  4983 0a         1519 		.d2_cfa_offset	3,10
  00000028 07  db41            1520 		se_stw		r4,44(r1)
  000000b6 02  8409            1521 		.d2_cfa_offset	4,9
  0000002a 07  dc51            1522 		se_stw		r5,48(r1)
  000000b8 02  8508            1523 		.d2_cfa_offset	5,8
  0000002c 07  dd61            1524 		se_stw		r6,52(r1)
  000000ba 02  8607            1525 		.d2_cfa_offset	6,7
  0000002e 07  de71            1526 		se_stw		r7,56(r1)
  000000bc 02  8706            1527 		.d2_cfa_offset	7,6
  00000030 07  5501 003c       1528 		e_stw		r8,60(r1)
  000000be 02  4188 05         1529 		.d2_cfa_offset	8,5
  00000034 07  5521 0040       1530 		e_stw		r9,64(r1)
  000000c1 02  4189 04         1531 		.d2_cfa_offset	9,4
  00000038 07  5541 0044       1532 		e_stw		r10,68(r1)
  000000c4 02  418a 03         1533 		.d2_cfa_offset	10,3
  0000003c 07  5561 0048       1534 		e_stw		r11,72(r1)
  000000c7 02  418b 02         1535 		.d2_cfa_offset	11,2
  00000040 07  5581 004c       1536 		e_stw		r12,76(r1)
  000000ca 02  418c 01         1537 		.d2_cfa_offset	12,1
                               1538 	#$$er
                               1539 	#$$ee
  00000070 09  0222 0a         1540 		.d2prologue_end
  00000073 09  0f              1541 	        .d2line         222
  00000044 07  70ff e7f5       1542 		e_lis		r7,-11
  00000048 07  50e7 8010       1543 		e_lwz		r7,-32752(r7)
                               1544 	#$$vo
  0000004c 07  74eb f5ff       1545 		e_rlwinm		r11,r7,30,23,31
  00000050 07  180b a83b       1546 		cmpi		0,0,r11,59
  00000054 07  e608            1547 		bc		1,2,.L5794
  00000056 07  180b a844       1548 		cmpi		0,0,r11,68
  0000005a 07  e610            1549 		bc		1,2,.L5799
  0000005c 07  180b a845       1550 		cmpi		0,0,r11,69
  00000060 07  e616            1551 		bc		1,2,.L5800
  00000062 07  e81b            1552 		b		.L5793
                               1553 	.L5794:
  00000074 09  0304 4e         1554 	        .d2line         226
  00000077 09  0f              1555 	        .d2line         227
                               1556 	#$$fn 0x1ff8 0 0 0x1
                               1557 	#$$tl 0x0 0x0 0x0
                               1558 	#$$rs 0
  00000064 07  7800 0001       1559 		bl		timer0_intr
  00000068 07  7078 e3ff       1560 		e_lis		r3,50175
  0000006c 07  7060 c10c       1561 		e_or2i		r3,268
  00000078 09  27              1562 	        .d2line         228
  00000070 07  c063            1563 		se_lwz		r6,0(r3)
                               1564 	#$$vo
  00000072 07  18c6 d001       1565 		e_ori		r6,r6,1
  00000076 07  d063            1566 		se_stw		r6,0(r3)
                               1567 	#$$vo
  00000079 09  1f              1568 	        .d2line         229
  00000078 07  e810            1569 		b		.L5793
                               1570 	.L5799:
  0000007a 09  0309 12         1571 	        .d2line         238
  0000007d 09  0f              1572 	        .d2line         239
                               1573 	#$$fn 0x1ff8 0 0 0x1
                               1574 	#$$tl 0x0 0x0 0x0
                               1575 	#$$rs 0
  0000007a 07  7800 0001       1576 		bl		can_receive
  0000007e 07  7060 6030       1577 		e_li		r3,-262096
  0000007e 09  1f              1578 	        .d2line         240
  00000082 07  c063            1579 		se_lwz		r6,0(r3)
                               1580 	#$$vo
  00000084 07  18c6 d001       1581 		e_ori		r6,r6,1
  00000088 07  d063            1582 		se_stw		r6,0(r3)
                               1583 	#$$vo
  0000007f 09  1f              1584 	        .d2line         241
  0000008a 07  e807            1585 		b		.L5793
                               1586 	.L5800:
  00000080 09  13              1587 	        .d2line         242
  0000008c 07  7060 6030       1588 		e_li		r3,-262096
  00000081 09  17              1589 	        .d2line         243
  00000090 07  c063            1590 		se_lwz		r6,0(r3)
                               1591 	#$$vo
  00000092 07  18c6 d010       1592 		e_ori		r6,r6,16
  00000096 07  d063            1593 		se_stw		r6,0(r3)
                               1594 	#$$vo
                               1595 	.L5793:
  00000082 09  030f 1e         1596 	        .d2line         258
  00000098 07  70ff e7f5       1597 		e_lis		r7,-11
  0000009c 07  4806            1598 		se_li		r6,0
  0000009e 07  54c7 8018       1599 		e_stw		r6,-32744(r7)
                               1600 	#$$vo
  00000085 09  23              1601 	        .d2line         259
                               1602 	#$$be
  00000086 09  0200 0b01       1603 		.d2epilogue_begin
                               1604 	#$$br
                               1605 	#$$er
  000000a2 07  c801            1606 		se_lwz		r0,32(r1)
  000000a4 07  0090            1607 		se_mtlr		r0
  000000a6 07  c701            1608 		se_lwz		r0,28(r1)
  000000a8 07  7c0f f120       1609 		mtcrf		255,r0
  000000ac 07  c601            1610 		se_lwz		r0,24(r1)
  000000ae 07  7c01 03a6       1611 		mtspr		xer,r0
  000000b2 07  c401            1612 		se_lwz		r0,16(r1)
  000000b4 07  7c1b 03a6       1613 		mtspr		srr1,r0
  000000b8 07  c301            1614 		se_lwz		r0,12(r1)
  000000ba 07  7c1a 03a6       1615 		mtspr		srr0,r0
  000000be 07  1821 8050       1616 		e_addi		r1,r1,80
                               1617 	#$$tl 0x0 0x0 0x0
  000000c2 07  0008            1618 		se_rfi
                               1619 	#$$ef
                               1620 		.d2_cfa_end 2
                               1621 		.section	.debug_info.abs.00000040,,n
                               1622 		.sectionlink	.debug_info
  000000c8 0a  00              1623 		.sleb128	0
                               1624 	.L5861:
                               1625 		.section	.abs.00000040,,c
                               1626 	.L5863:
                               1627 		.type		Ext_Isr,@function
                               1628 		.size		Ext_Isr,.-Ext_Isr
                               1629 	# Number of nodes = 40
                               1630 	
                               1631 	# Allocations for Ext_Isr
                               1632 	#	not allocated	$$231
                               1633 	#	not allocated	$$232
                               1634 	#	not allocated	$$233
                               1635 	#	not allocated	$$234
                               1636 	#	not allocated	$$235
                               1637 	#	not allocated	$$238
                               1638 	#	not allocated	$$239
                               1639 	#	r3		$$240
                               1640 	#	r3		$$241
                               1641 	#	r3		$$242
                               1642 	
                               1643 	# Allocations for module
                               1644 		.section	.debug_abbrev,,n
  0000005b 04  06              1645 		.uleb128	6
  0000005c 04  24              1646 		.uleb128	36
  0000005d 04  00              1647 		.byte		0x0
  0000005e 04  03              1648 		.uleb128	3
  0000005f 04  08              1649 		.uleb128	8
  00000060 04  3e              1650 		.uleb128	62
  00000061 04  0b              1651 		.uleb128	11
  00000062 04  0b              1652 		.uleb128	11
  00000063 04  0b              1653 		.uleb128	11
  00000064 04  00              1654 		.uleb128	0
  00000065 04  00              1655 		.uleb128	0
                               1656 		.section	.debug_info,,n
                               1657 	.L5822:
  000001ee 05  06              1658 		.sleb128	6
  000001ef 05  696e 74         1659 		.byte		"int"
  000001f2 05  00              1660 		.byte		0
  000001f3 05  05              1661 		.byte		0x5
  000001f4 05  04              1662 		.byte		0x4
                               1663 	.L7:
  000001f5 05  00              1664 		.sleb128	0
                               1665 	.L3:
                               1666 		.section	.text_vle,,c
                               1667 	.L5:
                               1668 	.L5811: 	.d2filenum "C:\\Users\\venr\\Downloads\\Unit2\\Unit2 - Task 2.4\\src\\api.c"
                                    	
  00000156 03  0005 0200 0000  1669 		.d2_line_end
  0000015c 03  0000 0101            	
                               1670 		.section	.debug_info.abs.00000040,,n
                               1671 		.sectionlink	.debug_info
                               1672 	.L5858:
  000000c9 0a  00              1673 		.sleb128	0
                               1674 	.L5854:
                               1675 		.section	.abs.00000040,,c
                               1676 	.L5856:
                               1677 	.L5864: 	.d2filenum "C:\\Users\\venr\\Downloads\\Unit2\\Unit2 - Task 2.4\\src\\api.c"
                                    	
  0000008a 09  0005 0200 0000  1678 		.d2_line_end
  00000090 09  0000 0101            	
                               1679 		.section	.debug_abbrev,,n
  00000066 04  00              1680 		.sleb128	0
