                                  1 	#$$m2		- PowerPC mnemonics
                                  2 	#$$pVLE		- PowerPC VLE encoding
                                  3 	#$$oPPC5534  - Optimized for PPC5534
                                  4 	#$$ko 9		- Reorder info
                                  5 		.file		"main.c"
                                  6 	#$$eb
                                  7 	#$$sz 0
                                  8 	#$$fp 0
                                  9 		.section	.PPC.EMB.apuinfo,,@note
  00000000 01  0000 0008         10 		.4byte		8
  00000004 01  0000 0004         11 		.4byte		4
  00000008 01  0000 0002         12 		.4byte		2
  0000000c 01  4150 5569 6e66    13 		.byte		"APUinfo"
  00000012 01  6f                   	
  00000013 01  00                14 		.byte		0
                                 15 		.align		2
  00000014 01  0104 0001         16 		.4byte		0x01040001
                                 17 		.section	.text_vle,,c
                                 18 		.section	.debug_frame,,n
                                 19 	__local_cie: 
  00000000 02  0000 0010         20 		.word	.LE-.LS
                                 21 	.LS:
  00000004 02  ffff ffff         22 		.word	-1
  00000008 02  01                23 		.byte	1
  00000009 02  00                24 		.byte	0
  0000000a 02  04                25 		.uleb128	4
  0000000b 02  7c                26 		.sleb128	-4
  0000000c 02  6c                27 		.byte	108
  0000000d 02  0c                28 		.byte	0x0c
  0000000e 02  01                29 		.byte	1
  0000000f 02  00                30 		.byte	0
  00000010 02  08                31 		.byte	8
  00000011 02  6c                32 		.byte	108
                                 33 		.fill           (.LS-.)&3
                                 34 	.LE:
                                 35 		.section	.debug_line,,n
                                 36 	.L8:
                                 37 		.section	.text_vle,,c
                                 38 	.L4:
  00000000 00                    39 		.0byte		.L2
  00000000 03  0000 00d5 0002    40 		.d2_line_start	.debug_line
  00000006 03  0000 0013 0201       	
  0000000c 03  ff04 0d00 0101       	
  00000012 03  0101 0000 0001       	
  00000018 03  0000 0100 00         	
                                 41 		.section	.debug_abbrev,,n
                                 42 	.L9:
                                 43 		.section	.debug_info,,n
                                 44 	.L2:
  00000000 05  0000 0178         45 		.4byte		.L3-.L1
                                 46 	.L1:
  00000004 05  0002              47 		.2byte		0x2
  00000006 05  0000 0000         48 		.4byte		.L9
  0000000a 05  04                49 		.byte		0x4
                                 50 		.section	.debug_abbrev,,n
  00000000 04  01                51 		.uleb128	1
  00000001 04  11                52 		.uleb128	17
  00000002 04  01                53 		.byte		0x1
  00000003 04  01                54 		.uleb128	1
  00000004 04  13                55 		.uleb128	19
  00000005 04  03                56 		.uleb128	3
  00000006 04  08                57 		.uleb128	8
  00000007 04  25                58 		.uleb128	37
  00000008 04  08                59 		.uleb128	8
  00000009 04  1b                60 		.uleb128	27
  0000000a 04  08                61 		.uleb128	8
  0000000b 04  13                62 		.uleb128	19
  0000000c 04  0f                63 		.uleb128	15
  0000000d 04  11                64 		.uleb128	17
  0000000e 04  01                65 		.uleb128	1
  0000000f 04  12                66 		.uleb128	18
  00000010 04  01                67 		.uleb128	1
  00000011 04  10                68 		.uleb128	16
  00000012 04  06                69 		.uleb128	6
  00000013 04  00                70 		.uleb128	0
  00000014 04  00                71 		.uleb128	0
                                 72 		.section	.debug_info,,n
  0000000b 05  01                73 		.sleb128	1
  0000000c 05  0000 017b         74 		.4byte		.L7-.L2
  00000010 05  433a 5c55 7365    75 		.byte		"C:\\Users\\venr\\Downloads\\Unit2\\Unit2 - Task 2.4\\src\\main.c"
  00000016 05  7273 5c76 656e       	
  0000001c 05  725c 446f 776e       	
  00000022 05  6c6f 6164 735c       	
  00000028 05  556e 6974 325c       	
  0000002e 05  556e                 	
  00000049 05  00                76 		.byte		0
  0000004a 05  4469 6162 2044    77 		.byte		"Diab Data, Inc:dcc Rel 5.7.0.0:PPC5534"
  00000050 05  6174 612c 2049       	
  00000056 05  6e63 3a64 6363       	
  0000005c 05  2052 656c 2035       	
  00000062 05  2e37 2e30 2e30       	
  00000068 05  3a50                 	
  00000070 05  00                78 		.byte		0
  00000071 05  433a 5c55 7365    79 		.byte		"C:\\Users\\venr\\Downloads\\Unit2\\Unit2 - Task 2.4"
  00000077 05  7273 5c76 656e       	
  0000007d 05  725c 446f 776e       	
  00000083 05  6c6f 6164 735c       	
  00000089 05  556e 6974 325c       	
  0000008f 05  556e                 	
  0000009f 05  00                80 		.byte		0
  000000a0 05  01                81 		.uleb128	1
  000000a1 05  0000 0000         82 		.4byte		.L4
  000000a5 05  0000 0000         83 		.4byte		.L5
  000000a9 05  0000 0000         84 		.4byte		.L8
                                 85 		.section	.text_vle,,c
                                 86 	
                                 87 	#$$bf
                                 88 		.align		2
                                 89 		.globl		conf_can
  00000014 02  0000 000c 0000    90 		.d2_cfa_start __local_cie
  0000001a 02  0000 0000 0000       	
  00000020 02  0000 0062            	
                                 91 	conf_can:
                                 92 		.section	.debug_abbrev,,n
  00000015 04  02                93 		.uleb128	2
  00000016 04  2e                94 		.uleb128	46
  00000017 04  01                95 		.byte		0x1
  00000018 04  01                96 		.uleb128	1
  00000019 04  13                97 		.uleb128	19
  0000001a 04  03                98 		.uleb128	3
  0000001b 04  08                99 		.uleb128	8
  0000001c 04  3a               100 		.uleb128	58
  0000001d 04  06               101 		.uleb128	6
  0000001e 04  3b               102 		.uleb128	59
  0000001f 04  0f               103 		.uleb128	15
  00000020 04  3f               104 		.uleb128	63
  00000021 04  0c               105 		.uleb128	12
  00000022 04  11               106 		.uleb128	17
  00000023 04  01               107 		.uleb128	1
  00000024 04  12               108 		.uleb128	18
  00000025 04  01               109 		.uleb128	1
  00000026 04  00               110 		.uleb128	0
  00000027 04  00               111 		.uleb128	0
                                112 		.section	.debug_info,,n
                                113 	.L5790:
  000000ad 05  02               114 		.sleb128	2
  000000ae 05  0000 00ca        115 		.4byte		.L5786-.L2
  000000b2 05  636f 6e66 5f63   116 		.byte		"conf_can"
  000000b8 05  616e                 	
  000000ba 05  00               117 		.byte		0
  000000bb 05  0000 0001        118 		.4byte		.L5789
  000000bf 05  05               119 		.uleb128	5
  000000c0 05  01               120 		.byte		0x1
  000000c1 05  0000 0000        121 		.4byte		.L5787
  000000c5 05  0000 0000        122 		.4byte		.L5788
                                123 		.section	.text_vle,,c
  0000001d 03  0045 0343 3a5c   124 		.d2file		"C:\\Users\\venr\\Downloads\\Unit2\\Unit2 - Task 2.4\\src\\main.c"
  00000023 03  5c55 7365 7273       	
  00000029 03  5c5c 7665 6e72       	
  0000002f 03  5c5c 446f 776e       	
  00000035 03  6c6f 6164 735c       	
  0000003b 03  5c55                 	
  00000066 03  0005 0200 0000   125 	        .d2line         6
  0000006c 03  0003 050e            	
                                126 	.L5787:
                                127 	#$$ee
  00000070 03  0200 0a          128 		.d2prologue_end
  00000073 03  10               129 	        .d2line         8
  00000000 00  70ff e7fc        130 		e_lis		r7,-4
  00000004 00  70c3 e7c7        131 		e_lis		r6,8135
  00000008 00  70df c7ff        132 		e_or2i		r6,65535
  0000000c 00  54c7 0880        133 		e_stw		r6,2176(r7)
                                134 	#$$vo
  00000010 00  7078 e3f9 7060   135 		e_lis		r3,-15367	; e_or2i	r3,r3,96
  00000016 00  c060                 	
  00000074 03  0303 3e          136 	        .d2line         11
  00000018 00  a063             137 		se_lhz		r6,0(r3)
                                138 	#$$vo
  0000001a 00  74c6 05a7        139 		e_rlwinm		r6,r6,0,22,19
  0000001e 00  18c6 d104        140 		e_ori		r6,r6,1024
  00000022 00  b063             141 		se_sth		r6,0(r3)
                                142 	#$$vo
  00000077 03  27               143 	        .d2line         12
  00000024 00  a073             144 		se_lhz		r7,0(r3)
                                145 	#$$vo
  00000026 00  18e7 d102        146 		e_ori		r7,r7,512
  0000002a 00  b073             147 		se_sth		r7,0(r3)
                                148 	#$$vo
  00000078 03  1f               149 	        .d2line         13
  0000002c 00  a063             150 		se_lhz		r6,0(r3)
                                151 	#$$vo
  0000002e 00  6176             152 		se_bclri		r6,23
  00000030 00  b063             153 		se_sth		r6,0(r3)
                                154 	#$$vo
  00000079 03  1b               155 	        .d2line         14
  00000032 00  a073             156 		se_lhz		r7,0(r3)
                                157 	#$$vo
  00000034 00  6127             158 		se_bclri		r7,18
  00000036 00  b073             159 		se_sth		r7,0(r3)
                                160 	#$$vo
  00000038 00  7078 e3f9 7060   161 		e_lis		r3,-15367	; e_or2i	r3,r3,98
  0000003e 00  c062                 	
  0000007a 03  0303 2a          162 	        .d2line         17
  00000040 00  a073             163 		se_lhz		r7,0(r3)
                                164 	#$$vo
  00000042 00  74e7 05a7        165 		e_rlwinm		r7,r7,0,22,19
  00000046 00  18e7 d104        166 		e_ori		r7,r7,1024
  0000004a 00  b073             167 		se_sth		r7,0(r3)
                                168 	#$$vo
  0000007d 03  27               169 	        .d2line         18
  0000004c 00  a063             170 		se_lhz		r6,0(r3)
                                171 	#$$vo
  0000004e 00  18c6 d101        172 		e_ori		r6,r6,256
  00000052 00  b063             173 		se_sth		r6,0(r3)
                                174 	#$$vo
  0000007e 03  1f               175 	        .d2line         19
  00000054 00  a073             176 		se_lhz		r7,0(r3)
                                177 	#$$vo
  00000056 00  6167             178 		se_bclri		r7,22
  00000058 00  b073             179 		se_sth		r7,0(r3)
                                180 	#$$vo
  0000007f 03  1b               181 	        .d2line         20
  0000005a 00  a063             182 		se_lhz		r6,0(r3)
                                183 	#$$vo
  0000005c 00  6126             184 		se_bclri		r6,18
  0000005e 00  b063             185 		se_sth		r6,0(r3)
                                186 	#$$vo
  00000080 03  1b               187 	        .d2line         21
                                188 	#$$be
  00000081 03  0200 0b01        189 		.d2epilogue_begin
                                190 	#$$tl 0x0 0x0 0x0
  00000060 00  0004             191 		se_blr
                                192 	#$$ef
                                193 		.d2_cfa_end 2
                                194 		.section	.debug_info,,n
  000000c9 05  00               195 		.sleb128	0
                                196 	.L5786:
                                197 		.section	.text_vle,,c
                                198 	.L5788:
                                199 		.type		conf_can,@function
                                200 		.size		conf_can,.-conf_can
                                201 	# Number of nodes = 44
                                202 	
                                203 	# Allocations for conf_can
                                204 	#	not allocated	$$1
                                205 	#	not allocated	$$2
                                206 	#	not allocated	$$3
                                207 	#	not allocated	$$4
                                208 	#	not allocated	$$5
                                209 	#	not allocated	$$6
                                210 	#	not allocated	$$7
                                211 	#	not allocated	$$8
                                212 	#	not allocated	$$9
                                213 	#	not allocated	$$10
                                214 	#	not allocated	$$11
                                215 	#	not allocated	$$12
                                216 	#	not allocated	$$13
                                217 	#	not allocated	$$14
                                218 	#	not allocated	$$15
                                219 	#	not allocated	$$16
                                220 	#	not allocated	$$17
                                221 	#	not allocated	$$18
                                222 	#	r3		$$19
                                223 	#	r3		$$20
                                224 	
                                225 	#$$bf
                                226 		.align		2
                                227 		.globl		main
  00000024 02  0000 0014 0000   228 		.d2_cfa_start __local_cie
  0000002a 02  0000 0000 0000       	
  00000030 02  0000 0030            	
                                229 	main:
                                230 		.section	.debug_abbrev,,n
  00000028 04  03               231 		.uleb128	3
  00000029 04  2e               232 		.uleb128	46
  0000002a 04  01               233 		.byte		0x1
  0000002b 04  01               234 		.uleb128	1
  0000002c 04  13               235 		.uleb128	19
  0000002d 04  03               236 		.uleb128	3
  0000002e 04  08               237 		.uleb128	8
  0000002f 04  3a               238 		.uleb128	58
  00000030 04  06               239 		.uleb128	6
  00000031 04  3b               240 		.uleb128	59
  00000032 04  0f               241 		.uleb128	15
  00000033 04  3f               242 		.uleb128	63
  00000034 04  0c               243 		.uleb128	12
  00000035 04  27               244 		.uleb128	39
  00000036 04  0c               245 		.uleb128	12
  00000037 04  11               246 		.uleb128	17
  00000038 04  01               247 		.uleb128	1
  00000039 04  12               248 		.uleb128	18
  0000003a 04  01               249 		.uleb128	1
  0000003b 04  00               250 		.uleb128	0
  0000003c 04  00               251 		.uleb128	0
                                252 		.section	.debug_info,,n
                                253 	.L5795:
  000000ca 05  03               254 		.sleb128	3
  000000cb 05  0000 00e4        255 		.4byte		.L5792-.L2
  000000cf 05  6d61 696e        256 		.byte		"main"
  000000d3 05  00               257 		.byte		0
  000000d4 05  0000 0001        258 		.4byte		.L5789
  000000d8 05  17               259 		.uleb128	23
  000000d9 05  01               260 		.byte		0x1
  000000da 05  01               261 		.byte		0x1
  000000db 05  0000 0000        262 		.4byte		.L5793
  000000df 05  0000 0000        263 		.4byte		.L5794
                                264 		.section	.text_vle,,c
  00000085 03  0303 16          265 	        .d2line         24
                                266 	.L5793:
  00000064 00  1821 06f0        267 		e_stwu		r1,-16(r1)
  00000034 02  410e 10          268 		.d2_cfa_def_cfa_offset	16
  00000068 00  0080             269 		se_mflr		r0,lr
  0000006a 00  d501             270 		se_stw		r0,20(r1)
  00000037 02  4111 6c7f        271 		.d2_cfa_offset    108,-1
                                272 	#$$ee
  00000088 03  0204 0a          273 		.d2prologue_end
  0000008b 03  0f               274 	        .d2line         25
                                275 	#$$fn 0xc8 0 0 0x0
                                276 	#$$tl 0x0 0x0 0x0
                                277 	#$$rs 0
  0000006c 00  e9ca             278 		bl		conf_can
  0000008c 03  14               279 	        .d2line         27
                                280 	#$$fn 0x1ff8 0 0 0x1
                                281 	#$$tl 0x0 0x0 0x0
                                282 	#$$rs 0
  0000006e 00  7800 0001        283 		bl		init
  00000072 00  7060 6084        284 		e_li		r3,-262012
  0000008d 03  1f               285 	        .d2line         28
  00000076 00  c063             286 		se_lwz		r6,0(r3)
                                287 	#$$vo
  00000078 00  74c6 0385        288 		e_rlwinm		r6,r6,0,14,2
  0000007c 00  70c0 d204        289 		e_or2is		r6,516
  00000080 00  d063             290 		se_stw		r6,0(r3)
                                291 	#$$vo
  0000008e 03  27               292 	        .d2line         29
  00000082 00  4813             293 		se_li		r3,1
  00000084 00  7080 00c8        294 		e_li		r4,200
                                295 	#$$fn 0x1ff8 0 0 0x1
                                296 	#$$tl 0x18 0x0 0x0
                                297 	#$$rs 0
  00000088 00  7800 0001        298 		bl		conf_timer0
  0000008f 03  23               299 	        .d2line         30
                                300 	#$$be
  00000090 03  0200 0b01        301 		.d2epilogue_begin
  0000008c 00  c501             302 		se_lwz		r0,20(r1)
  0000008e 00  0090             303 		se_mtlr		r0
  00000090 00  20f1             304 		se_addi		r1,16
                                305 	#$$tl 0x0 0x0 0x0
  00000092 00  0004             306 		se_blr
                                307 	#$$ef
                                308 		.d2_cfa_end 2
                                309 		.section	.debug_info,,n
  000000e3 05  00               310 		.sleb128	0
                                311 	.L5792:
                                312 		.section	.text_vle,,c
                                313 	.L5794:
                                314 		.type		main,@function
                                315 		.size		main,.-main
                                316 	# Number of nodes = 15
                                317 	
                                318 	# Allocations for main
                                319 	#	not allocated	$$21
                                320 	#	not allocated	$$22
                                321 	#	r3		$$23
                                322 	
                                323 	#$$bf
                                324 		.align		2
                                325 		.globl		can_send
  0000003c 02  0000 000c 0000   326 		.d2_cfa_start __local_cie
  00000042 02  0000 0000 0000       	
  00000048 02  0000 006a            	
                                327 	can_send:
                                328 		.section	.debug_info,,n
                                329 	.L5800:
  000000e4 05  03               330 		.sleb128	3
  000000e5 05  0000 0102        331 		.4byte		.L5797-.L2
  000000e9 05  6361 6e5f 7365   332 		.byte		"can_send"
  000000ef 05  6e64                 	
  000000f1 05  00               333 		.byte		0
  000000f2 05  0000 0001        334 		.4byte		.L5789
  000000f6 05  32               335 		.uleb128	50
  000000f7 05  01               336 		.byte		0x1
  000000f8 05  01               337 		.byte		0x1
  000000f9 05  0000 0000        338 		.4byte		.L5798
  000000fd 05  0000 0000        339 		.4byte		.L5799
                                340 		.section	.text_vle,,c
  00000094 03  0315 1e          341 	        .d2line         51
                                342 	.L5798:
                                343 	#$$ee
  00000097 03  0200 0a          344 		.d2prologue_end
  00000094 00  7080 60c4        345 		e_li		r4,-261948
  0000009a 03  18               346 	        .d2line         53
  00000098 00  c064             347 		se_lwz		r6,0(r4)
                                348 	#$$vo
  0000009a 00  74c6 0385        349 		e_rlwinm		r6,r6,0,14,2
  0000009e 00  70c0 d25c        350 		e_or2is		r6,604
  000000a2 00  d064             351 		se_stw		r6,0(r4)
                                352 	#$$vo
  000000a4 00  7080 60c0        353 		e_li		r4,-261952
  0000009b 03  2f               354 	        .d2line         54
  000000a8 00  c064             355 		se_lwz		r6,0(r4)
                                356 	#$$vo
  000000aa 00  60a6             357 		se_bclri		r6,10
  000000ac 00  d064             358 		se_stw		r6,0(r4)
                                359 	#$$vo
  0000009c 03  1b               360 	        .d2line         55
  000000ae 00  c074             361 		se_lwz		r7,0(r4)
  000000b0 00  1c60 0000        362 		e_add16i	r3,r0,speedValue@sdarx
                                363 	#$$vo
  000000b4 00  60b7             364 		se_bclri		r7,11
  000000b6 00  d074             365 		se_stw		r7,0(r4)
                                366 	#$$vo
  0000009d 03  24               367 	        .d2line         57
  000000b8 00  c063             368 		se_lwz		r6,0(r3)
  000000ba 00  70ff e7fc        369 		e_lis		r7,-4
  000000be 00  34c7 00c8        370 		e_stb		r6,200(r7)
                                371 	#$$vo
  0000009e 03  23               372 	        .d2line         58
  000000c2 00  c063             373 		se_lwz		r6,0(r3)
  000000c4 00  6a86             374 		se_srawi		r6,8
  000000c6 00  34c7 00c9        375 		e_stb		r6,201(r7)
                                376 	#$$vo
  000000ca 00  4803             377 		se_li		r3,0
  0000009f 03  24               378 	        .d2line         60
  000000cc 00  3467 00ca        379 		e_stb		r3,202(r7)
                                380 	#$$vo
  000000a0 03  17               381 	        .d2line         61
  000000d0 00  3467 00cb        382 		e_stb		r3,203(r7)
                                383 	#$$vo
  000000a1 03  17               384 	        .d2line         62
  000000d4 00  3467 00cc        385 		e_stb		r3,204(r7)
                                386 	#$$vo
  000000a2 03  17               387 	        .d2line         63
  000000d8 00  3467 00cd        388 		e_stb		r3,205(r7)
                                389 	#$$vo
  000000a3 03  17               390 	        .d2line         64
  000000dc 00  3467 00ce        391 		e_stb		r3,206(r7)
                                392 	#$$vo
  000000a4 03  17               393 	        .d2line         65
  000000e0 00  3467 00cf        394 		e_stb		r3,207(r7)
                                395 	#$$vo
  000000a5 03  18               396 	        .d2line         67
  000000e4 00  c064             397 		se_lwz		r6,0(r4)
                                398 	#$$vo
  000000e6 00  74c6 0417        399 		e_rlwinm		r6,r6,0,16,11
  000000ea 00  18c6 d202        400 		e_ori		r6,r6,131072
  000000ee 00  d064             401 		se_stw		r6,0(r4)
                                402 	#$$vo
  000000a6 03  27               403 	        .d2line         68
  000000f0 00  c074             404 		se_lwz		r7,0(r4)
                                405 	#$$vo
  000000f2 00  74e7 0207        406 		e_rlwinm		r7,r7,0,8,3
  000000f6 00  18e7 d30c        407 		e_ori		r7,r7,201326592
  000000fa 00  d074             408 		se_stw		r7,0(r4)
                                409 	#$$vo
  000000a7 03  27               410 	        .d2line         69
                                411 	#$$be
  000000a8 03  0200 0b01        412 		.d2epilogue_begin
                                413 	#$$tl 0x0 0x0 0x0
  000000fc 00  0004             414 		se_blr
                                415 	#$$ef
                                416 		.d2_cfa_end 2
                                417 		.section	.debug_info,,n
  00000101 05  00               418 		.sleb128	0
                                419 	.L5797:
                                420 		.section	.text_vle,,c
                                421 	.L5799:
                                422 		.type		can_send,@function
                                423 		.size		can_send,.-can_send
                                424 	# Number of nodes = 63
                                425 	
                                426 	# Allocations for can_send
                                427 	#	not allocated	$$24
                                428 	#	not allocated	$$25
                                429 	#	not allocated	$$26
                                430 	#	not allocated	$$27
                                431 	#	not allocated	$$28
                                432 	#	not allocated	$$29
                                433 	#	not allocated	$$30
                                434 	#	not allocated	$$31
                                435 	#	not allocated	$$32
                                436 	#	not allocated	$$33
                                437 	#	not allocated	$$34
                                438 	#	not allocated	$$35
                                439 	#	not allocated	$$36
                                440 	#	not allocated	$$37
                                441 	#	not allocated	$$38
                                442 	#	not allocated	$$39
                                443 	#	not allocated	$$40
                                444 	#	not allocated	$$41
                                445 	#	r3		$$42
                                446 	#	not allocated	$$43
                                447 	#	r3		$$44
                                448 	#	r4		$$45
                                449 	#	r4		$$46
                                450 	
                                451 	#$$bf
                                452 		.align		2
                                453 		.globl		timer0_intr
  0000004c 02  0000 0014 0000   454 		.d2_cfa_start __local_cie
  00000052 02  0000 0000 0000       	
  00000058 02  0000 003e            	
                                455 	timer0_intr:
                                456 		.section	.debug_info,,n
                                457 	.L5805:
  00000102 05  03               458 		.sleb128	3
  00000103 05  0000 0138        459 		.4byte		.L5802-.L2
  00000107 05  7469 6d65 7230   460 		.byte		"timer0_intr"
  0000010d 05  5f69 6e74 72         	
  00000112 05  00               461 		.byte		0
  00000113 05  0000 0001        462 		.4byte		.L5789
  00000117 05  20               463 		.uleb128	32
  00000118 05  01               464 		.byte		0x1
  00000119 05  01               465 		.byte		0x1
  0000011a 05  0000 0000        466 		.4byte		.L5803
  0000011e 05  0000 0000        467 		.4byte		.L5804
                                468 		.section	.debug_abbrev,,n
  0000003d 04  04               469 		.uleb128	4
  0000003e 04  34               470 		.uleb128	52
  0000003f 04  00               471 		.byte		0x0
  00000040 04  3a               472 		.uleb128	58
  00000041 04  06               473 		.uleb128	6
  00000042 04  3b               474 		.uleb128	59
  00000043 04  0f               475 		.uleb128	15
  00000044 04  03               476 		.uleb128	3
  00000045 04  08               477 		.uleb128	8
  00000046 04  49               478 		.uleb128	73
  00000047 04  10               479 		.uleb128	16
  00000048 04  02               480 		.uleb128	2
  00000049 04  09               481 		.uleb128	9
  0000004a 04  00               482 		.uleb128	0
  0000004b 04  00               483 		.uleb128	0
                                484 		.section	.debug_info,,n
                                485 	.L5806:
  00000122 05  04               486 		.sleb128	4
  00000123 05  0000 0001        487 		.4byte		.L5789
  00000127 05  23               488 		.uleb128	35
  00000128 05  666c 6167        489 		.byte		"flag"
  0000012c 05  00               490 		.byte		0
  0000012d 05  0000 0000        491 		.4byte		.L5807
  00000131 05  05               492 		.sleb128	5
  00000132 05  03               493 		.byte		0x3
  00000133 05  0000 0000        494 		.4byte		flag.5779
                                495 		.section	.text_vle,,c
  000000ac 03  035c 16          496 	        .d2line         33
                                497 	.L5803:
  00000100 00  1821 06f0        498 		e_stwu		r1,-16(r1)
  0000005c 02  410e 10          499 		.d2_cfa_def_cfa_offset	16
  00000104 00  0080             500 		se_mflr		r0,lr
  00000106 00  d501             501 		se_stw		r0,20(r1)
  0000005f 02  4111 6c7f        502 		.d2_cfa_offset    108,-1
                                503 	#$$ee
  000000af 03  0204 0a          504 		.d2prologue_end
  00000108 00  1c80 0000        505 		e_add16i	r4,r0,speedValue@sdarx
  000000b2 03  0304 16          506 	        .d2line         37
  0000010c 00  c164             507 		se_lwz		r6,4(r4)
  0000010e 00  2a06             508 		se_cmpi		r6,0
  00000110 00  e209             509 		bc		0,2,.L5781
  00000112 00  c034             510 		se_lwz		r3,0(r4)
  00000114 00  7003 992c        511 		cmpi		0,0,r3,300
  00000118 00  e005             512 		bc		0,0,.L5781
  000000b5 03  2b               513 	        .d2line         38
  0000011a 00  18e3 8005        514 		e_addi		r7,r3,5
  0000011e 00  d074             515 		se_stw		r7,0(r4)
  00000120 00  e80a             516 		b		.L5782
                                517 	.L5781:
  000000b6 03  0303 1e          518 	        .d2line         41
  00000122 00  4817             519 		se_li		r7,1
  00000124 00  d174             520 		se_stw		r7,4(r4)
  000000b9 03  17               521 	        .d2line         42
  00000126 00  c034             522 		se_lwz		r3,0(r4)
  00000128 00  2443             523 		se_subi		r3,5
  0000012a 00  d034             524 		se_stw		r3,0(r4)
  000000ba 03  1b               525 	        .d2line         43
  0000012c 00  2a03             526 		se_cmpi		r3,0
  0000012e 00  e203             527 		bc		0,2,.L5782
  000000bb 03  17               528 	        .d2line         44
  00000130 00  4807             529 		se_li		r7,0
  00000132 00  d174             530 		se_stw		r7,4(r4)
                                531 	.L5782:
  000000bc 03  18               532 	        .d2line         46
                                533 	#$$fn 0xd8 0 0 0x0
                                534 	#$$tl 0x0 0x0 0x0
                                535 	#$$rs 0
  00000134 00  e9b0             536 		bl		can_send
  000000bd 03  14               537 	        .d2line         48
                                538 	#$$be
  000000be 03  0200 0b01        539 		.d2epilogue_begin
  00000136 00  c501             540 		se_lwz		r0,20(r1)
  00000138 00  0090             541 		se_mtlr		r0
  0000013a 00  20f1             542 		se_addi		r1,16
                                543 	#$$tl 0x0 0x0 0x0
  0000013c 00  0004             544 		se_blr
                                545 	#$$ef
                                546 		.d2_cfa_end 2
                                547 		.section	.debug_info,,n
  00000137 05  00               548 		.sleb128	0
                                549 	.L5802:
                                550 		.section	.text_vle,,c
                                551 	.L5804:
                                552 		.type		timer0_intr,@function
                                553 		.size		timer0_intr,.-timer0_intr
                                554 	# Number of nodes = 24
                                555 	
                                556 	# Allocations for timer0_intr
                                557 	#	r4		$$47
                                558 	#	r3		$$48
                                559 	#	r3		$$49
                                560 	
                                561 	#$$bf
                                562 		.align		2
                                563 		.globl		can_receive
  00000064 02  0000 000c 0000   564 		.d2_cfa_start __local_cie
  0000006a 02  0000 0000 0000       	
  00000070 02  0000 0022            	
                                565 	can_receive:
                                566 		.section	.debug_info,,n
                                567 	.L5812:
  00000138 05  02               568 		.sleb128	2
  00000139 05  0000 0158        569 		.4byte		.L5809-.L2
  0000013d 05  6361 6e5f 7265   570 		.byte		"can_receive"
  00000143 05  6365 6976 65         	
  00000148 05  00               571 		.byte		0
  00000149 05  0000 0001        572 		.4byte		.L5789
  0000014d 05  47               573 		.uleb128	71
  0000014e 05  01               574 		.byte		0x1
  0000014f 05  0000 0000        575 		.4byte		.L5810
  00000153 05  0000 0000        576 		.4byte		.L5811
                                577 		.section	.text_vle,,c
  000000c2 03  0318 22          578 	        .d2line         72
                                579 	.L5810:
                                580 	#$$ee
  000000c5 03  0200 0a          581 		.d2prologue_end
  00000140 00  7060 6080        582 		e_li		r3,-262016
  000000c8 03  17               583 	        .d2line         73
  00000144 00  c063             584 		se_lwz		r6,0(r3)
                                585 	#$$vo
  00000146 00  74c6 0207        586 		e_rlwinm		r6,r6,0,8,3
  0000014a 00  18c6 d304        587 		e_ori		r6,r6,67108864
  0000014e 00  d063             588 		se_stw		r6,0(r3)
                                589 	#$$vo
  00000150 00  7078 e3f9        590 		e_lis		r3,50169
  00000154 00  7060 c609        591 		e_or2i		r3,1545
  000000c9 03  37               592 	        .d2line         74
  00000158 00  8063             593 		se_lbz		r6,0(r3)
                                594 	#$$vo
  0000015a 00  7cc6 30f8        595 		nor		r6,r6,r6
  0000015e 00  9063             596 		se_stb		r6,0(r3)
                                597 	#$$vo
  000000ca 03  1f               598 	        .d2line         75
                                599 	#$$be
  000000cb 03  0200 0b01        600 		.d2epilogue_begin
                                601 	#$$tl 0x0 0x0 0x0
  00000160 00  0004             602 		se_blr
                                603 	#$$ef
                                604 		.d2_cfa_end 2
                                605 		.section	.debug_info,,n
  00000157 05  00               606 		.sleb128	0
                                607 	.L5809:
                                608 		.section	.text_vle,,c
                                609 	.L5811:
                                610 		.type		can_receive,@function
                                611 		.size		can_receive,.-can_receive
                                612 	# Number of nodes = 11
                                613 	
                                614 	# Allocations for can_receive
                                615 	#	not allocated	$$50
                                616 	#	not allocated	$$51
                                617 	#	not allocated	$$52
                                618 	#	not allocated	$$53
                                619 	#	not allocated	$$54
                                620 	#	r3		$$55
                                621 	#	r3		$$56
                                622 	
                                623 	# Allocations for module
                                624 		.section	.debug_abbrev,,n
  0000004c 04  05               625 		.uleb128	5
  0000004d 04  34               626 		.uleb128	52
  0000004e 04  00               627 		.byte		0x0
  0000004f 04  3f               628 		.uleb128	63
  00000050 04  0c               629 		.uleb128	12
  00000051 04  3a               630 		.uleb128	58
  00000052 04  06               631 		.uleb128	6
  00000053 04  3b               632 		.uleb128	59
  00000054 04  0f               633 		.uleb128	15
  00000055 04  03               634 		.uleb128	3
  00000056 04  08               635 		.uleb128	8
  00000057 04  49               636 		.uleb128	73
  00000058 04  10               637 		.uleb128	16
  00000059 04  02               638 		.uleb128	2
  0000005a 04  09               639 		.uleb128	9
  0000005b 04  00               640 		.uleb128	0
  0000005c 04  00               641 		.uleb128	0
                                642 		.section	.debug_info,,n
                                643 	.L5813:
  00000158 05  05               644 		.sleb128	5
  00000159 05  01               645 		.byte		0x1
  0000015a 05  0000 0001        646 		.4byte		.L5789
  0000015e 05  03               647 		.uleb128	3
  0000015f 05  7370 6565 6456   648 		.byte		"speedValue"
  00000165 05  616c 7565            	
  00000169 05  00               649 		.byte		0
  0000016a 05  0000 0000        650 		.4byte		.L5807
  0000016e 05  05               651 		.sleb128	5
  0000016f 05  03               652 		.byte		0x3
  00000170 05  0000 0000        653 		.4byte		speedValue
                                654 		.sdata
                                655 		.align		2
                                656 	#	Begin local data area
                                657 	#	LDA + 0
                                658 		.type		speedValue,@object
                                659 		.size		speedValue,4
                                660 		.align		2
                                661 		.globl		speedValue
                                662 	speedValue:
  00000000 07  0000 0000        663 		.long		0
                                664 	#	LDA + 4
                                665 		.type		flag.5779,@object
                                666 		.size		flag.5779,4
                                667 		.align		2
                                668 	flag.5779:
  00000004 07  0000 0000        669 		.long		0
                                670 		.section	.debug_abbrev,,n
  0000005d 04  06               671 		.uleb128	6
  0000005e 04  24               672 		.uleb128	36
  0000005f 04  00               673 		.byte		0x0
  00000060 04  03               674 		.uleb128	3
  00000061 04  08               675 		.uleb128	8
  00000062 04  3e               676 		.uleb128	62
  00000063 04  0b               677 		.uleb128	11
  00000064 04  0b               678 		.uleb128	11
  00000065 04  0b               679 		.uleb128	11
  00000066 04  00               680 		.uleb128	0
  00000067 04  00               681 		.uleb128	0
                                682 		.section	.debug_info,,n
                                683 	.L5807:
  00000174 05  06               684 		.sleb128	6
  00000175 05  696e 74          685 		.byte		"int"
  00000178 05  00               686 		.byte		0
  00000179 05  05               687 		.byte		0x5
  0000017a 05  04               688 		.byte		0x4
                                689 	.L7:
  0000017b 05  00               690 		.sleb128	0
                                691 	.L3:
                                692 		.section	.text_vle,,c
                                693 	.L5:
                                694 	.L5789: 	.d2filenum "C:\\Users\\venr\\Downloads\\Unit2\\Unit2 - Task 2.4\\src\\main.c
                                    	"
  000000cf 03  0005 0200 0000   695 		.d2_line_end
  000000d5 03  0000 0101            	
                                696 		.section	.debug_abbrev,,n
  00000068 04  00               697 		.sleb128	0
