                                  1 	#$$m2		- PowerPC mnemonics
                                  2 	#$$pVLE		- PowerPC VLE encoding
                                  3 	#$$oPPC5534  - Optimized for PPC5534
                                  4 	#$$ko 9		- Reorder info
                                  5 		.file		"main.c"
                                  6 	#$$eb
                                  7 	#$$sz 0
                                  8 	#$$fp 0
                                  9 		.section	.PPC.EMB.apuinfo,,@note
  00000000 01  0000 0008         10 		.4byte		8
  00000004 01  0000 0004         11 		.4byte		4
  00000008 01  0000 0002         12 		.4byte		2
  0000000c 01  4150 5569 6e66    13 		.byte		"APUinfo"
  00000012 01  6f                   	
  00000013 01  00                14 		.byte		0
                                 15 		.align		2
  00000014 01  0104 0001         16 		.4byte		0x01040001
                                 17 		.section	.text_vle,,c
                                 18 		.section	.debug_frame,,n
                                 19 	__local_cie: 
  00000000 02  0000 0010         20 		.word	.LE-.LS
                                 21 	.LS:
  00000004 02  ffff ffff         22 		.word	-1
  00000008 02  01                23 		.byte	1
  00000009 02  00                24 		.byte	0
  0000000a 02  04                25 		.uleb128	4
  0000000b 02  7c                26 		.sleb128	-4
  0000000c 02  6c                27 		.byte	108
  0000000d 02  0c                28 		.byte	0x0c
  0000000e 02  01                29 		.byte	1
  0000000f 02  00                30 		.byte	0
  00000010 02  08                31 		.byte	8
  00000011 02  6c                32 		.byte	108
                                 33 		.fill           (.LS-.)&3
                                 34 	.LE:
                                 35 		.section	.debug_line,,n
                                 36 	.L8:
                                 37 		.section	.text_vle,,c
                                 38 	.L4:
  00000000 00                    39 		.0byte		.L2
  00000000 03  0000 00d2 0002    40 		.d2_line_start	.debug_line
  00000006 03  0000 0013 0201       	
  0000000c 03  ff04 0d00 0101       	
  00000012 03  0101 0000 0001       	
  00000018 03  0000 0100 00         	
                                 41 		.section	.debug_abbrev,,n
                                 42 	.L9:
                                 43 		.section	.debug_info,,n
                                 44 	.L2:
  00000000 05  0000 0176         45 		.4byte		.L3-.L1
                                 46 	.L1:
  00000004 05  0002              47 		.2byte		0x2
  00000006 05  0000 0000         48 		.4byte		.L9
  0000000a 05  04                49 		.byte		0x4
                                 50 		.section	.debug_abbrev,,n
  00000000 04  01                51 		.uleb128	1
  00000001 04  11                52 		.uleb128	17
  00000002 04  01                53 		.byte		0x1
  00000003 04  01                54 		.uleb128	1
  00000004 04  13                55 		.uleb128	19
  00000005 04  03                56 		.uleb128	3
  00000006 04  08                57 		.uleb128	8
  00000007 04  25                58 		.uleb128	37
  00000008 04  08                59 		.uleb128	8
  00000009 04  1b                60 		.uleb128	27
  0000000a 04  08                61 		.uleb128	8
  0000000b 04  13                62 		.uleb128	19
  0000000c 04  0f                63 		.uleb128	15
  0000000d 04  11                64 		.uleb128	17
  0000000e 04  01                65 		.uleb128	1
  0000000f 04  12                66 		.uleb128	18
  00000010 04  01                67 		.uleb128	1
  00000011 04  10                68 		.uleb128	16
  00000012 04  06                69 		.uleb128	6
  00000013 04  00                70 		.uleb128	0
  00000014 04  00                71 		.uleb128	0
                                 72 		.section	.debug_info,,n
  0000000b 05  01                73 		.sleb128	1
  0000000c 05  0000 0179         74 		.4byte		.L7-.L2
  00000010 05  433a 5c55 7365    75 		.byte		"C:\\Users\\venr\\Downloads\\2015_Unit1\\Unit1\\src\\main.c"
  00000016 05  7273 5c76 656e       	
  0000001c 05  725c 446f 776e       	
  00000022 05  6c6f 6164 735c       	
  00000028 05  3230 3135 5f55       	
  0000002e 05  6e69                 	
  00000043 05  00                76 		.byte		0
  00000044 05  4469 6162 2044    77 		.byte		"Diab Data, Inc:dcc Rel 5.7.0.0:PPC5534"
  0000004a 05  6174 612c 2049       	
  00000050 05  6e63 3a64 6363       	
  00000056 05  2052 656c 2035       	
  0000005c 05  2e37 2e30 2e30       	
  00000062 05  3a50                 	
  0000006a 05  00                78 		.byte		0
  0000006b 05  433a 5c55 7365    79 		.byte		"C:\\Users\\venr\\Downloads\\2015_Unit1\\Unit1"
  00000071 05  7273 5c76 656e       	
  00000077 05  725c 446f 776e       	
  0000007d 05  6c6f 6164 735c       	
  00000083 05  3230 3135 5f55       	
  00000089 05  6e69                 	
  00000093 05  00                80 		.byte		0
  00000094 05  01                81 		.uleb128	1
  00000095 05  0000 0000         82 		.4byte		.L4
  00000099 05  0000 0000         83 		.4byte		.L5
  0000009d 05  0000 0000         84 		.4byte		.L8
                                 85 		.section	.text_vle,,c
                                 86 	
                                 87 	#$$bf
                                 88 		.align		2
                                 89 		.globl		configure_io
  00000014 02  0000 000c 0000    90 		.d2_cfa_start __local_cie
  0000001a 02  0000 0000 0000       	
  00000020 02  0000 002e            	
                                 91 	configure_io:
                                 92 		.section	.debug_abbrev,,n
  00000015 04  02                93 		.uleb128	2
  00000016 04  2e                94 		.uleb128	46
  00000017 04  01                95 		.byte		0x1
  00000018 04  01                96 		.uleb128	1
  00000019 04  13                97 		.uleb128	19
  0000001a 04  03                98 		.uleb128	3
  0000001b 04  08                99 		.uleb128	8
  0000001c 04  3a               100 		.uleb128	58
  0000001d 04  06               101 		.uleb128	6
  0000001e 04  3b               102 		.uleb128	59
  0000001f 04  0f               103 		.uleb128	15
  00000020 04  3f               104 		.uleb128	63
  00000021 04  0c               105 		.uleb128	12
  00000022 04  27               106 		.uleb128	39
  00000023 04  0c               107 		.uleb128	12
  00000024 04  11               108 		.uleb128	17
  00000025 04  01               109 		.uleb128	1
  00000026 04  12               110 		.uleb128	18
  00000027 04  01               111 		.uleb128	1
  00000028 04  00               112 		.uleb128	0
  00000029 04  00               113 		.uleb128	0
                                114 		.section	.debug_info,,n
                                115 	.L5796:
  000000a1 05  02               116 		.sleb128	2
  000000a2 05  0000 00c3        117 		.4byte		.L5792-.L2
  000000a6 05  636f 6e66 6967   118 		.byte		"configure_io"
  000000ac 05  7572 655f 696f       	
  000000b2 05  00               119 		.byte		0
  000000b3 05  0000 0001        120 		.4byte		.L5795
  000000b7 05  08               121 		.uleb128	8
  000000b8 05  01               122 		.byte		0x1
  000000b9 05  01               123 		.byte		0x1
  000000ba 05  0000 0000        124 		.4byte		.L5793
  000000be 05  0000 0000        125 		.4byte		.L5794
                                126 		.section	.text_vle,,c
  0000001d 03  003f 0343 3a5c   127 		.d2file		"C:\\Users\\venr\\Downloads\\2015_Unit1\\Unit1\\src\\main.c"
  00000023 03  5c55 7365 7273       	
  00000029 03  5c5c 7665 6e72       	
  0000002f 03  5c5c 446f 776e       	
  00000035 03  6c6f 6164 735c       	
  0000003b 03  5c32                 	
  00000060 03  0005 0200 0000   128 	        .d2line         9
  00000066 03  0003 080e            	
                                129 	.L5793:
                                130 	#$$ee
  0000006a 03  0200 0a          131 		.d2prologue_end
  00000000 00  6363             132 		se_bgeni		r3,22
  0000006d 03  0304 12          133 	        .d2line         13
  00000002 00  70d8 e3f9        134 		e_lis		r6,-15367
  00000006 00  5c66 0052        135 		e_sth		r3,82(r6)
                                136 	#$$vo
  00000070 03  1f               137 	        .d2line         14
  0000000a 00  5c66 0094        138 		e_sth		r3,148(r6)
                                139 	#$$vo
  00000071 03  17               140 	        .d2line         15
  0000000e 00  5c66 005a        141 		e_sth		r3,90(r6)
                                142 	#$$vo
  00000072 03  17               143 	        .d2line         16
  00000012 00  5c66 0058        144 		e_sth		r3,88(r6)
                                145 	#$$vo
  00000073 03  17               146 	        .d2line         17
  00000016 00  5c66 00bc        147 		e_sth		r3,188(r6)
                                148 	#$$vo
  00000074 03  17               149 	        .d2line         18
  0000001a 00  5c66 00ba        150 		e_sth		r3,186(r6)
                                151 	#$$vo
  00000075 03  17               152 	        .d2line         19
  0000001e 00  5c66 00b6        153 		e_sth		r3,182(r6)
                                154 	#$$vo
  00000076 03  17               155 	        .d2line         20
  00000022 00  5c66 0056        156 		e_sth		r3,86(r6)
                                157 	#$$vo
  00000077 03  0305 16          158 	        .d2line         25
  00000026 00  6377             159 		se_bgeni		r7,23
  00000028 00  5ce6 0098        160 		e_sth		r7,152(r6)
                                161 	#$$vo
  0000007a 03  0307 1a          162 	        .d2line         32
                                163 	#$$be
  0000007d 03  0200 0b01        164 		.d2epilogue_begin
                                165 	#$$tl 0x0 0x0 0x0
  0000002c 00  0004             166 		se_blr
                                167 	#$$ef
                                168 		.d2_cfa_end 2
                                169 		.section	.debug_info,,n
  000000c2 05  00               170 		.sleb128	0
                                171 	.L5792:
                                172 		.section	.text_vle,,c
                                173 	.L5794:
                                174 		.type		configure_io,@function
                                175 		.size		configure_io,.-configure_io
                                176 	# Number of nodes = 36
                                177 	
                                178 	# Allocations for configure_io
                                179 	#	not allocated	$$1
                                180 	#	not allocated	$$2
                                181 	#	not allocated	$$3
                                182 	#	not allocated	$$4
                                183 	#	not allocated	$$5
                                184 	#	not allocated	$$6
                                185 	#	not allocated	$$7
                                186 	#	not allocated	$$8
                                187 	#	not allocated	$$9
                                188 	#	r3		$$10
                                189 	
                                190 	#$$bf
                                191 		.align		2
                                192 		.globl		main
  00000024 02  0000 0014 0000   193 		.d2_cfa_start __local_cie
  0000002a 02  0000 0000 0000       	
  00000030 02  0000 003c            	
                                194 	main:
                                195 		.section	.debug_info,,n
                                196 	.L5802:
  000000c3 05  02               197 		.sleb128	2
  000000c4 05  0000 00dd        198 		.4byte		.L5799-.L2
  000000c8 05  6d61 696e        199 		.byte		"main"
  000000cc 05  00               200 		.byte		0
  000000cd 05  0000 0001        201 		.4byte		.L5795
  000000d1 05  24               202 		.uleb128	36
  000000d2 05  01               203 		.byte		0x1
  000000d3 05  01               204 		.byte		0x1
  000000d4 05  0000 0000        205 		.4byte		.L5800
  000000d8 05  0000 0000        206 		.4byte		.L5801
                                207 		.section	.text_vle,,c
  00000081 03  0305 16          208 	        .d2line         37
                                209 	.L5800:
  00000030 00  1821 06f0        210 		e_stwu		r1,-16(r1)
  00000034 02  410e 10          211 		.d2_cfa_def_cfa_offset	16
  00000034 00  0080             212 		se_mflr		r0,lr
  00000036 00  d501             213 		se_stw		r0,20(r1)
  00000037 02  4111 6c7f        214 		.d2_cfa_offset    108,-1
                                215 	#$$ee
  00000084 03  0204 0a          216 		.d2prologue_end
  00000087 03  0304 0e          217 	        .d2line         41
                                218 	#$$fn 0x1ff8 0 0 0x1
                                219 	#$$tl 0x0 0x0 0x0
                                220 	#$$rs 0
  00000038 00  7800 0001        221 		bl		init
                                222 	.L5780:
  0000003c 00  4803             223 		se_li		r3,0
  0000008a 03  0309 1a          224 	        .d2line         50
  0000003e 00  70d8 e3f9        225 		e_lis		r6,-15367
  00000042 00  3466 0609        226 		e_stb		r3,1545(r6)
                                227 	#$$vo
  0000008d 03  1f               228 	        .d2line         51
  00000046 00  3466 062a        229 		e_stb		r3,1578(r6)
                                230 	#$$vo
  0000008e 03  17               231 	        .d2line         52
  0000004a 00  3466 060d        232 		e_stb		r3,1549(r6)
                                233 	#$$vo
  0000008f 03  17               234 	        .d2line         53
  0000004e 00  3466 060c        235 		e_stb		r3,1548(r6)
                                236 	#$$vo
  00000090 03  17               237 	        .d2line         54
  00000052 00  3466 063e        238 		e_stb		r3,1598(r6)
                                239 	#$$vo
  00000091 03  17               240 	        .d2line         55
  00000056 00  3466 063d        241 		e_stb		r3,1597(r6)
                                242 	#$$vo
  00000092 03  17               243 	        .d2line         56
  0000005a 00  3466 063b        244 		e_stb		r3,1595(r6)
                                245 	#$$vo
  00000093 03  17               246 	        .d2line         57
  0000005e 00  3466 060b        247 		e_stb		r3,1547(r6)
                                248 	#$$vo
  00000094 03  030d 16          249 	        .d2line         70
  00000062 00  e8ed             250 		b		.L5780
  00000097 03  14               251 	        .d2line         72
                                252 	#$$be
  00000098 03  0200 0b01        253 		.d2epilogue_begin
  00000064 00  c501             254 		se_lwz		r0,20(r1)
  00000066 00  0090             255 		se_mtlr		r0
  00000068 00  20f1             256 		se_addi		r1,16
                                257 	#$$tl 0x0 0x0 0x0
  0000006a 00  0004             258 		se_blr
                                259 	#$$ef
                                260 		.d2_cfa_end 2
                                261 		.section	.debug_info,,n
  000000dc 05  00               262 		.sleb128	0
                                263 	.L5799:
                                264 		.section	.text_vle,,c
                                265 	.L5801:
                                266 		.type		main,@function
                                267 		.size		main,.-main
                                268 	# Number of nodes = 35
                                269 	
                                270 	# Allocations for main
                                271 	#	not allocated	value
                                272 	#	not allocated	$$11
                                273 	#	not allocated	$$12
                                274 	#	not allocated	$$13
                                275 	#	not allocated	$$14
                                276 	#	not allocated	$$15
                                277 	#	not allocated	$$16
                                278 	#	not allocated	$$17
                                279 	#	not allocated	$$18
                                280 	#	r3		$$19
                                281 	
                                282 	#$$bf
                                283 		.align		2
                                284 		.globl		showdata
  0000003c 02  0000 000c 0000   285 		.d2_cfa_start __local_cie
  00000042 02  0000 0000 0000       	
  00000048 02  0000 0002            	
                                286 	showdata:
                                287 		.section	.debug_info,,n
                                288 	.L5813:
  000000dd 05  02               289 		.sleb128	2
  000000de 05  0000 010e        290 		.4byte		.L5810-.L2
  000000e2 05  7368 6f77 6461   291 		.byte		"showdata"
  000000e8 05  7461                 	
  000000ea 05  00               292 		.byte		0
  000000eb 05  0000 0001        293 		.4byte		.L5795
  000000ef 05  4d               294 		.uleb128	77
  000000f0 05  01               295 		.byte		0x1
  000000f1 05  01               296 		.byte		0x1
  000000f2 05  0000 0000        297 		.4byte		.L5811
  000000f6 05  0000 0000        298 		.4byte		.L5812
                                299 		.section	.debug_abbrev,,n
  0000002a 04  03               300 		.uleb128	3
  0000002b 04  05               301 		.uleb128	5
  0000002c 04  00               302 		.byte		0x0
  0000002d 04  3a               303 		.uleb128	58
  0000002e 04  06               304 		.uleb128	6
  0000002f 04  3b               305 		.uleb128	59
  00000030 04  0f               306 		.uleb128	15
  00000031 04  03               307 		.uleb128	3
  00000032 04  08               308 		.uleb128	8
  00000033 04  49               309 		.uleb128	73
  00000034 04  10               310 		.uleb128	16
  00000035 04  02               311 		.uleb128	2
  00000036 04  09               312 		.uleb128	9
  00000037 04  00               313 		.uleb128	0
  00000038 04  00               314 		.uleb128	0
                                315 		.section	.debug_info,,n
                                316 	.L5814:
  000000fa 05  03               317 		.sleb128	3
  000000fb 05  0000 0001        318 		.4byte		.L5795
  000000ff 05  4d               319 		.uleb128	77
  00000100 05  7661 6c75 65     320 		.byte		"value"
  00000105 05  00               321 		.byte		0
  00000106 05  0000 0000        322 		.4byte		.L5815
  0000010a 05  02               323 		.sleb128	2
  0000010b 05  90               324 		.byte		0x90
  0000010c 05  03               325 		.uleb128	3
                                326 		.section	.text_vle,,c
  0000009c 03  0306 1e          327 	        .d2line         78
                                328 	.L5811:
                                329 	#$$ee
  0000009f 03  0200 0a          330 		.d2prologue_end
  000000a2 03  0321 0e          331 	        .d2line         111
                                332 	#$$be
  000000a5 03  0200 0b01        333 		.d2epilogue_begin
                                334 	#$$tl 0x0 0x0 0x0
  0000006c 00  0004             335 		se_blr
                                336 	#$$ef
                                337 		.d2_cfa_end 2
                                338 		.section	.debug_info,,n
  0000010d 05  00               339 		.sleb128	0
                                340 	.L5810:
                                341 		.section	.text_vle,,c
                                342 	.L5812:
                                343 		.type		showdata,@function
                                344 		.size		showdata,.-showdata
                                345 	# Number of nodes = 18
                                346 	
                                347 	# Allocations for showdata
                                348 	#	not allocated	value
                                349 	
                                350 	#$$bf
                                351 		.align		2
                                352 		.globl		conf_timer1
  0000004c 02  0000 000c 0000   353 		.d2_cfa_start __local_cie
  00000052 02  0000 0000 0000       	
  00000058 02  0000 0002            	
                                354 	conf_timer1:
                                355 		.section	.debug_info,,n
                                356 	.L5820:
  0000010e 05  02               357 		.sleb128	2
  0000010f 05  0000 012f        358 		.4byte		.L5817-.L2
  00000113 05  636f 6e66 5f74   359 		.byte		"conf_timer1"
  00000119 05  696d 6572 31         	
  0000011e 05  00               360 		.byte		0
  0000011f 05  0000 0001        361 		.4byte		.L5795
  00000123 05  70               362 		.uleb128	112
  00000124 05  01               363 		.byte		0x1
  00000125 05  01               364 		.byte		0x1
  00000126 05  0000 0000        365 		.4byte		.L5818
  0000012a 05  0000 0000        366 		.4byte		.L5819
                                367 		.section	.text_vle,,c
  000000a9 03  18               368 	        .d2line         113
                                369 	.L5818:
                                370 	#$$ee
  000000aa 03  0200 0a          371 		.d2prologue_end
  000000ad 03  0308 0e          372 	        .d2line         121
                                373 	#$$be
  000000b0 03  0200 0b01        374 		.d2epilogue_begin
                                375 	#$$tl 0x0 0x0 0x0
  00000070 00  0004             376 		se_blr
                                377 	#$$ef
                                378 		.d2_cfa_end 2
                                379 		.section	.debug_info,,n
  0000012e 05  00               380 		.sleb128	0
                                381 	.L5817:
                                382 		.section	.text_vle,,c
                                383 	.L5819:
                                384 		.type		conf_timer1,@function
                                385 		.size		conf_timer1,.-conf_timer1
                                386 	# Number of nodes = 0
                                387 	
                                388 	# Allocations for conf_timer1
                                389 	
                                390 	#$$bf
                                391 		.align		2
                                392 		.globl		timer0_intr
  0000005c 02  0000 000c 0000   393 		.d2_cfa_start __local_cie
  00000062 02  0000 0000 0000       	
  00000068 02  0000 0002            	
                                394 	timer0_intr:
                                395 		.section	.debug_info,,n
                                396 	.L5825:
  0000012f 05  02               397 		.sleb128	2
  00000130 05  0000 0150        398 		.4byte		.L5822-.L2
  00000134 05  7469 6d65 7230   399 		.byte		"timer0_intr"
  0000013a 05  5f69 6e74 72         	
  0000013f 05  00               400 		.byte		0
  00000140 05  0000 0001        401 		.4byte		.L5795
  00000144 05  7b               402 		.uleb128	123
  00000145 05  01               403 		.byte		0x1
  00000146 05  01               404 		.byte		0x1
  00000147 05  0000 0000        405 		.4byte		.L5823
  0000014b 05  0000 0000        406 		.4byte		.L5824
                                407 		.section	.text_vle,,c
  000000b4 03  0303 16          408 	        .d2line         124
                                409 	.L5823:
                                410 	#$$ee
  000000b7 03  0200 0a          411 		.d2prologue_end
  000000ba 03  0304 0e          412 	        .d2line         128
                                413 	#$$be
  000000bd 03  0200 0b01        414 		.d2epilogue_begin
                                415 	#$$tl 0x0 0x0 0x0
  00000074 00  0004             416 		se_blr
                                417 	#$$ef
                                418 		.d2_cfa_end 2
                                419 		.section	.debug_info,,n
  0000014f 05  00               420 		.sleb128	0
                                421 	.L5822:
                                422 		.section	.text_vle,,c
                                423 	.L5824:
                                424 		.type		timer0_intr,@function
                                425 		.size		timer0_intr,.-timer0_intr
                                426 	# Number of nodes = 0
                                427 	
                                428 	# Allocations for timer0_intr
                                429 	
                                430 	#$$bf
                                431 		.align		2
                                432 		.globl		timer1_intr
  0000006c 02  0000 000c 0000   433 		.d2_cfa_start __local_cie
  00000072 02  0000 0000 0000       	
  00000078 02  0000 0002            	
                                434 	timer1_intr:
                                435 		.section	.debug_info,,n
                                436 	.L5830:
  00000150 05  02               437 		.sleb128	2
  00000151 05  0000 0172        438 		.4byte		.L5827-.L2
  00000155 05  7469 6d65 7231   439 		.byte		"timer1_intr"
  0000015b 05  5f69 6e74 72         	
  00000160 05  00               440 		.byte		0
  00000161 05  0000 0001        441 		.4byte		.L5795
  00000165 05  8101             442 		.uleb128	129
  00000167 05  01               443 		.byte		0x1
  00000168 05  01               444 		.byte		0x1
  00000169 05  0000 0000        445 		.4byte		.L5828
  0000016d 05  0000 0000        446 		.4byte		.L5829
                                447 		.section	.text_vle,,c
  000000c1 03  18               448 	        .d2line         130
                                449 	.L5828:
                                450 	#$$ee
  000000c2 03  0200 0a          451 		.d2prologue_end
  000000c5 03  0303 0e          452 	        .d2line         133
                                453 	#$$be
  000000c8 03  0200 0b01        454 		.d2epilogue_begin
                                455 	#$$tl 0x0 0x0 0x0
  00000078 00  0004             456 		se_blr
                                457 	#$$ef
                                458 		.d2_cfa_end 2
                                459 		.section	.debug_info,,n
  00000171 05  00               460 		.sleb128	0
                                461 	.L5827:
                                462 		.section	.text_vle,,c
                                463 	.L5829:
                                464 		.type		timer1_intr,@function
                                465 		.size		timer1_intr,.-timer1_intr
                                466 	# Number of nodes = 0
                                467 	
                                468 	# Allocations for timer1_intr
                                469 	
                                470 	# Allocations for module
                                471 		.section	.debug_abbrev,,n
  00000039 04  04               472 		.uleb128	4
  0000003a 04  24               473 		.uleb128	36
  0000003b 04  00               474 		.byte		0x0
  0000003c 04  03               475 		.uleb128	3
  0000003d 04  08               476 		.uleb128	8
  0000003e 04  3e               477 		.uleb128	62
  0000003f 04  0b               478 		.uleb128	11
  00000040 04  0b               479 		.uleb128	11
  00000041 04  0b               480 		.uleb128	11
  00000042 04  00               481 		.uleb128	0
  00000043 04  00               482 		.uleb128	0
                                483 		.section	.debug_info,,n
                                484 	.L5815:
  00000172 05  04               485 		.sleb128	4
  00000173 05  696e 74          486 		.byte		"int"
  00000176 05  00               487 		.byte		0
  00000177 05  05               488 		.byte		0x5
  00000178 05  04               489 		.byte		0x4
                                490 	.L7:
  00000179 05  00               491 		.sleb128	0
                                492 	.L3:
                                493 		.section	.text_vle,,c
                                494 	.L5:
                                495 	.L5795: 	.d2filenum "C:\\Users\\venr\\Downloads\\2015_Unit1\\Unit1\\src\\main.c"
  000000cc 03  0005 0200 0000   496 		.d2_line_end
  000000d2 03  0000 0101            	
                                497 		.section	.debug_abbrev,,n
  00000044 04  00               498 		.sleb128	0
