                                  1 	#$$m2		- PowerPC mnemonics
                                  2 	#$$pVLE		- PowerPC VLE encoding
                                  3 	#$$oPPC5534  - Optimized for PPC5534
                                  4 	#$$ko 9		- Reorder info
                                  5 		.file		"romcopy.c"
                                  6 	#$$eb
                                  7 	#$$sz 0
                                  8 	#$$fp 0
                                  9 		.section	.PPC.EMB.apuinfo,,@note
  00000000 01  0000 0008         10 		.4byte		8
  00000004 01  0000 0004         11 		.4byte		4
  00000008 01  0000 0002         12 		.4byte		2
  0000000c 01  4150 5569 6e66    13 		.byte		"APUinfo"
  00000012 01  6f                   	
  00000013 01  00                14 		.byte		0
                                 15 		.align		2
  00000014 01  0104 0001         16 		.4byte		0x01040001
                                 17 		.section	.text_vle,,c
                                 18 		.section	.debug_frame,,n
                                 19 	__local_cie: 
  00000000 02  0000 0010         20 		.word	.LE-.LS
                                 21 	.LS:
  00000004 02  ffff ffff         22 		.word	-1
  00000008 02  01                23 		.byte	1
  00000009 02  00                24 		.byte	0
  0000000a 02  04                25 		.uleb128	4
  0000000b 02  7c                26 		.sleb128	-4
  0000000c 02  6c                27 		.byte	108
  0000000d 02  0c                28 		.byte	0x0c
  0000000e 02  01                29 		.byte	1
  0000000f 02  00                30 		.byte	0
  00000010 02  08                31 		.byte	8
  00000011 02  6c                32 		.byte	108
                                 33 		.fill           (.LS-.)&3
                                 34 	.LE:
                                 35 		.section	.debug_line,,n
                                 36 	.L8:
                                 37 		.section	.text_vle,,c
                                 38 	.L4:
  00000000 00                    39 		.0byte		.L2
  00000000 03  0000 009e 0002    40 		.d2_line_start	.debug_line
  00000006 03  0000 0013 0201       	
  0000000c 03  ff04 0d00 0101       	
  00000012 03  0101 0000 0001       	
  00000018 03  0000 0100 00         	
                                 41 		.section	.debug_abbrev,,n
                                 42 	.L9:
                                 43 		.section	.debug_info,,n
                                 44 	.L2:
  00000000 05  0000 0211         45 		.4byte		.L3-.L1
                                 46 	.L1:
  00000004 05  0002              47 		.2byte		0x2
  00000006 05  0000 0000         48 		.4byte		.L9
  0000000a 05  04                49 		.byte		0x4
                                 50 		.section	.debug_abbrev,,n
  00000000 04  01                51 		.uleb128	1
  00000001 04  11                52 		.uleb128	17
  00000002 04  01                53 		.byte		0x1
  00000003 04  01                54 		.uleb128	1
  00000004 04  13                55 		.uleb128	19
  00000005 04  03                56 		.uleb128	3
  00000006 04  08                57 		.uleb128	8
  00000007 04  25                58 		.uleb128	37
  00000008 04  08                59 		.uleb128	8
  00000009 04  1b                60 		.uleb128	27
  0000000a 04  08                61 		.uleb128	8
  0000000b 04  13                62 		.uleb128	19
  0000000c 04  0f                63 		.uleb128	15
  0000000d 04  11                64 		.uleb128	17
  0000000e 04  01                65 		.uleb128	1
  0000000f 04  12                66 		.uleb128	18
  00000010 04  01                67 		.uleb128	1
  00000011 04  10                68 		.uleb128	16
  00000012 04  06                69 		.uleb128	6
  00000013 04  00                70 		.uleb128	0
  00000014 04  00                71 		.uleb128	0
                                 72 		.section	.debug_info,,n
  0000000b 05  01                73 		.sleb128	1
  0000000c 05  0000 0214         74 		.4byte		.L7-.L2
  00000010 05  433a 5c55 7365    75 		.byte		"C:\\Users\\venr\\Downloads\\2015_Unit1\\Unit1\\src\\romcopy.c"
  00000016 05  7273 5c76 656e       	
  0000001c 05  725c 446f 776e       	
  00000022 05  6c6f 6164 735c       	
  00000028 05  3230 3135 5f55       	
  0000002e 05  6e69                 	
  00000046 05  00                76 		.byte		0
  00000047 05  4469 6162 2044    77 		.byte		"Diab Data, Inc:dcc Rel 5.7.0.0:PPC5534"
  0000004d 05  6174 612c 2049       	
  00000053 05  6e63 3a64 6363       	
  00000059 05  2052 656c 2035       	
  0000005f 05  2e37 2e30 2e30       	
  00000065 05  3a50                 	
  0000006d 05  00                78 		.byte		0
  0000006e 05  433a 5c55 7365    79 		.byte		"C:\\Users\\venr\\Downloads\\2015_Unit1\\Unit1"
  00000074 05  7273 5c76 656e       	
  0000007a 05  725c 446f 776e       	
  00000080 05  6c6f 6164 735c       	
  00000086 05  3230 3135 5f55       	
  0000008c 05  6e69                 	
  00000096 05  00                80 		.byte		0
  00000097 05  01                81 		.uleb128	1
  00000098 05  0000 0000         82 		.4byte		.L4
  0000009c 05  0000 0000         83 		.4byte		.L5
  000000a0 05  0000 0000         84 		.4byte		.L8
                                 85 		.section	.text_vle,,c
                                 86 	
                                 87 	#$$bf
                                 88 		.align		2
                                 89 		.globl		romcopy
  00000014 02  0000 0018 0000    90 		.d2_cfa_start __local_cie
  0000001a 02  0000 0000 0000       	
  00000020 02  0000 00b2            	
                                 91 	romcopy:
                                 92 		.section	.debug_abbrev,,n
  00000015 04  02                93 		.uleb128	2
  00000016 04  2e                94 		.uleb128	46
  00000017 04  01                95 		.byte		0x1
  00000018 04  01                96 		.uleb128	1
  00000019 04  13                97 		.uleb128	19
  0000001a 04  03                98 		.uleb128	3
  0000001b 04  08                99 		.uleb128	8
  0000001c 04  3a               100 		.uleb128	58
  0000001d 04  06               101 		.uleb128	6
  0000001e 04  3b               102 		.uleb128	59
  0000001f 04  0f               103 		.uleb128	15
  00000020 04  49               104 		.uleb128	73
  00000021 04  10               105 		.uleb128	16
  00000022 04  3f               106 		.uleb128	63
  00000023 04  0c               107 		.uleb128	12
  00000024 04  27               108 		.uleb128	39
  00000025 04  0c               109 		.uleb128	12
  00000026 04  11               110 		.uleb128	17
  00000027 04  01               111 		.uleb128	1
  00000028 04  12               112 		.uleb128	18
  00000029 04  01               113 		.uleb128	1
  0000002a 04  00               114 		.uleb128	0
  0000002b 04  00               115 		.uleb128	0
                                116 		.section	.debug_info,,n
                                117 	.L31:
  000000a4 05  02               118 		.sleb128	2
  000000a5 05  0000 012c        119 		.4byte		.L26-.L2
  000000a9 05  726f 6d63 6f70   120 		.byte		"romcopy"
  000000af 05  79                   	
  000000b0 05  00               121 		.byte		0
  000000b1 05  0000 0001        122 		.4byte		.L29
  000000b5 05  2a               123 		.uleb128	42
  000000b6 05  0000 0000        124 		.4byte		.L30
  000000ba 05  01               125 		.byte		0x1
  000000bb 05  01               126 		.byte		0x1
  000000bc 05  0000 0000        127 		.4byte		.L27
  000000c0 05  0000 0000        128 		.4byte		.L28
                                129 		.section	.debug_abbrev,,n
  0000002c 04  03               130 		.uleb128	3
  0000002d 04  34               131 		.uleb128	52
  0000002e 04  00               132 		.byte		0x0
  0000002f 04  3a               133 		.uleb128	58
  00000030 04  06               134 		.uleb128	6
  00000031 04  3b               135 		.uleb128	59
  00000032 04  0f               136 		.uleb128	15
  00000033 04  03               137 		.uleb128	3
  00000034 04  08               138 		.uleb128	8
  00000035 04  49               139 		.uleb128	73
  00000036 04  10               140 		.uleb128	16
  00000037 04  02               141 		.uleb128	2
  00000038 04  09               142 		.uleb128	9
  00000039 04  00               143 		.uleb128	0
  0000003a 04  00               144 		.uleb128	0
                                145 		.section	.debug_info,,n
                                146 	.L32:
  000000c4 05  03               147 		.sleb128	3
  000000c5 05  0000 0001        148 		.4byte		.L29
  000000c9 05  2c               149 		.uleb128	44
  000000ca 05  636f 756e 74     150 		.byte		"count"
  000000cf 05  00               151 		.byte		0
  000000d0 05  0000 0000        152 		.4byte		.L30
  000000d4 05  02               153 		.sleb128	2
  000000d5 05  90               154 		.byte		0x90
  000000d6 05  1f               155 		.uleb128	31
                                156 	.L33:
  000000d7 05  03               157 		.sleb128	3
  000000d8 05  0000 0001        158 		.4byte		.L29
  000000dc 05  2d               159 		.uleb128	45
  000000dd 05  6465 7374 696e   160 		.byte		"destinationLocation"
  000000e3 05  6174 696f 6e4c       	
  000000e9 05  6f63 6174 696f       	
  000000ef 05  6e                   	
  000000f0 05  00               161 		.byte		0
  000000f1 05  0000 0000        162 		.4byte		.L34
  000000f5 05  02               163 		.sleb128	2
  000000f6 05  90               164 		.byte		0x90
  000000f7 05  1e               165 		.uleb128	30
                                166 	.L36:
  000000f8 05  03               167 		.sleb128	3
  000000f9 05  0000 0001        168 		.4byte		.L29
  000000fd 05  2e               169 		.uleb128	46
  000000fe 05  536f 7572 6365   170 		.byte		"SourceLocation"
  00000104 05  4c6f 6361 7469       	
  0000010a 05  6f6e                 	
  0000010c 05  00               171 		.byte		0
  0000010d 05  0000 0000        172 		.4byte		.L34
  00000111 05  02               173 		.sleb128	2
  00000112 05  90               174 		.byte		0x90
  00000113 05  05               175 		.uleb128	5
                                176 	.L37:
  00000114 05  03               177 		.sleb128	3
  00000115 05  0000 0001        178 		.4byte		.L29
  00000119 05  2f               179 		.uleb128	47
  0000011a 05  4e6f 4f66 4279   180 		.byte		"NoOfBytes"
  00000120 05  7465 73              	
  00000123 05  00               181 		.byte		0
  00000124 05  0000 0000        182 		.4byte		.L38
  00000128 05  02               183 		.sleb128	2
  00000129 05  90               184 		.byte		0x90
  0000012a 05  04               185 		.uleb128	4
                                186 		.section	.text_vle,,c
  0000001d 03  0042 0343 3a5c   187 		.d2file		"C:\\Users\\venr\\Downloads\\2015_Unit1\\Unit1\\src\\romcopy.c"
  00000023 03  5c55 7365 7273       	
  00000029 03  5c5c 7665 6e72       	
  0000002f 03  5c5c 446f 776e       	
  00000035 03  6c6f 6164 735c       	
  0000003b 03  5c32                 	
  00000063 03  0005 0200 0000   188 	        .d2line         43
  00000069 03  0003 2a0e            	
                                189 	.L27:
  00000000 00  1821 06f0        190 		e_stwu		r1,-16(r1)
  00000024 02  410e 10          191 		.d2_cfa_def_cfa_offset	16
  00000004 00  0080             192 		se_mflr		r0,lr
                                193 	#$$br
  00000006 00  1bc1 0908        194 		e_stmw		r30,8(r1)
  00000027 02  419e 029f 01     195 		.d2_cfa_offset_list	30,31,2,-1
                                196 	#$$er
  0000000a 00  d501             197 		se_stw		r0,20(r1)
  0000002c 02  116c 7f          198 		.d2_cfa_offset    108,-1
                                199 	#$$ee
  0000006d 03  0206 0a          200 		.d2prologue_end
  0000000c 00  73e0 e000        201 		e_lis		r31,__DATA_RAM@ha
  00000010 00  1fff 0000        202 		e_add16i	r31,r31,__DATA_RAM@l
  00000070 03  20               203 	        .d2line         45
  00000014 00  01fe             204 		se_mr		r30,r31
  00000016 00  7060 e000        205 		e_lis		r3,__DATA_ROM@ha
  0000001a 00  1c63 0000        206 		e_add16i	r3,r3,__DATA_ROM@l
  00000071 03  23               207 	        .d2line         46
  0000001e 00  0135             208 		se_mr		r5,r3
  00000072 03  13               209 	        .d2line         47
  00000020 00  70e0 e000        210 		e_lis		r7,__DATA_END@ha
  00000024 00  1ce7 0000        211 		e_add16i	r7,r7,__DATA_END@l
  00000028 00  7c9f 3850        212 		subf		r4,r31,r7
  00000073 03  0305 26          213 	        .d2line         52
  0000002c 00  0df3             214 		se_cmpl		r3,r31
  0000002e 00  e61a             215 		bc		1,2,.L14
  00000076 03  18               216 	        .d2line         54
  00000030 00  480f             217 		se_li		r31,0
  00000032 00  2a04             218 		se_cmpi		r4,0
  00000034 00  e117             219 		bc		0,1,.L14
  00000036 00  7ce4 f850        220 		subf		r7,r4,r31
  0000003a 00  67f7             221 		se_btsti		r7,31
  0000003c 00  e608             222 		bc		1,2,.L23
  00000077 03  2c               223 	        .d2line         56
  0000003e 00  8075             224 		se_lbz		r7,0(r5)
  00000040 00  907e             225 		se_stb		r7,0(r30)
  00000078 03  17               226 	        .d2line         57
  00000042 00  200e             227 		se_addi		r30,1
  00000079 03  13               228 	        .d2line         58
  00000044 00  2005             229 		se_addi		r5,1
  0000007a 03  037c 12          230 	        .d2line         54
  00000046 00  481f             231 		se_li		r31,1
  00000048 00  0c4f             232 		se_cmp		r31,r4
  0000004a 00  e00c             233 		bc		0,0,.L14
                                234 	.L23:
  0000004c 00  2415             235 		se_subi		r5,2
  0000004e 00  241e             236 		se_subi		r30,2
                                237 	.L19:
  0000007d 03  24               238 	        .d2line         56
  00000050 00  18e5 0002        239 		e_lbzu		r7,2(r5)
  00000054 00  18fe 0402        240 		e_stbu		r7,2(r30)
  00000058 00  8165             241 		se_lbz		r6,1(r5)
  0000005a 00  916e             242 		se_stb		r6,1(r30)
  0000007e 03  037e 26          243 	        .d2line         54
  0000005c 00  201f             244 		se_addi		r31,2
  0000005e 00  0c4f             245 		se_cmp		r31,r4
  00000060 00  e4f8             246 		bc		1,0,.L19
                                247 	.L14:
  00000062 00  70a0 e000        248 		e_lis		r5,__BSS_END@ha
  00000066 00  1ca5 0000        249 		e_add16i	r5,r5,__BSS_END@l
  0000006a 00  7080 e000        250 		e_lis		r4,__BSS_START@ha
  0000006e 00  1c84 0000        251 		e_add16i	r4,r4,__BSS_START@l
  00000081 03  0309 3a          252 	        .d2line         63
  00000072 00  0d54             253 		se_cmpl		r4,r5
  00000074 00  e617             254 		bc		1,2,.L18
  00000084 03  18               255 	        .d2line         65
  00000076 00  014e             256 		se_mr		r30,r4
  00000085 03  13               257 	        .d2line         66
  00000078 00  0754             258 		se_subf		r4,r5
  00000086 03  13               259 	        .d2line         67
  0000007a 00  480f             260 		se_li		r31,0
  0000007c 00  2a04             261 		se_cmpi		r4,0
  0000007e 00  e112             262 		bc		0,1,.L18
  00000080 00  4805             263 		se_li		r5,0
  00000082 00  7cc4 f850        264 		subf		r6,r4,r31
  00000086 00  67f6             265 		se_btsti		r6,31
  00000088 00  e606             266 		bc		1,2,.L21
  00000087 03  30               267 	        .d2line         69
  0000008a 00  905e             268 		se_stb		r5,0(r30)
  00000088 03  13               269 	        .d2line         70
  0000008c 00  200e             270 		se_addi		r30,1
  00000089 03  037d 12          271 	        .d2line         67
  0000008e 00  481f             272 		se_li		r31,1
  00000090 00  0c4f             273 		se_cmp		r31,r4
  00000092 00  e008             274 		bc		0,0,.L18
                                275 	.L21:
  00000094 00  241e             276 		se_subi		r30,2
                                277 	.L20:
  0000008c 03  20               278 	        .d2line         69
  00000096 00  18be 0402        279 		e_stbu		r5,2(r30)
  0000009a 00  915e             280 		se_stb		r5,1(r30)
  0000008d 03  037e 1a          281 	        .d2line         67
  0000009c 00  201f             282 		se_addi		r31,2
  0000009e 00  0c4f             283 		se_cmp		r31,r4
  000000a0 00  e4fb             284 		bc		1,0,.L20
                                285 	.L18:
  00000090 03  0308 1a          286 	        .d2line         75
                                287 	#$$fn 0x1ff8 0 0 0x1
                                288 	#$$tl 0x0 0x0 0x0
                                289 	#$$rs 4
  000000a2 00  7800 0001        290 		bl		main
  00000093 03  17               291 	        .d2line         76
                                292 	#$$be
  00000094 03  0200 0b01        293 		.d2epilogue_begin
                                294 	#$$br
                                295 	#$$er
  000000a6 00  c501             296 		se_lwz		r0,20(r1)
  000000a8 00  1bc1 0808        297 		e_lmw		r30,8(r1)
  000000ac 00  0090             298 		se_mtlr		r0
  000000ae 00  20f1             299 		se_addi		r1,16
                                300 	#$$tl 0x8 0x0 0x0
  000000b0 00  0004             301 		se_blr
                                302 	#$$ef
                                303 		.d2_cfa_end 2
                                304 		.section	.debug_info,,n
  0000012b 05  00               305 		.sleb128	0
                                306 	.L26:
                                307 		.section	.text_vle,,c
                                308 	.L28:
                                309 		.type		romcopy,@function
                                310 		.size		romcopy,.-romcopy
                                311 	# Number of nodes = 80
                                312 	
                                313 	# Allocations for romcopy
                                314 	#	r31		count
                                315 	#	r30		destinationLocation
                                316 	#	r5		SourceLocation
                                317 	#	r4		NoOfBytes
                                318 	#	r5		$$1
                                319 	#	r31		$$2
                                320 	#	r3		$$3
                                321 	#	r4		$$4
                                322 	#	r5		$$5
                                323 	
                                324 	# Allocations for module
                                325 		.section	.debug_abbrev,,n
  0000003b 04  04               326 		.uleb128	4
  0000003c 04  34               327 		.uleb128	52
  0000003d 04  00               328 		.byte		0x0
  0000003e 04  3f               329 		.uleb128	63
  0000003f 04  0c               330 		.uleb128	12
  00000040 04  3a               331 		.uleb128	58
  00000041 04  06               332 		.uleb128	6
  00000042 04  3b               333 		.uleb128	59
  00000043 04  0f               334 		.uleb128	15
  00000044 04  03               335 		.uleb128	3
  00000045 04  08               336 		.uleb128	8
  00000046 04  49               337 		.uleb128	73
  00000047 04  10               338 		.uleb128	16
  00000048 04  02               339 		.uleb128	2
  00000049 04  09               340 		.uleb128	9
  0000004a 04  00               341 		.uleb128	0
  0000004b 04  00               342 		.uleb128	0
                                343 		.section	.debug_info,,n
                                344 	.L39:
  0000012c 05  04               345 		.sleb128	4
  0000012d 05  01               346 		.byte		0x1
  0000012e 05  0000 0001        347 		.4byte		.L29
  00000132 05  28               348 		.uleb128	40
  00000133 05  5f5f 4441 5441   349 		.byte		"__DATA_ROM"
  00000139 05  5f52 4f4d            	
  0000013d 05  00               350 		.byte		0
  0000013e 05  0000 0000        351 		.4byte		.L40
  00000142 05  05               352 		.sleb128	5
  00000143 05  03               353 		.byte		0x3
  00000144 05  0000 0000        354 		.4byte		__DATA_ROM
                                355 	.L42:
  00000148 05  04               356 		.sleb128	4
  00000149 05  01               357 		.byte		0x1
  0000014a 05  0000 0001        358 		.4byte		.L29
  0000014e 05  28               359 		.uleb128	40
  0000014f 05  5f5f 4441 5441   360 		.byte		"__DATA_RAM"
  00000155 05  5f52 414d            	
  00000159 05  00               361 		.byte		0
  0000015a 05  0000 0000        362 		.4byte		.L43
  0000015e 05  05               363 		.sleb128	5
  0000015f 05  03               364 		.byte		0x3
  00000160 05  0000 0000        365 		.4byte		__DATA_RAM
                                366 	.L45:
  00000164 05  04               367 		.sleb128	4
  00000165 05  01               368 		.byte		0x1
  00000166 05  0000 0001        369 		.4byte		.L29
  0000016a 05  28               370 		.uleb128	40
  0000016b 05  5f5f 4441 5441   371 		.byte		"__DATA_END"
  00000171 05  5f45 4e44            	
  00000175 05  00               372 		.byte		0
  00000176 05  0000 0000        373 		.4byte		.L46
  0000017a 05  05               374 		.sleb128	5
  0000017b 05  03               375 		.byte		0x3
  0000017c 05  0000 0000        376 		.4byte		__DATA_END
                                377 	.L48:
  00000180 05  04               378 		.sleb128	4
  00000181 05  01               379 		.byte		0x1
  00000182 05  0000 0001        380 		.4byte		.L29
  00000186 05  28               381 		.uleb128	40
  00000187 05  5f5f 4253 535f   382 		.byte		"__BSS_START"
  0000018d 05  5354 4152 54         	
  00000192 05  00               383 		.byte		0
  00000193 05  0000 0000        384 		.4byte		.L49
  00000197 05  05               385 		.sleb128	5
  00000198 05  03               386 		.byte		0x3
  00000199 05  0000 0000        387 		.4byte		__BSS_START
                                388 	.L51:
  0000019d 05  04               389 		.sleb128	4
  0000019e 05  01               390 		.byte		0x1
  0000019f 05  0000 0001        391 		.4byte		.L29
  000001a3 05  28               392 		.uleb128	40
  000001a4 05  5f5f 4253 535f   393 		.byte		"__BSS_END"
  000001aa 05  454e 44              	
  000001ad 05  00               394 		.byte		0
  000001ae 05  0000 0000        395 		.4byte		.L52
  000001b2 05  05               396 		.sleb128	5
  000001b3 05  03               397 		.byte		0x3
  000001b4 05  0000 0000        398 		.4byte		__BSS_END
                                399 		.section	.debug_abbrev,,n
  0000004c 04  05               400 		.uleb128	5
  0000004d 04  24               401 		.uleb128	36
  0000004e 04  00               402 		.byte		0x0
  0000004f 04  03               403 		.uleb128	3
  00000050 04  08               404 		.uleb128	8
  00000051 04  3e               405 		.uleb128	62
  00000052 04  0b               406 		.uleb128	11
  00000053 04  0b               407 		.uleb128	11
  00000054 04  0b               408 		.uleb128	11
  00000055 04  00               409 		.uleb128	0
  00000056 04  00               410 		.uleb128	0
                                411 		.section	.debug_info,,n
                                412 	.L30:
  000001b8 05  05               413 		.sleb128	5
  000001b9 05  696e 74          414 		.byte		"int"
  000001bc 05  00               415 		.byte		0
  000001bd 05  05               416 		.byte		0x5
  000001be 05  04               417 		.byte		0x4
                                418 	.L35:
  000001bf 05  05               419 		.sleb128	5
  000001c0 05  756e 7369 676e   420 		.byte		"unsigned char"
  000001c6 05  6564 2063 6861       	
  000001cc 05  72                   	
  000001cd 05  00               421 		.byte		0
  000001ce 05  08               422 		.byte		0x8
  000001cf 05  01               423 		.byte		0x1
                                424 		.section	.debug_abbrev,,n
  00000057 04  06               425 		.uleb128	6
  00000058 04  0f               426 		.uleb128	15
  00000059 04  00               427 		.byte		0x0
  0000005a 04  49               428 		.uleb128	73
  0000005b 04  10               429 		.uleb128	16
  0000005c 04  00               430 		.uleb128	0
  0000005d 04  00               431 		.uleb128	0
                                432 		.section	.debug_info,,n
                                433 	.L34:
  000001d0 05  06               434 		.sleb128	6
  000001d1 05  0000 0000        435 		.4byte		.L35
                                436 	.L38:
  000001d5 05  05               437 		.sleb128	5
  000001d6 05  6c6f 6e67        438 		.byte		"long"
  000001da 05  00               439 		.byte		0
  000001db 05  05               440 		.byte		0x5
  000001dc 05  04               441 		.byte		0x4
                                442 		.section	.debug_abbrev,,n
  0000005e 04  07               443 		.uleb128	7
  0000005f 04  01               444 		.uleb128	1
  00000060 04  01               445 		.byte		0x1
  00000061 04  01               446 		.uleb128	1
  00000062 04  13               447 		.uleb128	19
  00000063 04  49               448 		.uleb128	73
  00000064 04  10               449 		.uleb128	16
  00000065 04  00               450 		.uleb128	0
  00000066 04  00               451 		.uleb128	0
                                452 		.section	.debug_info,,n
                                453 	.L40:
  000001dd 05  07               454 		.sleb128	7
  000001de 05  0000 01e8        455 		.4byte		.L41-.L2
  000001e2 05  0000 0000        456 		.4byte		.L35
                                457 		.section	.debug_abbrev,,n
  00000067 04  08               458 		.uleb128	8
  00000068 04  21               459 		.uleb128	33
  00000069 04  00               460 		.byte		0x0
  0000006a 04  00               461 		.uleb128	0
  0000006b 04  00               462 		.uleb128	0
                                463 		.section	.debug_info,,n
  000001e6 05  08               464 		.sleb128	8
  000001e7 05  00               465 		.sleb128	0
                                466 	.L41:
                                467 	.L43:
  000001e8 05  07               468 		.sleb128	7
  000001e9 05  0000 01f3        469 		.4byte		.L44-.L2
  000001ed 05  0000 0000        470 		.4byte		.L35
  000001f1 05  08               471 		.sleb128	8
  000001f2 05  00               472 		.sleb128	0
                                473 	.L44:
                                474 	.L46:
  000001f3 05  07               475 		.sleb128	7
  000001f4 05  0000 01fe        476 		.4byte		.L47-.L2
  000001f8 05  0000 0000        477 		.4byte		.L35
  000001fc 05  08               478 		.sleb128	8
  000001fd 05  00               479 		.sleb128	0
                                480 	.L47:
                                481 	.L49:
  000001fe 05  07               482 		.sleb128	7
  000001ff 05  0000 0209        483 		.4byte		.L50-.L2
  00000203 05  0000 0000        484 		.4byte		.L35
  00000207 05  08               485 		.sleb128	8
  00000208 05  00               486 		.sleb128	0
                                487 	.L50:
                                488 	.L52:
  00000209 05  07               489 		.sleb128	7
  0000020a 05  0000 0214        490 		.4byte		.L53-.L2
  0000020e 05  0000 0000        491 		.4byte		.L35
  00000212 05  08               492 		.sleb128	8
  00000213 05  00               493 		.sleb128	0
                                494 	.L53:
                                495 	.L7:
  00000214 05  00               496 		.sleb128	0
                                497 	.L3:
                                498 		.section	.text_vle,,c
                                499 	.L5:
                                500 	.L29: 	.d2filenum "C:\\Users\\venr\\Downloads\\2015_Unit1\\Unit1\\src\\romcopy.c"
  00000098 03  0005 0200 0000   501 		.d2_line_end
  0000009e 03  0000 0101            	
                                502 		.section	.debug_abbrev,,n
  0000006c 04  00               503 		.sleb128	0
