                                  1 	#$$m2		- PowerPC mnemonics
                                  2 	#$$pVLE		- PowerPC VLE encoding
                                  3 	#$$oPPC5534  - Optimized for PPC5534
                                  4 	#$$ko 9		- Reorder info
                                  5 		.file		"can.c"
                                  6 	#$$eb
                                  7 	#$$sz 0
                                  8 	#$$fp 0
                                  9 		.section	.PPC.EMB.apuinfo,,@note
  00000000 01  0000 0008         10 		.4byte		8
  00000004 01  0000 0004         11 		.4byte		4
  00000008 01  0000 0002         12 		.4byte		2
  0000000c 01  4150 5569 6e66    13 		.byte		"APUinfo"
  00000012 01  6f                   	
  00000013 01  00                14 		.byte		0
                                 15 		.align		2
  00000014 01  0104 0001         16 		.4byte		0x01040001
                                 17 		.section	.text_vle,,c
                                 18 		.section	.debug_frame,,n
                                 19 	__local_cie: 
  00000000 02  0000 0010         20 		.word	.LE-.LS
                                 21 	.LS:
  00000004 02  ffff ffff         22 		.word	-1
  00000008 02  01                23 		.byte	1
  00000009 02  00                24 		.byte	0
  0000000a 02  04                25 		.uleb128	4
  0000000b 02  7c                26 		.sleb128	-4
  0000000c 02  6c                27 		.byte	108
  0000000d 02  0c                28 		.byte	0x0c
  0000000e 02  01                29 		.byte	1
  0000000f 02  00                30 		.byte	0
  00000010 02  08                31 		.byte	8
  00000011 02  6c                32 		.byte	108
                                 33 		.fill           (.LS-.)&3
                                 34 	.LE:
                                 35 		.section	.debug_line,,n
                                 36 	.L8:
                                 37 		.section	.text_vle,,c
                                 38 	.L4:
  00000000 00                    39 		.0byte		.L2
  00000000 03  0000 009c 0002    40 		.d2_line_start	.debug_line
  00000006 03  0000 0013 0201       	
  0000000c 03  ff04 0d00 0101       	
  00000012 03  0101 0000 0001       	
  00000018 03  0000 0100 00         	
                                 41 		.section	.debug_abbrev,,n
                                 42 	.L9:
                                 43 		.section	.debug_info,,n
                                 44 	.L2:
  00000000 05  0000 00aa         45 		.4byte		.L3-.L1
                                 46 	.L1:
  00000004 05  0002              47 		.2byte		0x2
  00000006 05  0000 0000         48 		.4byte		.L9
  0000000a 05  04                49 		.byte		0x4
                                 50 		.section	.debug_abbrev,,n
  00000000 04  01                51 		.uleb128	1
  00000001 04  11                52 		.uleb128	17
  00000002 04  01                53 		.byte		0x1
  00000003 04  01                54 		.uleb128	1
  00000004 04  13                55 		.uleb128	19
  00000005 04  03                56 		.uleb128	3
  00000006 04  08                57 		.uleb128	8
  00000007 04  25                58 		.uleb128	37
  00000008 04  08                59 		.uleb128	8
  00000009 04  1b                60 		.uleb128	27
  0000000a 04  08                61 		.uleb128	8
  0000000b 04  13                62 		.uleb128	19
  0000000c 04  0f                63 		.uleb128	15
  0000000d 04  11                64 		.uleb128	17
  0000000e 04  01                65 		.uleb128	1
  0000000f 04  12                66 		.uleb128	18
  00000010 04  01                67 		.uleb128	1
  00000011 04  10                68 		.uleb128	16
  00000012 04  06                69 		.uleb128	6
  00000013 04  00                70 		.uleb128	0
  00000014 04  00                71 		.uleb128	0
                                 72 		.section	.debug_info,,n
  0000000b 05  01                73 		.sleb128	1
  0000000c 05  0000 00ad         74 		.4byte		.L7-.L2
  00000010 05  433a 5c55 7365    75 		.byte		"C:\\Users\\ahhas\\Downloads\\Unit3_4\\src\\can.c"
  00000016 05  7273 5c61 6868       	
  0000001c 05  6173 5c44 6f77       	
  00000022 05  6e6c 6f61 6473       	
  00000028 05  5c55 6e69 7433       	
  0000002e 05  5f34                 	
  0000003a 05  00                76 		.byte		0
  0000003b 05  4469 6162 2044    77 		.byte		"Diab Data, Inc:dcc Rel 5.7.0.0:PPC5534"
  00000041 05  6174 612c 2049       	
  00000047 05  6e63 3a64 6363       	
  0000004d 05  2052 656c 2035       	
  00000053 05  2e37 2e30 2e30       	
  00000059 05  3a50                 	
  00000061 05  00                78 		.byte		0
  00000062 05  433a 5c55 7365    79 		.byte		"C:\\Users\\ahhas\\Downloads\\Unit3_4"
  00000068 05  7273 5c61 6868       	
  0000006e 05  6173 5c44 6f77       	
  00000074 05  6e6c 6f61 6473       	
  0000007a 05  5c55 6e69 7433       	
  00000080 05  5f34                 	
  00000082 05  00                80 		.byte		0
  00000083 05  01                81 		.uleb128	1
  00000084 05  0000 0000         82 		.4byte		.L4
  00000088 05  0000 0000         83 		.4byte		.L5
  0000008c 05  0000 0000         84 		.4byte		.L8
                                 85 		.section	.text_vle,,c
                                 86 	
                                 87 	#$$bf
                                 88 		.align		2
                                 89 		.globl		CANInit
  00000014 02  0000 003c 0000    90 		.d2_cfa_start __local_cie
  0000001a 02  0000 0000 0000       	
  00000020 02  0000 0268            	
                                 91 	CANInit:
                                 92 		.section	.debug_abbrev,,n
  00000015 04  02                93 		.uleb128	2
  00000016 04  2e                94 		.uleb128	46
  00000017 04  01                95 		.byte		0x1
  00000018 04  01                96 		.uleb128	1
  00000019 04  13                97 		.uleb128	19
  0000001a 04  03                98 		.uleb128	3
  0000001b 04  08                99 		.uleb128	8
  0000001c 04  3a               100 		.uleb128	58
  0000001d 04  06               101 		.uleb128	6
  0000001e 04  3b               102 		.uleb128	59
  0000001f 04  0f               103 		.uleb128	15
  00000020 04  3f               104 		.uleb128	63
  00000021 04  0c               105 		.uleb128	12
  00000022 04  27               106 		.uleb128	39
  00000023 04  0c               107 		.uleb128	12
  00000024 04  11               108 		.uleb128	17
  00000025 04  01               109 		.uleb128	1
  00000026 04  12               110 		.uleb128	18
  00000027 04  01               111 		.uleb128	1
  00000028 04  00               112 		.uleb128	0
  00000029 04  00               113 		.uleb128	0
                                114 		.section	.debug_info,,n
                                115 	.L5782:
  00000090 05  02               116 		.sleb128	2
  00000091 05  0000 00ad        117 		.4byte		.L5778-.L2
  00000095 05  4341 4e49 6e69   118 		.byte		"CANInit"
  0000009b 05  74                   	
  0000009c 05  00               119 		.byte		0
  0000009d 05  0000 0001        120 		.4byte		.L5781
  000000a1 05  03               121 		.uleb128	3
  000000a2 05  01               122 		.byte		0x1
  000000a3 05  01               123 		.byte		0x1
  000000a4 05  0000 0000        124 		.4byte		.L5779
  000000a8 05  0000 0000        125 		.4byte		.L5780
                                126 		.section	.text_vle,,c
  0000001d 03  0035 0343 3a5c   127 		.d2file		"C:\\Users\\ahhas\\Downloads\\Unit3_4\\src\\can.c"
  00000023 03  5c55 7365 7273       	
  00000029 03  5c5c 6168 6861       	
  0000002f 03  735c 5c44 6f77       	
  00000035 03  6e6c 6f61 6473       	
  0000003b 03  5c5c                 	
  00000056 03  0005 0200 0000   128 	        .d2line         4
  0000005c 03  0003 030e            	
                                129 	.L5779:
  00000000 00  701f 7f30        130 		e_li		r0,-208
  00000004 00  7c21 016e        131 		stwux		r1,r1,r0
  00000024 02  420e d001        132 		.d2_cfa_def_cfa_offset	208
  00000008 00  0080             133 		se_mflr		r0,lr
                                134 	#$$br
  0000000a 00  1961 8088        135 		e_addi		r11,r1,136
  0000000e 00  19cb 0900        136 		e_stmw		r14,0(r11)
  00000028 02  428e 128f 1190   137 		.d2_cfa_offset_list	14,31,18,-1
  0000002e 02  1091 0f92 0e93       	
  00000034 02  0d94 0c95 0b96       	
  0000003a 02  0a97 0998 0899       	
  00000040 02  079a 069b 059c       	
  00000046 02  049d                 	
                                138 	#$$er
  00000012 00  5401 00d4        139 		e_stw		r0,212(r1)
  0000004d 02  4111 6c7f        140 		.d2_cfa_offset    108,-1
                                141 	#$$ee
  00000060 03  020b 0a          142 		.d2prologue_end
  00000016 00  70e0 6000        143 		e_li		r7,-262144
  0000001a 00  d671             144 		se_stw		r7,24(r1)
  00000063 03  0304 1a          145 	        .d2line         8
  0000001c 00  c6f1             146 		se_lwz		r31,24(r1)
  0000001e 00  203f             147 		se_addi		r31,4
  00000020 00  c07f             148 		se_lwz		r7,0(r31)
                                149 	#$$vo
  00000022 00  6527             150 		se_bseti		r7,18
  00000024 00  d07f             151 		se_stw		r7,0(r31)
                                152 	#$$vo
  00000026 00  70c0 6000        153 		e_li		r6,-262144
  0000002a 00  d761             154 		se_stw		r6,28(r1)
  0000002c 00  c7e1             155 		se_lwz		r30,28(r1)
  00000066 03  0303 32          156 	        .d2line         11
  0000002e 00  c06e             157 		se_lwz		r6,0(r30)
                                158 	#$$vo
  00000030 00  6006             159 		se_bclri		r6,32
  00000032 00  d06e             160 		se_stw		r6,0(r30)
                                161 	#$$vo
  00000034 00  70e0 6000        162 		e_li		r7,-262144
  00000038 00  d871             163 		se_stw		r7,32(r1)
  0000003a 00  c8d1             164 		se_lwz		r29,32(r1)
  00000069 03  2c               165 	        .d2line         13
  0000003c 00  c07d             166 		se_lwz		r7,0(r29)
                                167 	#$$vo
  0000003e 00  64f7             168 		se_bseti		r7,15
  00000040 00  d07d             169 		se_stw		r7,0(r29)
                                170 	#$$vo
  00000042 00  70c0 6000        171 		e_li		r6,-262144
  00000046 00  d961             172 		se_stw		r6,36(r1)
  00000048 00  c9c1             173 		se_lwz		r28,36(r1)
  0000006a 03  2c               174 	        .d2line         15
  0000004a 00  c06c             175 		se_lwz		r6,0(r28)
                                176 	#$$vo
  0000004c 00  64a6             177 		se_bseti		r6,10
  0000004e 00  d06c             178 		se_stw		r6,0(r28)
                                179 	#$$vo
  00000050 00  70e0 6000        180 		e_li		r7,-262144
  00000054 00  da71             181 		se_stw		r7,40(r1)
  00000056 00  cab1             182 		se_lwz		r27,40(r1)
  0000006b 03  2c               183 	        .d2line         17
  00000058 00  c07b             184 		se_lwz		r7,0(r27)
                                185 	#$$vo
  0000005a 00  64e7             186 		se_bseti		r7,14
  0000005c 00  d07b             187 		se_stw		r7,0(r27)
                                188 	#$$vo
  0000005e 00  70c0 6000        189 		e_li		r6,-262144
  00000062 00  db61             190 		se_stw		r6,44(r1)
  00000064 00  cba1             191 		se_lwz		r26,44(r1)
  0000006c 03  2c               192 	        .d2line         19
  00000066 00  c06a             193 		se_lwz		r6,0(r26)
                                194 	#$$vo
  00000068 00  6026             195 		se_bclri		r6,2
  0000006a 00  d06a             196 		se_stw		r6,0(r26)
                                197 	#$$vo
  0000006c 00  70e0 6000        198 		e_li		r7,-262144
  00000070 00  dc71             199 		se_stw		r7,48(r1)
  00000072 00  cc91             200 		se_lwz		r25,48(r1)
  0000006d 03  2c               201 	        .d2line         21
  00000074 00  c079             202 		se_lwz		r7,0(r25)
                                203 	#$$vo
  00000076 00  6537             204 		se_bseti		r7,19
  00000078 00  d079             205 		se_stw		r7,0(r25)
                                206 	#$$vo
  0000007a 00  70c0 6000        207 		e_li		r6,-262144
  0000007e 00  dd61             208 		se_stw		r6,52(r1)
  00000080 00  cd81             209 		se_lwz		r24,52(r1)
  0000006e 03  2c               210 	        .d2line         23
  00000082 00  c068             211 		se_lwz		r6,0(r24)
                                212 	#$$vo
  00000084 00  6126             213 		se_bclri		r6,18
  00000086 00  d068             214 		se_stw		r6,0(r24)
                                215 	#$$vo
  00000088 00  70e0 6000        216 		e_li		r7,-262144
  0000008c 00  de71             217 		se_stw		r7,56(r1)
  0000008e 00  52e1 0038        218 		e_lwz		r23,56(r1)
  0000006f 03  30               219 	        .d2line         25
  00000092 00  50f7 0000        220 		e_lwz		r7,0(r23)
                                221 	#$$vo
  00000096 00  74e7 0033        222 		e_rlwinm		r7,r7,0,0,25
  0000009a 00  65b7             223 		se_bseti		r7,27
  0000009c 00  54f7 0000        224 		e_stw		r7,0(r23)
                                225 	#$$vo
  000000a0 00  70c0 6000        226 		e_li		r6,-262144
  000000a4 00  df61             227 		se_stw		r6,60(r1)
  00000070 03  0303 36          228 	        .d2line         28
  000000a6 00  52c1 003c        229 		e_lwz		r22,60(r1)
  000000aa 00  1ad6 8004        230 		e_addi		r22,r22,4
  000000ae 00  50d6 0000        231 		e_lwz		r6,0(r22)
                                232 	#$$vo
  000000b2 00  74c6 0039        233 		e_rlwinm		r6,r6,0,0,28
  000000b6 00  65e6             234 		se_bseti		r6,30
  000000b8 00  54d6 0000        235 		e_stw		r6,0(r22)
                                236 	#$$vo
  000000bc 00  70e0 6000        237 		e_li		r7,-262144
  000000c0 00  54e1 0040        238 		e_stw		r7,64(r1)
  00000073 03  4c               239 	        .d2line         30
  000000c4 00  52a1 0040        240 		e_lwz		r21,64(r1)
  000000c8 00  1ab5 8004        241 		e_addi		r21,r21,4
  000000cc 00  50f5 0000        242 		e_lwz		r7,0(r21)
                                243 	#$$vo
  000000d0 00  74e7 0353        244 		e_rlwinm		r7,r7,0,13,9
  000000d4 00  64c7             245 		se_bseti		r7,12
  000000d6 00  54f5 0000        246 		e_stw		r7,0(r21)
                                247 	#$$vo
  000000da 00  70c0 6000        248 		e_li		r6,-262144
  000000de 00  54c1 0044        249 		e_stw		r6,68(r1)
  00000074 03  4c               250 	        .d2line         32
  000000e2 00  5281 0044        251 		e_lwz		r20,68(r1)
  000000e6 00  1a94 8004        252 		e_addi		r20,r20,4
  000000ea 00  50d4 0000        253 		e_lwz		r6,0(r20)
                                254 	#$$vo
  000000ee 00  74c6 0419        255 		e_rlwinm		r6,r6,0,16,12
  000000f2 00  64f6             256 		se_bseti		r6,15
  000000f4 00  54d4 0000        257 		e_stw		r6,0(r20)
                                258 	#$$vo
  000000f8 00  70e0 6000        259 		e_li		r7,-262144
  000000fc 00  54e1 0048        260 		e_stw		r7,72(r1)
  00000075 03  4c               261 	        .d2line         34
  00000100 00  5261 0048        262 		e_lwz		r19,72(r1)
  00000104 00  1a73 8004        263 		e_addi		r19,r19,4
  00000108 00  50f3 0000        264 		e_lwz		r7,0(r19)
                                265 	#$$vo
  0000010c 00  74e7 028f        266 		e_rlwinm		r7,r7,0,10,7
  00000110 00  54f3 0000        267 		e_stw		r7,0(r19)
                                268 	#$$vo
  00000114 00  70c0 6000        269 		e_li		r6,-262144
  00000118 00  54c1 004c        270 		e_stw		r6,76(r1)
  00000076 03  48               271 	        .d2line         36
  0000011c 00  5241 004c        272 		e_lwz		r18,76(r1)
  00000120 00  1a52 8004        273 		e_addi		r18,r18,4
  00000124 00  50d2 0000        274 		e_lwz		r6,0(r18)
                                275 	#$$vo
  00000128 00  74c6 023f        276 		e_rlwinm		r6,r6,0,8,31
  0000012c 00  18c6 d30f        277 		e_ori		r6,r6,251658240
  00000130 00  54d2 0000        278 		e_stw		r6,0(r18)
                                279 	#$$vo
  00000134 00  70e0 6000        280 		e_li		r7,-262144
  00000138 00  54e1 0050        281 		e_stw		r7,80(r1)
  00000077 03  50               282 	        .d2line         38
  0000013c 00  5221 0050        283 		e_lwz		r17,80(r1)
  00000140 00  1a31 8004        284 		e_addi		r17,r17,4
  00000144 00  50f1 0000        285 		e_lwz		r7,0(r17)
                                286 	#$$vo
  00000148 00  65b7             287 		se_bseti		r7,27
  0000014a 00  54f1 0000        288 		e_stw		r7,0(r17)
                                289 	#$$vo
  0000014e 00  70c0 6000        290 		e_li		r6,-262144
  00000152 00  54c1 0054        291 		e_stw		r6,84(r1)
  00000078 03  0303 42          292 	        .d2line         41
  00000156 00  5201 0054        293 		e_lwz		r16,84(r1)
  0000015a 00  1a10 8004        294 		e_addi		r16,r16,4
  0000015e 00  50d0 0000        295 		e_lwz		r6,0(r16)
                                296 	#$$vo
  00000162 00  6136             297 		se_bclri		r6,19
  00000164 00  54d0 0000        298 		e_stw		r6,0(r16)
                                299 	#$$vo
  00000168 00  70e0 6000        300 		e_li		r7,-262144
  0000016c 00  54e1 0058        301 		e_stw		r7,88(r1)
  0000007b 03  0311 42          302 	        .d2line         58
  00000170 00  50c1 0058        303 		e_lwz		r6,88(r1)
  00000174 00  4807             304 		se_li		r7,0
  00000176 00  d476             305 		se_stw		r7,16(r6)
                                306 	#$$vo
  00000178 00  70c0 6000        307 		e_li		r6,-262144
  0000017c 00  54c1 005c        308 		e_stw		r6,92(r1)
  0000007e 03  30               309 	        .d2line         60
  00000180 00  50e1 005c        310 		e_lwz		r7,92(r1)
  00000184 00  4806             311 		se_li		r6,0
  00000186 00  d567             312 		se_stw		r6,20(r7)
                                313 	#$$vo
  00000188 00  70e0 6000        314 		e_li		r7,-262144
  0000018c 00  54e1 0060        315 		e_stw		r7,96(r1)
  0000007f 03  30               316 	        .d2line         62
  00000190 00  50c1 0060        317 		e_lwz		r6,96(r1)
  00000194 00  4807             318 		se_li		r7,0
  00000196 00  d676             319 		se_stw		r7,24(r6)
                                320 	#$$vo
  00000198 00  70c0 6000        321 		e_li		r6,-262144
  0000019c 00  54c1 0064        322 		e_stw		r6,100(r1)
  00000080 03  0303 2e          323 	        .d2line         65
  000001a0 00  51e1 0064        324 		e_lwz		r15,100(r1)
  000001a4 00  19ef 8004        325 		e_addi		r15,r15,4
  000001a8 00  50cf 0000        326 		e_lwz		r6,0(r15)
                                327 	#$$vo
  000001ac 00  6506             328 		se_bseti		r6,16
  000001ae 00  54cf 0000        329 		e_stw		r6,0(r15)
                                330 	#$$vo
  000001b2 00  70e0 6000        331 		e_li		r7,-262144
  000001b6 00  54e1 0068        332 		e_stw		r7,104(r1)
  00000083 03  44               333 	        .d2line         67
  000001ba 00  51c1 0068        334 		e_lwz		r14,104(r1)
  000001be 00  19ce 8004        335 		e_addi		r14,r14,4
  000001c2 00  50ee 0000        336 		e_lwz		r7,0(r14)
                                337 	#$$vo
  000001c6 00  6517             338 		se_bseti		r7,17
  000001c8 00  54ee 0000        339 		e_stw		r7,0(r14)
                                340 	#$$vo
  000001cc 00  70c0 6000        341 		e_li		r6,-262144
  000001d0 00  54c1 006c        342 		e_stw		r6,108(r1)
  00000084 03  44               343 	        .d2line         69
  000001d4 00  50e1 006c        344 		e_lwz		r7,108(r1)
  000001d8 00  2037             345 		se_addi		r7,4
  000001da 00  d271             346 		se_stw		r7,8(r1)
  000001dc 00  c261             347 		se_lwz		r6,8(r1)
  000001de 00  c271             348 		se_lwz		r7,8(r1)
  000001e0 00  c077             349 		se_lwz		r7,0(r7)
                                350 	#$$vo
  000001e2 00  6547             351 		se_bseti		r7,20
  000001e4 00  d076             352 		se_stw		r7,0(r6)
                                353 	#$$vo
  000001e6 00  70c0 6000        354 		e_li		r6,-262144
  000001ea 00  54c1 0070        355 		e_stw		r6,112(r1)
  00000085 03  44               356 	        .d2line         71
  000001ee 00  50e1 0070        357 		e_lwz		r7,112(r1)
  000001f2 00  2037             358 		se_addi		r7,4
  000001f4 00  d371             359 		se_stw		r7,12(r1)
  000001f6 00  c361             360 		se_lwz		r6,12(r1)
  000001f8 00  c371             361 		se_lwz		r7,12(r1)
  000001fa 00  c077             362 		se_lwz		r7,0(r7)
                                363 	#$$vo
  000001fc 00  6557             364 		se_bseti		r7,21
  000001fe 00  d076             365 		se_stw		r7,0(r6)
                                366 	#$$vo
  00000200 00  70c0 6000        367 		e_li		r6,-262144
  00000204 00  54c1 0074        368 		e_stw		r6,116(r1)
  00000208 00  50e1 0074        369 		e_lwz		r7,116(r1)
  0000020c 00  d471             370 		se_stw		r7,16(r1)
  00000086 03  0303 4e          371 	        .d2line         74
  0000020e 00  c461             372 		se_lwz		r6,16(r1)
  00000210 00  c471             373 		se_lwz		r7,16(r1)
  00000212 00  c077             374 		se_lwz		r7,0(r7)
                                375 	#$$vo
  00000214 00  6457             376 		se_bseti		r7,5
  00000216 00  d076             377 		se_stw		r7,0(r6)
                                378 	#$$vo
  00000218 00  70c0 6000        379 		e_li		r6,-262144
  0000021c 00  54c1 0078        380 		e_stw		r6,120(r1)
  00000089 03  0303 32          381 	        .d2line         77
  00000220 00  50e1 0078        382 		e_lwz		r7,120(r1)
  00000224 00  2c06             383 		se_bmaski		r6,0
  00000226 00  da67             384 		se_stw		r6,40(r7)
                                385 	#$$vo
  00000228 00  70e0 6000        386 		e_li		r7,-262144
  0000022c 00  54e1 007c        387 		e_stw		r7,124(r1)
  0000008c 03  30               388 	        .d2line         79
  00000230 00  50c1 007c        389 		e_lwz		r6,124(r1)
  00000234 00  2c07             390 		se_bmaski		r7,0
  00000236 00  dc76             391 		se_stw		r7,48(r6)
                                392 	#$$vo
  00000238 00  70c0 6000        393 		e_li		r6,-262144
  0000023c 00  54c1 0080        394 		e_stw		r6,128(r1)
  00000240 00  50e1 0080        395 		e_lwz		r7,128(r1)
  00000244 00  d571             396 		se_stw		r7,20(r1)
  0000008d 03  0303 3a          397 	        .d2line         82
  00000246 00  c561             398 		se_lwz		r6,20(r1)
  00000248 00  c571             399 		se_lwz		r7,20(r1)
  0000024a 00  c077             400 		se_lwz		r7,0(r7)
                                401 	#$$vo
  0000024c 00  6037             402 		se_bclri		r7,3
  0000024e 00  d076             403 		se_stw		r7,0(r6)
                                404 	#$$vo
  00000090 03  24               405 	        .d2line         84
                                406 	#$$fn 0x1ff8 0 0 0x1
                                407 	#$$tl 0x0 0x0 0x0
                                408 	#$$rs 4 s
  00000250 00  7800 0001        409 		bl		CAN_MessageBufferInit
  00000091 03  17               410 	        .d2line         85
                                411 	#$$be
  00000092 03  0200 0b01        412 		.d2epilogue_begin
                                413 	#$$br
  00000254 00  1961 8088        414 		e_addi		r11,r1,136
  00000258 00  19cb 0800        415 		e_lmw		r14,0(r11)
                                416 	#$$er
  0000025c 00  5001 00d4        417 		e_lwz		r0,212(r1)
  00000260 00  0090             418 		se_mtlr		r0
  00000262 00  1821 80d0        419 		e_addi		r1,r1,208
                                420 	#$$tl 0x0 0x0 0x0
  00000266 00  0004             421 		se_blr
                                422 	#$$ef
                                423 		.d2_cfa_end 2
                                424 		.section	.debug_info,,n
  000000ac 05  00               425 		.sleb128	0
                                426 	.L5778:
                                427 		.section	.text_vle,,c
                                428 	.L5780:
                                429 		.type		CANInit,@function
                                430 		.size		CANInit,.-CANInit
                                431 	# Number of nodes = 132
                                432 	
                                433 	# Allocations for CANInit
                                434 	#	SP,24		$$1
                                435 	#	SP,28		$$2
                                436 	#	SP,32		$$3
                                437 	#	SP,36		$$4
                                438 	#	SP,40		$$5
                                439 	#	SP,44		$$6
                                440 	#	SP,48		$$7
                                441 	#	SP,52		$$8
                                442 	#	SP,56		$$9
                                443 	#	SP,60		$$10
                                444 	#	SP,64		$$11
                                445 	#	SP,68		$$12
                                446 	#	SP,72		$$13
                                447 	#	SP,76		$$14
                                448 	#	SP,80		$$15
                                449 	#	SP,84		$$16
                                450 	#	SP,88		$$17
                                451 	#	SP,92		$$18
                                452 	#	SP,96		$$19
                                453 	#	SP,100		$$20
                                454 	#	SP,104		$$21
                                455 	#	SP,108		$$22
                                456 	#	SP,112		$$23
                                457 	#	SP,116		$$24
                                458 	#	SP,120		$$25
                                459 	#	SP,124		$$26
                                460 	#	SP,128		$$27
                                461 	#	r31		$$28
                                462 	#	r30		$$29
                                463 	#	r29		$$30
                                464 	#	r28		$$31
                                465 	#	r27		$$32
                                466 	#	r26		$$33
                                467 	#	r25		$$34
                                468 	#	r24		$$35
                                469 	#	r23		$$36
                                470 	#	r22		$$37
                                471 	#	r21		$$38
                                472 	#	r20		$$39
                                473 	#	r19		$$40
                                474 	#	r18		$$41
                                475 	#	r17		$$42
                                476 	#	r16		$$43
                                477 	#	r15		$$44
                                478 	#	r14		$$45
                                479 	#	SP,8		$$46
                                480 	#	SP,12		$$47
                                481 	#	SP,16		$$48
                                482 	#	SP,20		$$49
                                483 	
                                484 	# Allocations for module
                                485 		.section	.debug_info,,n
                                486 	.L7:
  000000ad 05  00               487 		.sleb128	0
                                488 	.L3:
                                489 		.section	.text_vle,,c
                                490 	.L5:
                                491 	.L5781:	.d2filenum "C:\\Users\\ahhas\\Downloads\\Unit3_4\\src\\can.c"
  00000096 03  0005 0200 0000   492 		.d2_line_end
  0000009c 03  0000 0101            	
                                493 		.section	.debug_abbrev,,n
  0000002a 04  00               494 		.sleb128	0
