                                  1 	#$$m2		- PowerPC mnemonics
                                  2 	#$$pVLE		- PowerPC VLE encoding
                                  3 	#$$oPPC5534  - Optimized for PPC5534
                                  4 	#$$ko 9		- Reorder info
                                  5 		.file		"interrupt.c"
                                  6 	#$$eb
                                  7 	#$$sz 0
                                  8 	#$$fp 0
                                  9 		.section	.PPC.EMB.apuinfo,,@note
  00000000 01  0000 0008         10 		.4byte		8
  00000004 01  0000 0004         11 		.4byte		4
  00000008 01  0000 0002         12 		.4byte		2
  0000000c 01  4150 5569 6e66    13 		.byte		"APUinfo"
  00000012 01  6f                   	
  00000013 01  00                14 		.byte		0
                                 15 		.align		2
  00000014 01  0104 0001         16 		.4byte		0x01040001
                                 17 		.section	.text_vle,,c
                                 18 		.section	.debug_frame,,n
                                 19 	__local_cie: 
  00000000 02  0000 0010         20 		.word	.LE-.LS
                                 21 	.LS:
  00000004 02  ffff ffff         22 		.word	-1
  00000008 02  01                23 		.byte	1
  00000009 02  00                24 		.byte	0
  0000000a 02  04                25 		.uleb128	4
  0000000b 02  7c                26 		.sleb128	-4
  0000000c 02  6c                27 		.byte	108
  0000000d 02  0c                28 		.byte	0x0c
  0000000e 02  01                29 		.byte	1
  0000000f 02  00                30 		.byte	0
  00000010 02  08                31 		.byte	8
  00000011 02  6c                32 		.byte	108
                                 33 		.fill           (.LS-.)&3
                                 34 	.LE:
                                 35 		.section	.debug_line,,n
                                 36 	.L8:
                                 37 		.section	.text_vle,,c
                                 38 	.L4:
  00000000 00                    39 		.0byte		.L2
  00000000 03  0000 0081 0002    40 		.d2_line_start	.debug_line
  00000006 03  0000 0013 0201       	
  0000000c 03  ff04 0d00 0101       	
  00000012 03  0101 0000 0001       	
  00000018 03  0000 0100 00         	
                                 41 		.section	.debug_abbrev,,n
                                 42 	.L9:
                                 43 		.section	.debug_info,,n
                                 44 	.L2:
  00000000 05  0000 00b5         45 		.4byte		.L3-.L1
                                 46 	.L1:
  00000004 05  0002              47 		.2byte		0x2
  00000006 05  0000 0000         48 		.4byte		.L9
  0000000a 05  04                49 		.byte		0x4
                                 50 		.section	.debug_abbrev,,n
  00000000 04  01                51 		.uleb128	1
  00000001 04  11                52 		.uleb128	17
  00000002 04  01                53 		.byte		0x1
  00000003 04  01                54 		.uleb128	1
  00000004 04  13                55 		.uleb128	19
  00000005 04  03                56 		.uleb128	3
  00000006 04  08                57 		.uleb128	8
  00000007 04  25                58 		.uleb128	37
  00000008 04  08                59 		.uleb128	8
  00000009 04  1b                60 		.uleb128	27
  0000000a 04  08                61 		.uleb128	8
  0000000b 04  13                62 		.uleb128	19
  0000000c 04  0f                63 		.uleb128	15
  0000000d 04  11                64 		.uleb128	17
  0000000e 04  01                65 		.uleb128	1
  0000000f 04  12                66 		.uleb128	18
  00000010 04  01                67 		.uleb128	1
  00000011 04  10                68 		.uleb128	16
  00000012 04  06                69 		.uleb128	6
  00000013 04  00                70 		.uleb128	0
  00000014 04  00                71 		.uleb128	0
                                 72 		.section	.debug_info,,n
  0000000b 05  01                73 		.sleb128	1
  0000000c 05  0000 00b8         74 		.4byte		.L7-.L2
  00000010 05  433a 5c55 7365    75 		.byte		"C:\\Users\\ahhas\\Downloads\\Unit3_4\\src\\interrupt.c"
  00000016 05  7273 5c61 6868       	
  0000001c 05  6173 5c44 6f77       	
  00000022 05  6e6c 6f61 6473       	
  00000028 05  5c55 6e69 7433       	
  0000002e 05  5f34                 	
  00000040 05  00                76 		.byte		0
  00000041 05  4469 6162 2044    77 		.byte		"Diab Data, Inc:dcc Rel 5.7.0.0:PPC5534"
  00000047 05  6174 612c 2049       	
  0000004d 05  6e63 3a64 6363       	
  00000053 05  2052 656c 2035       	
  00000059 05  2e37 2e30 2e30       	
  0000005f 05  3a50                 	
  00000067 05  00                78 		.byte		0
  00000068 05  433a 5c55 7365    79 		.byte		"C:\\Users\\ahhas\\Downloads\\Unit3_4"
  0000006e 05  7273 5c61 6868       	
  00000074 05  6173 5c44 6f77       	
  0000007a 05  6e6c 6f61 6473       	
  00000080 05  5c55 6e69 7433       	
  00000086 05  5f34                 	
  00000088 05  00                80 		.byte		0
  00000089 05  01                81 		.uleb128	1
  0000008a 05  0000 0000         82 		.4byte		.L4
  0000008e 05  0000 0000         83 		.4byte		.L5
  00000092 05  0000 0000         84 		.4byte		.L8
                                 85 		.section	.text_vle,,c
                                 86 	
                                 87 	#$$bf
                                 88 		.align		2
                                 89 		.globl		InterruptInit
  00000014 02  0000 0038 0000    90 		.d2_cfa_start __local_cie
  0000001a 02  0000 0000 0000       	
  00000020 02  0000 013a            	
                                 91 	InterruptInit:
                                 92 		.section	.debug_abbrev,,n
  00000015 04  02                93 		.uleb128	2
  00000016 04  2e                94 		.uleb128	46
  00000017 04  01                95 		.byte		0x1
  00000018 04  01                96 		.uleb128	1
  00000019 04  13                97 		.uleb128	19
  0000001a 04  03                98 		.uleb128	3
  0000001b 04  08                99 		.uleb128	8
  0000001c 04  3a               100 		.uleb128	58
  0000001d 04  06               101 		.uleb128	6
  0000001e 04  3b               102 		.uleb128	59
  0000001f 04  0f               103 		.uleb128	15
  00000020 04  3f               104 		.uleb128	63
  00000021 04  0c               105 		.uleb128	12
  00000022 04  11               106 		.uleb128	17
  00000023 04  01               107 		.uleb128	1
  00000024 04  12               108 		.uleb128	18
  00000025 04  01               109 		.uleb128	1
  00000026 04  00               110 		.uleb128	0
  00000027 04  00               111 		.uleb128	0
                                112 		.section	.debug_info,,n
                                113 	.L5782:
  00000096 05  02               114 		.sleb128	2
  00000097 05  0000 00b8        115 		.4byte		.L5778-.L2
  0000009b 05  496e 7465 7272   116 		.byte		"InterruptInit"
  000000a1 05  7570 7449 6e69       	
  000000a7 05  74                   	
  000000a8 05  00               117 		.byte		0
  000000a9 05  0000 0001        118 		.4byte		.L5781
  000000ad 05  03               119 		.uleb128	3
  000000ae 05  01               120 		.byte		0x1
  000000af 05  0000 0000        121 		.4byte		.L5779
  000000b3 05  0000 0000        122 		.4byte		.L5780
                                123 		.section	.text_vle,,c
  0000001d 03  003b 0343 3a5c   124 		.d2file		"C:\\Users\\ahhas\\Downloads\\Unit3_4\\src\\interrupt.c"
  00000023 03  5c55 7365 7273       	
  00000029 03  5c5c 6168 6861       	
  0000002f 03  735c 5c44 6f77       	
  00000035 03  6e6c 6f61 6473       	
  0000003b 03  5c5c                 	
  0000005c 03  0005 0200 0000   125 	        .d2line         4
  00000062 03  0003 030e            	
                                126 	.L5779:
  00000000 00  1821 0690        127 		e_stwu		r1,-112(r1)
  00000024 02  410e 70          128 		.d2_cfa_def_cfa_offset	112
  00000004 00  0080             129 		se_mflr		r0,lr
                                130 	#$$br
  00000006 00  19c1 0928        131 		e_stmw		r14,40(r1)
  00000027 02  418e 128f 1190   132 		.d2_cfa_offset_list	14,31,18,-1
  0000002d 02  1091 0f92 0e93       	
  00000033 02  0d94 0c95 0b96       	
  00000039 02  0a97 0998 0899       	
  0000003f 02  079a 069b 059c       	
  00000045 02  049d                 	
                                133 	#$$er
  0000000a 00  5401 0074        134 		e_stw		r0,116(r1)
  0000004c 02  4111 6c7f        135 		.d2_cfa_offset    108,-1
                                136 	#$$ee
  00000066 03  0207 0a          137 		.d2prologue_end
  0000000e 00  70ff e7f5        138 		e_lis		r7,65525
  00000012 00  d271             139 		se_stw		r7,8(r1)
  00000069 03  1c               140 	        .d2line         6
  00000014 00  c261             141 		se_lwz		r6,8(r1)
  00000016 00  1e46 8000        142 		e_add16i	r18,r6,-32768
  0000001a 00  50f2 0000        143 		e_lwz		r7,0(r18)
                                144 	#$$vo
  0000001e 00  61a7             145 		se_bclri		r7,26
  00000020 00  54f2 0000        146 		e_stw		r7,0(r18)
                                147 	#$$vo
  00000024 00  70df e7f5        148 		e_lis		r6,65525
  00000028 00  d361             149 		se_stw		r6,12(r1)
  0000006a 03  3c               150 	        .d2line         8
  0000002a 00  c371             151 		se_lwz		r7,12(r1)
  0000002c 00  1e27 8000        152 		e_add16i	r17,r7,-32768
  00000030 00  50d1 0000        153 		e_lwz		r6,0(r17)
                                154 	#$$vo
  00000034 00  61f6             155 		se_bclri		r6,31
  00000036 00  54d1 0000        156 		e_stw		r6,0(r17)
                                157 	#$$vo
  0000003a 00  70ff e7f5        158 		e_lis		r7,65525
  0000003e 00  d471             159 		se_stw		r7,16(r1)
  0000006b 03  3c               160 	        .d2line         10
  00000040 00  c461             161 		se_lwz		r6,16(r1)
  00000042 00  1e06 8010        162 		e_add16i	r16,r6,-32752
  00000046 00  50f0 0000        163 		e_lwz		r7,0(r16)
                                164 	#$$vo
  0000004a 00  74e7 057f        165 		e_rlwinm		r7,r7,0,21,31
  0000004e 00  18e7 d309        166 		e_ori		r7,r7,150994944
  00000052 00  54f0 0000        167 		e_stw		r7,0(r16)
                                168 	#$$vo
  00000056 00  70df e7f5        169 		e_lis		r6,65525
  0000005a 00  d561             170 		se_stw		r6,20(r1)
  0000006c 03  48               171 	        .d2line         12
  0000005c 00  c571             172 		se_lwz		r7,20(r1)
  0000005e 00  1de7 807b        173 		e_add16i	r15,r7,-32645
  00000062 00  30cf 0000        174 		e_lbz		r6,0(r15)
                                175 	#$$vo
  00000066 00  74c6 0637        176 		e_rlwinm		r6,r6,0,24,27
  0000006a 00  18c6 d005        177 		e_ori		r6,r6,5
  0000006e 00  34cf 0000        178 		e_stb		r6,0(r15)
                                179 	#$$vo
  00000072 00  70ff e7f5        180 		e_lis		r7,65525
  00000076 00  d671             181 		se_stw		r7,24(r1)
  0000006d 03  48               182 	        .d2line         14
  00000078 00  c661             183 		se_lwz		r6,24(r1)
  0000007a 00  1dc6 807c        184 		e_add16i	r14,r6,-32644
  0000007e 00  30ee 0000        185 		e_lbz		r7,0(r14)
                                186 	#$$vo
  00000082 00  74e7 0637        187 		e_rlwinm		r7,r7,0,24,27
  00000086 00  18e7 d005        188 		e_ori		r7,r7,5
  0000008a 00  34ee 0000        189 		e_stb		r7,0(r14)
                                190 	#$$vo
  0000008e 00  70df e7f5        191 		e_lis		r6,65525
  00000092 00  d761             192 		se_stw		r6,28(r1)
  0000006e 03  48               193 	        .d2line         16
  00000094 00  c771             194 		se_lwz		r7,28(r1)
  00000096 00  1fe7 8081        195 		e_add16i	r31,r7,-32639
  0000009a 00  806f             196 		se_lbz		r6,0(r31)
                                197 	#$$vo
  0000009c 00  74c6 0637        198 		e_rlwinm		r6,r6,0,24,27
  000000a0 00  65f6             199 		se_bseti		r6,31
  000000a2 00  906f             200 		se_stb		r6,0(r31)
                                201 	#$$vo
  000000a4 00  70ff e7f5        202 		e_lis		r7,65525
  000000a8 00  d871             203 		se_stw		r7,32(r1)
  0000006f 03  3c               204 	        .d2line         18
  000000aa 00  c861             205 		se_lwz		r6,32(r1)
  000000ac 00  1fc6 8082        206 		e_add16i	r30,r6,-32638
  000000b0 00  807e             207 		se_lbz		r7,0(r30)
                                208 	#$$vo
  000000b2 00  74e7 0637        209 		e_rlwinm		r7,r7,0,24,27
  000000b6 00  65f7             210 		se_bseti		r7,31
  000000b8 00  907e             211 		se_stb		r7,0(r30)
                                212 	#$$vo
  000000ba 00  70df e7f5        213 		e_lis		r6,65525
  000000be 00  d961             214 		se_stw		r6,36(r1)
  00000070 03  3c               215 	        .d2line         20
  000000c0 00  c971             216 		se_lwz		r7,36(r1)
  000000c2 00  1fa7 8083        217 		e_add16i	r29,r7,-32637
  000000c6 00  806d             218 		se_lbz		r6,0(r29)
                                219 	#$$vo
  000000c8 00  74c6 0637        220 		e_rlwinm		r6,r6,0,24,27
  000000cc 00  65f6             221 		se_bseti		r6,31
  000000ce 00  906d             222 		se_stb		r6,0(r29)
                                223 	#$$vo
  000000d0 00  72ff e7f5        224 		e_lis		r23,65525
  00000071 03  38               225 	        .d2line         22
  000000d4 00  1f97 8084        226 		e_add16i	r28,r23,-32636
  000000d8 00  807c             227 		se_lbz		r7,0(r28)
                                228 	#$$vo
  000000da 00  74e7 0637        229 		e_rlwinm		r7,r7,0,24,27
  000000de 00  65f7             230 		se_bseti		r7,31
  000000e0 00  907c             231 		se_stb		r7,0(r28)
                                232 	#$$vo
  000000e2 00  72df e7f5        233 		e_lis		r22,65525
  00000072 03  34               234 	        .d2line         24
  000000e6 00  1f76 8085        235 		e_add16i	r27,r22,-32635
  000000ea 00  806b             236 		se_lbz		r6,0(r27)
                                237 	#$$vo
  000000ec 00  74c6 0637        238 		e_rlwinm		r6,r6,0,24,27
  000000f0 00  65f6             239 		se_bseti		r6,31
  000000f2 00  906b             240 		se_stb		r6,0(r27)
                                241 	#$$vo
  000000f4 00  72bf e7f5        242 		e_lis		r21,65525
  00000073 03  34               243 	        .d2line         26
  000000f8 00  1f55 8086        244 		e_add16i	r26,r21,-32634
  000000fc 00  807a             245 		se_lbz		r7,0(r26)
                                246 	#$$vo
  000000fe 00  74e7 0637        247 		e_rlwinm		r7,r7,0,24,27
  00000102 00  65f7             248 		se_bseti		r7,31
  00000104 00  907a             249 		se_stb		r7,0(r26)
                                250 	#$$vo
  00000106 00  729f e7f5        251 		e_lis		r20,65525
  00000074 03  34               252 	        .d2line         28
  0000010a 00  1f34 8087        253 		e_add16i	r25,r20,-32633
  0000010e 00  8069             254 		se_lbz		r6,0(r25)
                                255 	#$$vo
  00000110 00  74c6 0637        256 		e_rlwinm		r6,r6,0,24,27
  00000114 00  65f6             257 		se_bseti		r6,31
  00000116 00  9069             258 		se_stb		r6,0(r25)
                                259 	#$$vo
  00000118 00  727f e7f5        260 		e_lis		r19,65525
  00000075 03  34               261 	        .d2line         30
  0000011c 00  1f13 80dd        262 		e_add16i	r24,r19,-32547
  00000120 00  8078             263 		se_lbz		r7,0(r24)
                                264 	#$$vo
  00000122 00  74e7 0637        265 		e_rlwinm		r7,r7,0,24,27
  00000126 00  65f7             266 		se_bseti		r7,31
  00000128 00  9078             267 		se_stb		r7,0(r24)
                                268 	#$$vo
  00000076 03  2b               269 	        .d2line         31
                                270 	#$$be
  00000077 03  0200 0b01        271 		.d2epilogue_begin
                                272 	#$$br
  0000012a 00  19c1 0828        273 		e_lmw		r14,40(r1)
                                274 	#$$er
  0000012e 00  5001 0074        275 		e_lwz		r0,116(r1)
  00000132 00  0090             276 		se_mtlr		r0
  00000134 00  1821 8070        277 		e_addi		r1,r1,112
                                278 	#$$tl 0x0 0x0 0x0
  00000138 00  0004             279 		se_blr
                                280 	#$$ef
                                281 		.d2_cfa_end 2
                                282 		.section	.debug_info,,n
  000000b7 05  00               283 		.sleb128	0
                                284 	.L5778:
                                285 		.section	.text_vle,,c
                                286 	.L5780:
                                287 		.type		InterruptInit,@function
                                288 		.size		InterruptInit,.-InterruptInit
                                289 	# Number of nodes = 65
                                290 	
                                291 	# Allocations for InterruptInit
                                292 	#	SP,8		$$1
                                293 	#	SP,12		$$2
                                294 	#	SP,16		$$3
                                295 	#	SP,20		$$4
                                296 	#	SP,24		$$5
                                297 	#	SP,28		$$6
                                298 	#	SP,32		$$7
                                299 	#	SP,36		$$8
                                300 	#	r23		$$9
                                301 	#	r22		$$10
                                302 	#	r21		$$11
                                303 	#	r20		$$12
                                304 	#	r19		$$13
                                305 	#	r18		$$14
                                306 	#	r17		$$15
                                307 	#	r16		$$16
                                308 	#	r15		$$17
                                309 	#	r14		$$18
                                310 	#	r31		$$19
                                311 	#	r30		$$20
                                312 	#	r29		$$21
                                313 	#	r28		$$22
                                314 	#	r27		$$23
                                315 	#	r26		$$24
                                316 	#	r25		$$25
                                317 	#	r24		$$26
                                318 	
                                319 	# Allocations for module
                                320 		.section	.debug_info,,n
                                321 	.L7:
  000000b8 05  00               322 		.sleb128	0
                                323 	.L3:
                                324 		.section	.text_vle,,c
                                325 	.L5:
                                326 	.L5781:	.d2filenum "C:\\Users\\ahhas\\Downloads\\Unit3_4\\src\\interrupt.c"
  0000007b 03  0005 0200 0000   327 		.d2_line_end
  00000081 03  0000 0101            	
                                328 		.section	.debug_abbrev,,n
  00000028 04  00               329 		.sleb128	0
