                                  1 	#$$m2		- PowerPC mnemonics
                                  2 	#$$pVLE		- PowerPC VLE encoding
                                  3 	#$$oPPC5534  - Optimized for PPC5534
                                  4 	#$$ko 9		- Reorder info
                                  5 		.file		"siu.c"
                                  6 	#$$eb
                                  7 	#$$sz 0
                                  8 	#$$fp 0
                                  9 		.section	.PPC.EMB.apuinfo,,@note
  00000000 01  0000 0008         10 		.4byte		8
  00000004 01  0000 0004         11 		.4byte		4
  00000008 01  0000 0002         12 		.4byte		2
  0000000c 01  4150 5569 6e66    13 		.byte		"APUinfo"
  00000012 01  6f                   	
  00000013 01  00                14 		.byte		0
                                 15 		.align		2
  00000014 01  0104 0001         16 		.4byte		0x01040001
                                 17 		.section	.text_vle,,c
                                 18 		.section	.debug_frame,,n
                                 19 	__local_cie: 
  00000000 02  0000 0010         20 		.word	.LE-.LS
                                 21 	.LS:
  00000004 02  ffff ffff         22 		.word	-1
  00000008 02  01                23 		.byte	1
  00000009 02  00                24 		.byte	0
  0000000a 02  04                25 		.uleb128	4
  0000000b 02  7c                26 		.sleb128	-4
  0000000c 02  6c                27 		.byte	108
  0000000d 02  0c                28 		.byte	0x0c
  0000000e 02  01                29 		.byte	1
  0000000f 02  00                30 		.byte	0
  00000010 02  08                31 		.byte	8
  00000011 02  6c                32 		.byte	108
                                 33 		.fill           (.LS-.)&3
                                 34 	.LE:
                                 35 		.section	.debug_line,,n
                                 36 	.L8:
                                 37 		.section	.text_vle,,c
                                 38 	.L4:
  00000000 00                    39 		.0byte		.L2
  00000000 03  0000 0098 0002    40 		.d2_line_start	.debug_line
  00000006 03  0000 0013 0201       	
  0000000c 03  ff04 0d00 0101       	
  00000012 03  0101 0000 0001       	
  00000018 03  0000 0100 00         	
                                 41 		.section	.debug_abbrev,,n
                                 42 	.L9:
                                 43 		.section	.debug_info,,n
                                 44 	.L2:
  00000000 05  0000 00aa         45 		.4byte		.L3-.L1
                                 46 	.L1:
  00000004 05  0002              47 		.2byte		0x2
  00000006 05  0000 0000         48 		.4byte		.L9
  0000000a 05  04                49 		.byte		0x4
                                 50 		.section	.debug_abbrev,,n
  00000000 04  01                51 		.uleb128	1
  00000001 04  11                52 		.uleb128	17
  00000002 04  01                53 		.byte		0x1
  00000003 04  01                54 		.uleb128	1
  00000004 04  13                55 		.uleb128	19
  00000005 04  03                56 		.uleb128	3
  00000006 04  08                57 		.uleb128	8
  00000007 04  25                58 		.uleb128	37
  00000008 04  08                59 		.uleb128	8
  00000009 04  1b                60 		.uleb128	27
  0000000a 04  08                61 		.uleb128	8
  0000000b 04  13                62 		.uleb128	19
  0000000c 04  0f                63 		.uleb128	15
  0000000d 04  11                64 		.uleb128	17
  0000000e 04  01                65 		.uleb128	1
  0000000f 04  12                66 		.uleb128	18
  00000010 04  01                67 		.uleb128	1
  00000011 04  10                68 		.uleb128	16
  00000012 04  06                69 		.uleb128	6
  00000013 04  00                70 		.uleb128	0
  00000014 04  00                71 		.uleb128	0
                                 72 		.section	.debug_info,,n
  0000000b 05  01                73 		.sleb128	1
  0000000c 05  0000 00ad         74 		.4byte		.L7-.L2
  00000010 05  433a 5c55 7365    75 		.byte		"C:\\Users\\ahhas\\Downloads\\Unit3_4\\src\\siu.c"
  00000016 05  7273 5c61 6868       	
  0000001c 05  6173 5c44 6f77       	
  00000022 05  6e6c 6f61 6473       	
  00000028 05  5c55 6e69 7433       	
  0000002e 05  5f34                 	
  0000003a 05  00                76 		.byte		0
  0000003b 05  4469 6162 2044    77 		.byte		"Diab Data, Inc:dcc Rel 5.7.0.0:PPC5534"
  00000041 05  6174 612c 2049       	
  00000047 05  6e63 3a64 6363       	
  0000004d 05  2052 656c 2035       	
  00000053 05  2e37 2e30 2e30       	
  00000059 05  3a50                 	
  00000061 05  00                78 		.byte		0
  00000062 05  433a 5c55 7365    79 		.byte		"C:\\Users\\ahhas\\Downloads\\Unit3_4"
  00000068 05  7273 5c61 6868       	
  0000006e 05  6173 5c44 6f77       	
  00000074 05  6e6c 6f61 6473       	
  0000007a 05  5c55 6e69 7433       	
  00000080 05  5f34                 	
  00000082 05  00                80 		.byte		0
  00000083 05  01                81 		.uleb128	1
  00000084 05  0000 0000         82 		.4byte		.L4
  00000088 05  0000 0000         83 		.4byte		.L5
  0000008c 05  0000 0000         84 		.4byte		.L8
                                 85 		.section	.text_vle,,c
                                 86 	
                                 87 	#$$bf
                                 88 		.align		2
                                 89 		.globl		SIUInit
  00000014 02  0000 003c 0000    90 		.d2_cfa_start __local_cie
  0000001a 02  0000 0000 0000       	
  00000020 02  0000 0248            	
                                 91 	SIUInit:
                                 92 		.section	.debug_abbrev,,n
  00000015 04  02                93 		.uleb128	2
  00000016 04  2e                94 		.uleb128	46
  00000017 04  01                95 		.byte		0x1
  00000018 04  01                96 		.uleb128	1
  00000019 04  13                97 		.uleb128	19
  0000001a 04  03                98 		.uleb128	3
  0000001b 04  08                99 		.uleb128	8
  0000001c 04  3a               100 		.uleb128	58
  0000001d 04  06               101 		.uleb128	6
  0000001e 04  3b               102 		.uleb128	59
  0000001f 04  0f               103 		.uleb128	15
  00000020 04  3f               104 		.uleb128	63
  00000021 04  0c               105 		.uleb128	12
  00000022 04  27               106 		.uleb128	39
  00000023 04  0c               107 		.uleb128	12
  00000024 04  11               108 		.uleb128	17
  00000025 04  01               109 		.uleb128	1
  00000026 04  12               110 		.uleb128	18
  00000027 04  01               111 		.uleb128	1
  00000028 04  00               112 		.uleb128	0
  00000029 04  00               113 		.uleb128	0
                                114 		.section	.debug_info,,n
                                115 	.L5782:
  00000090 05  02               116 		.sleb128	2
  00000091 05  0000 00ad        117 		.4byte		.L5778-.L2
  00000095 05  5349 5549 6e69   118 		.byte		"SIUInit"
  0000009b 05  74                   	
  0000009c 05  00               119 		.byte		0
  0000009d 05  0000 0001        120 		.4byte		.L5781
  000000a1 05  03               121 		.uleb128	3
  000000a2 05  01               122 		.byte		0x1
  000000a3 05  01               123 		.byte		0x1
  000000a4 05  0000 0000        124 		.4byte		.L5779
  000000a8 05  0000 0000        125 		.4byte		.L5780
                                126 		.section	.text_vle,,c
  0000001d 03  0035 0343 3a5c   127 		.d2file		"C:\\Users\\ahhas\\Downloads\\Unit3_4\\src\\siu.c"
  00000023 03  5c55 7365 7273       	
  00000029 03  5c5c 6168 6861       	
  0000002f 03  735c 5c44 6f77       	
  00000035 03  6e6c 6f61 6473       	
  0000003b 03  5c5c                 	
  00000056 03  0005 0200 0000   128 	        .d2line         3
  0000005c 03  0010                 	
                                129 	.L5779:
  00000000 00  701f 7f40        130 		e_li		r0,-192
  00000004 00  7c21 016e        131 		stwux		r1,r1,r0
  00000024 02  420e c001        132 		.d2_cfa_def_cfa_offset	192
  00000008 00  0080             133 		se_mflr		r0,lr
                                134 	#$$br
  0000000a 00  19c1 0978        135 		e_stmw		r14,120(r1)
  00000028 02  418e 128f 1190   136 		.d2_cfa_offset_list	14,31,18,-1
  0000002e 02  1091 0f92 0e93       	
  00000034 02  0d94 0c95 0b96       	
  0000003a 02  0a97 0998 0899       	
  00000040 02  079a 069b 059c       	
  00000046 02  049d                 	
                                137 	#$$er
  0000000e 00  5401 00c4        138 		e_stw		r0,196(r1)
  0000004d 02  4111 6c7f        139 		.d2_cfa_offset    108,-1
                                140 	#$$ee
  0000005e 03  0209 0a          141 		.d2prologue_end
  00000012 00  70f8 e3f9        142 		e_lis		r7,50169
  00000016 00  d271             143 		se_stw		r7,8(r1)
  00000061 03  1c               144 	        .d2line         5
  00000018 00  c261             145 		se_lwz		r6,8(r1)
  0000001a 00  1be6 8060        146 		e_addi		r31,r6,96
  0000001e 00  a07f             147 		se_lhz		r7,0(r31)
                                148 	#$$vo
  00000020 00  74e7 05a7        149 		e_rlwinm		r7,r7,0,22,19
  00000024 00  6557             150 		se_bseti		r7,21
  00000026 00  b07f             151 		se_sth		r7,0(r31)
                                152 	#$$vo
  00000028 00  70d8 e3f9        153 		e_lis		r6,50169
  0000002c 00  d361             154 		se_stw		r6,12(r1)
  00000062 03  3c               155 	        .d2line         7
  0000002e 00  c371             156 		se_lwz		r7,12(r1)
  00000030 00  1bc7 8060        157 		e_addi		r30,r7,96
  00000034 00  a06e             158 		se_lhz		r6,0(r30)
                                159 	#$$vo
  00000036 00  6166             160 		se_bclri		r6,22
  00000038 00  b06e             161 		se_sth		r6,0(r30)
                                162 	#$$vo
  0000003a 00  70f8 e3f9        163 		e_lis		r7,50169
  0000003e 00  d471             164 		se_stw		r7,16(r1)
  00000063 03  0303 32          165 	        .d2line         10
  00000040 00  c461             166 		se_lwz		r6,16(r1)
  00000042 00  1ba6 8062        167 		e_addi		r29,r6,98
  00000046 00  a07d             168 		se_lhz		r7,0(r29)
                                169 	#$$vo
  00000048 00  74e7 05a7        170 		e_rlwinm		r7,r7,0,22,19
  0000004c 00  6557             171 		se_bseti		r7,21
  0000004e 00  b07d             172 		se_sth		r7,0(r29)
                                173 	#$$vo
  00000050 00  70d8 e3f9        174 		e_lis		r6,50169
  00000054 00  d561             175 		se_stw		r6,20(r1)
  00000066 03  3c               176 	        .d2line         12
  00000056 00  c571             177 		se_lwz		r7,20(r1)
  00000058 00  1b87 8062        178 		e_addi		r28,r7,98
  0000005c 00  a06c             179 		se_lhz		r6,0(r28)
                                180 	#$$vo
  0000005e 00  6576             181 		se_bseti		r6,23
  00000060 00  b06c             182 		se_sth		r6,0(r28)
                                183 	#$$vo
  00000062 00  70f8 e3f9        184 		e_lis		r7,50169
  00000066 00  d671             185 		se_stw		r7,24(r1)
  00000067 03  0303 32          186 	        .d2line         15
  00000068 00  c661             187 		se_lwz		r6,24(r1)
  0000006a 00  1b66 80c2        188 		e_addi		r27,r6,194
  0000006e 00  a07b             189 		se_lhz		r7,0(r27)
                                190 	#$$vo
  00000070 00  6527             191 		se_bseti		r7,18
  00000072 00  b07b             192 		se_sth		r7,0(r27)
                                193 	#$$vo
  00000074 00  70d8 e3f9        194 		e_lis		r6,50169
  00000078 00  d761             195 		se_stw		r6,28(r1)
  0000006a 03  33               196 	        .d2line         16
  0000007a 00  c771             197 		se_lwz		r7,28(r1)
  0000007c 00  1b47 80c2        198 		e_addi		r26,r7,194
  00000080 00  a06a             199 		se_lhz		r6,0(r26)
                                200 	#$$vo
  00000082 00  6576             201 		se_bseti		r6,23
  00000084 00  b06a             202 		se_sth		r6,0(r26)
                                203 	#$$vo
  00000086 00  70f8 e3f9        204 		e_lis		r7,50169
  0000008a 00  d871             205 		se_stw		r7,32(r1)
  0000006b 03  34               206 	        .d2line         18
  0000008c 00  c861             207 		se_lwz		r6,32(r1)
  0000008e 00  1b26 80c4        208 		e_addi		r25,r6,196
  00000092 00  a079             209 		se_lhz		r7,0(r25)
                                210 	#$$vo
  00000094 00  6527             211 		se_bseti		r7,18
  00000096 00  b079             212 		se_sth		r7,0(r25)
                                213 	#$$vo
  00000098 00  70d8 e3f9        214 		e_lis		r6,50169
  0000009c 00  d961             215 		se_stw		r6,36(r1)
  0000006c 03  33               216 	        .d2line         19
  0000009e 00  c971             217 		se_lwz		r7,36(r1)
  000000a0 00  1b07 80c4        218 		e_addi		r24,r7,196
  000000a4 00  a068             219 		se_lhz		r6,0(r24)
                                220 	#$$vo
  000000a6 00  6576             221 		se_bseti		r6,23
  000000a8 00  b068             222 		se_sth		r6,0(r24)
                                223 	#$$vo
  000000aa 00  70f8 e3f9        224 		e_lis		r7,50169
  000000ae 00  da71             225 		se_stw		r7,40(r1)
  0000006d 03  34               226 	        .d2line         21
  000000b0 00  ca61             227 		se_lwz		r6,40(r1)
  000000b2 00  1ae6 8082        228 		e_addi		r23,r6,130
  000000b6 00  58f7 0000        229 		e_lhz		r7,0(r23)
                                230 	#$$vo
  000000ba 00  6527             231 		se_bseti		r7,18
  000000bc 00  5cf7 0000        232 		e_sth		r7,0(r23)
                                233 	#$$vo
  000000c0 00  70d8 e3f9        234 		e_lis		r6,50169
  000000c4 00  db61             235 		se_stw		r6,44(r1)
  0000006e 03  3b               236 	        .d2line         22
  000000c6 00  cb71             237 		se_lwz		r7,44(r1)
  000000c8 00  1ac7 8082        238 		e_addi		r22,r7,130
  000000cc 00  58d6 0000        239 		e_lhz		r6,0(r22)
                                240 	#$$vo
  000000d0 00  6576             241 		se_bseti		r6,23
  000000d2 00  5cd6 0000        242 		e_sth		r6,0(r22)
                                243 	#$$vo
  000000d6 00  72b8 e3f9        244 		e_lis		r21,50169
  0000006f 03  0303 36          245 	        .d2line         25
  000000da 00  6376             246 		se_bgeni		r6,23
  000000dc 00  5cd5 0040        247 		e_sth		r6,64(r21)
                                248 	#$$vo
  000000e0 00  7298 e3f9        249 		e_lis		r20,50169
  00000072 03  23               250 	        .d2line         26
  000000e4 00  6376             251 		se_bgeni		r6,23
  000000e6 00  5cd4 0042        252 		e_sth		r6,66(r20)
                                253 	#$$vo
  000000ea 00  7278 e3f9        254 		e_lis		r19,50169
  00000073 03  23               255 	        .d2line         27
  000000ee 00  6376             256 		se_bgeni		r6,23
  000000f0 00  5cd3 0044        257 		e_sth		r6,68(r19)
                                258 	#$$vo
  000000f4 00  7258 e3f9        259 		e_lis		r18,50169
  00000074 03  23               260 	        .d2line         28
  000000f8 00  6376             261 		se_bgeni		r6,23
  000000fa 00  5cd2 0046        262 		e_sth		r6,70(r18)
                                263 	#$$vo
  000000fe 00  7238 e3f9        264 		e_lis		r17,50169
  00000075 03  23               265 	        .d2line         29
  00000102 00  70c0 0102        266 		e_li		r6,258
  00000106 00  5cd1 0048        267 		e_sth		r6,72(r17)
                                268 	#$$vo
  0000010a 00  7218 e3f9        269 		e_lis		r16,50169
  00000076 03  27               270 	        .d2line         30
  0000010e 00  4806             271 		se_li		r6,0
  00000110 00  5cd0 0048        272 		e_sth		r6,72(r16)
                                273 	#$$vo
  00000114 00  71f8 e3f9        274 		e_lis		r15,50169
  00000077 03  23               275 	        .d2line         31
  00000118 00  6376             276 		se_bgeni		r6,23
  0000011a 00  5ccf 0048        277 		e_sth		r6,72(r15)
                                278 	#$$vo
  0000011e 00  71d8 e3f9        279 		e_lis		r14,50169
  00000078 03  23               280 	        .d2line         32
  00000122 00  6376             281 		se_bgeni		r6,23
  00000124 00  5cce 0098        282 		e_sth		r6,152(r14)
                                283 	#$$vo
  00000128 00  70f8 e3f9        284 		e_lis		r7,50169
  0000012c 00  dc71             285 		se_stw		r7,48(r1)
  00000079 03  0303 26          286 	        .d2line         35
  0000012e 00  cc61             287 		se_lwz		r6,48(r1)
  00000130 00  6367             288 		se_bgeni		r7,22
  00000132 00  5ce6 0052        289 		e_sth		r7,82(r6)
                                290 	#$$vo
  00000136 00  70d8 e3f9        291 		e_lis		r6,50169
  0000013a 00  dd61             292 		se_stw		r6,52(r1)
  0000007c 03  2b               293 	        .d2line         36
  0000013c 00  cd71             294 		se_lwz		r7,52(r1)
  0000013e 00  6366             295 		se_bgeni		r6,22
  00000140 00  5cc7 0094        296 		e_sth		r6,148(r7)
                                297 	#$$vo
  00000144 00  70f8 e3f9        298 		e_lis		r7,50169
  00000148 00  de71             299 		se_stw		r7,56(r1)
  0000007d 03  2b               300 	        .d2line         37
  0000014a 00  ce61             301 		se_lwz		r6,56(r1)
  0000014c 00  6367             302 		se_bgeni		r7,22
  0000014e 00  5ce6 005a        303 		e_sth		r7,90(r6)
                                304 	#$$vo
  00000152 00  70d8 e3f9        305 		e_lis		r6,50169
  00000156 00  df61             306 		se_stw		r6,60(r1)
  0000007e 03  2b               307 	        .d2line         38
  00000158 00  cf71             308 		se_lwz		r7,60(r1)
  0000015a 00  6366             309 		se_bgeni		r6,22
  0000015c 00  5cc7 0058        310 		e_sth		r6,88(r7)
                                311 	#$$vo
  00000160 00  70f8 e3f9        312 		e_lis		r7,50169
  00000164 00  54e1 0040        313 		e_stw		r7,64(r1)
  0000007f 03  2f               314 	        .d2line         39
  00000168 00  50c1 0040        315 		e_lwz		r6,64(r1)
  0000016c 00  6367             316 		se_bgeni		r7,22
  0000016e 00  5ce6 00bc        317 		e_sth		r7,188(r6)
                                318 	#$$vo
  00000172 00  70d8 e3f9        319 		e_lis		r6,50169
  00000176 00  54c1 0044        320 		e_stw		r6,68(r1)
  00000080 03  33               321 	        .d2line         40
  0000017a 00  50e1 0044        322 		e_lwz		r7,68(r1)
  0000017e 00  6366             323 		se_bgeni		r6,22
  00000180 00  5cc7 00ba        324 		e_sth		r6,186(r7)
                                325 	#$$vo
  00000184 00  70f8 e3f9        326 		e_lis		r7,50169
  00000188 00  54e1 0048        327 		e_stw		r7,72(r1)
  00000081 03  33               328 	        .d2line         41
  0000018c 00  50c1 0048        329 		e_lwz		r6,72(r1)
  00000190 00  6367             330 		se_bgeni		r7,22
  00000192 00  5ce6 00b6        331 		e_sth		r7,182(r6)
                                332 	#$$vo
  00000196 00  70d8 e3f9        333 		e_lis		r6,50169
  0000019a 00  54c1 004c        334 		e_stw		r6,76(r1)
  00000082 03  33               335 	        .d2line         42
  0000019e 00  50e1 004c        336 		e_lwz		r7,76(r1)
  000001a2 00  6366             337 		se_bgeni		r6,22
  000001a4 00  5cc7 0056        338 		e_sth		r6,86(r7)
                                339 	#$$vo
  000001a8 00  70f8 e3f9        340 		e_lis		r7,50169
  000001ac 00  54e1 0050        341 		e_stw		r7,80(r1)
  00000083 03  0303 32          342 	        .d2line         45
  000001b0 00  50c1 0050        343 		e_lwz		r6,80(r1)
  000001b4 00  4817             344 		se_li		r7,1
  000001b6 00  34e6 0609        345 		e_stb		r7,1545(r6)
                                346 	#$$vo
  000001ba 00  70d8 e3f9        347 		e_lis		r6,50169
  000001be 00  54c1 0054        348 		e_stw		r6,84(r1)
  00000086 03  33               349 	        .d2line         46
  000001c2 00  50e1 0054        350 		e_lwz		r7,84(r1)
  000001c6 00  4816             351 		se_li		r6,1
  000001c8 00  34c7 062a        352 		e_stb		r6,1578(r7)
                                353 	#$$vo
  000001cc 00  70f8 e3f9        354 		e_lis		r7,50169
  000001d0 00  54e1 0058        355 		e_stw		r7,88(r1)
  00000087 03  33               356 	        .d2line         47
  000001d4 00  50c1 0058        357 		e_lwz		r6,88(r1)
  000001d8 00  4817             358 		se_li		r7,1
  000001da 00  34e6 060d        359 		e_stb		r7,1549(r6)
                                360 	#$$vo
  000001de 00  70d8 e3f9        361 		e_lis		r6,50169
  000001e2 00  54c1 005c        362 		e_stw		r6,92(r1)
  00000088 03  33               363 	        .d2line         48
  000001e6 00  50e1 005c        364 		e_lwz		r7,92(r1)
  000001ea 00  4816             365 		se_li		r6,1
  000001ec 00  34c7 060c        366 		e_stb		r6,1548(r7)
                                367 	#$$vo
  000001f0 00  70f8 e3f9        368 		e_lis		r7,50169
  000001f4 00  54e1 0060        369 		e_stw		r7,96(r1)
  00000089 03  33               370 	        .d2line         49
  000001f8 00  50c1 0060        371 		e_lwz		r6,96(r1)
  000001fc 00  4817             372 		se_li		r7,1
  000001fe 00  34e6 063e        373 		e_stb		r7,1598(r6)
                                374 	#$$vo
  00000202 00  70d8 e3f9        375 		e_lis		r6,50169
  00000206 00  54c1 0064        376 		e_stw		r6,100(r1)
  0000008a 03  33               377 	        .d2line         50
  0000020a 00  50e1 0064        378 		e_lwz		r7,100(r1)
  0000020e 00  4816             379 		se_li		r6,1
  00000210 00  34c7 063d        380 		e_stb		r6,1597(r7)
                                381 	#$$vo
  00000214 00  70f8 e3f9        382 		e_lis		r7,50169
  00000218 00  54e1 0068        383 		e_stw		r7,104(r1)
  0000008b 03  33               384 	        .d2line         51
  0000021c 00  50c1 0068        385 		e_lwz		r6,104(r1)
  00000220 00  4817             386 		se_li		r7,1
  00000222 00  34e6 063b        387 		e_stb		r7,1595(r6)
                                388 	#$$vo
  00000226 00  70d8 e3f9        389 		e_lis		r6,50169
  0000022a 00  54c1 006c        390 		e_stw		r6,108(r1)
  0000008c 03  33               391 	        .d2line         52
  0000022e 00  50e1 006c        392 		e_lwz		r7,108(r1)
  00000232 00  4816             393 		se_li		r6,1
  00000234 00  34c7 060b        394 		e_stb		r6,1547(r7)
                                395 	#$$vo
  0000008d 03  23               396 	        .d2line         53
                                397 	#$$be
  0000008e 03  0200 0b01        398 		.d2epilogue_begin
                                399 	#$$br
  00000238 00  19c1 0878        400 		e_lmw		r14,120(r1)
                                401 	#$$er
  0000023c 00  5001 00c4        402 		e_lwz		r0,196(r1)
  00000240 00  0090             403 		se_mtlr		r0
  00000242 00  1821 80c0        404 		e_addi		r1,r1,192
                                405 	#$$tl 0x0 0x0 0x0
  00000246 00  0004             406 		se_blr
                                407 	#$$ef
                                408 		.d2_cfa_end 2
                                409 		.section	.debug_info,,n
  000000ac 05  00               410 		.sleb128	0
                                411 	.L5778:
                                412 		.section	.text_vle,,c
                                413 	.L5780:
                                414 		.type		SIUInit,@function
                                415 		.size		SIUInit,.-SIUInit
                                416 	# Number of nodes = 146
                                417 	
                                418 	# Allocations for SIUInit
                                419 	#	SP,8		$$1
                                420 	#	SP,12		$$2
                                421 	#	SP,16		$$3
                                422 	#	SP,20		$$4
                                423 	#	SP,24		$$5
                                424 	#	SP,28		$$6
                                425 	#	SP,32		$$7
                                426 	#	SP,36		$$8
                                427 	#	SP,40		$$9
                                428 	#	SP,44		$$10
                                429 	#	r21		$$11
                                430 	#	r20		$$12
                                431 	#	r19		$$13
                                432 	#	r18		$$14
                                433 	#	r17		$$15
                                434 	#	r16		$$16
                                435 	#	r15		$$17
                                436 	#	r14		$$18
                                437 	#	SP,48		$$19
                                438 	#	SP,52		$$20
                                439 	#	SP,56		$$21
                                440 	#	SP,60		$$22
                                441 	#	SP,64		$$23
                                442 	#	SP,68		$$24
                                443 	#	SP,72		$$25
                                444 	#	SP,76		$$26
                                445 	#	SP,80		$$27
                                446 	#	SP,84		$$28
                                447 	#	SP,88		$$29
                                448 	#	SP,92		$$30
                                449 	#	SP,96		$$31
                                450 	#	SP,100		$$32
                                451 	#	SP,104		$$33
                                452 	#	SP,108		$$34
                                453 	#	r31		$$35
                                454 	#	r30		$$36
                                455 	#	r29		$$37
                                456 	#	r28		$$38
                                457 	#	r27		$$39
                                458 	#	r26		$$40
                                459 	#	r25		$$41
                                460 	#	r24		$$42
                                461 	#	r23		$$43
                                462 	#	r22		$$44
                                463 	
                                464 	# Allocations for module
                                465 		.section	.debug_info,,n
                                466 	.L7:
  000000ad 05  00               467 		.sleb128	0
                                468 	.L3:
                                469 		.section	.text_vle,,c
                                470 	.L5:
                                471 	.L5781:	.d2filenum "C:\\Users\\ahhas\\Downloads\\Unit3_4\\src\\siu.c"
  00000092 03  0005 0200 0000   472 		.d2_line_end
  00000098 03  0000 0101            	
                                473 		.section	.debug_abbrev,,n
  0000002a 04  00               474 		.sleb128	0
