                                  1 	#$$m2		- PowerPC mnemonics
                                  2 	#$$pVLE		- PowerPC VLE encoding
                                  3 	#$$oPPC5534  - Optimized for PPC5534
                                  4 	#$$ko 9		- Reorder info
                                  5 		.file		"main.c"
                                  6 	#$$eb
                                  7 	#$$sz 0
                                  8 	#$$fp 0
                                  9 		.section	.PPC.EMB.apuinfo,,@note
  00000000 01  0000 0008         10 		.4byte		8
  00000004 01  0000 0004         11 		.4byte		4
  00000008 01  0000 0002         12 		.4byte		2
  0000000c 01  4150 5569 6e66    13 		.byte		"APUinfo"
  00000012 01  6f                   	
  00000013 01  00                14 		.byte		0
                                 15 		.align		2
  00000014 01  0104 0001         16 		.4byte		0x01040001
                                 17 		.section	.text_vle,,c
                                 18 		.section	.debug_frame,,n
                                 19 	__local_cie: 
  00000000 02  0000 0010         20 		.word	.LE-.LS
                                 21 	.LS:
  00000004 02  ffff ffff         22 		.word	-1
  00000008 02  01                23 		.byte	1
  00000009 02  00                24 		.byte	0
  0000000a 02  04                25 		.uleb128	4
  0000000b 02  7c                26 		.sleb128	-4
  0000000c 02  6c                27 		.byte	108
  0000000d 02  0c                28 		.byte	0x0c
  0000000e 02  01                29 		.byte	1
  0000000f 02  00                30 		.byte	0
  00000010 02  08                31 		.byte	8
  00000011 02  6c                32 		.byte	108
                                 33 		.fill           (.LS-.)&3
                                 34 	.LE:
                                 35 		.section	.debug_line,,n
                                 36 	.L8:
                                 37 		.section	.text_vle,,c
                                 38 	.L4:
  00000000 00                    39 		.0byte		.L2
  00000000 03  0000 00b7 0002    40 		.d2_line_start	.debug_line
  00000006 03  0000 0013 0201       	
  0000000c 03  ff04 0d00 0101       	
  00000012 03  0101 0000 0001       	
  00000018 03  0000 0100 00         	
                                 41 		.section	.debug_abbrev,,n
                                 42 	.L9:
                                 43 		.section	.debug_info,,n
                                 44 	.L2:
  00000000 05  0000 0140         45 		.4byte		.L3-.L1
                                 46 	.L1:
  00000004 05  0002              47 		.2byte		0x2
  00000006 05  0000 0000         48 		.4byte		.L9
  0000000a 05  04                49 		.byte		0x4
                                 50 		.section	.debug_abbrev,,n
  00000000 04  01                51 		.uleb128	1
  00000001 04  11                52 		.uleb128	17
  00000002 04  01                53 		.byte		0x1
  00000003 04  01                54 		.uleb128	1
  00000004 04  13                55 		.uleb128	19
  00000005 04  03                56 		.uleb128	3
  00000006 04  08                57 		.uleb128	8
  00000007 04  25                58 		.uleb128	37
  00000008 04  08                59 		.uleb128	8
  00000009 04  1b                60 		.uleb128	27
  0000000a 04  08                61 		.uleb128	8
  0000000b 04  13                62 		.uleb128	19
  0000000c 04  0f                63 		.uleb128	15
  0000000d 04  11                64 		.uleb128	17
  0000000e 04  01                65 		.uleb128	1
  0000000f 04  12                66 		.uleb128	18
  00000010 04  01                67 		.uleb128	1
  00000011 04  10                68 		.uleb128	16
  00000012 04  06                69 		.uleb128	6
  00000013 04  00                70 		.uleb128	0
  00000014 04  00                71 		.uleb128	0
                                 72 		.section	.debug_info,,n
  0000000b 05  01                73 		.sleb128	1
  0000000c 05  0000 0143         74 		.4byte		.L7-.L2
  00000010 05  433a 5c55 7365    75 		.byte		"C:\\Users\\venr\\Downloads\\Unit2\\Unit2 - Task 2.1\\src\\main.c"
  00000016 05  7273 5c76 656e       	
  0000001c 05  725c 446f 776e       	
  00000022 05  6c6f 6164 735c       	
  00000028 05  556e 6974 325c       	
  0000002e 05  556e                 	
  00000049 05  00                76 		.byte		0
  0000004a 05  4469 6162 2044    77 		.byte		"Diab Data, Inc:dcc Rel 5.7.0.0:PPC5534"
  00000050 05  6174 612c 2049       	
  00000056 05  6e63 3a64 6363       	
  0000005c 05  2052 656c 2035       	
  00000062 05  2e37 2e30 2e30       	
  00000068 05  3a50                 	
  00000070 05  00                78 		.byte		0
  00000071 05  433a 5c55 7365    79 		.byte		"C:\\Users\\venr\\Downloads\\Unit2\\Unit2 - Task 2.1"
  00000077 05  7273 5c76 656e       	
  0000007d 05  725c 446f 776e       	
  00000083 05  6c6f 6164 735c       	
  00000089 05  556e 6974 325c       	
  0000008f 05  556e                 	
  0000009f 05  00                80 		.byte		0
  000000a0 05  01                81 		.uleb128	1
  000000a1 05  0000 0000         82 		.4byte		.L4
  000000a5 05  0000 0000         83 		.4byte		.L5
  000000a9 05  0000 0000         84 		.4byte		.L8
                                 85 		.section	.text_vle,,c
                                 86 	
                                 87 	#$$bf
                                 88 		.align		2
                                 89 		.globl		conf_can
  00000014 02  0000 000c 0000    90 		.d2_cfa_start __local_cie
  0000001a 02  0000 0000 0000       	
  00000020 02  0000 000c            	
                                 91 	conf_can:
                                 92 		.section	.debug_abbrev,,n
  00000015 04  02                93 		.uleb128	2
  00000016 04  2e                94 		.uleb128	46
  00000017 04  01                95 		.byte		0x1
  00000018 04  01                96 		.uleb128	1
  00000019 04  13                97 		.uleb128	19
  0000001a 04  03                98 		.uleb128	3
  0000001b 04  08                99 		.uleb128	8
  0000001c 04  3a               100 		.uleb128	58
  0000001d 04  06               101 		.uleb128	6
  0000001e 04  3b               102 		.uleb128	59
  0000001f 04  0f               103 		.uleb128	15
  00000020 04  3f               104 		.uleb128	63
  00000021 04  0c               105 		.uleb128	12
  00000022 04  11               106 		.uleb128	17
  00000023 04  01               107 		.uleb128	1
  00000024 04  12               108 		.uleb128	18
  00000025 04  01               109 		.uleb128	1
  00000026 04  00               110 		.uleb128	0
  00000027 04  00               111 		.uleb128	0
                                112 		.section	.debug_info,,n
                                113 	.L5789:
  000000ad 05  02               114 		.sleb128	2
  000000ae 05  0000 00ca        115 		.4byte		.L5785-.L2
  000000b2 05  636f 6e66 5f63   116 		.byte		"conf_can"
  000000b8 05  616e                 	
  000000ba 05  00               117 		.byte		0
  000000bb 05  0000 0001        118 		.4byte		.L5788
  000000bf 05  04               119 		.uleb128	4
  000000c0 05  01               120 		.byte		0x1
  000000c1 05  0000 0000        121 		.4byte		.L5786
  000000c5 05  0000 0000        122 		.4byte		.L5787
                                123 		.section	.text_vle,,c
  0000001d 03  0045 0343 3a5c   124 		.d2file		"C:\\Users\\venr\\Downloads\\Unit2\\Unit2 - Task 2.1\\src\\main.c"
  00000023 03  5c55 7365 7273       	
  00000029 03  5c5c 7665 6e72       	
  0000002f 03  5c5c 446f 776e       	
  00000035 03  6c6f 6164 735c       	
  0000003b 03  5c55                 	
  00000066 03  0005 0200 0000   125 	        .d2line         5
  0000006c 03  0003 040e            	
                                126 	.L5786:
                                127 	#$$ee
  00000070 03  0200 0a          128 		.d2prologue_end
  00000073 03  10               129 	        .d2line         7
  00000000 00  70ff e7fc        130 		e_lis		r7,-4
  00000004 00  4806             131 		se_li		r6,0
  00000006 00  54c7 0880        132 		e_stw		r6,2176(r7)
                                133 	#$$vo
  00000074 03  030d 22          134 	        .d2line         20
                                135 	#$$be
  00000077 03  0200 0b01        136 		.d2epilogue_begin
                                137 	#$$tl 0x0 0x0 0x0
  0000000a 00  0004             138 		se_blr
                                139 	#$$ef
                                140 		.d2_cfa_end 2
                                141 		.section	.debug_info,,n
  000000c9 05  00               142 		.sleb128	0
                                143 	.L5785:
                                144 		.section	.text_vle,,c
                                145 	.L5787:
                                146 		.type		conf_can,@function
                                147 		.size		conf_can,.-conf_can
                                148 	# Number of nodes = 4
                                149 	
                                150 	# Allocations for conf_can
                                151 	#	not allocated	$$1
                                152 	
                                153 	#$$bf
                                154 		.align		2
                                155 		.globl		main
  00000024 02  0000 0014 0000   156 		.d2_cfa_start __local_cie
  0000002a 02  0000 0000 0000       	
  00000030 02  0000 0020            	
                                157 	main:
                                158 		.section	.debug_abbrev,,n
  00000028 04  03               159 		.uleb128	3
  00000029 04  2e               160 		.uleb128	46
  0000002a 04  01               161 		.byte		0x1
  0000002b 04  01               162 		.uleb128	1
  0000002c 04  13               163 		.uleb128	19
  0000002d 04  03               164 		.uleb128	3
  0000002e 04  08               165 		.uleb128	8
  0000002f 04  3a               166 		.uleb128	58
  00000030 04  06               167 		.uleb128	6
  00000031 04  3b               168 		.uleb128	59
  00000032 04  0f               169 		.uleb128	15
  00000033 04  3f               170 		.uleb128	63
  00000034 04  0c               171 		.uleb128	12
  00000035 04  27               172 		.uleb128	39
  00000036 04  0c               173 		.uleb128	12
  00000037 04  11               174 		.uleb128	17
  00000038 04  01               175 		.uleb128	1
  00000039 04  12               176 		.uleb128	18
  0000003a 04  01               177 		.uleb128	1
  0000003b 04  00               178 		.uleb128	0
  0000003c 04  00               179 		.uleb128	0
                                180 		.section	.debug_info,,n
                                181 	.L5794:
  000000ca 05  03               182 		.sleb128	3
  000000cb 05  0000 00e4        183 		.4byte		.L5791-.L2
  000000cf 05  6d61 696e        184 		.byte		"main"
  000000d3 05  00               185 		.byte		0
  000000d4 05  0000 0001        186 		.4byte		.L5788
  000000d8 05  16               187 		.uleb128	22
  000000d9 05  01               188 		.byte		0x1
  000000da 05  01               189 		.byte		0x1
  000000db 05  0000 0000        190 		.4byte		.L5792
  000000df 05  0000 0000        191 		.4byte		.L5793
                                192 		.section	.text_vle,,c
  0000007b 03  0303 12          193 	        .d2line         23
                                194 	.L5792:
  0000000c 00  1821 06f0        195 		e_stwu		r1,-16(r1)
  00000034 02  410e 10          196 		.d2_cfa_def_cfa_offset	16
  00000010 00  0080             197 		se_mflr		r0,lr
  00000012 00  d501             198 		se_stw		r0,20(r1)
  00000037 02  4111 6c7f        199 		.d2_cfa_offset    108,-1
                                200 	#$$ee
  0000007e 03  0204 0a          201 		.d2prologue_end
  00000081 03  0f               202 	        .d2line         24
                                203 	#$$fn 0x1ff8 0 0 0x1
                                204 	#$$tl 0x0 0x0 0x0
                                205 	#$$rs 0
  00000014 00  7800 0001        206 		bl		init
                                207 	.L5780:
  00000082 03  0309 16          208 	        .d2line         33
  00000018 00  4813             209 		se_li		r3,1
  0000001a 00  7080 03e8        210 		e_li		r4,1000
                                211 	#$$fn 0x1ff8 0 0 0x1
                                212 	#$$tl 0x18 0x0 0x0
                                213 	#$$rs 0
  0000001e 00  7800 0001        214 		bl		conf_timer0
  00000085 03  23               215 	        .d2line         34
  00000022 00  e8fb             216 		b		.L5780
  00000086 03  13               217 	        .d2line         35
                                218 	#$$be
  00000087 03  0200 0b01        219 		.d2epilogue_begin
  00000024 00  c501             220 		se_lwz		r0,20(r1)
  00000026 00  0090             221 		se_mtlr		r0
  00000028 00  20f1             222 		se_addi		r1,16
                                223 	#$$tl 0x0 0x0 0x0
  0000002a 00  0004             224 		se_blr
                                225 	#$$ef
                                226 		.d2_cfa_end 2
                                227 		.section	.debug_info,,n
  000000e3 05  00               228 		.sleb128	0
                                229 	.L5791:
                                230 		.section	.text_vle,,c
                                231 	.L5793:
                                232 		.type		main,@function
                                233 		.size		main,.-main
                                234 	# Number of nodes = 9
                                235 	
                                236 	# Allocations for main
                                237 	
                                238 	#$$bf
                                239 		.align		2
                                240 		.globl		timer0_intr
  0000003c 02  0000 000c 0000   241 		.d2_cfa_start __local_cie
  00000042 02  0000 0000 0000       	
  00000048 02  0000 0012            	
                                242 	timer0_intr:
                                243 		.section	.debug_info,,n
                                244 	.L5799:
  000000e4 05  03               245 		.sleb128	3
  000000e5 05  0000 0105        246 		.4byte		.L5796-.L2
  000000e9 05  7469 6d65 7230   247 		.byte		"timer0_intr"
  000000ef 05  5f69 6e74 72         	
  000000f4 05  00               248 		.byte		0
  000000f5 05  0000 0001        249 		.4byte		.L5788
  000000f9 05  26               250 		.uleb128	38
  000000fa 05  01               251 		.byte		0x1
  000000fb 05  01               252 		.byte		0x1
  000000fc 05  0000 0000        253 		.4byte		.L5797
  00000100 05  0000 0000        254 		.4byte		.L5798
                                255 		.section	.text_vle,,c
  0000008b 03  0304 1e          256 	        .d2line         39
                                257 	.L5797:
                                258 	#$$ee
  0000008e 03  0200 0a          259 		.d2prologue_end
  0000002c 00  7078 e3f9        260 		e_lis		r3,50169
  00000030 00  7060 c609        261 		e_or2i		r3,1545
  00000091 03  20               262 	        .d2line         41
  00000034 00  8063             263 		se_lbz		r6,0(r3)
                                264 	#$$vo
  00000036 00  7cc6 30f8        265 		nor		r6,r6,r6
  0000003a 00  9063             266 		se_stb		r6,0(r3)
                                267 	#$$vo
  00000092 03  1f               268 	        .d2line         42
                                269 	#$$be
  00000093 03  0200 0b01        270 		.d2epilogue_begin
                                271 	#$$tl 0x0 0x0 0x0
  0000003c 00  0004             272 		se_blr
                                273 	#$$ef
                                274 		.d2_cfa_end 2
                                275 		.section	.debug_info,,n
  00000104 05  00               276 		.sleb128	0
                                277 	.L5796:
                                278 		.section	.text_vle,,c
                                279 	.L5798:
                                280 		.type		timer0_intr,@function
                                281 		.size		timer0_intr,.-timer0_intr
                                282 	# Number of nodes = 6
                                283 	
                                284 	# Allocations for timer0_intr
                                285 	#	not allocated	$$2
                                286 	#	not allocated	$$3
                                287 	#	not allocated	$$4
                                288 	#	r3		$$5
                                289 	
                                290 	#$$bf
                                291 		.align		2
                                292 		.globl		can_send
  0000004c 02  0000 000c 0000   293 		.d2_cfa_start __local_cie
  00000052 02  0000 0000 0000       	
  00000058 02  0000 0002            	
                                294 	can_send:
                                295 		.section	.debug_info,,n
                                296 	.L5804:
  00000105 05  03               297 		.sleb128	3
  00000106 05  0000 0123        298 		.4byte		.L5801-.L2
  0000010a 05  6361 6e5f 7365   299 		.byte		"can_send"
  00000110 05  6e64                 	
  00000112 05  00               300 		.byte		0
  00000113 05  0000 0001        301 		.4byte		.L5788
  00000117 05  2c               302 		.uleb128	44
  00000118 05  01               303 		.byte		0x1
  00000119 05  01               304 		.byte		0x1
  0000011a 05  0000 0000        305 		.4byte		.L5802
  0000011e 05  0000 0000        306 		.4byte		.L5803
                                307 		.section	.text_vle,,c
  00000097 03  0303 16          308 	        .d2line         45
                                309 	.L5802:
                                310 	#$$ee
  0000009a 03  0200 0a          311 		.d2prologue_end
  0000009d 03  0313 0e          312 	        .d2line         64
                                313 	#$$be
  000000a0 03  0200 0b01        314 		.d2epilogue_begin
                                315 	#$$tl 0x0 0x0 0x0
  00000040 00  0004             316 		se_blr
                                317 	#$$ef
                                318 		.d2_cfa_end 2
                                319 		.section	.debug_info,,n
  00000122 05  00               320 		.sleb128	0
                                321 	.L5801:
                                322 		.section	.text_vle,,c
                                323 	.L5803:
                                324 		.type		can_send,@function
                                325 		.size		can_send,.-can_send
                                326 	# Number of nodes = 0
                                327 	
                                328 	# Allocations for can_send
                                329 	
                                330 	#$$bf
                                331 		.align		2
                                332 		.globl		can_receive
  0000005c 02  0000 000c 0000   333 		.d2_cfa_start __local_cie
  00000062 02  0000 0000 0000       	
  00000068 02  0000 0002            	
                                334 	can_receive:
                                335 		.section	.debug_info,,n
                                336 	.L5809:
  00000123 05  02               337 		.sleb128	2
  00000124 05  0000 0143        338 		.4byte		.L5806-.L2
  00000128 05  6361 6e5f 7265   339 		.byte		"can_receive"
  0000012e 05  6365 6976 65         	
  00000133 05  00               340 		.byte		0
  00000134 05  0000 0001        341 		.4byte		.L5788
  00000138 05  42               342 		.uleb128	66
  00000139 05  01               343 		.byte		0x1
  0000013a 05  0000 0000        344 		.4byte		.L5807
  0000013e 05  0000 0000        345 		.4byte		.L5808
                                346 		.section	.text_vle,,c
  000000a4 03  0303 16          347 	        .d2line         67
                                348 	.L5807:
                                349 	#$$ee
  000000a7 03  0200 0a          350 		.d2prologue_end
  000000aa 03  0309 0e          351 	        .d2line         76
                                352 	#$$be
  000000ad 03  0200 0b01        353 		.d2epilogue_begin
                                354 	#$$tl 0x0 0x0 0x0
  00000044 00  0004             355 		se_blr
                                356 	#$$ef
                                357 		.d2_cfa_end 2
                                358 		.section	.debug_info,,n
  00000142 05  00               359 		.sleb128	0
                                360 	.L5806:
                                361 		.section	.text_vle,,c
                                362 	.L5808:
                                363 		.type		can_receive,@function
                                364 		.size		can_receive,.-can_receive
                                365 	# Number of nodes = 0
                                366 	
                                367 	# Allocations for can_receive
                                368 	
                                369 	# Allocations for module
                                370 		.section	.debug_info,,n
                                371 	.L7:
  00000143 05  00               372 		.sleb128	0
                                373 	.L3:
                                374 		.section	.text_vle,,c
                                375 	.L5:
                                376 	.L5788: 	.d2filenum "C:\\Users\\venr\\Downloads\\Unit2\\Unit2 - Task 2.1\\src\\main.c
                                    	"
  000000b1 03  0005 0200 0000   377 		.d2_line_end
  000000b7 03  0000 0101            	
                                378 		.section	.debug_abbrev,,n
  0000003d 04  00               379 		.sleb128	0
