                                  1 	#$$m2		- PowerPC mnemonics
                                  2 	#$$pVLE		- PowerPC VLE encoding
                                  3 	#$$oPPC5534  - Optimized for PPC5534
                                  4 	#$$ko 9		- Reorder info
                                  5 		.file		"main.c"
                                  6 	#$$eb
                                  7 	#$$sz 0
                                  8 	#$$fp 0
                                  9 		.section	.PPC.EMB.apuinfo,,@note
  00000000 01  0000 0008         10 		.4byte		8
  00000004 01  0000 0004         11 		.4byte		4
  00000008 01  0000 0002         12 		.4byte		2
  0000000c 01  4150 5569 6e66    13 		.byte		"APUinfo"
  00000012 01  6f                   	
  00000013 01  00                14 		.byte		0
                                 15 		.align		2
  00000014 01  0104 0001         16 		.4byte		0x01040001
                                 17 		.section	.text_vle,,c
                                 18 		.section	.debug_frame,,n
                                 19 	__local_cie: 
  00000000 02  0000 0010         20 		.word	.LE-.LS
                                 21 	.LS:
  00000004 02  ffff ffff         22 		.word	-1
  00000008 02  01                23 		.byte	1
  00000009 02  00                24 		.byte	0
  0000000a 02  04                25 		.uleb128	4
  0000000b 02  7c                26 		.sleb128	-4
  0000000c 02  6c                27 		.byte	108
  0000000d 02  0c                28 		.byte	0x0c
  0000000e 02  01                29 		.byte	1
  0000000f 02  00                30 		.byte	0
  00000010 02  08                31 		.byte	8
  00000011 02  6c                32 		.byte	108
                                 33 		.fill           (.LS-.)&3
                                 34 	.LE:
                                 35 		.section	.debug_line,,n
                                 36 	.L8:
                                 37 		.section	.text_vle,,c
                                 38 	.L4:
  00000000 00                    39 		.0byte		.L2
  00000000 03  0000 0130 0002    40 		.d2_line_start	.debug_line
  00000006 03  0000 0013 0201       	
  0000000c 03  ff04 0d00 0101       	
  00000012 03  0101 0000 0001       	
  00000018 03  0000 0100 00         	
                                 41 		.section	.debug_abbrev,,n
                                 42 	.L9:
                                 43 		.section	.debug_info,,n
                                 44 	.L2:
  00000000 05  0000 0243         45 		.4byte		.L3-.L1
                                 46 	.L1:
  00000004 05  0002              47 		.2byte		0x2
  00000006 05  0000 0000         48 		.4byte		.L9
  0000000a 05  04                49 		.byte		0x4
                                 50 		.section	.debug_abbrev,,n
  00000000 04  01                51 		.uleb128	1
  00000001 04  11                52 		.uleb128	17
  00000002 04  01                53 		.byte		0x1
  00000003 04  01                54 		.uleb128	1
  00000004 04  13                55 		.uleb128	19
  00000005 04  03                56 		.uleb128	3
  00000006 04  08                57 		.uleb128	8
  00000007 04  25                58 		.uleb128	37
  00000008 04  08                59 		.uleb128	8
  00000009 04  1b                60 		.uleb128	27
  0000000a 04  08                61 		.uleb128	8
  0000000b 04  13                62 		.uleb128	19
  0000000c 04  0f                63 		.uleb128	15
  0000000d 04  11                64 		.uleb128	17
  0000000e 04  01                65 		.uleb128	1
  0000000f 04  12                66 		.uleb128	18
  00000010 04  01                67 		.uleb128	1
  00000011 04  10                68 		.uleb128	16
  00000012 04  06                69 		.uleb128	6
  00000013 04  00                70 		.uleb128	0
  00000014 04  00                71 		.uleb128	0
                                 72 		.section	.debug_info,,n
  0000000b 05  01                73 		.sleb128	1
  0000000c 05  0000 0246         74 		.4byte		.L7-.L2
  00000010 05  433a 5c55 7365    75 		.byte		"C:\\Users\\kucha\\Downloads\\Unit1\\src\\main.c"
  00000016 05  7273 5c6b 7563       	
  0000001c 05  6861 5c44 6f77       	
  00000022 05  6e6c 6f61 6473       	
  00000028 05  5c55 6e69 7431       	
  0000002e 05  5c73                 	
  00000039 05  00                76 		.byte		0
  0000003a 05  4469 6162 2044    77 		.byte		"Diab Data, Inc:dcc Rel 5.7.0.0:PPC5534"
  00000040 05  6174 612c 2049       	
  00000046 05  6e63 3a64 6363       	
  0000004c 05  2052 656c 2035       	
  00000052 05  2e37 2e30 2e30       	
  00000058 05  3a50                 	
  00000060 05  00                78 		.byte		0
  00000061 05  433a 5c55 7365    79 		.byte		"C:\\Users\\kucha\\Downloads\\Unit1"
  00000067 05  7273 5c6b 7563       	
  0000006d 05  6861 5c44 6f77       	
  00000073 05  6e6c 6f61 6473       	
  00000079 05  5c55 6e69 7431       	
  0000007f 05  00                80 		.byte		0
  00000080 05  01                81 		.uleb128	1
  00000081 05  0000 0000         82 		.4byte		.L4
  00000085 05  0000 0000         83 		.4byte		.L5
  00000089 05  0000 0000         84 		.4byte		.L8
                                 85 		.section	.text_vle,,c
                                 86 	
                                 87 	#$$bf
                                 88 		.align		2
                                 89 		.globl		configure_io
  00000014 02  0000 000c 0000    90 		.d2_cfa_start __local_cie
  0000001a 02  0000 0000 0000       	
  00000020 02  0000 0026            	
                                 91 	configure_io:
                                 92 		.section	.debug_abbrev,,n
  00000015 04  02                93 		.uleb128	2
  00000016 04  2e                94 		.uleb128	46
  00000017 04  01                95 		.byte		0x1
  00000018 04  01                96 		.uleb128	1
  00000019 04  13                97 		.uleb128	19
  0000001a 04  03                98 		.uleb128	3
  0000001b 04  08                99 		.uleb128	8
  0000001c 04  3a               100 		.uleb128	58
  0000001d 04  06               101 		.uleb128	6
  0000001e 04  3b               102 		.uleb128	59
  0000001f 04  0f               103 		.uleb128	15
  00000020 04  3f               104 		.uleb128	63
  00000021 04  0c               105 		.uleb128	12
  00000022 04  27               106 		.uleb128	39
  00000023 04  0c               107 		.uleb128	12
  00000024 04  11               108 		.uleb128	17
  00000025 04  01               109 		.uleb128	1
  00000026 04  12               110 		.uleb128	18
  00000027 04  01               111 		.uleb128	1
  00000028 04  00               112 		.uleb128	0
  00000029 04  00               113 		.uleb128	0
                                114 		.section	.debug_info,,n
                                115 	.L5818:
  0000008d 05  02               116 		.sleb128	2
  0000008e 05  0000 00af        117 		.4byte		.L5814-.L2
  00000092 05  636f 6e66 6967   118 		.byte		"configure_io"
  00000098 05  7572 655f 696f       	
  0000009e 05  00               119 		.byte		0
  0000009f 05  0000 0001        120 		.4byte		.L5817
  000000a3 05  0c               121 		.uleb128	12
  000000a4 05  01               122 		.byte		0x1
  000000a5 05  01               123 		.byte		0x1
  000000a6 05  0000 0000        124 		.4byte		.L5815
  000000aa 05  0000 0000        125 		.4byte		.L5816
                                126 		.section	.text_vle,,c
  0000001d 03  0034 0343 3a5c   127 		.d2file		"C:\\Users\\kucha\\Downloads\\Unit1\\src\\main.c"
  00000023 03  5c55 7365 7273       	
  00000029 03  5c5c 6b75 6368       	
  0000002f 03  615c 5c44 6f77       	
  00000035 03  6e6c 6f61 6473       	
  0000003b 03  5c5c                 	
  00000055 03  0005 0200 0000   128 	        .d2line         13
  0000005b 03  0003 0c0e            	
                                129 	.L5815:
                                130 	#$$ee
  0000005f 03  0200 0a          131 		.d2prologue_end
  00000000 00  6363             132 		se_bgeni		r3,22
  00000062 03  0305 12          133 	        .d2line         18
  00000002 00  70d8 e3f9        134 		e_lis		r6,-15367
  00000006 00  5c66 0052        135 		e_sth		r3,82(r6)
                                136 	#$$vo
  00000065 03  1f               137 	        .d2line         19
  0000000a 00  0167             138 		se_mr		r7,r6
  0000000c 00  5c66 0094        139 		e_sth		r3,148(r6)
                                140 	#$$vo
  00000066 03  1b               141 	        .d2line         20
  00000010 00  5c66 005a        142 		e_sth		r3,90(r6)
                                143 	#$$vo
  00000067 03  17               144 	        .d2line         21
  00000014 00  5c66 0058        145 		e_sth		r3,88(r6)
                                146 	#$$vo
  00000068 03  17               147 	        .d2line         22
  00000018 00  5c66 00bc        148 		e_sth		r3,188(r6)
                                149 	#$$vo
  00000069 03  030e 16          150 	        .d2line         36
  0000001c 00  70c4 0500        151 		e_li		r6,9472
  00000020 00  5cc7 0082        152 		e_sth		r6,130(r7)
                                153 	#$$vo
  0000006c 03  030f 1e          154 	        .d2line         51
                                155 	#$$be
  0000006f 03  0200 0b01        156 		.d2epilogue_begin
                                157 	#$$tl 0x0 0x0 0x0
  00000024 00  0004             158 		se_blr
                                159 	#$$ef
                                160 		.d2_cfa_end 2
                                161 		.section	.debug_info,,n
  000000ae 05  00               162 		.sleb128	0
                                163 	.L5814:
                                164 		.section	.text_vle,,c
                                165 	.L5816:
                                166 		.type		configure_io,@function
                                167 		.size		configure_io,.-configure_io
                                168 	# Number of nodes = 24
                                169 	
                                170 	# Allocations for configure_io
                                171 	#	not allocated	$$1
                                172 	#	not allocated	$$2
                                173 	#	not allocated	$$3
                                174 	#	not allocated	$$4
                                175 	#	not allocated	$$5
                                176 	#	not allocated	$$6
                                177 	#	r3		$$7
                                178 	
                                179 	#$$bf
                                180 		.align		2
                                181 		.globl		showdataButton
  00000024 02  0000 000c 0000   182 		.d2_cfa_start __local_cie
  0000002a 02  0000 0000 0000       	
  00000030 02  0000 0064            	
                                183 	showdataButton:
                                184 		.section	.debug_info,,n
                                185 	.L5830:
  000000af 05  02               186 		.sleb128	2
  000000b0 05  0000 00fa        187 		.4byte		.L5827-.L2
  000000b4 05  7368 6f77 6461   188 		.byte		"showdataButton"
  000000ba 05  7461 4275 7474       	
  000000c0 05  6f6e                 	
  000000c2 05  00               189 		.byte		0
  000000c3 05  0000 0001        190 		.4byte		.L5817
  000000c7 05  71               191 		.uleb128	113
  000000c8 05  01               192 		.byte		0x1
  000000c9 05  01               193 		.byte		0x1
  000000ca 05  0000 0000        194 		.4byte		.L5828
  000000ce 05  0000 0000        195 		.4byte		.L5829
                                196 		.section	.debug_abbrev,,n
  0000002a 04  03               197 		.uleb128	3
  0000002b 04  05               198 		.uleb128	5
  0000002c 04  00               199 		.byte		0x0
  0000002d 04  3a               200 		.uleb128	58
  0000002e 04  06               201 		.uleb128	6
  0000002f 04  3b               202 		.uleb128	59
  00000030 04  0f               203 		.uleb128	15
  00000031 04  03               204 		.uleb128	3
  00000032 04  08               205 		.uleb128	8
  00000033 04  49               206 		.uleb128	73
  00000034 04  10               207 		.uleb128	16
  00000035 04  02               208 		.uleb128	2
  00000036 04  09               209 		.uleb128	9
  00000037 04  00               210 		.uleb128	0
  00000038 04  00               211 		.uleb128	0
                                212 		.section	.debug_info,,n
                                213 	.L5831:
  000000d2 05  03               214 		.sleb128	3
  000000d3 05  0000 0001        215 		.4byte		.L5817
  000000d7 05  71               216 		.uleb128	113
  000000d8 05  7661 6c75 65     217 		.byte		"value"
  000000dd 05  00               218 		.byte		0
  000000de 05  0000 0000        219 		.4byte		.L5832
  000000e2 05  02               220 		.sleb128	2
  000000e3 05  90               221 		.byte		0x90
  000000e4 05  03               222 		.uleb128	3
                                223 	.L5833:
  000000e5 05  03               224 		.sleb128	3
  000000e6 05  0000 0001        225 		.4byte		.L5817
  000000ea 05  71               226 		.uleb128	113
  000000eb 05  7661 6c75 6532   227 		.byte		"value2"
  000000f1 05  00               228 		.byte		0
  000000f2 05  0000 0000        229 		.4byte		.L5832
  000000f6 05  02               230 		.sleb128	2
  000000f7 05  90               231 		.byte		0x90
  000000f8 05  04               232 		.uleb128	4
                                233 		.section	.text_vle,,c
  00000073 03  033f 16          234 	        .d2line         114
                                235 	.L5828:
                                236 	#$$ee
  00000076 03  0200 0a          237 		.d2prologue_end
  00000079 03  0f               238 	        .d2line         115
  00000028 00  2a03             239 		se_cmpi		r3,0
  0000002a 00  e20b             240 		bc		0,2,.L5792
  0000002c 00  2a04             241 		se_cmpi		r4,0
  0000002e 00  e209             242 		bc		0,2,.L5792
  00000030 00  4803             243 		se_li		r3,0
  0000007a 03  23               244 	        .d2line         116
  00000032 00  70d8 e3f9        245 		e_lis		r6,-15367
  00000036 00  3466 0609        246 		e_stb		r3,1545(r6)
                                247 	#$$vo
  0000007b 03  1f               248 	        .d2line         117
  0000003a 00  3466 062a        249 		e_stb		r3,1578(r6)
                                250 	#$$vo
  0000003e 00  0004             251 		se_blr
                                252 	.L5792:
  0000007c 03  1b               253 	        .d2line         118
  00000040 00  2a03             254 		se_cmpi		r3,0
  00000042 00  e20c             255 		bc		0,2,.L5790
  00000044 00  2a14             256 		se_cmpi		r4,1
  00000046 00  e20a             257 		bc		0,2,.L5790
  0000007d 03  1f               258 	        .d2line         119
  00000048 00  70f8 e3f9        259 		e_lis		r7,-15367
  0000004c 00  4806             260 		se_li		r6,0
  0000004e 00  34c7 0609        261 		e_stb		r6,1545(r7)
                                262 	#$$vo
  0000007e 03  23               263 	        .d2line         120
  00000052 00  4816             264 		se_li		r6,1
  00000054 00  34c7 062a        265 		e_stb		r6,1578(r7)
                                266 	#$$vo
  00000058 00  0004             267 		se_blr
                                268 	.L5790:
  0000007f 03  1f               269 	        .d2line         121
  0000005a 00  2a13             270 		se_cmpi		r3,1
  0000005c 00  e20c             271 		bc		0,2,.L5788
  0000005e 00  2a04             272 		se_cmpi		r4,0
  00000060 00  e20a             273 		bc		0,2,.L5788
  00000080 03  1f               274 	        .d2line         122
  00000062 00  70f8 e3f9        275 		e_lis		r7,-15367
  00000066 00  4816             276 		se_li		r6,1
  00000068 00  34c7 0609        277 		e_stb		r6,1545(r7)
                                278 	#$$vo
  00000081 03  23               279 	        .d2line         123
  0000006c 00  4806             280 		se_li		r6,0
  0000006e 00  34c7 062a        281 		e_stb		r6,1578(r7)
                                282 	#$$vo
  00000072 00  0004             283 		se_blr
                                284 	.L5788:
  00000082 03  1f               285 	        .d2line         124
  00000074 00  2a13             286 		se_cmpi		r3,1
  00000076 00  e20a             287 		bc		0,2,.L5793
  00000078 00  2a14             288 		se_cmpi		r4,1
  0000007a 00  e208             289 		bc		0,2,.L5793
  0000007c 00  4813             290 		se_li		r3,1
  00000083 03  23               291 	        .d2line         125
  0000007e 00  70d8 e3f9        292 		e_lis		r6,-15367
  00000082 00  3466 0609        293 		e_stb		r3,1545(r6)
                                294 	#$$vo
  00000084 03  1f               295 	        .d2line         126
  00000086 00  3466 062a        296 		e_stb		r3,1578(r6)
                                297 	#$$vo
                                298 	.L5793:
  00000085 03  18               299 	        .d2line         128
                                300 	#$$be
  00000086 03  0200 0b01        301 		.d2epilogue_begin
                                302 	#$$tl 0x0 0x0 0x0
  0000008a 00  0004             303 		se_blr
                                304 	#$$ef
                                305 		.d2_cfa_end 2
                                306 		.section	.debug_info,,n
  000000f9 05  00               307 		.sleb128	0
                                308 	.L5827:
                                309 		.section	.text_vle,,c
                                310 	.L5829:
                                311 		.type		showdataButton,@function
                                312 		.size		showdataButton,.-showdataButton
                                313 	# Number of nodes = 59
                                314 	
                                315 	# Allocations for showdataButton
                                316 	#	r3		value
                                317 	#	r4		value2
                                318 	#	not allocated	$$8
                                319 	#	not allocated	$$9
                                320 	#	not allocated	$$10
                                321 	#	not allocated	$$11
                                322 	#	not allocated	$$12
                                323 	#	not allocated	$$13
                                324 	#	not allocated	$$14
                                325 	#	not allocated	$$15
                                326 	#	r3		$$16
                                327 	#	r3		$$17
                                328 	
                                329 	#$$bf
                                330 		.align		2
                                331 		.globl		showdata
  00000034 02  0000 000c 0000   332 		.d2_cfa_start __local_cie
  0000003a 02  0000 0000 0000       	
  00000040 02  0000 0082            	
                                333 	showdata:
                                334 		.section	.debug_info,,n
                                335 	.L5844:
  000000fa 05  02               336 		.sleb128	2
  000000fb 05  0000 012d        337 		.4byte		.L5841-.L2
  000000ff 05  7368 6f77 6461   338 		.byte		"showdata"
  00000105 05  7461                 	
  00000107 05  00               339 		.byte		0
  00000108 05  0000 0001        340 		.4byte		.L5817
  0000010c 05  8201             341 		.uleb128	130
  0000010e 05  01               342 		.byte		0x1
  0000010f 05  01               343 		.byte		0x1
  00000110 05  0000 0000        344 		.4byte		.L5842
  00000114 05  0000 0000        345 		.4byte		.L5843
                                346 	.L5845:
  00000118 05  03               347 		.sleb128	3
  00000119 05  0000 0001        348 		.4byte		.L5817
  0000011d 05  8201             349 		.uleb128	130
  0000011f 05  7661 6c75 65     350 		.byte		"value"
  00000124 05  00               351 		.byte		0
  00000125 05  0000 0000        352 		.4byte		.L5832
  00000129 05  02               353 		.sleb128	2
  0000012a 05  90               354 		.byte		0x90
  0000012b 05  03               355 		.uleb128	3
                                356 		.section	.text_vle,,c
  0000008a 03  0303 12          357 	        .d2line         131
                                358 	.L5842:
                                359 	#$$ee
  0000008d 03  0200 0a          360 		.d2prologue_end
  00000090 03  0f               361 	        .d2line         132
  0000008c 00  1803 a901        362 		cmpi		0,0,r3,256
  00000090 00  e50e             363 		bc		1,1,.L5799
  00000091 03  0303 1a          364 	        .d2line         135
  00000092 00  70f8 e3f9        365 		e_lis		r7,-15367
  00000096 00  4806             366 		se_li		r6,0
  00000098 00  34c7 0609        367 		e_stb		r6,1545(r7)
                                368 	#$$vo
  0000009c 00  4813             369 		se_li		r3,1
  00000094 03  27               370 	        .d2line         136
  0000009e 00  3467 062a        371 		e_stb		r3,1578(r7)
                                372 	#$$vo
  00000095 03  17               373 	        .d2line         137
  000000a2 00  3467 060d        374 		e_stb		r3,1549(r7)
                                375 	#$$vo
  00000096 03  17               376 	        .d2line         138
  000000a6 00  3467 060c        377 		e_stb		r3,1548(r7)
                                378 	#$$vo
  000000aa 00  0004             379 		se_blr
                                380 	.L5799:
  00000097 03  0303 1a          381 	        .d2line         141
  000000ac 00  18e3 85fe        382 		e_addi		r7,r3,-257
  000000b0 00  1887 a8ff        383 		cmpli		0,0,r7,255
  000000b4 00  e50e             384 		bc		1,1,.L5797
  000000b6 00  4803             385 		se_li		r3,0
  0000009a 03  0303 26          386 	        .d2line         144
  000000b8 00  70d8 e3f9        387 		e_lis		r6,-15367
  000000bc 00  3466 0609        388 		e_stb		r3,1545(r6)
                                389 	#$$vo
  0000009d 03  1f               390 	        .d2line         145
  000000c0 00  3466 062a        391 		e_stb		r3,1578(r6)
                                392 	#$$vo
  000000c4 00  4813             393 		se_li		r3,1
  0000009e 03  1b               394 	        .d2line         146
  000000c6 00  3466 060d        395 		e_stb		r3,1549(r6)
                                396 	#$$vo
  0000009f 03  17               397 	        .d2line         147
  000000ca 00  3466 060c        398 		e_stb		r3,1548(r6)
                                399 	#$$vo
  000000ce 00  0004             400 		se_blr
                                401 	.L5797:
  000000a0 03  0303 1a          402 	        .d2line         150
  000000d0 00  18e3 85fd        403 		e_addi		r7,r3,-513
  000000d4 00  1887 a8ff        404 		cmpli		0,0,r7,255
  000000d8 00  e50f             405 		bc		1,1,.L5795
  000000da 00  4803             406 		se_li		r3,0
  000000a3 03  0303 26          407 	        .d2line         153
  000000dc 00  70d8 e3f9        408 		e_lis		r6,-15367
  000000e0 00  3466 0609        409 		e_stb		r3,1545(r6)
                                410 	#$$vo
  000000a6 03  1f               411 	        .d2line         154
  000000e4 00  0167             412 		se_mr		r7,r6
  000000e6 00  3466 062a        413 		e_stb		r3,1578(r6)
                                414 	#$$vo
  000000a7 03  1b               415 	        .d2line         155
  000000ea 00  3466 060d        416 		e_stb		r3,1549(r6)
                                417 	#$$vo
  000000a8 03  17               418 	        .d2line         156
  000000ee 00  4816             419 		se_li		r6,1
  000000f0 00  34c7 060c        420 		e_stb		r6,1548(r7)
                                421 	#$$vo
  000000f4 00  0004             422 		se_blr
                                423 	.L5795:
  000000f6 00  4803             424 		se_li		r3,0
  000000a9 03  0305 22          425 	        .d2line         161
  000000f8 00  70d8 e3f9        426 		e_lis		r6,-15367
  000000fc 00  3466 0609        427 		e_stb		r3,1545(r6)
                                428 	#$$vo
  000000ac 03  1f               429 	        .d2line         162
  00000100 00  3466 062a        430 		e_stb		r3,1578(r6)
                                431 	#$$vo
  000000ad 03  17               432 	        .d2line         163
  00000104 00  3466 060d        433 		e_stb		r3,1549(r6)
                                434 	#$$vo
  000000ae 03  17               435 	        .d2line         164
  00000108 00  3466 060c        436 		e_stb		r3,1548(r6)
                                437 	#$$vo
                                438 	.L5800:
  000000af 03  0305 16          439 	        .d2line         169
                                440 	#$$be
  000000b2 03  0200 0b01        441 		.d2epilogue_begin
                                442 	#$$tl 0x0 0x0 0x0
  0000010c 00  0004             443 		se_blr
                                444 	#$$ef
                                445 		.d2_cfa_end 2
                                446 		.section	.debug_info,,n
  0000012c 05  00               447 		.sleb128	0
                                448 	.L5841:
                                449 		.section	.text_vle,,c
                                450 	.L5843:
                                451 		.type		showdata,@function
                                452 		.size		showdata,.-showdata
                                453 	# Number of nodes = 82
                                454 	
                                455 	# Allocations for showdata
                                456 	#	r3		value
                                457 	#	not allocated	$$18
                                458 	#	not allocated	$$19
                                459 	#	not allocated	$$20
                                460 	#	not allocated	$$21
                                461 	#	not allocated	$$22
                                462 	#	not allocated	$$23
                                463 	#	not allocated	$$24
                                464 	#	not allocated	$$25
                                465 	#	not allocated	$$26
                                466 	#	not allocated	$$27
                                467 	#	not allocated	$$28
                                468 	#	not allocated	$$29
                                469 	#	not allocated	$$30
                                470 	#	not allocated	$$31
                                471 	#	not allocated	$$32
                                472 	#	not allocated	$$33
                                473 	#	r3		$$34
                                474 	#	r3		$$35
                                475 	#	r3		$$36
                                476 	#	r3		$$37
                                477 	#	r3		$$38
                                478 	
                                479 	#$$bf
                                480 		.align		2
                                481 		.globl		main
  00000044 02  0000 0014 0000   482 		.d2_cfa_start __local_cie
  0000004a 02  0000 0000 0000       	
  00000050 02  0000 0030            	
                                483 	main:
                                484 		.section	.debug_info,,n
                                485 	.L5854:
  0000012d 05  02               486 		.sleb128	2
  0000012e 05  0000 015a        487 		.4byte		.L5851-.L2
  00000132 05  6d61 696e        488 		.byte		"main"
  00000136 05  00               489 		.byte		0
  00000137 05  0000 0001        490 		.4byte		.L5817
  0000013b 05  37               491 		.uleb128	55
  0000013c 05  01               492 		.byte		0x1
  0000013d 05  01               493 		.byte		0x1
  0000013e 05  0000 0000        494 		.4byte		.L5852
  00000142 05  0000 0000        495 		.4byte		.L5853
                                496 		.section	.debug_abbrev,,n
  00000039 04  04               497 		.uleb128	4
  0000003a 04  34               498 		.uleb128	52
  0000003b 04  00               499 		.byte		0x0
  0000003c 04  3a               500 		.uleb128	58
  0000003d 04  06               501 		.uleb128	6
  0000003e 04  3b               502 		.uleb128	59
  0000003f 04  0f               503 		.uleb128	15
  00000040 04  03               504 		.uleb128	3
  00000041 04  08               505 		.uleb128	8
  00000042 04  49               506 		.uleb128	73
  00000043 04  10               507 		.uleb128	16
  00000044 04  02               508 		.uleb128	2
  00000045 04  09               509 		.uleb128	9
  00000046 04  00               510 		.uleb128	0
  00000047 04  00               511 		.uleb128	0
                                512 		.section	.debug_info,,n
                                513 	.L5855:
  00000146 05  04               514 		.sleb128	4
  00000147 05  0000 0001        515 		.4byte		.L5817
  0000014b 05  39               516 		.uleb128	57
  0000014c 05  7661 6c75 65     517 		.byte		"value"
  00000151 05  00               518 		.byte		0
  00000152 05  0000 0000        519 		.4byte		.L5832
  00000156 05  02               520 		.sleb128	2
  00000157 05  90               521 		.byte		0x90
  00000158 05  03               522 		.uleb128	3
                                523 		.section	.text_vle,,c
  000000b6 03  038f 7f16        524 	        .d2line         56
                                525 	.L5852:
  00000110 00  1821 06f0        526 		e_stwu		r1,-16(r1)
  00000054 02  410e 10          527 		.d2_cfa_def_cfa_offset	16
  00000114 00  0080             528 		se_mflr		r0,lr
  00000116 00  d501             529 		se_stw		r0,20(r1)
  00000057 02  4111 6c7f        530 		.d2_cfa_offset    108,-1
                                531 	#$$ee
  000000ba 03  0204 0a          532 		.d2prologue_end
  00000118 00  1c60 0000        533 		e_add16i	r3,r0,i@sdarx
  000000bd 03  18               534 	        .d2line         58
  0000011c 00  4806             535 		se_li		r6,0
  0000011e 00  d063             536 		se_stw		r6,0(r3)
  000000be 03  17               537 	        .d2line         59
                                538 	#$$fn 0xc8 0 0 0x0
                                539 	#$$tl 0x0 0x0 0x0
                                540 	#$$rs 0
  00000120 00  79ff fee1        541 		bl		configure_io
  000000bf 03  17               542 	        .d2line         60
                                543 	#$$fn 0x1ff8 0 0 0x1
                                544 	#$$tl 0x0 0x0 0x0
                                545 	#$$rs 0
  00000124 00  7800 0001        546 		bl		init
                                547 	.L5780:
  000000c0 03  0310 16          548 	        .d2line         76
  00000128 00  70ff e7e0        549 		e_lis		r7,-32
  0000012c 00  50e7 0108        550 		e_lwz		r7,264(r7)
                                551 	#$$vo
  00000130 00  74e3 053f        552 		e_rlwinm		r3,r7,0,20,31
  000000c3 03  27               553 	        .d2line         77
                                554 	#$$fn 0xc8 0 0 0x0
                                555 	#$$tl 0x8 0x0 0x0
                                556 	#$$rs 0
  00000134 00  e9ac             557 		bl		showdata
  000000c4 03  13               558 	        .d2line         78
  00000136 00  e8f9             559 		b		.L5780
  000000c5 03  0320 12          560 	        .d2line         110
                                561 	#$$be
  000000c8 03  0200 0b01        562 		.d2epilogue_begin
  00000138 00  c501             563 		se_lwz		r0,20(r1)
  0000013a 00  0090             564 		se_mtlr		r0
  0000013c 00  20f1             565 		se_addi		r1,16
                                566 	#$$tl 0x0 0x0 0x0
  0000013e 00  0004             567 		se_blr
                                568 	#$$ef
                                569 		.d2_cfa_end 2
                                570 		.section	.debug_info,,n
  00000159 05  00               571 		.sleb128	0
                                572 	.L5851:
                                573 		.section	.text_vle,,c
                                574 	.L5853:
                                575 		.type		main,@function
                                576 		.size		main,.-main
                                577 	# Number of nodes = 39
                                578 	
                                579 	# Allocations for main
                                580 	#	r3		value
                                581 	#	not allocated	value2
                                582 	#	not allocated	$$39
                                583 	#	r3		$$40
                                584 	
                                585 	#$$bf
                                586 		.align		2
                                587 		.globl		showdataChanged
  0000005c 02  0000 000c 0000   588 		.d2_cfa_start __local_cie
  00000062 02  0000 0000 0000       	
  00000068 02  0000 00b6            	
                                589 	showdataChanged:
                                590 		.section	.debug_info,,n
                                591 	.L5868:
  0000015a 05  02               592 		.sleb128	2
  0000015b 05  0000 0194        593 		.4byte		.L5865-.L2
  0000015f 05  7368 6f77 6461   594 		.byte		"showdataChanged"
  00000165 05  7461 4368 616e       	
  0000016b 05  6765 64              	
  0000016e 05  00               595 		.byte		0
  0000016f 05  0000 0001        596 		.4byte		.L5817
  00000173 05  aa01             597 		.uleb128	170
  00000175 05  01               598 		.byte		0x1
  00000176 05  01               599 		.byte		0x1
  00000177 05  0000 0000        600 		.4byte		.L5866
  0000017b 05  0000 0000        601 		.4byte		.L5867
                                602 	.L5869:
  0000017f 05  03               603 		.sleb128	3
  00000180 05  0000 0001        604 		.4byte		.L5817
  00000184 05  aa01             605 		.uleb128	170
  00000186 05  7661 6c75 65     606 		.byte		"value"
  0000018b 05  00               607 		.byte		0
  0000018c 05  0000 0000        608 		.4byte		.L5832
  00000190 05  02               609 		.sleb128	2
  00000191 05  90               610 		.byte		0x90
  00000192 05  03               611 		.uleb128	3
                                612 		.section	.text_vle,,c
  000000cc 03  033d 1e          613 	        .d2line         171
                                614 	.L5866:
                                615 	#$$ee
  000000cf 03  0200 0a          616 		.d2prologue_end
  000000d2 03  0f               617 	        .d2line         172
  00000140 00  1803 a8cd        618 		cmpi		0,0,r3,205
  00000144 00  e50f             619 		bc		1,1,.L5808
  00000146 00  4803             620 		se_li		r3,0
  000000d3 03  0303 1e          621 	        .d2line         175
  00000148 00  70d8 e3f9        622 		e_lis		r6,-15367
  0000014c 00  3466 0609        623 		e_stb		r3,1545(r6)
                                624 	#$$vo
  000000d6 03  1f               625 	        .d2line         176
  00000150 00  3466 062a        626 		e_stb		r3,1578(r6)
                                627 	#$$vo
  000000d7 03  17               628 	        .d2line         177
  00000154 00  3466 060d        629 		e_stb		r3,1549(r6)
                                630 	#$$vo
  000000d8 03  17               631 	        .d2line         178
  00000158 00  3466 060c        632 		e_stb		r3,1548(r6)
                                633 	#$$vo
  000000d9 03  17               634 	        .d2line         179
  0000015c 00  3466 063e        635 		e_stb		r3,1598(r6)
                                636 	#$$vo
  00000160 00  0004             637 		se_blr
                                638 	.L5808:
  000000da 03  0303 1a          639 	        .d2line         182
  00000162 00  18e3 8432        640 		e_addi		r7,r3,-206
  00000166 00  1887 a8cc        641 		cmpli		0,0,r7,204
  0000016a 00  e510             642 		bc		1,1,.L5806
  0000016c 00  4803             643 		se_li		r3,0
  000000dd 03  0303 26          644 	        .d2line         185
  0000016e 00  70d8 e3f9        645 		e_lis		r6,-15367
  00000172 00  3466 0609        646 		e_stb		r3,1545(r6)
                                647 	#$$vo
  000000e0 03  1f               648 	        .d2line         186
  00000176 00  3466 062a        649 		e_stb		r3,1578(r6)
                                650 	#$$vo
  000000e1 03  17               651 	        .d2line         187
  0000017a 00  3466 060d        652 		e_stb		r3,1549(r6)
                                653 	#$$vo
  000000e2 03  17               654 	        .d2line         188
  0000017e 00  3466 060c        655 		e_stb		r3,1548(r6)
                                656 	#$$vo
  000000e3 03  17               657 	        .d2line         189
  00000182 00  4817             658 		se_li		r7,1
  00000184 00  34e6 063e        659 		e_stb		r7,1598(r6)
                                660 	#$$vo
  00000188 00  0004             661 		se_blr
                                662 	.L5806:
  000000e4 03  0303 1e          663 	        .d2line         192
  0000018a 00  1ce3 fe65        664 		e_add16i	r7,r3,-411
  0000018e 00  1887 a8cc        665 		cmpli		0,0,r7,204
  00000192 00  e510             666 		bc		1,1,.L5804
  00000194 00  4803             667 		se_li		r3,0
  000000e7 03  0303 26          668 	        .d2line         195
  00000196 00  70d8 e3f9        669 		e_lis		r6,-15367
  0000019a 00  3466 0609        670 		e_stb		r3,1545(r6)
                                671 	#$$vo
  000000ea 03  1f               672 	        .d2line         196
  0000019e 00  3466 062a        673 		e_stb		r3,1578(r6)
                                674 	#$$vo
  000000eb 03  17               675 	        .d2line         197
  000001a2 00  3466 060d        676 		e_stb		r3,1549(r6)
                                677 	#$$vo
  000001a6 00  4813             678 		se_li		r3,1
  000000ec 03  1b               679 	        .d2line         198
  000001a8 00  3466 060c        680 		e_stb		r3,1548(r6)
                                681 	#$$vo
  000000ed 03  17               682 	        .d2line         199
  000001ac 00  3466 063e        683 		e_stb		r3,1598(r6)
                                684 	#$$vo
  000001b0 00  0004             685 		se_blr
                                686 	.L5804:
  000000ee 03  0303 1a          687 	        .d2line         202
  000001b2 00  1ce3 fd98        688 		e_add16i	r7,r3,-616
  000001b6 00  1887 a8cc        689 		cmpli		0,0,r7,204
  000001ba 00  e510             690 		bc		1,1,.L5802
  000001bc 00  4803             691 		se_li		r3,0
  000000f1 03  0303 26          692 	        .d2line         205
  000001be 00  70d8 e3f9        693 		e_lis		r6,-15367
  000001c2 00  3466 0609        694 		e_stb		r3,1545(r6)
                                695 	#$$vo
  000000f4 03  1f               696 	        .d2line         206
  000001c6 00  3466 062a        697 		e_stb		r3,1578(r6)
                                698 	#$$vo
  000001ca 00  4813             699 		se_li		r3,1
  000000f5 03  1b               700 	        .d2line         207
  000001cc 00  3466 060d        701 		e_stb		r3,1549(r6)
                                702 	#$$vo
  000000f6 03  17               703 	        .d2line         208
  000001d0 00  3466 060c        704 		e_stb		r3,1548(r6)
                                705 	#$$vo
  000000f7 03  17               706 	        .d2line         209
  000001d4 00  3466 063e        707 		e_stb		r3,1598(r6)
                                708 	#$$vo
  000001d8 00  0004             709 		se_blr
                                710 	.L5802:
  000001da 00  4813             711 		se_li		r3,1
  000000f8 03  0305 1e          712 	        .d2line         214
  000001dc 00  70d8 e3f9        713 		e_lis		r6,-15367
  000001e0 00  3466 0609        714 		e_stb		r3,1545(r6)
                                715 	#$$vo
  000000fb 03  1f               716 	        .d2line         215
  000001e4 00  3466 062a        717 		e_stb		r3,1578(r6)
                                718 	#$$vo
  000000fc 03  17               719 	        .d2line         216
  000001e8 00  3466 060d        720 		e_stb		r3,1549(r6)
                                721 	#$$vo
  000000fd 03  17               722 	        .d2line         217
  000001ec 00  3466 060c        723 		e_stb		r3,1548(r6)
                                724 	#$$vo
  000000fe 03  17               725 	        .d2line         218
  000001f0 00  3466 063e        726 		e_stb		r3,1598(r6)
                                727 	#$$vo
                                728 	.L5809:
  000000ff 03  0305 16          729 	        .d2line         223
                                730 	#$$be
  00000102 03  0200 0b01        731 		.d2epilogue_begin
                                732 	#$$tl 0x0 0x0 0x0
  000001f4 00  0004             733 		se_blr
                                734 	#$$ef
                                735 		.d2_cfa_end 2
                                736 		.section	.debug_info,,n
  00000193 05  00               737 		.sleb128	0
                                738 	.L5865:
                                739 		.section	.text_vle,,c
                                740 	.L5867:
                                741 		.type		showdataChanged,@function
                                742 		.size		showdataChanged,.-showdataChanged
                                743 	# Number of nodes = 125
                                744 	
                                745 	# Allocations for showdataChanged
                                746 	#	r3		value
                                747 	#	not allocated	$$41
                                748 	#	not allocated	$$42
                                749 	#	not allocated	$$43
                                750 	#	not allocated	$$44
                                751 	#	not allocated	$$45
                                752 	#	not allocated	$$46
                                753 	#	not allocated	$$47
                                754 	#	not allocated	$$48
                                755 	#	not allocated	$$49
                                756 	#	not allocated	$$50
                                757 	#	not allocated	$$51
                                758 	#	not allocated	$$52
                                759 	#	not allocated	$$53
                                760 	#	not allocated	$$54
                                761 	#	not allocated	$$55
                                762 	#	not allocated	$$56
                                763 	#	not allocated	$$57
                                764 	#	not allocated	$$58
                                765 	#	not allocated	$$59
                                766 	#	not allocated	$$60
                                767 	#	not allocated	$$61
                                768 	#	not allocated	$$62
                                769 	#	not allocated	$$63
                                770 	#	not allocated	$$64
                                771 	#	not allocated	$$65
                                772 	#	r3		$$66
                                773 	#	r3		$$67
                                774 	#	r3		$$68
                                775 	#	r3		$$69
                                776 	#	r3		$$70
                                777 	#	r3		$$71
                                778 	#	r3		$$72
                                779 	
                                780 	#$$bf
                                781 		.align		2
                                782 		.globl		conf_timer1
  0000006c 02  0000 000c 0000   783 		.d2_cfa_start __local_cie
  00000072 02  0000 0000 0000       	
  00000078 02  0000 0002            	
                                784 	conf_timer1:
                                785 		.section	.debug_info,,n
                                786 	.L5874:
  00000194 05  02               787 		.sleb128	2
  00000195 05  0000 01b6        788 		.4byte		.L5871-.L2
  00000199 05  636f 6e66 5f74   789 		.byte		"conf_timer1"
  0000019f 05  696d 6572 31         	
  000001a4 05  00               790 		.byte		0
  000001a5 05  0000 0001        791 		.4byte		.L5817
  000001a9 05  e201             792 		.uleb128	226
  000001ab 05  01               793 		.byte		0x1
  000001ac 05  01               794 		.byte		0x1
  000001ad 05  0000 0000        795 		.4byte		.L5872
  000001b1 05  0000 0000        796 		.4byte		.L5873
                                797 		.section	.text_vle,,c
  00000106 03  0304 16          798 	        .d2line         227
                                799 	.L5872:
                                800 	#$$ee
  00000109 03  0200 0a          801 		.d2prologue_end
  0000010c 03  0308 0e          802 	        .d2line         235
                                803 	#$$be
  0000010f 03  0200 0b01        804 		.d2epilogue_begin
                                805 	#$$tl 0x0 0x0 0x0
  000001f8 00  0004             806 		se_blr
                                807 	#$$ef
                                808 		.d2_cfa_end 2
                                809 		.section	.debug_info,,n
  000001b5 05  00               810 		.sleb128	0
                                811 	.L5871:
                                812 		.section	.text_vle,,c
                                813 	.L5873:
                                814 		.type		conf_timer1,@function
                                815 		.size		conf_timer1,.-conf_timer1
                                816 	# Number of nodes = 0
                                817 	
                                818 	# Allocations for conf_timer1
                                819 	
                                820 	#$$bf
                                821 		.align		2
                                822 		.globl		timer0_intr
  0000007c 02  0000 000c 0000   823 		.d2_cfa_start __local_cie
  00000082 02  0000 0000 0000       	
  00000088 02  0000 0012            	
                                824 	timer0_intr:
                                825 		.section	.debug_info,,n
                                826 	.L5879:
  000001b6 05  02               827 		.sleb128	2
  000001b7 05  0000 01d8        828 		.4byte		.L5876-.L2
  000001bb 05  7469 6d65 7230   829 		.byte		"timer0_intr"
  000001c1 05  5f69 6e74 72         	
  000001c6 05  00               830 		.byte		0
  000001c7 05  0000 0001        831 		.4byte		.L5817
  000001cb 05  ed01             832 		.uleb128	237
  000001cd 05  01               833 		.byte		0x1
  000001ce 05  01               834 		.byte		0x1
  000001cf 05  0000 0000        835 		.4byte		.L5877
  000001d3 05  0000 0000        836 		.4byte		.L5878
                                837 		.section	.text_vle,,c
  00000113 03  0303 16          838 	        .d2line         238
                                839 	.L5877:
                                840 	#$$ee
  00000116 03  0200 0a          841 		.d2prologue_end
  000001fc 00  7078 e3f9        842 		e_lis		r3,50169
  00000200 00  7060 c609        843 		e_or2i		r3,1545
  00000119 03  20               844 	        .d2line         240
  00000204 00  8063             845 		se_lbz		r6,0(r3)
                                846 	#$$vo
  00000206 00  7cc6 30f8        847 		nor		r6,r6,r6
  0000020a 00  9063             848 		se_stb		r6,0(r3)
                                849 	#$$vo
  0000011a 03  20               850 	        .d2line         242
                                851 	#$$be
  0000011b 03  0200 0b01        852 		.d2epilogue_begin
                                853 	#$$tl 0x0 0x0 0x0
  0000020c 00  0004             854 		se_blr
                                855 	#$$ef
                                856 		.d2_cfa_end 2
                                857 		.section	.debug_info,,n
  000001d7 05  00               858 		.sleb128	0
                                859 	.L5876:
                                860 		.section	.text_vle,,c
                                861 	.L5878:
                                862 		.type		timer0_intr,@function
                                863 		.size		timer0_intr,.-timer0_intr
                                864 	# Number of nodes = 6
                                865 	
                                866 	# Allocations for timer0_intr
                                867 	#	not allocated	$$73
                                868 	#	not allocated	$$74
                                869 	#	r3		$$75
                                870 	
                                871 	#$$bf
                                872 		.align		2
                                873 		.globl		timer1_intr
  0000008c 02  0000 000c 0000   874 		.d2_cfa_start __local_cie
  00000092 02  0000 0000 0000       	
  00000098 02  0000 0002            	
                                875 	timer1_intr:
                                876 		.section	.debug_info,,n
                                877 	.L5884:
  000001d8 05  02               878 		.sleb128	2
  000001d9 05  0000 01fa        879 		.4byte		.L5881-.L2
  000001dd 05  7469 6d65 7231   880 		.byte		"timer1_intr"
  000001e3 05  5f69 6e74 72         	
  000001e8 05  00               881 		.byte		0
  000001e9 05  0000 0001        882 		.4byte		.L5817
  000001ed 05  f301             883 		.uleb128	243
  000001ef 05  01               884 		.byte		0x1
  000001f0 05  01               885 		.byte		0x1
  000001f1 05  0000 0000        886 		.4byte		.L5882
  000001f5 05  0000 0000        887 		.4byte		.L5883
                                888 		.section	.text_vle,,c
  0000011f 03  18               889 	        .d2line         244
                                890 	.L5882:
                                891 	#$$ee
  00000120 03  0200 0a          892 		.d2prologue_end
  00000123 03  0303 0e          893 	        .d2line         247
                                894 	#$$be
  00000126 03  0200 0b01        895 		.d2epilogue_begin
                                896 	#$$tl 0x0 0x0 0x0
  00000210 00  0004             897 		se_blr
                                898 	#$$ef
                                899 		.d2_cfa_end 2
                                900 		.section	.debug_info,,n
  000001f9 05  00               901 		.sleb128	0
                                902 	.L5881:
                                903 		.section	.text_vle,,c
                                904 	.L5883:
                                905 		.type		timer1_intr,@function
                                906 		.size		timer1_intr,.-timer1_intr
                                907 	# Number of nodes = 0
                                908 	
                                909 	# Allocations for timer1_intr
                                910 	
                                911 	# Allocations for module
                                912 		.section	.debug_abbrev,,n
  00000048 04  05               913 		.uleb128	5
  00000049 04  34               914 		.uleb128	52
  0000004a 04  00               915 		.byte		0x0
  0000004b 04  3f               916 		.uleb128	63
  0000004c 04  0c               917 		.uleb128	12
  0000004d 04  3a               918 		.uleb128	58
  0000004e 04  06               919 		.uleb128	6
  0000004f 04  3b               920 		.uleb128	59
  00000050 04  0f               921 		.uleb128	15
  00000051 04  03               922 		.uleb128	3
  00000052 04  08               923 		.uleb128	8
  00000053 04  49               924 		.uleb128	73
  00000054 04  10               925 		.uleb128	16
  00000055 04  02               926 		.uleb128	2
  00000056 04  09               927 		.uleb128	9
  00000057 04  00               928 		.uleb128	0
  00000058 04  00               929 		.uleb128	0
                                930 		.section	.debug_info,,n
                                931 	.L5885:
  000001fa 05  05               932 		.sleb128	5
  000001fb 05  01               933 		.byte		0x1
  000001fc 05  0000 0001        934 		.4byte		.L5817
  00000200 05  09               935 		.uleb128	9
  00000201 05  6a               936 		.byte		"j"
  00000202 05  00               937 		.byte		0
  00000203 05  0000 0000        938 		.4byte		.L5886
  00000207 05  05               939 		.sleb128	5
  00000208 05  03               940 		.byte		0x3
  00000209 05  0000 0000        941 		.4byte		j
                                942 		.data
                                943 		.type		j,@object
                                944 		.size		j,32
                                945 		.align		2
                                946 		.globl		j
                                947 	j:
  00000000 07  0000 0009        948 		.long		9
  00000004 07  0000 002a        949 		.long		42
  00000008 07  0000 000d        950 		.long		13
  0000000c 07  0000 000c        951 		.long		12
  00000010 07  0000 003e        952 		.long		62
  00000014 07  0000 003d        953 		.long		61
  00000018 07  0000 003b        954 		.long		59
  0000001c 07  0000 000b        955 		.long		11
                                956 		.section	.debug_info,,n
                                957 	.L5888:
  0000020d 05  05               958 		.sleb128	5
  0000020e 05  01               959 		.byte		0x1
  0000020f 05  0000 0001        960 		.4byte		.L5817
  00000213 05  0a               961 		.uleb128	10
  00000214 05  6b               962 		.byte		"k"
  00000215 05  00               963 		.byte		0
  00000216 05  0000 0000        964 		.4byte		.L5832
  0000021a 05  05               965 		.sleb128	5
  0000021b 05  03               966 		.byte		0x3
  0000021c 05  0000 0000        967 		.4byte		k
                                968 		.sdata
                                969 		.type		k,@object
                                970 		.size		k,4
                                971 		.align		2
                                972 		.globl		k
                                973 	k:
  00000000 08  0000 0000        974 		.long		0
                                975 		.section	.debug_info,,n
                                976 	.L5889:
  00000220 05  05               977 		.sleb128	5
  00000221 05  01               978 		.byte		0x1
  00000222 05  0000 0001        979 		.4byte		.L5817
  00000226 05  0b               980 		.uleb128	11
  00000227 05  69               981 		.byte		"i"
  00000228 05  00               982 		.byte		0
  00000229 05  0000 0000        983 		.4byte		.L5832
  0000022d 05  05               984 		.sleb128	5
  0000022e 05  03               985 		.byte		0x3
  0000022f 05  0000 0000        986 		.4byte		i
                                987 		.sdata
                                988 		.align		2
                                989 	#	Begin local data area
                                990 	#	LDA + 0
                                991 		.type		i,@object
                                992 		.size		i,4
                                993 		.align		2
                                994 		.globl		i
                                995 	i:
  00000004 08  0000 0000        996 		.long		0
                                997 		.section	.debug_abbrev,,n
  00000059 04  06               998 		.uleb128	6
  0000005a 04  24               999 		.uleb128	36
  0000005b 04  00              1000 		.byte		0x0
  0000005c 04  03              1001 		.uleb128	3
  0000005d 04  08              1002 		.uleb128	8
  0000005e 04  3e              1003 		.uleb128	62
  0000005f 04  0b              1004 		.uleb128	11
  00000060 04  0b              1005 		.uleb128	11
  00000061 04  0b              1006 		.uleb128	11
  00000062 04  00              1007 		.uleb128	0
  00000063 04  00              1008 		.uleb128	0
                               1009 		.section	.debug_info,,n
                               1010 	.L5832:
  00000233 05  06              1011 		.sleb128	6
  00000234 05  696e 74         1012 		.byte		"int"
  00000237 05  00              1013 		.byte		0
  00000238 05  05              1014 		.byte		0x5
  00000239 05  04              1015 		.byte		0x4
                               1016 		.section	.debug_abbrev,,n
  00000064 04  07              1017 		.uleb128	7
  00000065 04  01              1018 		.uleb128	1
  00000066 04  01              1019 		.byte		0x1
  00000067 04  01              1020 		.uleb128	1
  00000068 04  13              1021 		.uleb128	19
  00000069 04  49              1022 		.uleb128	73
  0000006a 04  10              1023 		.uleb128	16
  0000006b 04  00              1024 		.uleb128	0
  0000006c 04  00              1025 		.uleb128	0
                               1026 		.section	.debug_info,,n
                               1027 	.L5886:
  0000023a 05  07              1028 		.sleb128	7
  0000023b 05  0000 0246       1029 		.4byte		.L5887-.L2
  0000023f 05  0000 0000       1030 		.4byte		.L5832
                               1031 		.section	.debug_abbrev,,n
  0000006d 04  08              1032 		.uleb128	8
  0000006e 04  21              1033 		.uleb128	33
  0000006f 04  00              1034 		.byte		0x0
  00000070 04  2f              1035 		.uleb128	47
  00000071 04  0f              1036 		.uleb128	15
  00000072 04  00              1037 		.uleb128	0
  00000073 04  00              1038 		.uleb128	0
                               1039 		.section	.debug_info,,n
  00000243 05  08              1040 		.sleb128	8
  00000244 05  07              1041 		.uleb128	7
  00000245 05  00              1042 		.sleb128	0
                               1043 	.L5887:
                               1044 	.L7:
  00000246 05  00              1045 		.sleb128	0
                               1046 	.L3:
                               1047 		.section	.text_vle,,c
                               1048 	.L5:
                               1049 	.L5817: 	.d2filenum "C:\\Users\\kucha\\Downloads\\Unit1\\src\\main.c"
  0000012a 03  0005 0200 0000  1050 		.d2_line_end
  00000130 03  0000 0101            	
                               1051 		.section	.debug_abbrev,,n
  00000074 04  00              1052 		.sleb128	0
