                                  1 	#$$m2		- PowerPC mnemonics
                                  2 	#$$pVLE		- PowerPC VLE encoding
                                  3 	#$$oPPC5534  - Optimized for PPC5534
                                  4 	#$$ko 9		- Reorder info
                                  5 		.file		"task2.c"
                                  6 	#$$eb
                                  7 	#$$sz 0
                                  8 	#$$fp 0
                                  9 		.section	.PPC.EMB.apuinfo,,@note
  00000000 01  0000 0008         10 		.4byte		8
  00000004 01  0000 0004         11 		.4byte		4
  00000008 01  0000 0002         12 		.4byte		2
  0000000c 01  4150 5569 6e66    13 		.byte		"APUinfo"
  00000012 01  6f                   	
  00000013 01  00                14 		.byte		0
                                 15 		.align		2
  00000014 01  0104 0001         16 		.4byte		0x01040001
                                 17 		.section	.text_vle,,c
                                 18 		.section	.debug_frame,,n
                                 19 	__local_cie: 
  00000000 02  0000 0010         20 		.word	.LE-.LS
                                 21 	.LS:
  00000004 02  ffff ffff         22 		.word	-1
  00000008 02  01                23 		.byte	1
  00000009 02  00                24 		.byte	0
  0000000a 02  04                25 		.uleb128	4
  0000000b 02  7c                26 		.sleb128	-4
  0000000c 02  6c                27 		.byte	108
  0000000d 02  0c                28 		.byte	0x0c
  0000000e 02  01                29 		.byte	1
  0000000f 02  00                30 		.byte	0
  00000010 02  08                31 		.byte	8
  00000011 02  6c                32 		.byte	108
                                 33 		.fill           (.LS-.)&3
                                 34 	.LE:
                                 35 		.section	.debug_line,,n
                                 36 	.L8:
                                 37 		.section	.text_vle,,c
                                 38 	.L4:
  00000000 00                    39 		.0byte		.L2
  00000000 03  0000 012e 0002    40 		.d2_line_start	.debug_line
  00000006 03  0000 0013 0201       	
  0000000c 03  ff04 0d00 0101       	
  00000012 03  0101 0000 0001       	
  00000018 03  0000 0100 00         	
                                 41 		.section	.debug_abbrev,,n
                                 42 	.L9:
                                 43 		.section	.debug_info,,n
                                 44 	.L2:
  00000000 05  0000 0240         45 		.4byte		.L3-.L1
                                 46 	.L1:
  00000004 05  0002              47 		.2byte		0x2
  00000006 05  0000 0000         48 		.4byte		.L9
  0000000a 05  04                49 		.byte		0x4
                                 50 		.section	.debug_abbrev,,n
  00000000 04  01                51 		.uleb128	1
  00000001 04  11                52 		.uleb128	17
  00000002 04  01                53 		.byte		0x1
  00000003 04  01                54 		.uleb128	1
  00000004 04  13                55 		.uleb128	19
  00000005 04  03                56 		.uleb128	3
  00000006 04  08                57 		.uleb128	8
  00000007 04  25                58 		.uleb128	37
  00000008 04  08                59 		.uleb128	8
  00000009 04  1b                60 		.uleb128	27
  0000000a 04  08                61 		.uleb128	8
  0000000b 04  13                62 		.uleb128	19
  0000000c 04  0f                63 		.uleb128	15
  0000000d 04  11                64 		.uleb128	17
  0000000e 04  01                65 		.uleb128	1
  0000000f 04  12                66 		.uleb128	18
  00000010 04  01                67 		.uleb128	1
  00000011 04  10                68 		.uleb128	16
  00000012 04  06                69 		.uleb128	6
  00000013 04  00                70 		.uleb128	0
  00000014 04  00                71 		.uleb128	0
                                 72 		.section	.debug_info,,n
  0000000b 05  01                73 		.sleb128	1
  0000000c 05  0000 0243         74 		.4byte		.L7-.L2
  00000010 05  433a 5c55 7365    75 		.byte		"C:\\Users\\kucha\\Downloads\\Unit1\\task2.c"
  00000016 05  7273 5c6b 7563       	
  0000001c 05  6861 5c44 6f77       	
  00000022 05  6e6c 6f61 6473       	
  00000028 05  5c55 6e69 7431       	
  0000002e 05  5c74                 	
  00000036 05  00                76 		.byte		0
  00000037 05  4469 6162 2044    77 		.byte		"Diab Data, Inc:dcc Rel 5.7.0.0:PPC5534"
  0000003d 05  6174 612c 2049       	
  00000043 05  6e63 3a64 6363       	
  00000049 05  2052 656c 2035       	
  0000004f 05  2e37 2e30 2e30       	
  00000055 05  3a50                 	
  0000005d 05  00                78 		.byte		0
  0000005e 05  433a 5c55 7365    79 		.byte		"C:\\Users\\kucha\\Downloads\\Unit1"
  00000064 05  7273 5c6b 7563       	
  0000006a 05  6861 5c44 6f77       	
  00000070 05  6e6c 6f61 6473       	
  00000076 05  5c55 6e69 7431       	
  0000007c 05  00                80 		.byte		0
  0000007d 05  01                81 		.uleb128	1
  0000007e 05  0000 0000         82 		.4byte		.L4
  00000082 05  0000 0000         83 		.4byte		.L5
  00000086 05  0000 0000         84 		.4byte		.L8
                                 85 		.section	.text_vle,,c
                                 86 	
                                 87 	#$$bf
                                 88 		.align		2
                                 89 		.globl		configure_io
  00000014 02  0000 000c 0000    90 		.d2_cfa_start __local_cie
  0000001a 02  0000 0000 0000       	
  00000020 02  0000 0026            	
                                 91 	configure_io:
                                 92 		.section	.debug_abbrev,,n
  00000015 04  02                93 		.uleb128	2
  00000016 04  2e                94 		.uleb128	46
  00000017 04  01                95 		.byte		0x1
  00000018 04  01                96 		.uleb128	1
  00000019 04  13                97 		.uleb128	19
  0000001a 04  03                98 		.uleb128	3
  0000001b 04  08                99 		.uleb128	8
  0000001c 04  3a               100 		.uleb128	58
  0000001d 04  06               101 		.uleb128	6
  0000001e 04  3b               102 		.uleb128	59
  0000001f 04  0f               103 		.uleb128	15
  00000020 04  3f               104 		.uleb128	63
  00000021 04  0c               105 		.uleb128	12
  00000022 04  27               106 		.uleb128	39
  00000023 04  0c               107 		.uleb128	12
  00000024 04  11               108 		.uleb128	17
  00000025 04  01               109 		.uleb128	1
  00000026 04  12               110 		.uleb128	18
  00000027 04  01               111 		.uleb128	1
  00000028 04  00               112 		.uleb128	0
  00000029 04  00               113 		.uleb128	0
                                114 		.section	.debug_info,,n
                                115 	.L5815:
  0000008a 05  02               116 		.sleb128	2
  0000008b 05  0000 00ac        117 		.4byte		.L5811-.L2
  0000008f 05  636f 6e66 6967   118 		.byte		"configure_io"
  00000095 05  7572 655f 696f       	
  0000009b 05  00               119 		.byte		0
  0000009c 05  0000 0001        120 		.4byte		.L5814
  000000a0 05  0c               121 		.uleb128	12
  000000a1 05  01               122 		.byte		0x1
  000000a2 05  01               123 		.byte		0x1
  000000a3 05  0000 0000        124 		.4byte		.L5812
  000000a7 05  0000 0000        125 		.4byte		.L5813
                                126 		.section	.text_vle,,c
  0000001d 03  0030 0343 3a5c   127 		.d2file		"C:\\Users\\kucha\\Downloads\\Unit1\\task2.c"
  00000023 03  5c55 7365 7273       	
  00000029 03  5c5c 6b75 6368       	
  0000002f 03  615c 5c44 6f77       	
  00000035 03  6e6c 6f61 6473       	
  0000003b 03  5c5c                 	
  00000051 03  0005 0200 0000   128 	        .d2line         13
  00000057 03  0003 0c0e            	
                                129 	.L5812:
                                130 	#$$ee
  0000005b 03  0200 0a          131 		.d2prologue_end
  00000000 00  6363             132 		se_bgeni		r3,22
  0000005e 03  0305 12          133 	        .d2line         18
  00000002 00  70d8 e3f9        134 		e_lis		r6,-15367
  00000006 00  5c66 0052        135 		e_sth		r3,82(r6)
                                136 	#$$vo
  00000061 03  1f               137 	        .d2line         19
  0000000a 00  5c66 0094        138 		e_sth		r3,148(r6)
                                139 	#$$vo
  00000062 03  17               140 	        .d2line         20
  0000000e 00  5c66 005a        141 		e_sth		r3,90(r6)
                                142 	#$$vo
  00000063 03  17               143 	        .d2line         21
  00000012 00  5c66 0058        144 		e_sth		r3,88(r6)
                                145 	#$$vo
  00000064 03  17               146 	        .d2line         22
  00000016 00  5c66 00bc        147 		e_sth		r3,188(r6)
                                148 	#$$vo
  0000001a 00  6373             149 		se_bgeni		r3,23
  00000065 03  0316 1a          150 	        .d2line         44
  0000001c 00  5c66 0042        151 		e_sth		r3,66(r6)
                                152 	#$$vo
  00000068 03  18               153 	        .d2line         46
  00000020 00  5c66 0044        154 		e_sth		r3,68(r6)
                                155 	#$$vo
  00000069 03  0305 16          156 	        .d2line         51
                                157 	#$$be
  0000006c 03  0200 0b01        158 		.d2epilogue_begin
                                159 	#$$tl 0x0 0x0 0x0
  00000024 00  0004             160 		se_blr
                                161 	#$$ef
                                162 		.d2_cfa_end 2
                                163 		.section	.debug_info,,n
  000000ab 05  00               164 		.sleb128	0
                                165 	.L5811:
                                166 		.section	.text_vle,,c
                                167 	.L5813:
                                168 		.type		configure_io,@function
                                169 		.size		configure_io,.-configure_io
                                170 	# Number of nodes = 28
                                171 	
                                172 	# Allocations for configure_io
                                173 	#	not allocated	$$1
                                174 	#	not allocated	$$2
                                175 	#	not allocated	$$3
                                176 	#	not allocated	$$4
                                177 	#	not allocated	$$5
                                178 	#	not allocated	$$6
                                179 	#	not allocated	$$7
                                180 	#	r3		$$8
                                181 	#	not allocated	$$9
                                182 	#	r3		$$10
                                183 	
                                184 	#$$bf
                                185 		.align		2
                                186 		.globl		main
  00000024 02  0000 0018 0000   187 		.d2_cfa_start __local_cie
  0000002a 02  0000 0000 0000       	
  00000030 02  0000 0050            	
                                188 	main:
                                189 		.section	.debug_info,,n
                                190 	.L5822:
  000000ac 05  02               191 		.sleb128	2
  000000ad 05  0000 00d9        192 		.4byte		.L5819-.L2
  000000b1 05  6d61 696e        193 		.byte		"main"
  000000b5 05  00               194 		.byte		0
  000000b6 05  0000 0001        195 		.4byte		.L5814
  000000ba 05  37               196 		.uleb128	55
  000000bb 05  01               197 		.byte		0x1
  000000bc 05  01               198 		.byte		0x1
  000000bd 05  0000 0000        199 		.4byte		.L5820
  000000c1 05  0000 0000        200 		.4byte		.L5821
                                201 		.section	.debug_abbrev,,n
  0000002a 04  03               202 		.uleb128	3
  0000002b 04  34               203 		.uleb128	52
  0000002c 04  00               204 		.byte		0x0
  0000002d 04  3a               205 		.uleb128	58
  0000002e 04  06               206 		.uleb128	6
  0000002f 04  3b               207 		.uleb128	59
  00000030 04  0f               208 		.uleb128	15
  00000031 04  03               209 		.uleb128	3
  00000032 04  08               210 		.uleb128	8
  00000033 04  49               211 		.uleb128	73
  00000034 04  10               212 		.uleb128	16
  00000035 04  02               213 		.uleb128	2
  00000036 04  09               214 		.uleb128	9
  00000037 04  00               215 		.uleb128	0
  00000038 04  00               216 		.uleb128	0
                                217 		.section	.debug_info,,n
                                218 	.L5823:
  000000c5 05  03               219 		.sleb128	3
  000000c6 05  0000 0001        220 		.4byte		.L5814
  000000ca 05  39               221 		.uleb128	57
  000000cb 05  7661 6c75 65     222 		.byte		"value"
  000000d0 05  00               223 		.byte		0
  000000d1 05  0000 0000        224 		.4byte		.L5824
  000000d5 05  02               225 		.sleb128	2
  000000d6 05  90               226 		.byte		0x90
  000000d7 05  03               227 		.uleb128	3
                                228 		.section	.text_vle,,c
  00000070 03  0305 16          229 	        .d2line         56
                                230 	.L5820:
  00000028 00  1821 06f0        231 		e_stwu		r1,-16(r1)
  00000034 02  410e 10          232 		.d2_cfa_def_cfa_offset	16
  0000002c 00  0080             233 		se_mflr		r0,lr
                                234 	#$$br
  0000002e 00  1bc1 0908        235 		e_stmw		r30,8(r1)
  00000037 02  419e 029f 01     236 		.d2_cfa_offset_list	30,31,2,-1
                                237 	#$$er
  00000032 00  d501             238 		se_stw		r0,20(r1)
  0000003c 02  116c 7f          239 		.d2_cfa_offset    108,-1
                                240 	#$$ee
  00000073 03  0206 0a          241 		.d2prologue_end
  00000034 00  1c60 0000        242 		e_add16i	r3,r0,i@sdarx
  00000076 03  18               243 	        .d2line         58
  00000038 00  4806             244 		se_li		r6,0
  0000003a 00  d063             245 		se_stw		r6,0(r3)
  00000077 03  17               246 	        .d2line         59
                                247 	#$$fn 0xc8 0 0 0x0
                                248 	#$$tl 0x0 0x0 0x0
                                249 	#$$rs 0
  0000003c 00  e9e2             250 		bl		configure_io
  00000078 03  13               251 	        .d2line         60
                                252 	#$$fn 0x1ff8 0 0 0x1
                                253 	#$$tl 0x0 0x0 0x0
                                254 	#$$rs 0
  0000003e 00  7800 0001        255 		bl		init
  00000042 00  73d8 e3f9        256 		e_lis		r30,50169
  00000046 00  73c1 c002        257 		e_or2i		r30,2050
                                258 	.L5782:
  00000079 03  032d 26          259 	        .d2line         105
  0000004a 00  803e             260 		se_lbz		r3,0(r30)
                                261 	#$$vo
  0000007c 03  13               262 	        .d2line         106
  0000004c 00  2a03             263 		se_cmpi		r3,0
  0000004e 00  e20a             264 		bc		0,2,.L5780
  00000050 00  01ef             265 		se_mr		r31,r30
                                266 	.L5817:
  0000007d 03  1b               267 	        .d2line         107
  00000052 00  4813             268 		se_li		r3,1
  00000054 00  7080 01f4        269 		e_li		r4,500
                                270 	#$$fn 0x1ff8 0 0 0x1
                                271 	#$$tl 0x18 0x0 0x0
                                272 	#$$rs 0
  00000058 00  7800 0001        273 		bl		conf_timer0
  0000007e 03  037e 22          274 	        .d2line         105
  0000005c 00  803f             275 		se_lbz		r3,0(r31)
                                276 	#$$vo
  00000081 03  13               277 	        .d2line         106
  0000005e 00  2a03             278 		se_cmpi		r3,0
  00000060 00  e6f9             279 		bc		1,2,.L5817
                                280 	.L5780:
  00000082 03  18               281 	        .d2line         108
  00000062 00  4803             282 		se_li		r3,0
  00000064 00  0134             283 		se_mr		r4,r3
                                284 	#$$fn 0x1ff8 0 0 0x1
                                285 	#$$tl 0x18 0x0 0x0
                                286 	#$$rs 0
  00000066 00  7800 0001        287 		bl		conf_timer0
  00000083 03  1f               288 	        .d2line         109
  0000006a 00  e8f0             289 		b		.L5782
  00000084 03  13               290 	        .d2line         110
                                291 	#$$be
  00000085 03  0200 0b01        292 		.d2epilogue_begin
                                293 	#$$br
                                294 	#$$er
  0000006c 00  c501             295 		se_lwz		r0,20(r1)
  0000006e 00  1bc1 0808        296 		e_lmw		r30,8(r1)
  00000072 00  0090             297 		se_mtlr		r0
  00000074 00  20f1             298 		se_addi		r1,16
                                299 	#$$tl 0x0 0x0 0x0
  00000076 00  0004             300 		se_blr
                                301 	#$$ef
                                302 		.d2_cfa_end 2
                                303 		.section	.debug_info,,n
  000000d8 05  00               304 		.sleb128	0
                                305 	.L5819:
                                306 		.section	.text_vle,,c
                                307 	.L5821:
                                308 		.type		main,@function
                                309 		.size		main,.-main
                                310 	# Number of nodes = 29
                                311 	
                                312 	# Allocations for main
                                313 	#	r3		value
                                314 	#	not allocated	value2
                                315 	#	not allocated	$$11
                                316 	#	not allocated	$$12
                                317 	#	r3		$$13
                                318 	#	not allocated	$$14
                                319 	#	r31		$$15
                                320 	#	not allocated	$$16
                                321 	#	r30		$$17
                                322 	
                                323 	#$$bf
                                324 		.align		2
                                325 		.globl		showdataButton
  00000040 02  0000 000c 0000   326 		.d2_cfa_start __local_cie
  00000046 02  0000 0000 0000       	
  0000004c 02  0000 0064            	
                                327 	showdataButton:
                                328 		.section	.debug_info,,n
                                329 	.L5829:
  000000d9 05  02               330 		.sleb128	2
  000000da 05  0000 0124        331 		.4byte		.L5826-.L2
  000000de 05  7368 6f77 6461   332 		.byte		"showdataButton"
  000000e4 05  7461 4275 7474       	
  000000ea 05  6f6e                 	
  000000ec 05  00               333 		.byte		0
  000000ed 05  0000 0001        334 		.4byte		.L5814
  000000f1 05  71               335 		.uleb128	113
  000000f2 05  01               336 		.byte		0x1
  000000f3 05  01               337 		.byte		0x1
  000000f4 05  0000 0000        338 		.4byte		.L5827
  000000f8 05  0000 0000        339 		.4byte		.L5828
                                340 		.section	.debug_abbrev,,n
  00000039 04  04               341 		.uleb128	4
  0000003a 04  05               342 		.uleb128	5
  0000003b 04  00               343 		.byte		0x0
  0000003c 04  3a               344 		.uleb128	58
  0000003d 04  06               345 		.uleb128	6
  0000003e 04  3b               346 		.uleb128	59
  0000003f 04  0f               347 		.uleb128	15
  00000040 04  03               348 		.uleb128	3
  00000041 04  08               349 		.uleb128	8
  00000042 04  49               350 		.uleb128	73
  00000043 04  10               351 		.uleb128	16
  00000044 04  02               352 		.uleb128	2
  00000045 04  09               353 		.uleb128	9
  00000046 04  00               354 		.uleb128	0
  00000047 04  00               355 		.uleb128	0
                                356 		.section	.debug_info,,n
                                357 	.L5830:
  000000fc 05  04               358 		.sleb128	4
  000000fd 05  0000 0001        359 		.4byte		.L5814
  00000101 05  71               360 		.uleb128	113
  00000102 05  7661 6c75 65     361 		.byte		"value"
  00000107 05  00               362 		.byte		0
  00000108 05  0000 0000        363 		.4byte		.L5824
  0000010c 05  02               364 		.sleb128	2
  0000010d 05  90               365 		.byte		0x90
  0000010e 05  03               366 		.uleb128	3
                                367 	.L5831:
  0000010f 05  04               368 		.sleb128	4
  00000110 05  0000 0001        369 		.4byte		.L5814
  00000114 05  71               370 		.uleb128	113
  00000115 05  7661 6c75 6532   371 		.byte		"value2"
  0000011b 05  00               372 		.byte		0
  0000011c 05  0000 0000        373 		.4byte		.L5824
  00000120 05  02               374 		.sleb128	2
  00000121 05  90               375 		.byte		0x90
  00000122 05  04               376 		.uleb128	4
                                377 		.section	.text_vle,,c
  00000089 03  0304 26          378 	        .d2line         114
                                379 	.L5827:
                                380 	#$$ee
  0000008c 03  0200 0a          381 		.d2prologue_end
  0000008f 03  0f               382 	        .d2line         115
  00000078 00  2a03             383 		se_cmpi		r3,0
  0000007a 00  e20b             384 		bc		0,2,.L5789
  0000007c 00  2a04             385 		se_cmpi		r4,0
  0000007e 00  e209             386 		bc		0,2,.L5789
  00000080 00  4803             387 		se_li		r3,0
  00000090 03  23               388 	        .d2line         116
  00000082 00  70d8 e3f9        389 		e_lis		r6,-15367
  00000086 00  3466 0609        390 		e_stb		r3,1545(r6)
                                391 	#$$vo
  00000091 03  1f               392 	        .d2line         117
  0000008a 00  3466 062a        393 		e_stb		r3,1578(r6)
                                394 	#$$vo
  0000008e 00  0004             395 		se_blr
                                396 	.L5789:
  00000092 03  1b               397 	        .d2line         118
  00000090 00  2a03             398 		se_cmpi		r3,0
  00000092 00  e20c             399 		bc		0,2,.L5787
  00000094 00  2a14             400 		se_cmpi		r4,1
  00000096 00  e20a             401 		bc		0,2,.L5787
  00000093 03  1f               402 	        .d2line         119
  00000098 00  70f8 e3f9        403 		e_lis		r7,-15367
  0000009c 00  4806             404 		se_li		r6,0
  0000009e 00  34c7 0609        405 		e_stb		r6,1545(r7)
                                406 	#$$vo
  00000094 03  23               407 	        .d2line         120
  000000a2 00  4816             408 		se_li		r6,1
  000000a4 00  34c7 062a        409 		e_stb		r6,1578(r7)
                                410 	#$$vo
  000000a8 00  0004             411 		se_blr
                                412 	.L5787:
  00000095 03  1f               413 	        .d2line         121
  000000aa 00  2a13             414 		se_cmpi		r3,1
  000000ac 00  e20c             415 		bc		0,2,.L5785
  000000ae 00  2a04             416 		se_cmpi		r4,0
  000000b0 00  e20a             417 		bc		0,2,.L5785
  00000096 03  1f               418 	        .d2line         122
  000000b2 00  70f8 e3f9        419 		e_lis		r7,-15367
  000000b6 00  4816             420 		se_li		r6,1
  000000b8 00  34c7 0609        421 		e_stb		r6,1545(r7)
                                422 	#$$vo
  00000097 03  23               423 	        .d2line         123
  000000bc 00  4806             424 		se_li		r6,0
  000000be 00  34c7 062a        425 		e_stb		r6,1578(r7)
                                426 	#$$vo
  000000c2 00  0004             427 		se_blr
                                428 	.L5785:
  00000098 03  1f               429 	        .d2line         124
  000000c4 00  2a13             430 		se_cmpi		r3,1
  000000c6 00  e20a             431 		bc		0,2,.L5790
  000000c8 00  2a14             432 		se_cmpi		r4,1
  000000ca 00  e208             433 		bc		0,2,.L5790
  000000cc 00  4813             434 		se_li		r3,1
  00000099 03  23               435 	        .d2line         125
  000000ce 00  70d8 e3f9        436 		e_lis		r6,-15367
  000000d2 00  3466 0609        437 		e_stb		r3,1545(r6)
                                438 	#$$vo
  0000009a 03  1f               439 	        .d2line         126
  000000d6 00  3466 062a        440 		e_stb		r3,1578(r6)
                                441 	#$$vo
                                442 	.L5790:
  0000009b 03  18               443 	        .d2line         128
                                444 	#$$be
  0000009c 03  0200 0b01        445 		.d2epilogue_begin
                                446 	#$$tl 0x0 0x0 0x0
  000000da 00  0004             447 		se_blr
                                448 	#$$ef
                                449 		.d2_cfa_end 2
                                450 		.section	.debug_info,,n
  00000123 05  00               451 		.sleb128	0
                                452 	.L5826:
                                453 		.section	.text_vle,,c
                                454 	.L5828:
                                455 		.type		showdataButton,@function
                                456 		.size		showdataButton,.-showdataButton
                                457 	# Number of nodes = 59
                                458 	
                                459 	# Allocations for showdataButton
                                460 	#	r3		value
                                461 	#	r4		value2
                                462 	#	not allocated	$$18
                                463 	#	not allocated	$$19
                                464 	#	not allocated	$$20
                                465 	#	not allocated	$$21
                                466 	#	not allocated	$$22
                                467 	#	not allocated	$$23
                                468 	#	not allocated	$$24
                                469 	#	not allocated	$$25
                                470 	#	not allocated	$$26
                                471 	#	not allocated	$$27
                                472 	#	not allocated	$$28
                                473 	#	not allocated	$$29
                                474 	#	r3		$$30
                                475 	#	r3		$$31
                                476 	
                                477 	#$$bf
                                478 		.align		2
                                479 		.globl		showdata
  00000050 02  0000 000c 0000   480 		.d2_cfa_start __local_cie
  00000056 02  0000 0000 0000       	
  0000005c 02  0000 0082            	
                                481 	showdata:
                                482 		.section	.debug_info,,n
                                483 	.L5836:
  00000124 05  02               484 		.sleb128	2
  00000125 05  0000 0157        485 		.4byte		.L5833-.L2
  00000129 05  7368 6f77 6461   486 		.byte		"showdata"
  0000012f 05  7461                 	
  00000131 05  00               487 		.byte		0
  00000132 05  0000 0001        488 		.4byte		.L5814
  00000136 05  8201             489 		.uleb128	130
  00000138 05  01               490 		.byte		0x1
  00000139 05  01               491 		.byte		0x1
  0000013a 05  0000 0000        492 		.4byte		.L5834
  0000013e 05  0000 0000        493 		.4byte		.L5835
                                494 	.L5837:
  00000142 05  04               495 		.sleb128	4
  00000143 05  0000 0001        496 		.4byte		.L5814
  00000147 05  8201             497 		.uleb128	130
  00000149 05  7661 6c75 65     498 		.byte		"value"
  0000014e 05  00               499 		.byte		0
  0000014f 05  0000 0000        500 		.4byte		.L5824
  00000153 05  02               501 		.sleb128	2
  00000154 05  90               502 		.byte		0x90
  00000155 05  03               503 		.uleb128	3
                                504 		.section	.text_vle,,c
  000000a0 03  0303 12          505 	        .d2line         131
                                506 	.L5834:
                                507 	#$$ee
  000000a3 03  0200 0a          508 		.d2prologue_end
  000000a6 03  0f               509 	        .d2line         132
  000000dc 00  1803 a901        510 		cmpi		0,0,r3,256
  000000e0 00  e50e             511 		bc		1,1,.L5796
  000000a7 03  0303 1a          512 	        .d2line         135
  000000e2 00  70f8 e3f9        513 		e_lis		r7,-15367
  000000e6 00  4806             514 		se_li		r6,0
  000000e8 00  34c7 0609        515 		e_stb		r6,1545(r7)
                                516 	#$$vo
  000000ec 00  4813             517 		se_li		r3,1
  000000aa 03  27               518 	        .d2line         136
  000000ee 00  3467 062a        519 		e_stb		r3,1578(r7)
                                520 	#$$vo
  000000ab 03  17               521 	        .d2line         137
  000000f2 00  3467 060d        522 		e_stb		r3,1549(r7)
                                523 	#$$vo
  000000ac 03  17               524 	        .d2line         138
  000000f6 00  3467 060c        525 		e_stb		r3,1548(r7)
                                526 	#$$vo
  000000fa 00  0004             527 		se_blr
                                528 	.L5796:
  000000ad 03  0303 1a          529 	        .d2line         141
  000000fc 00  18e3 85fe        530 		e_addi		r7,r3,-257
  00000100 00  1887 a8ff        531 		cmpli		0,0,r7,255
  00000104 00  e50e             532 		bc		1,1,.L5794
  00000106 00  4803             533 		se_li		r3,0
  000000b0 03  0303 26          534 	        .d2line         144
  00000108 00  70d8 e3f9        535 		e_lis		r6,-15367
  0000010c 00  3466 0609        536 		e_stb		r3,1545(r6)
                                537 	#$$vo
  000000b3 03  1f               538 	        .d2line         145
  00000110 00  3466 062a        539 		e_stb		r3,1578(r6)
                                540 	#$$vo
  00000114 00  4813             541 		se_li		r3,1
  000000b4 03  1b               542 	        .d2line         146
  00000116 00  3466 060d        543 		e_stb		r3,1549(r6)
                                544 	#$$vo
  000000b5 03  17               545 	        .d2line         147
  0000011a 00  3466 060c        546 		e_stb		r3,1548(r6)
                                547 	#$$vo
  0000011e 00  0004             548 		se_blr
                                549 	.L5794:
  000000b6 03  0303 1a          550 	        .d2line         150
  00000120 00  18e3 85fd        551 		e_addi		r7,r3,-513
  00000124 00  1887 a8ff        552 		cmpli		0,0,r7,255
  00000128 00  e50f             553 		bc		1,1,.L5792
  0000012a 00  4803             554 		se_li		r3,0
  000000b9 03  0303 26          555 	        .d2line         153
  0000012c 00  70d8 e3f9        556 		e_lis		r6,-15367
  00000130 00  3466 0609        557 		e_stb		r3,1545(r6)
                                558 	#$$vo
  000000bc 03  1f               559 	        .d2line         154
  00000134 00  0167             560 		se_mr		r7,r6
  00000136 00  3466 062a        561 		e_stb		r3,1578(r6)
                                562 	#$$vo
  000000bd 03  1b               563 	        .d2line         155
  0000013a 00  3466 060d        564 		e_stb		r3,1549(r6)
                                565 	#$$vo
  000000be 03  17               566 	        .d2line         156
  0000013e 00  4816             567 		se_li		r6,1
  00000140 00  34c7 060c        568 		e_stb		r6,1548(r7)
                                569 	#$$vo
  00000144 00  0004             570 		se_blr
                                571 	.L5792:
  00000146 00  4803             572 		se_li		r3,0
  000000bf 03  0305 22          573 	        .d2line         161
  00000148 00  70d8 e3f9        574 		e_lis		r6,-15367
  0000014c 00  3466 0609        575 		e_stb		r3,1545(r6)
                                576 	#$$vo
  000000c2 03  1f               577 	        .d2line         162
  00000150 00  3466 062a        578 		e_stb		r3,1578(r6)
                                579 	#$$vo
  000000c3 03  17               580 	        .d2line         163
  00000154 00  3466 060d        581 		e_stb		r3,1549(r6)
                                582 	#$$vo
  000000c4 03  17               583 	        .d2line         164
  00000158 00  3466 060c        584 		e_stb		r3,1548(r6)
                                585 	#$$vo
                                586 	.L5797:
  000000c5 03  0305 16          587 	        .d2line         169
                                588 	#$$be
  000000c8 03  0200 0b01        589 		.d2epilogue_begin
                                590 	#$$tl 0x0 0x0 0x0
  0000015c 00  0004             591 		se_blr
                                592 	#$$ef
                                593 		.d2_cfa_end 2
                                594 		.section	.debug_info,,n
  00000156 05  00               595 		.sleb128	0
                                596 	.L5833:
                                597 		.section	.text_vle,,c
                                598 	.L5835:
                                599 		.type		showdata,@function
                                600 		.size		showdata,.-showdata
                                601 	# Number of nodes = 82
                                602 	
                                603 	# Allocations for showdata
                                604 	#	r3		value
                                605 	#	not allocated	$$32
                                606 	#	not allocated	$$33
                                607 	#	not allocated	$$34
                                608 	#	not allocated	$$35
                                609 	#	not allocated	$$36
                                610 	#	not allocated	$$37
                                611 	#	not allocated	$$38
                                612 	#	not allocated	$$39
                                613 	#	not allocated	$$40
                                614 	#	not allocated	$$41
                                615 	#	not allocated	$$42
                                616 	#	not allocated	$$43
                                617 	#	not allocated	$$44
                                618 	#	not allocated	$$45
                                619 	#	not allocated	$$46
                                620 	#	not allocated	$$47
                                621 	#	r3		$$48
                                622 	#	r3		$$49
                                623 	#	r3		$$50
                                624 	#	not allocated	$$51
                                625 	#	not allocated	$$52
                                626 	#	not allocated	$$53
                                627 	#	not allocated	$$54
                                628 	#	r3		$$55
                                629 	#	r3		$$56
                                630 	
                                631 	#$$bf
                                632 		.align		2
                                633 		.globl		showdataChanged
  00000060 02  0000 000c 0000   634 		.d2_cfa_start __local_cie
  00000066 02  0000 0000 0000       	
  0000006c 02  0000 00b6            	
                                635 	showdataChanged:
                                636 		.section	.debug_info,,n
                                637 	.L5842:
  00000157 05  02               638 		.sleb128	2
  00000158 05  0000 0191        639 		.4byte		.L5839-.L2
  0000015c 05  7368 6f77 6461   640 		.byte		"showdataChanged"
  00000162 05  7461 4368 616e       	
  00000168 05  6765 64              	
  0000016b 05  00               641 		.byte		0
  0000016c 05  0000 0001        642 		.4byte		.L5814
  00000170 05  aa01             643 		.uleb128	170
  00000172 05  01               644 		.byte		0x1
  00000173 05  01               645 		.byte		0x1
  00000174 05  0000 0000        646 		.4byte		.L5840
  00000178 05  0000 0000        647 		.4byte		.L5841
                                648 	.L5843:
  0000017c 05  04               649 		.sleb128	4
  0000017d 05  0000 0001        650 		.4byte		.L5814
  00000181 05  aa01             651 		.uleb128	170
  00000183 05  7661 6c75 65     652 		.byte		"value"
  00000188 05  00               653 		.byte		0
  00000189 05  0000 0000        654 		.4byte		.L5824
  0000018d 05  02               655 		.sleb128	2
  0000018e 05  90               656 		.byte		0x90
  0000018f 05  03               657 		.uleb128	3
                                658 		.section	.text_vle,,c
  000000cc 03  18               659 	        .d2line         171
                                660 	.L5840:
                                661 	#$$ee
  000000cd 03  0200 0a          662 		.d2prologue_end
  000000d0 03  0f               663 	        .d2line         172
  00000160 00  1803 a8cd        664 		cmpi		0,0,r3,205
  00000164 00  e50f             665 		bc		1,1,.L5805
  00000166 00  4803             666 		se_li		r3,0
  000000d1 03  0303 1e          667 	        .d2line         175
  00000168 00  70d8 e3f9        668 		e_lis		r6,-15367
  0000016c 00  3466 0609        669 		e_stb		r3,1545(r6)
                                670 	#$$vo
  000000d4 03  1f               671 	        .d2line         176
  00000170 00  3466 062a        672 		e_stb		r3,1578(r6)
                                673 	#$$vo
  000000d5 03  17               674 	        .d2line         177
  00000174 00  3466 060d        675 		e_stb		r3,1549(r6)
                                676 	#$$vo
  000000d6 03  17               677 	        .d2line         178
  00000178 00  3466 060c        678 		e_stb		r3,1548(r6)
                                679 	#$$vo
  000000d7 03  17               680 	        .d2line         179
  0000017c 00  3466 063e        681 		e_stb		r3,1598(r6)
                                682 	#$$vo
  00000180 00  0004             683 		se_blr
                                684 	.L5805:
  000000d8 03  0303 1a          685 	        .d2line         182
  00000182 00  18e3 8432        686 		e_addi		r7,r3,-206
  00000186 00  1887 a8cc        687 		cmpli		0,0,r7,204
  0000018a 00  e510             688 		bc		1,1,.L5803
  0000018c 00  4803             689 		se_li		r3,0
  000000db 03  0303 26          690 	        .d2line         185
  0000018e 00  70d8 e3f9        691 		e_lis		r6,-15367
  00000192 00  3466 0609        692 		e_stb		r3,1545(r6)
                                693 	#$$vo
  000000de 03  1f               694 	        .d2line         186
  00000196 00  3466 062a        695 		e_stb		r3,1578(r6)
                                696 	#$$vo
  000000df 03  17               697 	        .d2line         187
  0000019a 00  3466 060d        698 		e_stb		r3,1549(r6)
                                699 	#$$vo
  000000e0 03  17               700 	        .d2line         188
  0000019e 00  3466 060c        701 		e_stb		r3,1548(r6)
                                702 	#$$vo
  000000e1 03  17               703 	        .d2line         189
  000001a2 00  4817             704 		se_li		r7,1
  000001a4 00  34e6 063e        705 		e_stb		r7,1598(r6)
                                706 	#$$vo
  000001a8 00  0004             707 		se_blr
                                708 	.L5803:
  000000e2 03  0303 1e          709 	        .d2line         192
  000001aa 00  1ce3 fe65        710 		e_add16i	r7,r3,-411
  000001ae 00  1887 a8cc        711 		cmpli		0,0,r7,204
  000001b2 00  e510             712 		bc		1,1,.L5801
  000001b4 00  4803             713 		se_li		r3,0
  000000e5 03  0303 26          714 	        .d2line         195
  000001b6 00  70d8 e3f9        715 		e_lis		r6,-15367
  000001ba 00  3466 0609        716 		e_stb		r3,1545(r6)
                                717 	#$$vo
  000000e8 03  1f               718 	        .d2line         196
  000001be 00  3466 062a        719 		e_stb		r3,1578(r6)
                                720 	#$$vo
  000000e9 03  17               721 	        .d2line         197
  000001c2 00  3466 060d        722 		e_stb		r3,1549(r6)
                                723 	#$$vo
  000001c6 00  4813             724 		se_li		r3,1
  000000ea 03  1b               725 	        .d2line         198
  000001c8 00  3466 060c        726 		e_stb		r3,1548(r6)
                                727 	#$$vo
  000000eb 03  17               728 	        .d2line         199
  000001cc 00  3466 063e        729 		e_stb		r3,1598(r6)
                                730 	#$$vo
  000001d0 00  0004             731 		se_blr
                                732 	.L5801:
  000000ec 03  0303 1a          733 	        .d2line         202
  000001d2 00  1ce3 fd98        734 		e_add16i	r7,r3,-616
  000001d6 00  1887 a8cc        735 		cmpli		0,0,r7,204
  000001da 00  e510             736 		bc		1,1,.L5799
  000001dc 00  4803             737 		se_li		r3,0
  000000ef 03  0303 26          738 	        .d2line         205
  000001de 00  70d8 e3f9        739 		e_lis		r6,-15367
  000001e2 00  3466 0609        740 		e_stb		r3,1545(r6)
                                741 	#$$vo
  000000f2 03  1f               742 	        .d2line         206
  000001e6 00  3466 062a        743 		e_stb		r3,1578(r6)
                                744 	#$$vo
  000001ea 00  4813             745 		se_li		r3,1
  000000f3 03  1b               746 	        .d2line         207
  000001ec 00  3466 060d        747 		e_stb		r3,1549(r6)
                                748 	#$$vo
  000000f4 03  17               749 	        .d2line         208
  000001f0 00  3466 060c        750 		e_stb		r3,1548(r6)
                                751 	#$$vo
  000000f5 03  17               752 	        .d2line         209
  000001f4 00  3466 063e        753 		e_stb		r3,1598(r6)
                                754 	#$$vo
  000001f8 00  0004             755 		se_blr
                                756 	.L5799:
  000001fa 00  4813             757 		se_li		r3,1
  000000f6 03  0305 1e          758 	        .d2line         214
  000001fc 00  70d8 e3f9        759 		e_lis		r6,-15367
  00000200 00  3466 0609        760 		e_stb		r3,1545(r6)
                                761 	#$$vo
  000000f9 03  1f               762 	        .d2line         215
  00000204 00  3466 062a        763 		e_stb		r3,1578(r6)
                                764 	#$$vo
  000000fa 03  17               765 	        .d2line         216
  00000208 00  3466 060d        766 		e_stb		r3,1549(r6)
                                767 	#$$vo
  000000fb 03  17               768 	        .d2line         217
  0000020c 00  3466 060c        769 		e_stb		r3,1548(r6)
                                770 	#$$vo
  000000fc 03  17               771 	        .d2line         218
  00000210 00  3466 063e        772 		e_stb		r3,1598(r6)
                                773 	#$$vo
                                774 	.L5806:
  000000fd 03  0305 16          775 	        .d2line         223
                                776 	#$$be
  00000100 03  0200 0b01        777 		.d2epilogue_begin
                                778 	#$$tl 0x0 0x0 0x0
  00000214 00  0004             779 		se_blr
                                780 	#$$ef
                                781 		.d2_cfa_end 2
                                782 		.section	.debug_info,,n
  00000190 05  00               783 		.sleb128	0
                                784 	.L5839:
                                785 		.section	.text_vle,,c
                                786 	.L5841:
                                787 		.type		showdataChanged,@function
                                788 		.size		showdataChanged,.-showdataChanged
                                789 	# Number of nodes = 125
                                790 	
                                791 	# Allocations for showdataChanged
                                792 	#	r3		value
                                793 	#	not allocated	$$57
                                794 	#	not allocated	$$58
                                795 	#	not allocated	$$59
                                796 	#	not allocated	$$60
                                797 	#	not allocated	$$61
                                798 	#	not allocated	$$62
                                799 	#	not allocated	$$63
                                800 	#	not allocated	$$64
                                801 	#	not allocated	$$65
                                802 	#	not allocated	$$66
                                803 	#	not allocated	$$67
                                804 	#	not allocated	$$68
                                805 	#	not allocated	$$69
                                806 	#	not allocated	$$70
                                807 	#	not allocated	$$71
                                808 	#	not allocated	$$72
                                809 	#	not allocated	$$73
                                810 	#	not allocated	$$74
                                811 	#	not allocated	$$75
                                812 	#	not allocated	$$76
                                813 	#	not allocated	$$77
                                814 	#	not allocated	$$78
                                815 	#	not allocated	$$79
                                816 	#	not allocated	$$80
                                817 	#	not allocated	$$81
                                818 	#	not allocated	$$82
                                819 	#	not allocated	$$83
                                820 	#	not allocated	$$84
                                821 	#	not allocated	$$85
                                822 	#	not allocated	$$86
                                823 	#	r3		$$87
                                824 	#	r3		$$88
                                825 	#	r3		$$89
                                826 	#	r3		$$90
                                827 	#	r3		$$91
                                828 	#	r3		$$92
                                829 	#	r3		$$93
                                830 	
                                831 	#$$bf
                                832 		.align		2
                                833 		.globl		conf_timer1
  00000070 02  0000 000c 0000   834 		.d2_cfa_start __local_cie
  00000076 02  0000 0000 0000       	
  0000007c 02  0000 0002            	
                                835 	conf_timer1:
                                836 		.section	.debug_info,,n
                                837 	.L5848:
  00000191 05  02               838 		.sleb128	2
  00000192 05  0000 01b3        839 		.4byte		.L5845-.L2
  00000196 05  636f 6e66 5f74   840 		.byte		"conf_timer1"
  0000019c 05  696d 6572 31         	
  000001a1 05  00               841 		.byte		0
  000001a2 05  0000 0001        842 		.4byte		.L5814
  000001a6 05  e201             843 		.uleb128	226
  000001a8 05  01               844 		.byte		0x1
  000001a9 05  01               845 		.byte		0x1
  000001aa 05  0000 0000        846 		.4byte		.L5846
  000001ae 05  0000 0000        847 		.4byte		.L5847
                                848 		.section	.text_vle,,c
  00000104 03  0304 16          849 	        .d2line         227
                                850 	.L5846:
                                851 	#$$ee
  00000107 03  0200 0a          852 		.d2prologue_end
  0000010a 03  0308 0e          853 	        .d2line         235
                                854 	#$$be
  0000010d 03  0200 0b01        855 		.d2epilogue_begin
                                856 	#$$tl 0x0 0x0 0x0
  00000218 00  0004             857 		se_blr
                                858 	#$$ef
                                859 		.d2_cfa_end 2
                                860 		.section	.debug_info,,n
  000001b2 05  00               861 		.sleb128	0
                                862 	.L5845:
                                863 		.section	.text_vle,,c
                                864 	.L5847:
                                865 		.type		conf_timer1,@function
                                866 		.size		conf_timer1,.-conf_timer1
                                867 	# Number of nodes = 0
                                868 	
                                869 	# Allocations for conf_timer1
                                870 	
                                871 	#$$bf
                                872 		.align		2
                                873 		.globl		timer0_intr
  00000080 02  0000 000c 0000   874 		.d2_cfa_start __local_cie
  00000086 02  0000 0000 0000       	
  0000008c 02  0000 0012            	
                                875 	timer0_intr:
                                876 		.section	.debug_info,,n
                                877 	.L5853:
  000001b3 05  02               878 		.sleb128	2
  000001b4 05  0000 01d5        879 		.4byte		.L5850-.L2
  000001b8 05  7469 6d65 7230   880 		.byte		"timer0_intr"
  000001be 05  5f69 6e74 72         	
  000001c3 05  00               881 		.byte		0
  000001c4 05  0000 0001        882 		.4byte		.L5814
  000001c8 05  ed01             883 		.uleb128	237
  000001ca 05  01               884 		.byte		0x1
  000001cb 05  01               885 		.byte		0x1
  000001cc 05  0000 0000        886 		.4byte		.L5851
  000001d0 05  0000 0000        887 		.4byte		.L5852
                                888 		.section	.text_vle,,c
  00000111 03  0303 16          889 	        .d2line         238
                                890 	.L5851:
                                891 	#$$ee
  00000114 03  0200 0a          892 		.d2prologue_end
  0000021c 00  7078 e3f9        893 		e_lis		r3,50169
  00000220 00  7060 c609        894 		e_or2i		r3,1545
  00000117 03  20               895 	        .d2line         240
  00000224 00  8063             896 		se_lbz		r6,0(r3)
                                897 	#$$vo
  00000226 00  7cc6 30f8        898 		nor		r6,r6,r6
  0000022a 00  9063             899 		se_stb		r6,0(r3)
                                900 	#$$vo
  00000118 03  20               901 	        .d2line         242
                                902 	#$$be
  00000119 03  0200 0b01        903 		.d2epilogue_begin
                                904 	#$$tl 0x0 0x0 0x0
  0000022c 00  0004             905 		se_blr
                                906 	#$$ef
                                907 		.d2_cfa_end 2
                                908 		.section	.debug_info,,n
  000001d4 05  00               909 		.sleb128	0
                                910 	.L5850:
                                911 		.section	.text_vle,,c
                                912 	.L5852:
                                913 		.type		timer0_intr,@function
                                914 		.size		timer0_intr,.-timer0_intr
                                915 	# Number of nodes = 6
                                916 	
                                917 	# Allocations for timer0_intr
                                918 	#	not allocated	$$94
                                919 	#	not allocated	$$95
                                920 	#	not allocated	$$96
                                921 	#	r3		$$97
                                922 	
                                923 	#$$bf
                                924 		.align		2
                                925 		.globl		timer1_intr
  00000090 02  0000 000c 0000   926 		.d2_cfa_start __local_cie
  00000096 02  0000 0000 0000       	
  0000009c 02  0000 0002            	
                                927 	timer1_intr:
                                928 		.section	.debug_info,,n
                                929 	.L5858:
  000001d5 05  02               930 		.sleb128	2
  000001d6 05  0000 01f7        931 		.4byte		.L5855-.L2
  000001da 05  7469 6d65 7231   932 		.byte		"timer1_intr"
  000001e0 05  5f69 6e74 72         	
  000001e5 05  00               933 		.byte		0
  000001e6 05  0000 0001        934 		.4byte		.L5814
  000001ea 05  f301             935 		.uleb128	243
  000001ec 05  01               936 		.byte		0x1
  000001ed 05  01               937 		.byte		0x1
  000001ee 05  0000 0000        938 		.4byte		.L5856
  000001f2 05  0000 0000        939 		.4byte		.L5857
                                940 		.section	.text_vle,,c
  0000011d 03  18               941 	        .d2line         244
                                942 	.L5856:
                                943 	#$$ee
  0000011e 03  0200 0a          944 		.d2prologue_end
  00000121 03  0303 0e          945 	        .d2line         247
                                946 	#$$be
  00000124 03  0200 0b01        947 		.d2epilogue_begin
                                948 	#$$tl 0x0 0x0 0x0
  00000230 00  0004             949 		se_blr
                                950 	#$$ef
                                951 		.d2_cfa_end 2
                                952 		.section	.debug_info,,n
  000001f6 05  00               953 		.sleb128	0
                                954 	.L5855:
                                955 		.section	.text_vle,,c
                                956 	.L5857:
                                957 		.type		timer1_intr,@function
                                958 		.size		timer1_intr,.-timer1_intr
                                959 	# Number of nodes = 0
                                960 	
                                961 	# Allocations for timer1_intr
                                962 	
                                963 	# Allocations for module
                                964 		.section	.debug_abbrev,,n
  00000048 04  05               965 		.uleb128	5
  00000049 04  34               966 		.uleb128	52
  0000004a 04  00               967 		.byte		0x0
  0000004b 04  3f               968 		.uleb128	63
  0000004c 04  0c               969 		.uleb128	12
  0000004d 04  3a               970 		.uleb128	58
  0000004e 04  06               971 		.uleb128	6
  0000004f 04  3b               972 		.uleb128	59
  00000050 04  0f               973 		.uleb128	15
  00000051 04  03               974 		.uleb128	3
  00000052 04  08               975 		.uleb128	8
  00000053 04  49               976 		.uleb128	73
  00000054 04  10               977 		.uleb128	16
  00000055 04  02               978 		.uleb128	2
  00000056 04  09               979 		.uleb128	9
  00000057 04  00               980 		.uleb128	0
  00000058 04  00               981 		.uleb128	0
                                982 		.section	.debug_info,,n
                                983 	.L5859:
  000001f7 05  05               984 		.sleb128	5
  000001f8 05  01               985 		.byte		0x1
  000001f9 05  0000 0001        986 		.4byte		.L5814
  000001fd 05  09               987 		.uleb128	9
  000001fe 05  6a               988 		.byte		"j"
  000001ff 05  00               989 		.byte		0
  00000200 05  0000 0000        990 		.4byte		.L5860
  00000204 05  05               991 		.sleb128	5
  00000205 05  03               992 		.byte		0x3
  00000206 05  0000 0000        993 		.4byte		j
                                994 		.data
                                995 		.type		j,@object
                                996 		.size		j,32
                                997 		.align		2
                                998 		.globl		j
                                999 	j:
  00000000 07  0000 0009       1000 		.long		9
  00000004 07  0000 002a       1001 		.long		42
  00000008 07  0000 000d       1002 		.long		13
  0000000c 07  0000 000c       1003 		.long		12
  00000010 07  0000 003e       1004 		.long		62
  00000014 07  0000 003d       1005 		.long		61
  00000018 07  0000 003b       1006 		.long		59
  0000001c 07  0000 000b       1007 		.long		11
                               1008 		.section	.debug_info,,n
                               1009 	.L5862:
  0000020a 05  05              1010 		.sleb128	5
  0000020b 05  01              1011 		.byte		0x1
  0000020c 05  0000 0001       1012 		.4byte		.L5814
  00000210 05  0a              1013 		.uleb128	10
  00000211 05  6b              1014 		.byte		"k"
  00000212 05  00              1015 		.byte		0
  00000213 05  0000 0000       1016 		.4byte		.L5824
  00000217 05  05              1017 		.sleb128	5
  00000218 05  03              1018 		.byte		0x3
  00000219 05  0000 0000       1019 		.4byte		k
                               1020 		.sdata
                               1021 		.type		k,@object
                               1022 		.size		k,4
                               1023 		.align		2
                               1024 		.globl		k
                               1025 	k:
  00000000 08  0000 0000       1026 		.long		0
                               1027 		.section	.debug_info,,n
                               1028 	.L5863:
  0000021d 05  05              1029 		.sleb128	5
  0000021e 05  01              1030 		.byte		0x1
  0000021f 05  0000 0001       1031 		.4byte		.L5814
  00000223 05  0b              1032 		.uleb128	11
  00000224 05  69              1033 		.byte		"i"
  00000225 05  00              1034 		.byte		0
  00000226 05  0000 0000       1035 		.4byte		.L5824
  0000022a 05  05              1036 		.sleb128	5
  0000022b 05  03              1037 		.byte		0x3
  0000022c 05  0000 0000       1038 		.4byte		i
                               1039 		.sdata
                               1040 		.align		2
                               1041 	#	Begin local data area
                               1042 	#	LDA + 0
                               1043 		.type		i,@object
                               1044 		.size		i,4
                               1045 		.align		2
                               1046 		.globl		i
                               1047 	i:
  00000004 08  0000 0000       1048 		.long		0
                               1049 		.section	.debug_abbrev,,n
  00000059 04  06              1050 		.uleb128	6
  0000005a 04  24              1051 		.uleb128	36
  0000005b 04  00              1052 		.byte		0x0
  0000005c 04  03              1053 		.uleb128	3
  0000005d 04  08              1054 		.uleb128	8
  0000005e 04  3e              1055 		.uleb128	62
  0000005f 04  0b              1056 		.uleb128	11
  00000060 04  0b              1057 		.uleb128	11
  00000061 04  0b              1058 		.uleb128	11
  00000062 04  00              1059 		.uleb128	0
  00000063 04  00              1060 		.uleb128	0
                               1061 		.section	.debug_info,,n
                               1062 	.L5824:
  00000230 05  06              1063 		.sleb128	6
  00000231 05  696e 74         1064 		.byte		"int"
  00000234 05  00              1065 		.byte		0
  00000235 05  05              1066 		.byte		0x5
  00000236 05  04              1067 		.byte		0x4
                               1068 		.section	.debug_abbrev,,n
  00000064 04  07              1069 		.uleb128	7
  00000065 04  01              1070 		.uleb128	1
  00000066 04  01              1071 		.byte		0x1
  00000067 04  01              1072 		.uleb128	1
  00000068 04  13              1073 		.uleb128	19
  00000069 04  49              1074 		.uleb128	73
  0000006a 04  10              1075 		.uleb128	16
  0000006b 04  00              1076 		.uleb128	0
  0000006c 04  00              1077 		.uleb128	0
                               1078 		.section	.debug_info,,n
                               1079 	.L5860:
  00000237 05  07              1080 		.sleb128	7
  00000238 05  0000 0243       1081 		.4byte		.L5861-.L2
  0000023c 05  0000 0000       1082 		.4byte		.L5824
                               1083 		.section	.debug_abbrev,,n
  0000006d 04  08              1084 		.uleb128	8
  0000006e 04  21              1085 		.uleb128	33
  0000006f 04  00              1086 		.byte		0x0
  00000070 04  2f              1087 		.uleb128	47
  00000071 04  0f              1088 		.uleb128	15
  00000072 04  00              1089 		.uleb128	0
  00000073 04  00              1090 		.uleb128	0
                               1091 		.section	.debug_info,,n
  00000240 05  08              1092 		.sleb128	8
  00000241 05  07              1093 		.uleb128	7
  00000242 05  00              1094 		.sleb128	0
                               1095 	.L5861:
                               1096 	.L7:
  00000243 05  00              1097 		.sleb128	0
                               1098 	.L3:
                               1099 		.section	.text_vle,,c
                               1100 	.L5:
                               1101 	.L5814: 	.d2filenum "C:\\Users\\kucha\\Downloads\\Unit1\\task2.c"
  00000128 03  0005 0200 0000  1102 		.d2_line_end
  0000012e 03  0000 0101            	
                               1103 		.section	.debug_abbrev,,n
  00000074 04  00              1104 		.sleb128	0
