                                  1 	#$$m2		- PowerPC mnemonics
                                  2 	#$$pVLE		- PowerPC VLE encoding
                                  3 	#$$oPPC5534  - Optimized for PPC5534
                                  4 	#$$ko 9		- Reorder info
                                  5 		.file		"main.c"
                                  6 	#$$eb
                                  7 	#$$sz 0
                                  8 	#$$fp 0
                                  9 		.section	.PPC.EMB.apuinfo,,@note
  00000000 01  0000 0008         10 		.4byte		8
  00000004 01  0000 0004         11 		.4byte		4
  00000008 01  0000 0002         12 		.4byte		2
  0000000c 01  4150 5569 6e66    13 		.byte		"APUinfo"
  00000012 01  6f                   	
  00000013 01  00                14 		.byte		0
                                 15 		.align		2
  00000014 01  0104 0001         16 		.4byte		0x01040001
                                 17 		.section	.text_vle,,c
                                 18 		.section	.debug_frame,,n
                                 19 	__local_cie: 
  00000000 02  0000 0010         20 		.word	.LE-.LS
                                 21 	.LS:
  00000004 02  ffff ffff         22 		.word	-1
  00000008 02  01                23 		.byte	1
  00000009 02  00                24 		.byte	0
  0000000a 02  04                25 		.uleb128	4
  0000000b 02  7c                26 		.sleb128	-4
  0000000c 02  6c                27 		.byte	108
  0000000d 02  0c                28 		.byte	0x0c
  0000000e 02  01                29 		.byte	1
  0000000f 02  00                30 		.byte	0
  00000010 02  08                31 		.byte	8
  00000011 02  6c                32 		.byte	108
                                 33 		.fill           (.LS-.)&3
                                 34 	.LE:
                                 35 		.section	.debug_line,,n
                                 36 	.L8:
                                 37 		.section	.text_vle,,c
                                 38 	.L4:
  00000000 00                    39 		.0byte		.L2
  00000000 03  0000 00f4 0002    40 		.d2_line_start	.debug_line
  00000006 03  0000 0013 0201       	
  0000000c 03  ff04 0d00 0101       	
  00000012 03  0101 0000 0001       	
  00000018 03  0000 0100 00         	
                                 41 		.section	.debug_abbrev,,n
                                 42 	.L9:
                                 43 		.section	.debug_info,,n
                                 44 	.L2:
  00000000 05  0000 019f         45 		.4byte		.L3-.L1
                                 46 	.L1:
  00000004 05  0002              47 		.2byte		0x2
  00000006 05  0000 0000         48 		.4byte		.L9
  0000000a 05  04                49 		.byte		0x4
                                 50 		.section	.debug_abbrev,,n
  00000000 04  01                51 		.uleb128	1
  00000001 04  11                52 		.uleb128	17
  00000002 04  01                53 		.byte		0x1
  00000003 04  01                54 		.uleb128	1
  00000004 04  13                55 		.uleb128	19
  00000005 04  03                56 		.uleb128	3
  00000006 04  08                57 		.uleb128	8
  00000007 04  25                58 		.uleb128	37
  00000008 04  08                59 		.uleb128	8
  00000009 04  1b                60 		.uleb128	27
  0000000a 04  08                61 		.uleb128	8
  0000000b 04  13                62 		.uleb128	19
  0000000c 04  0f                63 		.uleb128	15
  0000000d 04  11                64 		.uleb128	17
  0000000e 04  01                65 		.uleb128	1
  0000000f 04  12                66 		.uleb128	18
  00000010 04  01                67 		.uleb128	1
  00000011 04  10                68 		.uleb128	16
  00000012 04  06                69 		.uleb128	6
  00000013 04  00                70 		.uleb128	0
  00000014 04  00                71 		.uleb128	0
                                 72 		.section	.debug_info,,n
  0000000b 05  01                73 		.sleb128	1
  0000000c 05  0000 01a2         74 		.4byte		.L7-.L2
  00000010 05  433a 5c55 7365    75 		.byte		"C:\\Users\\venr\\Downloads\\2015_Unit1\\Unit1 - Task 3 - Subtask 1\
  00000016 05  7273 5c76 656e       	\src\\main.c"
  0000001c 05  725c 446f 776e       	
  00000022 05  6c6f 6164 735c       	
  00000028 05  3230 3135 5f55       	
  0000002e 05  6e69                 	
  00000058 05  00                76 		.byte		0
  00000059 05  4469 6162 2044    77 		.byte		"Diab Data, Inc:dcc Rel 5.7.0.0:PPC5534"
  0000005f 05  6174 612c 2049       	
  00000065 05  6e63 3a64 6363       	
  0000006b 05  2052 656c 2035       	
  00000071 05  2e37 2e30 2e30       	
  00000077 05  3a50                 	
  0000007f 05  00                78 		.byte		0
  00000080 05  433a 5c55 7365    79 		.byte		"C:\\Users\\venr\\Downloads\\2015_Unit1\\Unit1 - Task 3 - Subtask 1"
  00000086 05  7273 5c76 656e       	
  0000008c 05  725c 446f 776e       	
  00000092 05  6c6f 6164 735c       	
  00000098 05  3230 3135 5f55       	
  0000009e 05  6e69                 	
  000000bd 05  00                80 		.byte		0
  000000be 05  01                81 		.uleb128	1
  000000bf 05  0000 0000         82 		.4byte		.L4
  000000c3 05  0000 0000         83 		.4byte		.L5
  000000c7 05  0000 0000         84 		.4byte		.L8
                                 85 		.section	.text_vle,,c
                                 86 	
                                 87 	#$$bf
                                 88 		.align		2
                                 89 		.globl		configure_io
  00000014 02  0000 000c 0000    90 		.d2_cfa_start __local_cie
  0000001a 02  0000 0000 0000       	
  00000020 02  0000 0042            	
                                 91 	configure_io:
                                 92 		.section	.debug_abbrev,,n
  00000015 04  02                93 		.uleb128	2
  00000016 04  2e                94 		.uleb128	46
  00000017 04  01                95 		.byte		0x1
  00000018 04  01                96 		.uleb128	1
  00000019 04  13                97 		.uleb128	19
  0000001a 04  03                98 		.uleb128	3
  0000001b 04  08                99 		.uleb128	8
  0000001c 04  3a               100 		.uleb128	58
  0000001d 04  06               101 		.uleb128	6
  0000001e 04  3b               102 		.uleb128	59
  0000001f 04  0f               103 		.uleb128	15
  00000020 04  3f               104 		.uleb128	63
  00000021 04  0c               105 		.uleb128	12
  00000022 04  27               106 		.uleb128	39
  00000023 04  0c               107 		.uleb128	12
  00000024 04  11               108 		.uleb128	17
  00000025 04  01               109 		.uleb128	1
  00000026 04  12               110 		.uleb128	18
  00000027 04  01               111 		.uleb128	1
  00000028 04  00               112 		.uleb128	0
  00000029 04  00               113 		.uleb128	0
                                114 		.section	.debug_info,,n
                                115 	.L5812:
  000000cb 05  02               116 		.sleb128	2
  000000cc 05  0000 00ed        117 		.4byte		.L5808-.L2
  000000d0 05  636f 6e66 6967   118 		.byte		"configure_io"
  000000d6 05  7572 655f 696f       	
  000000dc 05  00               119 		.byte		0
  000000dd 05  0000 0001        120 		.4byte		.L5811
  000000e1 05  08               121 		.uleb128	8
  000000e2 05  01               122 		.byte		0x1
  000000e3 05  01               123 		.byte		0x1
  000000e4 05  0000 0000        124 		.4byte		.L5809
  000000e8 05  0000 0000        125 		.4byte		.L5810
                                126 		.section	.text_vle,,c
  0000001d 03  0054 0343 3a5c   127 		.d2file		"C:\\Users\\venr\\Downloads\\2015_Unit1\\Unit1 - Task 3 - Subtask 1\
  00000023 03  5c55 7365 7273       	\src\\main.c"
  00000029 03  5c5c 7665 6e72       	
  0000002f 03  5c5c 446f 776e       	
  00000035 03  6c6f 6164 735c       	
  0000003b 03  5c32                 	
  00000075 03  0005 0200 0000   128 	        .d2line         9
  0000007b 03  0003 080e            	
                                129 	.L5809:
                                130 	#$$ee
  0000007f 03  0200 0a          131 		.d2prologue_end
  00000000 00  6363             132 		se_bgeni		r3,22
  00000082 03  0304 12          133 	        .d2line         13
  00000002 00  70d8 e3f9        134 		e_lis		r6,-15367
  00000006 00  5c66 0052        135 		e_sth		r3,82(r6)
                                136 	#$$vo
  00000085 03  1f               137 	        .d2line         14
  0000000a 00  5c66 0094        138 		e_sth		r3,148(r6)
                                139 	#$$vo
  00000086 03  17               140 	        .d2line         15
  0000000e 00  5c66 005a        141 		e_sth		r3,90(r6)
                                142 	#$$vo
  00000087 03  17               143 	        .d2line         16
  00000012 00  5c66 0058        144 		e_sth		r3,88(r6)
                                145 	#$$vo
  00000088 03  17               146 	        .d2line         17
  00000016 00  5c66 00bc        147 		e_sth		r3,188(r6)
                                148 	#$$vo
  00000089 03  17               149 	        .d2line         18
  0000001a 00  5c66 00ba        150 		e_sth		r3,186(r6)
                                151 	#$$vo
  0000008a 03  17               152 	        .d2line         19
  0000001e 00  5c66 00b6        153 		e_sth		r3,182(r6)
                                154 	#$$vo
  0000008b 03  17               155 	        .d2line         20
  00000022 00  5c66 0056        156 		e_sth		r3,86(r6)
                                157 	#$$vo
  00000026 00  6373             158 		se_bgeni		r3,23
  0000008c 03  0304 1a          159 	        .d2line         24
  00000028 00  5c66 0040        160 		e_sth		r3,64(r6)
                                161 	#$$vo
  0000008f 03  17               162 	        .d2line         25
  0000002c 00  5c66 0042        163 		e_sth		r3,66(r6)
                                164 	#$$vo
  00000090 03  17               165 	        .d2line         26
  00000030 00  5c66 0098        166 		e_sth		r3,152(r6)
                                167 	#$$vo
  00000091 03  17               168 	        .d2line         27
  00000034 00  5c66 0048        169 		e_sth		r3,72(r6)
                                170 	#$$vo
  00000092 03  17               171 	        .d2line         28
  00000038 00  5c66 0046        172 		e_sth		r3,70(r6)
                                173 	#$$vo
  00000093 03  17               174 	        .d2line         29
  0000003c 00  5c66 0044        175 		e_sth		r3,68(r6)
                                176 	#$$vo
  00000094 03  18               177 	        .d2line         31
                                178 	#$$be
  00000095 03  0200 0b01        179 		.d2epilogue_begin
                                180 	#$$tl 0x0 0x0 0x0
  00000040 00  0004             181 		se_blr
                                182 	#$$ef
                                183 		.d2_cfa_end 2
                                184 		.section	.debug_info,,n
  000000ec 05  00               185 		.sleb128	0
                                186 	.L5808:
                                187 		.section	.text_vle,,c
                                188 	.L5810:
                                189 		.type		configure_io,@function
                                190 		.size		configure_io,.-configure_io
                                191 	# Number of nodes = 56
                                192 	
                                193 	# Allocations for configure_io
                                194 	#	not allocated	$$1
                                195 	#	not allocated	$$2
                                196 	#	not allocated	$$3
                                197 	#	not allocated	$$4
                                198 	#	not allocated	$$5
                                199 	#	not allocated	$$6
                                200 	#	not allocated	$$7
                                201 	#	not allocated	$$8
                                202 	#	not allocated	$$9
                                203 	#	not allocated	$$10
                                204 	#	not allocated	$$11
                                205 	#	not allocated	$$12
                                206 	#	not allocated	$$13
                                207 	#	not allocated	$$14
                                208 	#	r3		$$15
                                209 	#	r3		$$16
                                210 	
                                211 	#$$bf
                                212 		.align		2
                                213 		.globl		main
  00000024 02  0000 0020 0000   214 		.d2_cfa_start __local_cie
  0000002a 02  0000 0000 0000       	
  00000030 02  0000 0144            	
                                215 	main:
                                216 		.section	.debug_info,,n
                                217 	.L5852:
  000000ed 05  02               218 		.sleb128	2
  000000ee 05  0000 0107        219 		.4byte		.L5849-.L2
  000000f2 05  6d61 696e        220 		.byte		"main"
  000000f6 05  00               221 		.byte		0
  000000f7 05  0000 0001        222 		.4byte		.L5811
  000000fb 05  23               223 		.uleb128	35
  000000fc 05  01               224 		.byte		0x1
  000000fd 05  01               225 		.byte		0x1
  000000fe 05  0000 0000        226 		.4byte		.L5850
  00000102 05  0000 0000        227 		.4byte		.L5851
                                228 		.section	.text_vle,,c
  00000099 03  0305 16          229 	        .d2line         36
                                230 	.L5850:
  00000044 00  1821 06e0        231 		e_stwu		r1,-32(r1)
  00000034 02  410e 20          232 		.d2_cfa_def_cfa_offset	32
  00000048 00  0080             233 		se_mflr		r0,lr
                                234 	#$$br
  0000004a 00  1b41 0908        235 		e_stmw		r26,8(r1)
  00000037 02  419a 069b 059c   236 		.d2_cfa_offset_list	26,31,6,-1
  0000003d 02  049d 039e 029f       	
  00000043 02  01                   	
                                237 	#$$er
  0000004e 00  d901             238 		se_stw		r0,36(r1)
  00000044 02  116c 7f          239 		.d2_cfa_offset    108,-1
                                240 	#$$ee
  0000009c 03  0206 0a          241 		.d2prologue_end
  0000009f 03  10               242 	        .d2line         38
                                243 	#$$fn 0x1ff8 0 0 0x1
                                244 	#$$tl 0x0 0x0 0x0
                                245 	#$$rs 0
  00000050 00  7800 0001        246 		bl		init
  00000054 00  7078 e3f9 7061   247 		e_lis		r3,-15367	; e_or2i	r3,r3,2048
  0000005a 00  c000                 	
  0000005c 00  7098 e3f9        248 		e_lis		r4,50169
  00000060 00  7081 c002        249 		e_or2i		r4,2050
                                250 	.L5836:
  00000064 00  014e             251 		se_mr		r30,r4
  00000066 00  0135             252 		se_mr		r5,r3
                                253 	.L5847:
  00000068 00  015a             254 		se_mr		r26,r5
                                255 	.L5846:
  0000006a 00  01ab             256 		se_mr		r27,r26
                                257 	.L5845:
  0000006c 00  01bc             258 		se_mr		r28,r27
                                259 	.L5844:
  0000006e 00  01cd             260 		se_mr		r29,r28
                                261 	.L5843:
  00000070 00  01df             262 		se_mr		r31,r29
                                263 	.L5842:
  000000a0 03  0311 52          264 	        .d2line         55
  00000072 00  807f             265 		se_lbz		r7,0(r31)
                                266 	#$$vo
  00000074 00  2a07             267 		se_cmpi		r7,0
  00000076 00  e207             268 		bc		0,2,.L5789
  000000a3 03  1b               269 	        .d2line         56
  00000078 00  70f8 e3f9        270 		e_lis		r7,-15367
  0000007c 00  4806             271 		se_li		r6,0
  0000007e 00  34c7 0609        272 		e_stb		r6,1545(r7)
                                273 	#$$vo
  00000082 00  e839             274 		b		.L5790
                                275 	.L5789:
  000000a4 03  27               276 	        .d2line         57
  00000084 00  70f8 e3f9        277 		e_lis		r7,-15367
  00000088 00  30e7 0801        278 		e_lbz		r7,2049(r7)
                                279 	#$$vo
  0000008c 00  2a07             280 		se_cmpi		r7,0
  0000008e 00  e207             281 		bc		0,2,.L5787
  000000a5 03  27               282 	        .d2line         58
  00000090 00  70f8 e3f9        283 		e_lis		r7,-15367
  00000094 00  4806             284 		se_li		r6,0
  00000096 00  34c7 062a        285 		e_stb		r6,1578(r7)
                                286 	#$$vo
  0000009a 00  e82d             287 		b		.L5790
                                288 	.L5787:
  000000a6 03  27               289 	        .d2line         59
  0000009c 00  70f8 e3f9        290 		e_lis		r7,-15367
  000000a0 00  30e7 082c        291 		e_lbz		r7,2092(r7)
                                292 	#$$vo
  000000a4 00  2a07             293 		se_cmpi		r7,0
  000000a6 00  e207             294 		bc		0,2,.L5785
  000000a7 03  27               295 	        .d2line         60
  000000a8 00  70f8 e3f9        296 		e_lis		r7,-15367
  000000ac 00  4806             297 		se_li		r6,0
  000000ae 00  34c7 060d        298 		e_stb		r6,1549(r7)
                                299 	#$$vo
  000000b2 00  e821             300 		b		.L5790
                                301 	.L5785:
  000000a8 03  27               302 	        .d2line         61
  000000b4 00  70f8 e3f9        303 		e_lis		r7,-15367
  000000b8 00  30e7 0804        304 		e_lbz		r7,2052(r7)
                                305 	#$$vo
  000000bc 00  2a07             306 		se_cmpi		r7,0
  000000be 00  e207             307 		bc		0,2,.L5783
  000000a9 03  27               308 	        .d2line         62
  000000c0 00  70f8 e3f9        309 		e_lis		r7,-15367
  000000c4 00  4806             310 		se_li		r6,0
  000000c6 00  34c7 060c        311 		e_stb		r6,1548(r7)
                                312 	#$$vo
  000000ca 00  e815             313 		b		.L5790
                                314 	.L5783:
  000000aa 03  27               315 	        .d2line         63
  000000cc 00  70f8 e3f9        316 		e_lis		r7,-15367
  000000d0 00  30e7 0803        317 		e_lbz		r7,2051(r7)
                                318 	#$$vo
  000000d4 00  2a07             319 		se_cmpi		r7,0
  000000d6 00  e207             320 		bc		0,2,.L5781
  000000ab 03  27               321 	        .d2line         64
  000000d8 00  70f8 e3f9        322 		e_lis		r7,-15367
  000000dc 00  4806             323 		se_li		r6,0
  000000de 00  34c7 063e        324 		e_stb		r6,1598(r7)
                                325 	#$$vo
  000000e2 00  e809             326 		b		.L5790
                                327 	.L5781:
  000000ac 03  27               328 	        .d2line         65
  000000e4 00  807e             329 		se_lbz		r7,0(r30)
                                330 	#$$vo
  000000e6 00  2a07             331 		se_cmpi		r7,0
  000000e8 00  e206             332 		bc		0,2,.L5790
  000000ad 03  1b               333 	        .d2line         66
  000000ea 00  70f8 e3f9        334 		e_lis		r7,-15367
  000000ee 00  4806             335 		se_li		r6,0
  000000f0 00  34c7 063d        336 		e_stb		r6,1597(r7)
                                337 	#$$vo
                                338 	.L5790:
  000000ae 03  24               339 	        .d2line         68
  000000f4 00  807f             340 		se_lbz		r7,0(r31)
                                341 	#$$vo
  000000f6 00  2a17             342 		se_cmpi		r7,1
  000000f8 00  e207             343 		bc		0,2,.L5800
  000000af 03  1b               344 	        .d2line         69
  000000fa 00  70f8 e3f9        345 		e_lis		r7,-15367
  000000fe 00  4816             346 		se_li		r6,1
  00000100 00  34c7 0609        347 		e_stb		r6,1545(r7)
                                348 	#$$vo
  00000104 00  e8b7             349 		b		.L5842
                                350 	.L5800:
  000000b0 03  27               351 	        .d2line         70
  00000106 00  70f8 e3f9        352 		e_lis		r7,-15367
  0000010a 00  30e7 0801        353 		e_lbz		r7,2049(r7)
                                354 	#$$vo
  0000010e 00  2a17             355 		se_cmpi		r7,1
  00000110 00  e207             356 		bc		0,2,.L5798
  000000b1 03  27               357 	        .d2line         71
  00000112 00  70f8 e3f9        358 		e_lis		r7,-15367
  00000116 00  4816             359 		se_li		r6,1
  00000118 00  34c7 062a        360 		e_stb		r6,1578(r7)
                                361 	#$$vo
  0000011c 00  e8aa             362 		b		.L5843
                                363 	.L5798:
  000000b2 03  27               364 	        .d2line         72
  0000011e 00  70f8 e3f9        365 		e_lis		r7,-15367
  00000122 00  30e7 082c        366 		e_lbz		r7,2092(r7)
                                367 	#$$vo
  00000126 00  2a17             368 		se_cmpi		r7,1
  00000128 00  e207             369 		bc		0,2,.L5796
  000000b3 03  27               370 	        .d2line         73
  0000012a 00  70f8 e3f9        371 		e_lis		r7,-15367
  0000012e 00  4816             372 		se_li		r6,1
  00000130 00  34c7 060d        373 		e_stb		r6,1549(r7)
                                374 	#$$vo
  00000134 00  e89d             375 		b		.L5844
                                376 	.L5796:
  000000b4 03  27               377 	        .d2line         74
  00000136 00  70f8 e3f9        378 		e_lis		r7,-15367
  0000013a 00  30e7 0804        379 		e_lbz		r7,2052(r7)
                                380 	#$$vo
  0000013e 00  2a17             381 		se_cmpi		r7,1
  00000140 00  e207             382 		bc		0,2,.L5794
  000000b5 03  27               383 	        .d2line         75
  00000142 00  70f8 e3f9        384 		e_lis		r7,-15367
  00000146 00  4816             385 		se_li		r6,1
  00000148 00  34c7 060c        386 		e_stb		r6,1548(r7)
                                387 	#$$vo
  0000014c 00  e890             388 		b		.L5845
                                389 	.L5794:
  000000b6 03  27               390 	        .d2line         76
  0000014e 00  70f8 e3f9        391 		e_lis		r7,-15367
  00000152 00  30e7 0803        392 		e_lbz		r7,2051(r7)
                                393 	#$$vo
  00000156 00  2a17             394 		se_cmpi		r7,1
  00000158 00  e207             395 		bc		0,2,.L5792
  000000b7 03  27               396 	        .d2line         77
  0000015a 00  70f8 e3f9        397 		e_lis		r7,-15367
  0000015e 00  4816             398 		se_li		r6,1
  00000160 00  34c7 063e        399 		e_stb		r6,1598(r7)
                                400 	#$$vo
  00000164 00  e883             401 		b		.L5846
                                402 	.L5792:
  000000b8 03  27               403 	        .d2line         78
  00000166 00  807e             404 		se_lbz		r7,0(r30)
                                405 	#$$vo
  00000168 00  2a17             406 		se_cmpi		r7,1
  0000016a 00  7a02 fefe        407 		bc		0,2,.L5847
  000000b9 03  1f               408 	        .d2line         79
  0000016e 00  70f8 e3f9        409 		e_lis		r7,-15367
  00000172 00  4816             410 		se_li		r6,1
  00000174 00  34c7 063d        411 		e_stb		r6,1597(r7)
                                412 	#$$vo
  000000ba 03  24               413 	        .d2line         81
  00000178 00  79ff feec        414 		b		.L5836
  000000bb 03  18               415 	        .d2line         83
                                416 	#$$be
  000000bc 03  0200 0b01        417 		.d2epilogue_begin
                                418 	#$$br
                                419 	#$$er
  0000017c 00  c901             420 		se_lwz		r0,36(r1)
  0000017e 00  1b41 0808        421 		e_lmw		r26,8(r1)
  00000182 00  0090             422 		se_mtlr		r0
  00000184 00  21f1             423 		se_addi		r1,32
                                424 	#$$tl 0x0 0x0 0x0
  00000186 00  0004             425 		se_blr
                                426 	#$$ef
                                427 		.d2_cfa_end 2
                                428 		.section	.debug_info,,n
  00000106 05  00               429 		.sleb128	0
                                430 	.L5849:
                                431 		.section	.text_vle,,c
                                432 	.L5851:
                                433 		.type		main,@function
                                434 		.size		main,.-main
                                435 	# Number of nodes = 121
                                436 	
                                437 	# Allocations for main
                                438 	#	not allocated	$$17
                                439 	#	not allocated	$$18
                                440 	#	not allocated	$$19
                                441 	#	not allocated	$$20
                                442 	#	not allocated	$$21
                                443 	#	not allocated	$$22
                                444 	#	not allocated	$$23
                                445 	#	not allocated	$$24
                                446 	#	not allocated	$$25
                                447 	#	not allocated	$$26
                                448 	#	not allocated	$$27
                                449 	#	not allocated	$$28
                                450 	#	not allocated	$$29
                                451 	#	not allocated	$$30
                                452 	#	not allocated	$$31
                                453 	#	not allocated	$$32
                                454 	#	not allocated	$$33
                                455 	#	not allocated	$$34
                                456 	#	not allocated	$$35
                                457 	#	not allocated	$$36
                                458 	#	not allocated	$$37
                                459 	#	not allocated	$$38
                                460 	#	not allocated	$$39
                                461 	#	not allocated	$$40
                                462 	#	r31		$$41
                                463 	#	r29		$$42
                                464 	#	r28		$$43
                                465 	#	r27		$$44
                                466 	#	r26		$$45
                                467 	#	r5		$$46
                                468 	#	r30		$$47
                                469 	#	r4		$$48
                                470 	#	r3		$$49
                                471 	
                                472 	#$$bf
                                473 		.align		2
                                474 		.globl		showdata
  00000048 02  0000 000c 0000   475 		.d2_cfa_start __local_cie
  0000004e 02  0000 0000 0000       	
  00000054 02  0000 0002            	
                                476 	showdata:
                                477 		.section	.debug_info,,n
                                478 	.L5857:
  00000107 05  02               479 		.sleb128	2
  00000108 05  0000 0138        480 		.4byte		.L5854-.L2
  0000010c 05  7368 6f77 6461   481 		.byte		"showdata"
  00000112 05  7461                 	
  00000114 05  00               482 		.byte		0
  00000115 05  0000 0001        483 		.4byte		.L5811
  00000119 05  58               484 		.uleb128	88
  0000011a 05  01               485 		.byte		0x1
  0000011b 05  01               486 		.byte		0x1
  0000011c 05  0000 0000        487 		.4byte		.L5855
  00000120 05  0000 0000        488 		.4byte		.L5856
                                489 		.section	.debug_abbrev,,n
  0000002a 04  03               490 		.uleb128	3
  0000002b 04  05               491 		.uleb128	5
  0000002c 04  00               492 		.byte		0x0
  0000002d 04  3a               493 		.uleb128	58
  0000002e 04  06               494 		.uleb128	6
  0000002f 04  3b               495 		.uleb128	59
  00000030 04  0f               496 		.uleb128	15
  00000031 04  03               497 		.uleb128	3
  00000032 04  08               498 		.uleb128	8
  00000033 04  49               499 		.uleb128	73
  00000034 04  10               500 		.uleb128	16
  00000035 04  02               501 		.uleb128	2
  00000036 04  09               502 		.uleb128	9
  00000037 04  00               503 		.uleb128	0
  00000038 04  00               504 		.uleb128	0
                                505 		.section	.debug_info,,n
                                506 	.L5858:
  00000124 05  03               507 		.sleb128	3
  00000125 05  0000 0001        508 		.4byte		.L5811
  00000129 05  58               509 		.uleb128	88
  0000012a 05  7661 6c75 65     510 		.byte		"value"
  0000012f 05  00               511 		.byte		0
  00000130 05  0000 0000        512 		.4byte		.L5859
  00000134 05  02               513 		.sleb128	2
  00000135 05  90               514 		.byte		0x90
  00000136 05  03               515 		.uleb128	3
                                516 		.section	.text_vle,,c
  000000c0 03  0306 26          517 	        .d2line         89
                                518 	.L5855:
                                519 	#$$ee
  000000c3 03  0200 0a          520 		.d2prologue_end
  000000c6 03  10               521 	        .d2line         91
                                522 	#$$be
  000000c7 03  0200 0b01        523 		.d2epilogue_begin
                                524 	#$$tl 0x0 0x0 0x0
  00000188 00  0004             525 		se_blr
                                526 	#$$ef
                                527 		.d2_cfa_end 2
                                528 		.section	.debug_info,,n
  00000137 05  00               529 		.sleb128	0
                                530 	.L5854:
                                531 		.section	.text_vle,,c
                                532 	.L5856:
                                533 		.type		showdata,@function
                                534 		.size		showdata,.-showdata
                                535 	# Number of nodes = 0
                                536 	
                                537 	# Allocations for showdata
                                538 	#	not allocated	value
                                539 	
                                540 	#$$bf
                                541 		.align		2
                                542 		.globl		conf_timer1
  00000058 02  0000 000c 0000   543 		.d2_cfa_start __local_cie
  0000005e 02  0000 0000 0000       	
  00000064 02  0000 0002            	
                                544 	conf_timer1:
                                545 		.section	.debug_info,,n
                                546 	.L5864:
  00000138 05  02               547 		.sleb128	2
  00000139 05  0000 0159        548 		.4byte		.L5861-.L2
  0000013d 05  636f 6e66 5f74   549 		.byte		"conf_timer1"
  00000143 05  696d 6572 31         	
  00000148 05  00               550 		.byte		0
  00000149 05  0000 0001        551 		.4byte		.L5811
  0000014d 05  5c               552 		.uleb128	92
  0000014e 05  01               553 		.byte		0x1
  0000014f 05  01               554 		.byte		0x1
  00000150 05  0000 0000        555 		.4byte		.L5862
  00000154 05  0000 0000        556 		.4byte		.L5863
                                557 		.section	.text_vle,,c
  000000cb 03  18               558 	        .d2line         93
                                559 	.L5862:
                                560 	#$$ee
  000000cc 03  0200 0a          561 		.d2prologue_end
  000000cf 03  0308 0e          562 	        .d2line         101
                                563 	#$$be
  000000d2 03  0200 0b01        564 		.d2epilogue_begin
                                565 	#$$tl 0x0 0x0 0x0
  0000018c 00  0004             566 		se_blr
                                567 	#$$ef
                                568 		.d2_cfa_end 2
                                569 		.section	.debug_info,,n
  00000158 05  00               570 		.sleb128	0
                                571 	.L5861:
                                572 		.section	.text_vle,,c
                                573 	.L5863:
                                574 		.type		conf_timer1,@function
                                575 		.size		conf_timer1,.-conf_timer1
                                576 	# Number of nodes = 0
                                577 	
                                578 	# Allocations for conf_timer1
                                579 	
                                580 	#$$bf
                                581 		.align		2
                                582 		.globl		timer0_intr
  00000068 02  0000 000c 0000   583 		.d2_cfa_start __local_cie
  0000006e 02  0000 0000 0000       	
  00000074 02  0000 0002            	
                                584 	timer0_intr:
                                585 		.section	.debug_info,,n
                                586 	.L5869:
  00000159 05  02               587 		.sleb128	2
  0000015a 05  0000 017a        588 		.4byte		.L5866-.L2
  0000015e 05  7469 6d65 7230   589 		.byte		"timer0_intr"
  00000164 05  5f69 6e74 72         	
  00000169 05  00               590 		.byte		0
  0000016a 05  0000 0001        591 		.4byte		.L5811
  0000016e 05  67               592 		.uleb128	103
  0000016f 05  01               593 		.byte		0x1
  00000170 05  01               594 		.byte		0x1
  00000171 05  0000 0000        595 		.4byte		.L5867
  00000175 05  0000 0000        596 		.4byte		.L5868
                                597 		.section	.text_vle,,c
  000000d6 03  0303 16          598 	        .d2line         104
                                599 	.L5867:
                                600 	#$$ee
  000000d9 03  0200 0a          601 		.d2prologue_end
  000000dc 03  0304 0e          602 	        .d2line         108
                                603 	#$$be
  000000df 03  0200 0b01        604 		.d2epilogue_begin
                                605 	#$$tl 0x0 0x0 0x0
  00000190 00  0004             606 		se_blr
                                607 	#$$ef
                                608 		.d2_cfa_end 2
                                609 		.section	.debug_info,,n
  00000179 05  00               610 		.sleb128	0
                                611 	.L5866:
                                612 		.section	.text_vle,,c
                                613 	.L5868:
                                614 		.type		timer0_intr,@function
                                615 		.size		timer0_intr,.-timer0_intr
                                616 	# Number of nodes = 0
                                617 	
                                618 	# Allocations for timer0_intr
                                619 	
                                620 	#$$bf
                                621 		.align		2
                                622 		.globl		timer1_intr
  00000078 02  0000 000c 0000   623 		.d2_cfa_start __local_cie
  0000007e 02  0000 0000 0000       	
  00000084 02  0000 0002            	
                                624 	timer1_intr:
                                625 		.section	.debug_info,,n
                                626 	.L5874:
  0000017a 05  02               627 		.sleb128	2
  0000017b 05  0000 019b        628 		.4byte		.L5871-.L2
  0000017f 05  7469 6d65 7231   629 		.byte		"timer1_intr"
  00000185 05  5f69 6e74 72         	
  0000018a 05  00               630 		.byte		0
  0000018b 05  0000 0001        631 		.4byte		.L5811
  0000018f 05  6d               632 		.uleb128	109
  00000190 05  01               633 		.byte		0x1
  00000191 05  01               634 		.byte		0x1
  00000192 05  0000 0000        635 		.4byte		.L5872
  00000196 05  0000 0000        636 		.4byte		.L5873
                                637 		.section	.text_vle,,c
  000000e3 03  18               638 	        .d2line         110
                                639 	.L5872:
                                640 	#$$ee
  000000e4 03  0200 0a          641 		.d2prologue_end
  000000e7 03  0303 0e          642 	        .d2line         113
                                643 	#$$be
  000000ea 03  0200 0b01        644 		.d2epilogue_begin
                                645 	#$$tl 0x0 0x0 0x0
  00000194 00  0004             646 		se_blr
                                647 	#$$ef
                                648 		.d2_cfa_end 2
                                649 		.section	.debug_info,,n
  0000019a 05  00               650 		.sleb128	0
                                651 	.L5871:
                                652 		.section	.text_vle,,c
                                653 	.L5873:
                                654 		.type		timer1_intr,@function
                                655 		.size		timer1_intr,.-timer1_intr
                                656 	# Number of nodes = 0
                                657 	
                                658 	# Allocations for timer1_intr
                                659 	
                                660 	# Allocations for module
                                661 		.section	.debug_abbrev,,n
  00000039 04  04               662 		.uleb128	4
  0000003a 04  24               663 		.uleb128	36
  0000003b 04  00               664 		.byte		0x0
  0000003c 04  03               665 		.uleb128	3
  0000003d 04  08               666 		.uleb128	8
  0000003e 04  3e               667 		.uleb128	62
  0000003f 04  0b               668 		.uleb128	11
  00000040 04  0b               669 		.uleb128	11
  00000041 04  0b               670 		.uleb128	11
  00000042 04  00               671 		.uleb128	0
  00000043 04  00               672 		.uleb128	0
                                673 		.section	.debug_info,,n
                                674 	.L5859:
  0000019b 05  04               675 		.sleb128	4
  0000019c 05  696e 74          676 		.byte		"int"
  0000019f 05  00               677 		.byte		0
  000001a0 05  05               678 		.byte		0x5
  000001a1 05  04               679 		.byte		0x4
                                680 	.L7:
  000001a2 05  00               681 		.sleb128	0
                                682 	.L3:
                                683 		.section	.text_vle,,c
                                684 	.L5:
                                685 	.L5811: 	.d2filenum "C:\\Users\\venr\\Downloads\\2015_Unit1\\Unit1 - Task 3 - Subtask
                                    	 1\\src\\main.c"
  000000ee 03  0005 0200 0000   686 		.d2_line_end
  000000f4 03  0000 0101            	
                                687 		.section	.debug_abbrev,,n
  00000044 04  00               688 		.sleb128	0
